hlcsg v3.4 VL30 (Nov 23 2012)
Zoner's Half-Life Compilation Tools -- Custom Build
Based on code modifications by Sean 'Zoner' Cavanaugh
Based on Valve's version, modified with permission.
Submit detailed bug reports to (vluzacn@163.com)
-----  BEGIN  hlcsg -----
Command line: C:/MyStuff/Work/HLDMCOMPTOOLS/hlcsg.exe C:\MyStuff\Games\Steam\steamapps\common\Half-Life\justfight\maps\arrival 
Arguments: C:\MyStuff\Games\Steam\steamapps\common\Half-Life\justfight\maps\arrival -low -wadautodetect 
Entering C:\MyStuff\Games\Steam\steamapps\common\Half-Life\justfight\maps\arrival.map

Current hlcsg Settings
Name                 |  Setting  |  Default
---------------------|-----------|-------------------------
threads               [      12 ] [  Varies ]
verbose               [     off ] [     off ]
log                   [      on ] [      on ]
reset logfile         [      on ] [      on ]
developer             [       0 ] [       0 ]
chart                 [     off ] [     off ]
estimate              [     off ] [     off ]
max texture memory    [ 33554432 ] [ 33554432 ]
max lighting memory   [ 33554432 ] [ 33554432 ]
priority              [     Low ] [  Normal ]

noclip                [     off ] [     off ]
null texture stripping[      on ] [      on ]
clipnode economy mode [     off ] [     off ]
clip hull type        [  simple ] [  simple ]
onlyents              [     off ] [     off ]
wadtextures           [      on ] [      on ]
skyclip               [      on ] [      on ]
hullfile              [    None ] [    None ]
wadcfg by file        [    None ] [    None ]
wadcfg by name        [    None ] [    None ]
nullfile              [    None ] [    None ]
nullify trigger       [      on ] [      on ]
min surface area      [   0.000 ] [   0.000 ]
brush union threshold [   0.000 ] [   0.000 ]
map scaling           [    None ] [    None ]
light name optimize   [      on ] [      on ]
UTF8 game_text        [      on ] [      on ]

Using mapfile wad configuration
Wadfiles not in use by the map will be excluded
Wadinclude list :
[zhlt.wad]

CreateBrush:
Warning: Illegal Brush (edge without opposite face): Entity 1408, Brush 7

 (0.66 seconds)
CSGBrush:
 (0.59 seconds)

Using Wadfile: /MyStuff/Games/Steam/steamapps/common/Half-Life/valve/halflife.wad
 - Contains 172 used textures, 95.03 percent of map (3116 textures in wad)
Using Wadfile: /MyStuff/Games/Steam/steamapps/common/Half-Life/valve/liquids.wad
 - Contains 1 used texture, 0.55 percent of map (32 textures in wad)
Using Wadfile: /MyStuff/Games/Steam/steamapps/common/Half-Life/valve/xeno.wad
 - Contains 7 used textures, 3.87 percent of map (264 textures in wad)
Including Wadfile: /MyStuff/Games/Steam/steamapps/common/Half-Life/justfight/zhlt.wad
 - Contains 1 used texture, 0.55 percent of map (8 textures in wad)

Wad files required to run the map: "halflife.wad;liquids.wad;xeno.wad;"

added 25 additional animating textures.
Texture usage is at 1.98 mb (of 32.00 mb MAX)
2.07 seconds elapsed

-----   END   hlcsg -----



hlbsp v3.4 VL30 (Nov 23 2012)
Zoner's Half-Life Compilation Tools -- Custom Build
Based on code modifications by Sean 'Zoner' Cavanaugh
Based on Valve's version, modified with permission.
Submit detailed bug reports to (vluzacn@163.com)
-----  BEGIN  hlbsp -----
Command line: C:/MyStuff/Work/HLDMCOMPTOOLS/hlbsp.exe C:\MyStuff\Games\Steam\steamapps\common\Half-Life\justfight\maps\arrival 
Arguments: C:\MyStuff\Games\Steam\steamapps\common\Half-Life\justfight\maps\arrival -low -chart 

Current hlbsp Settings
Name               |  Setting  |  Default
-------------------|-----------|-------------------------
threads             [      12 ] [  Varies ]
verbose             [     off ] [     off ]
log                 [      on ] [      on ]
developer           [       0 ] [       0 ]
chart               [      on ] [     off ]
estimate            [     off ] [     off ]
max texture memory  [ 33554432 ] [ 33554432 ]
priority            [     Low ] [  Normal ]

noclip              [     off ] [     off ]
nofill              [     off ] [     off ]
noinsidefill        [     off ] [     off ]
noopt               [     off ] [     off ]
no clipnode merging [     off ] [     off ]
null tex. stripping [      on ] [      on ]
notjunc             [     off ] [     off ]
nobrink             [     off ] [     off ]
subdivide size      [     240 ] [     240 ] (Min 64) (Max 512)
max node size       [    1024 ] [    1024 ] (Min 64) (Max 65536)
remove hull 2       [     off ] [     off ]


SolidBSP [hull 0] 500...1000...1500...2000...2500...3000...3500...4000...4458 (0.33 seconds)
BSP generation successful, writing portal file 'C:\MyStuff\Games\Steam\steamapps\common\Half-Life\justfight\maps\arrival.prt'
SolidBSP [hull 1] 500...1000...Warning: Ambiguous leafnode content ( EMPTY and SOLID ) at (388,68,-346)-(428,76,-241) in hull 1 of model 0 (entity: classname "worldspawn", origin "", targetname "")
1500...2000...Warning: Ambiguous leafnode content ( EMPTY and SOLID ) at (32,-188,-346)-(72,-180,-241) in hull 1 of model 0 (entity: classname "worldspawn", origin "", targetname "")
2500...3000...3500...4000...4492 (0.37 seconds)
SolidBSP [hull 2] 500...1000...1500...2000...2500...3000...3500...4000...4214 (0.33 seconds)
SolidBSP [hull 3] 500...1000...Warning: Ambiguous leafnode content ( EMPTY and SOLID ) at (388,68,-328)-(428,76,-259) in hull 3 of model 0 (entity: classname "worldspawn", origin "", targetname "")
1500...2000...Warning: Ambiguous leafnode content ( EMPTY and SOLID ) at (32,-188,-328)-(72,-180,-259) in hull 3 of model 0 (entity: classname "worldspawn", origin "", targetname "")
2500...3000...3500...4000...4500...4826 (0.40 seconds)
Reduced 29940 clipnodes to 28468
Reduced 8993 texinfos to 6195
Reduced 205 texdatas to 188 (10136 bytes to 8276)
Reduced 37616 planes to 12887
FixBrinks:
Increased 28468 clipnodes to 28787.

Object names  Objects/Maxobjs  Memory / Maxmem  Fullness
------------  ---------------  ---------------  --------
models            324/512        20736/32768    (63.3%)
planes          12887/32768     257740/655360   (39.3%)
vertexes        21272/65535     255264/786420   (32.5%)
nodes            9600/32767     230400/786408   (29.3%)
texinfos         6195/32767     247800/1310680  (18.9%)
faces           15424/65535     308480/1310700  (23.5%)
* worldfaces     6138/32768          0/0        (18.7%)
clipnodes       28787/32767     230296/262136   (87.9%)
leaves           7000/32760     196000/917280   (21.4%)
* visleafs       1751/8192           0/0        (21.4%)
marksurfaces    20198/65535      40396/131070   (30.8%)
surfedges       71572/512000    286288/2048000  (14.0%)
edges           36178/256000    144712/1024000  (14.1%)
texdata          [variable]       8276/33554432  ( 0.0%)
lightdata        [variable]          0/33554432  ( 0.0%)
visdata          [variable]          0/8388608  ( 0.0%)
entdata          [variable]     149042/2097152  ( 7.1%)
* AllocBlock       29/64             0/0        (45.3%)
188 textures referenced
=== Total BSP file data space used: 2375430 bytes ===
Wad files required to run the map: "halflife.wad;liquids.wad;xeno.wad;"
5.04 seconds elapsed

-----   END   hlbsp -----



hlvis v3.4 VL30 (Nov 23 2012)
Zoner's Half-Life Compilation Tools -- Custom Build
Based on code modifications by Sean 'Zoner' Cavanaugh
Based on Valve's version, modified with permission.
Submit detailed bug reports to (vluzacn@163.com)
-----  BEGIN  hlvis -----
Command line: C:/MyStuff/Work/HLDMCOMPTOOLS/hlvis.exe C:\MyStuff\Games\Steam\steamapps\common\Half-Life\justfight\maps\arrival 
Arguments: C:\MyStuff\Games\Steam\steamapps\common\Half-Life\justfight\maps\arrival -low 
1078 portalleafs
2810 numportals

-= Current hlvis Settings =-
Name               |  Setting  |  Default
-------------------|-----------|-------------------------
threads             [      12 ] [  Varies ]
verbose             [     off ] [     off ]
log                 [      on ] [      on ]
developer           [       0 ] [       0 ]
chart               [     off ] [     off ]
estimate            [     off ] [     off ]
max texture memory  [ 33554432 ] [ 33554432 ]
max vis distance    [       0 ] [       0 ]
priority            [     Low ] [  Normal ]

fast vis            [     off ] [     off ]
full vis            [     off ] [     off ]


BasePortalVis:
 (0.09 seconds)
LeafThread:
 (1.04 seconds)
average leafs visible: 90
g_visdatasize:39589  compressed from 145530
1.15 seconds elapsed

-----   END   hlvis -----



hlrad v3.4 VL30 (Nov 23 2012)
Zoner's Half-Life Compilation Tools -- Custom Build
Based on code modifications by Sean 'Zoner' Cavanaugh
Based on Valve's version, modified with permission.
Submit detailed bug reports to (vluzacn@163.com)
-----  BEGIN  hlrad -----
Command line: C:/MyStuff/Work/HLDMCOMPTOOLS/hlrad.exe -extra C:\MyStuff\Games\Steam\steamapps\common\Half-Life\justfight\maps\arrival 
Arguments: -extra C:\MyStuff\Games\Steam\steamapps\common\Half-Life\justfight\maps\arrival -low 

-= Current hlrad Settings =-
Name                | Setting             | Default
--------------------|---------------------|-------------------------
threads              [                12 ] [            Varies ]
verbose              [               off ] [               off ]
log                  [                on ] [                on ]
developer            [                 0 ] [                 0 ]
chart                [               off ] [               off ]
estimate             [               off ] [               off ]
max texture memory   [          33554432 ] [          33554432 ]
max lighting memory  [          33554432 ] [          33554432 ]
priority             [               Low ] [            Normal ]

fast rad             [               off ] [               off ]
vismatrix algorithm  [            Sparse ] [            Sparse ]
oversampling (-extra)[                on ] [               off ]
bounces              [                 8 ] [                 8 ]
ambient light        [ 0.000 0.000 0.000 ] [ 0.000 0.000 0.000 ]
circus mode          [               off ] [               off ]

smoothing threshold  [            50.000 ] [            50.000 ]
smoothing threshold 2[         no change ] [         no change ]
direct threshold     [            10.000 ] [            10.000 ]
direct light scale   [             1.000 ] [             1.000 ]
coring threshold     [             0.001 ] [             0.001 ]
patch interpolation  [                on ] [                on ]

texscale             [                on ] [                on ]
patch subdividing    [                on ] [                on ]
chop value           [            64.000 ] [            64.000 ]
texchop value        [            32.000 ] [            32.000 ]

global fade          [             1.000 ] [             1.000 ]
global light scale   [ 2.000 2.000 2.000 ] [ 2.000 2.000 2.000 ]
global gamma         [ 0.550 0.550 0.550 ] [ 0.550 0.550 0.550 ]
global light scale   [             2.000 ] [             2.000 ]
global sky diffusion [             1.000 ] [             1.000 ]

spread angles        [                on ] [                on ]
opaque entities      [                on ] [                on ]
sky lighting fix     [                on ] [                on ]
incremental          [               off ] [               off ]
dump                 [               off ] [               off ]

colour jitter        [       0.0 0.0 0.0 ] [       0.0 0.0 0.0 ]
monochromatic jitter [       0.0 0.0 0.0 ] [       0.0 0.0 0.0 ]

custom shadows with bounce light
                     [               off ] [               off ]
rgb transfers        [               off ] [               off ]
minimum final light  [                 0 ] [                 0 ]
size of transfer     [         1 (16bit) ] [         1 (16bit) ]
size of rgbtransfer  [         2 (32bit) ] [         2 (32bit) ]
soft sky             [                on ] [                on ]
translucent depth    [             2.000 ] [             2.000 ]
block opaque         [                on ] [                on ]
ignore textures      [               off ] [               off ]
reflectivity gamma   [             1.760 ] [             1.760 ]
reflectivity scale   [             0.700 ] [             0.700 ]
blur size            [             1.000 ] [             1.000 ]
no emitter range     [               off ] [               off ]


Load Textures:
Using Wadfile: C:\MyStuff\Games\Steam\steamapps\common\Half-Life\justfight\maps\arrival.wa_
188 textures referenced
Reading texlights from 'C:\MyStuff\Work\HLDMCOMPTOOLS\lights.rad'
0 opaque models
0 opaque faces
15424 faces
Create Patches : 34035 base patches
589672 square feet [84912792.00 square inches]
322 direct lights and 0 fast direct lights
5 light styles

BuildFacelights:
 (6.67 seconds)
BuildVisLeafs:
 (2.42 seconds)
visibility matrix   :   6.8 megs
MakeScales:
 (3.79 seconds)
Transfer Lists :    13737007 :   13.74M transfers
       Indices :    11745020 :   11.20M bytes
          Data :    27566039 :   26.29M bytes
Bounce 1 GatherLight:
 (0.05 seconds)
Bounce 2 GatherLight:
 (0.07 seconds)
Bounce 3 GatherLight:
 (0.07 seconds)
Bounce 4 GatherLight:
 (0.07 seconds)
Bounce 5 GatherLight:
 (0.07 seconds)
Bounce 6 GatherLight:
 (0.07 seconds)
Bounce 7 GatherLight:
 (0.07 seconds)
Bounce 8 GatherLight:
 (0.07 seconds)
FinalLightFace:
 (0.35 seconds)
14.58 seconds elapsed

-----   END   hlrad -----



