hlcsg v3.4 VL30 (Nov 23 2012)
Zoner's Half-Life Compilation Tools -- Custom Build
Based on code modifications by Sean 'Zoner' Cavanaugh
Based on Valve's version, modified with permission.
Submit detailed bug reports to (vluzacn@163.com)
-----  BEGIN  hlcsg -----
Command line: D:\Programs\HLDMCOMPTOOLS\hlcsg.exe D:\Games\Steam\steamapps\common\Half-Life\justfight\maps\guts 
Arguments: D:\Games\Steam\steamapps\common\Half-Life\justfight\maps\guts -low -wadautodetect 
Entering D:\Games\Steam\steamapps\common\Half-Life\justfight\maps\guts.map

Current hlcsg Settings
Name                 |  Setting  |  Default
---------------------|-----------|-------------------------
threads               [       4 ] [  Varies ]
verbose               [     off ] [     off ]
log                   [      on ] [      on ]
reset logfile         [      on ] [      on ]
developer             [       0 ] [       0 ]
chart                 [     off ] [     off ]
estimate              [     off ] [     off ]
max texture memory    [ 33554432 ] [ 33554432 ]
max lighting memory   [ 33554432 ] [ 33554432 ]
priority              [     Low ] [  Normal ]

noclip                [     off ] [     off ]
null texture stripping[      on ] [      on ]
clipnode economy mode [     off ] [     off ]
clip hull type        [  simple ] [  simple ]
onlyents              [     off ] [     off ]
wadtextures           [      on ] [      on ]
skyclip               [      on ] [      on ]
hullfile              [    None ] [    None ]
wadcfg by file        [    None ] [    None ]
wadcfg by name        [    None ] [    None ]
nullfile              [    None ] [    None ]
nullify trigger       [      on ] [      on ]
min surface area      [   0.000 ] [   0.000 ]
brush union threshold [   0.000 ] [   0.000 ]
map scaling           [    None ] [    None ]
light name optimize   [      on ] [      on ]
UTF8 game_text        [      on ] [      on ]

Using mapfile wad configuration
Wadfiles not in use by the map will be excluded
Wadinclude list :
[zhlt.wad]

CreateBrush:
 (0.15 seconds)
CSGBrush:
 (0.31 seconds)

Using Wadfile: \programs\hldmcomptools\wads\halflife.wad
 - Contains 147 used textures, 99.32 percent of map (3116 textures in wad)
Including Wadfile: \programs\hldmcomptools\wads\zhlt.wad
 - Contains 1 used texture, 0.68 percent of map (18 textures in wad)

Wad files required to run the map: "halflife.wad;"

added 29 additional animating textures.
Texture usage is at 1.27 mb (of 32.00 mb MAX)
0.96 seconds elapsed

-----   END   hlcsg -----



hlbsp v3.4 VL30 (Nov 23 2012)
Zoner's Half-Life Compilation Tools -- Custom Build
Based on code modifications by Sean 'Zoner' Cavanaugh
Based on Valve's version, modified with permission.
Submit detailed bug reports to (vluzacn@163.com)
-----  BEGIN  hlbsp -----
Command line: D:\Programs\HLDMCOMPTOOLS\hlbsp.exe D:\Games\Steam\steamapps\common\Half-Life\justfight\maps\guts 
Arguments: D:\Games\Steam\steamapps\common\Half-Life\justfight\maps\guts -low -chart 

Current hlbsp Settings
Name               |  Setting  |  Default
-------------------|-----------|-------------------------
threads             [       4 ] [  Varies ]
verbose             [     off ] [     off ]
log                 [      on ] [      on ]
developer           [       0 ] [       0 ]
chart               [      on ] [     off ]
estimate            [     off ] [     off ]
max texture memory  [ 33554432 ] [ 33554432 ]
priority            [     Low ] [  Normal ]

noclip              [     off ] [     off ]
nofill              [     off ] [     off ]
noinsidefill        [     off ] [     off ]
noopt               [     off ] [     off ]
no clipnode merging [     off ] [     off ]
null tex. stripping [      on ] [      on ]
notjunc             [     off ] [     off ]
nobrink             [     off ] [     off ]
subdivide size      [     240 ] [     240 ] (Min 64) (Max 512)
max node size       [    1024 ] [    1024 ] (Min 64) (Max 65536)
remove hull 2       [     off ] [     off ]


SolidBSP [hull 0] 500...1000...1500...2000...2005 (0.10 seconds)
BSP generation successful, writing portal file 'D:\Games\Steam\steamapps\common\Half-Life\justfight\maps\guts.prt'
SolidBSP [hull 1] 500...1000...1500...2000...2070 (0.12 seconds)
SolidBSP [hull 2] 500...1000...1500...1912 (0.11 seconds)
SolidBSP [hull 3] 500...1000...1500...2000...2138 (0.13 seconds)
Reduced 9923 clipnodes to 9601
Reduced 2986 texinfos to 2083
Reduced 176 texdatas to 166 (8860 bytes to 7308)
Reduced 12552 planes to 4846
FixBrinks:
Increased 9601 clipnodes to 9694.

Object names  Objects/Maxobjs  Memory / Maxmem  Fullness
------------  ---------------  ---------------  --------
models            169/512        10816/32768    (33.0%)
planes           4846/32768      96920/655360   (14.8%)
vertexes         7351/65535      88212/786420   (11.2%)
nodes            3166/32767      75984/786408   ( 9.7%)
texinfos         2083/32767      83320/1310680  ( 6.4%)
faces            5188/65535     103760/1310700  ( 7.9%)
* worldfaces     2830/32768          0/0        ( 8.6%)
clipnodes        9694/32767      77552/262136   (29.6%)
leaves           2429/32760      68012/917280   ( 7.4%)
* visleafs        941/8192           0/0        (11.5%)
marksurfaces     6957/65535      13914/131070   (10.6%)
surfedges       24078/512000     96312/2048000  ( 4.7%)
edges           12387/256000     49548/1024000  ( 4.8%)
texdata          [variable]       7308/33554432  ( 0.0%)
lightdata        [variable]          0/33554432  ( 0.0%)
visdata          [variable]          0/8388608  ( 0.0%)
entdata          [variable]      76092/2097152  ( 3.6%)
* AllocBlock       13/64             0/0        (20.3%)
166 textures referenced
=== Total BSP file data space used: 847750 bytes ===
Wad files required to run the map: "halflife.wad;"
1.62 seconds elapsed

-----   END   hlbsp -----



hlvis v3.4 VL30 (Nov 23 2012)
Zoner's Half-Life Compilation Tools -- Custom Build
Based on code modifications by Sean 'Zoner' Cavanaugh
Based on Valve's version, modified with permission.
Submit detailed bug reports to (vluzacn@163.com)
-----  BEGIN  hlvis -----
Command line: D:\Programs\HLDMCOMPTOOLS\hlvis.exe D:\Games\Steam\steamapps\common\Half-Life\justfight\maps\guts 
Arguments: D:\Games\Steam\steamapps\common\Half-Life\justfight\maps\guts -low 
 359 portalleafs
 892 numportals

-= Current hlvis Settings =-
Name               |  Setting  |  Default
-------------------|-----------|-------------------------
threads             [       4 ] [  Varies ]
verbose             [     off ] [     off ]
log                 [      on ] [      on ]
developer           [       0 ] [       0 ]
chart               [     off ] [     off ]
estimate            [     off ] [     off ]
max texture memory  [ 33554432 ] [ 33554432 ]
max vis distance    [       0 ] [       0 ]
priority            [     Low ] [  Normal ]

fast vis            [     off ] [     off ]
full vis            [     off ] [     off ]


BasePortalVis:
 (0.01 seconds)
LeafThread:
 (0.10 seconds)
average leafs visible: 49
g_visdatasize:11900  compressed from 16155
0.12 seconds elapsed

-----   END   hlvis -----



hlrad v3.4 VL30 (Nov 23 2012)
Zoner's Half-Life Compilation Tools -- Custom Build
Based on code modifications by Sean 'Zoner' Cavanaugh
Based on Valve's version, modified with permission.
Submit detailed bug reports to (vluzacn@163.com)
-----  BEGIN  hlrad -----
Command line: D:\Programs\HLDMCOMPTOOLS\hlrad.exe -extra D:\Games\Steam\steamapps\common\Half-Life\justfight\maps\guts 
Arguments: -extra D:\Games\Steam\steamapps\common\Half-Life\justfight\maps\guts -low 

-= Current hlrad Settings =-
Name                | Setting             | Default
--------------------|---------------------|-------------------------
threads              [                 4 ] [            Varies ]
verbose              [               off ] [               off ]
log                  [                on ] [                on ]
developer            [                 0 ] [                 0 ]
chart                [               off ] [               off ]
estimate             [               off ] [               off ]
max texture memory   [          33554432 ] [          33554432 ]
max lighting memory  [          33554432 ] [          33554432 ]
priority             [               Low ] [            Normal ]

fast rad             [               off ] [               off ]
vismatrix algorithm  [            Sparse ] [            Sparse ]
oversampling (-extra)[                on ] [               off ]
bounces              [                 8 ] [                 8 ]
ambient light        [ 0.000 0.000 0.000 ] [ 0.000 0.000 0.000 ]
circus mode          [               off ] [               off ]

smoothing threshold  [            50.000 ] [            50.000 ]
smoothing threshold 2[         no change ] [         no change ]
direct threshold     [            10.000 ] [            10.000 ]
direct light scale   [             1.000 ] [             1.000 ]
coring threshold     [             0.001 ] [             0.001 ]
patch interpolation  [                on ] [                on ]

texscale             [                on ] [                on ]
patch subdividing    [                on ] [                on ]
chop value           [            64.000 ] [            64.000 ]
texchop value        [            32.000 ] [            32.000 ]

global fade          [             1.000 ] [             1.000 ]
global light scale   [ 2.000 2.000 2.000 ] [ 2.000 2.000 2.000 ]
global gamma         [ 0.550 0.550 0.550 ] [ 0.550 0.550 0.550 ]
global light scale   [             2.000 ] [             2.000 ]
global sky diffusion [             1.000 ] [             1.000 ]

spread angles        [                on ] [                on ]
opaque entities      [                on ] [                on ]
sky lighting fix     [                on ] [                on ]
incremental          [               off ] [               off ]
dump                 [               off ] [               off ]

colour jitter        [       0.0 0.0 0.0 ] [       0.0 0.0 0.0 ]
monochromatic jitter [       0.0 0.0 0.0 ] [       0.0 0.0 0.0 ]

custom shadows with bounce light
                     [               off ] [               off ]
rgb transfers        [               off ] [               off ]
minimum final light  [                 0 ] [                 0 ]
size of transfer     [         1 (16bit) ] [         1 (16bit) ]
size of rgbtransfer  [         2 (32bit) ] [         2 (32bit) ]
soft sky             [                on ] [                on ]
translucent depth    [             2.000 ] [             2.000 ]
block opaque         [                on ] [                on ]
ignore textures      [               off ] [               off ]
reflectivity gamma   [             1.760 ] [             1.760 ]
reflectivity scale   [             0.700 ] [             0.700 ]
blur size            [             1.000 ] [             1.000 ]
no emitter range     [               off ] [               off ]


Load Textures:
Using Wadfile: D:\Games\Steam\steamapps\common\Half-Life\justfight\maps\guts.wa_
166 textures referenced
Reading texlights from 'D:\Programs\HLDMCOMPTOOLS\lights.rad'
0 opaque models
0 opaque faces
5188 faces
Create Patches : 13629 base patches
174976 square feet [25196650.00 square inches]
81 direct lights and 0 fast direct lights
5 light styles

BuildFacelights:
 (4.53 seconds)
BuildVisLeafs:
 (1.68 seconds)
visibility matrix   :   2.9 megs
MakeScales:
 (2.88 seconds)
Transfer Lists :     5824995 :    5.82M transfers
       Indices :     5100024 :    4.86M bytes
          Data :    11689104 :   11.15M bytes
Bounce 1 GatherLight:
 (0.06 seconds)
Bounce 2 GatherLight:
 (0.09 seconds)
Bounce 3 GatherLight:
 (0.09 seconds)
Bounce 4 GatherLight:
 (0.09 seconds)
Bounce 5 GatherLight:
 (0.09 seconds)
Bounce 6 GatherLight:
 (0.09 seconds)
Bounce 7 GatherLight:
 (0.09 seconds)
Bounce 8 GatherLight:
 (0.09 seconds)
FinalLightFace:
 (0.72 seconds)
11.61 seconds elapsed

-----   END   hlrad -----



