hlcsg v3.4 VL30 (Nov 23 2012)
Zoner's Half-Life Compilation Tools -- Custom Build
Based on code modifications by Sean 'Zoner' Cavanaugh
Based on Valve's version, modified with permission.
Submit detailed bug reports to (vluzacn@163.com)
-----  BEGIN  hlcsg -----
Command line: C:\MyStuff\Work\HLDMCO~1\hlcsg.exe C:\MyStuff\Games\Steam\steamapps\common\Half-Life\justfight\maps\guts_duo 
Arguments: C:\MyStuff\Games\Steam\steamapps\common\Half-Life\justfight\maps\guts_duo -low -wadautodetect 
Entering C:\MyStuff\Games\Steam\steamapps\common\Half-Life\justfight\maps\guts_duo.map

Current hlcsg Settings
Name                 |  Setting  |  Default
---------------------|-----------|-------------------------
threads               [      12 ] [  Varies ]
verbose               [     off ] [     off ]
log                   [      on ] [      on ]
reset logfile         [      on ] [      on ]
developer             [       0 ] [       0 ]
chart                 [     off ] [     off ]
estimate              [     off ] [     off ]
max texture memory    [ 33554432 ] [ 33554432 ]
max lighting memory   [ 33554432 ] [ 33554432 ]
priority              [     Low ] [  Normal ]

noclip                [     off ] [     off ]
null texture stripping[      on ] [      on ]
clipnode economy mode [     off ] [     off ]
clip hull type        [  simple ] [  simple ]
onlyents              [     off ] [     off ]
wadtextures           [      on ] [      on ]
skyclip               [      on ] [      on ]
hullfile              [    None ] [    None ]
wadcfg by file        [    None ] [    None ]
wadcfg by name        [    None ] [    None ]
nullfile              [    None ] [    None ]
nullify trigger       [      on ] [      on ]
min surface area      [   0.000 ] [   0.000 ]
brush union threshold [   0.000 ] [   0.000 ]
map scaling           [    None ] [    None ]
light name optimize   [      on ] [      on ]
UTF8 game_text        [      on ] [      on ]

Using mapfile wad configuration
Wadfiles not in use by the map will be excluded
Wadinclude list :
[zhlt.wad]

CreateBrush:
 (0.14 seconds)
CSGBrush:
 (0.45 seconds)

Using Wadfile: \mystuff\work\hldmcomptools\wads\halflife.wad
 - Contains 192 used textures, 99.48 percent of map (3116 textures in wad)
Including Wadfile: \mystuff\work\hldmcomptools\wads\zhlt.wad
 - Contains 1 used texture, 0.52 percent of map (18 textures in wad)

Wad files required to run the map: "halflife.wad;"

added 31 additional animating textures.
Texture usage is at 2.15 mb (of 32.00 mb MAX)
0.77 seconds elapsed

-----   END   hlcsg -----



hlbsp v3.4 VL30 (Nov 23 2012)
Zoner's Half-Life Compilation Tools -- Custom Build
Based on code modifications by Sean 'Zoner' Cavanaugh
Based on Valve's version, modified with permission.
Submit detailed bug reports to (vluzacn@163.com)
-----  BEGIN  hlbsp -----
Command line: C:\MyStuff\Work\HLDMCO~1\hlbsp.exe C:\MyStuff\Games\Steam\steamapps\common\Half-Life\justfight\maps\guts_duo 
Arguments: C:\MyStuff\Games\Steam\steamapps\common\Half-Life\justfight\maps\guts_duo -low -chart 

Current hlbsp Settings
Name               |  Setting  |  Default
-------------------|-----------|-------------------------
threads             [      12 ] [  Varies ]
verbose             [     off ] [     off ]
log                 [      on ] [      on ]
developer           [       0 ] [       0 ]
chart               [      on ] [     off ]
estimate            [     off ] [     off ]
max texture memory  [ 33554432 ] [ 33554432 ]
priority            [     Low ] [  Normal ]

noclip              [     off ] [     off ]
nofill              [     off ] [     off ]
noinsidefill        [     off ] [     off ]
noopt               [     off ] [     off ]
no clipnode merging [     off ] [     off ]
null tex. stripping [      on ] [      on ]
notjunc             [     off ] [     off ]
nobrink             [     off ] [     off ]
subdivide size      [     240 ] [     240 ] (Min 64) (Max 512)
max node size       [    1024 ] [    1024 ] (Min 64) (Max 65536)
remove hull 2       [     off ] [     off ]


SolidBSP [hull 0] 500...1000...1500...2000...2500...3000...3500...4000...4381 (0.19 seconds)
BSP generation successful, writing portal file 'C:\MyStuff\Games\Steam\steamapps\common\Half-Life\justfight\maps\guts_duo.prt'
SolidBSP [hull 1] 500...1000...1500...2000...2500...3000...3500...4000...4500...4765 (0.22 seconds)
SolidBSP [hull 2] 500...1000...1500...2000...2500...3000...3500...4000...4290 (0.20 seconds)
SolidBSP [hull 3] 500...1000...1500...2000...2500...3000...3500...4000...4500...4996 (0.23 seconds)
Warning: No visible brushes in solid entity: model 154 (entity: classname "func_monsterclip", origin "", targetname "", range (440,1840,-456) - (552,1960,-320))
Warning: No visible brushes in solid entity: model 207 (entity: classname "func_wall_toggle", origin "", targetname "ass_inviswall", range (-1104,-968,-1288) - (-1088,-880,-1168))
Reduced 17032 clipnodes to 16225
Reduced 4291 texinfos to 2885
Reduced 223 texdatas to 209 (10928 bytes to 9200)
Reduced 17664 planes to 7011
FixBrinks:
Increased 16225 clipnodes to 16599.

Object names  Objects/Maxobjs  Memory / Maxmem  Fullness
------------  ---------------  ---------------  --------
models            220/512        14080/32768    (43.0%)
planes           7011/32768     140220/655360   (21.4%)
vertexes        11666/65535     139992/786420   (17.8%)
nodes            5406/32767     129744/786408   (16.5%)
texinfos         2885/32767     115400/1310680  ( 8.8%)
faces            8301/65535     166020/1310700  (12.7%)
* worldfaces     5881/32768          0/0        (17.9%)
clipnodes       16599/32767     132792/262136   (50.7%)
leaves           4011/32760     112308/917280   (12.2%)
* visleafs       2232/8192           0/0        (27.2%)
marksurfaces    11798/65535      23596/131070   (18.0%)
surfedges       37859/512000    151436/2048000  ( 7.4%)
edges           19851/256000     79404/1024000  ( 7.8%)
texdata          [variable]       9200/33554432  ( 0.0%)
lightdata        [variable]          0/33554432  ( 0.0%)
visdata          [variable]          0/8388608  ( 0.0%)
entdata          [variable]     103835/2097152  ( 5.0%)
* AllocBlock       19/64             0/0        (29.7%)
209 textures referenced
=== Total BSP file data space used: 1318027 bytes ===
Wad files required to run the map: "halflife.wad;"
1.98 seconds elapsed

-----   END   hlbsp -----



hlvis v3.4 VL30 (Nov 23 2012)
Zoner's Half-Life Compilation Tools -- Custom Build
Based on code modifications by Sean 'Zoner' Cavanaugh
Based on Valve's version, modified with permission.
Submit detailed bug reports to (vluzacn@163.com)
-----  BEGIN  hlvis -----
Command line: C:\MyStuff\Work\HLDMCO~1\hlvis.exe C:\MyStuff\Games\Steam\steamapps\common\Half-Life\justfight\maps\guts_duo 
Arguments: C:\MyStuff\Games\Steam\steamapps\common\Half-Life\justfight\maps\guts_duo -low 
 572 portalleafs
1503 numportals

-= Current hlvis Settings =-
Name               |  Setting  |  Default
-------------------|-----------|-------------------------
threads             [      12 ] [  Varies ]
verbose             [     off ] [     off ]
log                 [      on ] [      on ]
developer           [       0 ] [       0 ]
chart               [     off ] [     off ]
estimate            [     off ] [     off ]
max texture memory  [ 33554432 ] [ 33554432 ]
max vis distance    [       0 ] [       0 ]
priority            [     Low ] [  Normal ]

fast vis            [     off ] [     off ]
full vis            [     off ] [     off ]


BasePortalVis:
 (0.03 seconds)
LeafThread:
 (0.33 seconds)
average leafs visible: 76
g_visdatasize:35233  compressed from 41184
0.38 seconds elapsed

-----   END   hlvis -----



hlrad v3.4 VL30 (Nov 23 2012)
Zoner's Half-Life Compilation Tools -- Custom Build
Based on code modifications by Sean 'Zoner' Cavanaugh
Based on Valve's version, modified with permission.
Submit detailed bug reports to (vluzacn@163.com)
-----  BEGIN  hlrad -----
Command line: C:\MyStuff\Work\HLDMCO~1\hlrad.exe -extra C:\MyStuff\Games\Steam\steamapps\common\Half-Life\justfight\maps\guts_duo 
Arguments: -extra C:\MyStuff\Games\Steam\steamapps\common\Half-Life\justfight\maps\guts_duo -low 

-= Current hlrad Settings =-
Name                | Setting             | Default
--------------------|---------------------|-------------------------
threads              [                12 ] [            Varies ]
verbose              [               off ] [               off ]
log                  [                on ] [                on ]
developer            [                 0 ] [                 0 ]
chart                [               off ] [               off ]
estimate             [               off ] [               off ]
max texture memory   [          33554432 ] [          33554432 ]
max lighting memory  [          33554432 ] [          33554432 ]
priority             [               Low ] [            Normal ]

fast rad             [               off ] [               off ]
vismatrix algorithm  [            Sparse ] [            Sparse ]
oversampling (-extra)[                on ] [               off ]
bounces              [                 8 ] [                 8 ]
ambient light        [ 0.000 0.000 0.000 ] [ 0.000 0.000 0.000 ]
circus mode          [               off ] [               off ]

smoothing threshold  [            50.000 ] [            50.000 ]
smoothing threshold 2[         no change ] [         no change ]
direct threshold     [            10.000 ] [            10.000 ]
direct light scale   [             1.000 ] [             1.000 ]
coring threshold     [             0.001 ] [             0.001 ]
patch interpolation  [                on ] [                on ]

texscale             [                on ] [                on ]
patch subdividing    [                on ] [                on ]
chop value           [            64.000 ] [            64.000 ]
texchop value        [            32.000 ] [            32.000 ]

global fade          [             1.000 ] [             1.000 ]
global light scale   [ 2.000 2.000 2.000 ] [ 2.000 2.000 2.000 ]
global gamma         [ 0.550 0.550 0.550 ] [ 0.550 0.550 0.550 ]
global light scale   [             2.000 ] [             2.000 ]
global sky diffusion [             1.000 ] [             1.000 ]

spread angles        [                on ] [                on ]
opaque entities      [                on ] [                on ]
sky lighting fix     [                on ] [                on ]
incremental          [               off ] [               off ]
dump                 [               off ] [               off ]

colour jitter        [       0.0 0.0 0.0 ] [       0.0 0.0 0.0 ]
monochromatic jitter [       0.0 0.0 0.0 ] [       0.0 0.0 0.0 ]

custom shadows with bounce light
                     [               off ] [               off ]
rgb transfers        [               off ] [               off ]
minimum final light  [                 0 ] [                 0 ]
size of transfer     [         1 (16bit) ] [         1 (16bit) ]
size of rgbtransfer  [         2 (32bit) ] [         2 (32bit) ]
soft sky             [                on ] [                on ]
translucent depth    [             2.000 ] [             2.000 ]
block opaque         [                on ] [                on ]
ignore textures      [               off ] [               off ]
reflectivity gamma   [             1.760 ] [             1.760 ]
reflectivity scale   [             0.700 ] [             0.700 ]
blur size            [             1.000 ] [             1.000 ]
no emitter range     [               off ] [               off ]


Load Textures:
Using Wadfile: C:\MyStuff\Games\Steam\steamapps\common\Half-Life\justfight\maps\guts_duo.wa_
209 textures referenced
Reading texlights from 'C:\MyStuff\Work\HLDMCO~1\lights.rad'
0 opaque models
0 opaque faces
8301 faces
Create Patches : 22487 base patches
552602 square feet [79574776.00 square inches]
202 direct lights and 0 fast direct lights
9 light styles

BuildFacelights:
 (4.44 seconds)
BuildVisLeafs:
 (1.95 seconds)
visibility matrix   :   5.7 megs
MakeScales:
 (1.84 seconds)
Transfer Lists :    11036843 :   11.04M transfers
       Indices :    10891904 :   10.39M bytes
          Data :    22135126 :   21.11M bytes
Bounce 1 GatherLight:
 (0.04 seconds)
Bounce 2 GatherLight:
 (0.05 seconds)
Bounce 3 GatherLight:
 (0.05 seconds)
Bounce 4 GatherLight:
 (0.05 seconds)
Bounce 5 GatherLight:
 (0.05 seconds)
Bounce 6 GatherLight:
 (0.05 seconds)
Bounce 7 GatherLight:
 (0.05 seconds)
Bounce 8 GatherLight:
 (0.05 seconds)
FinalLightFace:
 (0.29 seconds)
10.22 seconds elapsed

-----   END   hlrad -----



