84
208
1
1
1
1
1
1
1
1
1
1
1
1
1
1
1
1
1
1
1
1
1
8
1
1
1
1
1
1
1
1
1
1
1
18
1
1
1
1
1
1
1
1
1
1
14
1
1
1
1
1
29
1
1
1
1
1
1
1
1
1
1
1
1
1
1
1
1
1
21
1
17
1
1
1
1
1
1
1
1
1
1
1
1
1
4 0 20 (-2400.000000 -2704.593750 -1920.000000) (-2400.000000 -2704.266667 -1920.000000) (-2352.000000 -2704.266667 -1920.000000) (-2352.000000 -2704.593750 -1920.000000) 
4 0 19 (-2352.000000 -2704.266667 -1920.000000) (-2096.000000 -2704.266667 -1920.000000) (-2096.000000 -2704.593750 -1920.000000) (-2352.000000 -2704.593750 -1920.000000) 
4 0 18 (-2400.000000 -2704.266667 -1920.000000) (-2400.000000 -1903.406250 -1920.000000) (-2352.000000 -1903.406250 -1920.000000) (-2352.000000 -2704.266667 -1920.000000) 
4 0 17 (-2096.000000 -1903.733333 -1920.000000) (-2096.000000 -2704.266667 -1920.000000) (-2352.000000 -2704.266667 -1920.000000) (-2352.000000 -1903.733333 -1920.000000) 
4 0 16 (-2352.000000 -1903.406250 -1920.000000) (-2096.000000 -1903.406250 -1920.000000) (-2096.000000 -1903.733333 -1920.000000) (-2352.000000 -1903.733333 -1920.000000) 
4 0 15 (-2096.000000 -1903.406250 -1920.000000) (-2048.000000 -1903.406250 -1920.000000) (-2048.000000 -2704.593750 -1920.000000) (-2096.000000 -2704.593750 -1920.000000) 
4 0 6 (-2400.000000 -2402.000000 -1920.000000) (-2400.000000 -2704.593750 -1920.000000) (-2400.000000 -2700.000000 -1914.000000) (-2400.000000 -2402.000000 -1822.191919) 
5 0 1 (-2400.000000 -1903.406250 -1920.000000) (-2400.000000 -2402.000000 -1920.000000) (-2400.000000 -2402.000000 -1822.191919) (-2400.000000 -2304.000000 -1792.000000) (-2400.000000 -1908.000000 -1914.000000) 
3 1 70 (-2720.000000 -2402.000000 -1920.000000) (-2724.000000 -2402.000000 -1920.000000) (-2720.000000 -2400.000000 -1920.000000) 
5 1 57 (-2724.000000 -2402.000000 -1920.000000) (-3040.000000 -2402.000000 -1920.000000) (-3040.000000 -2360.000000 -1920.000000) (-2720.000000 -2360.000000 -1920.000000) (-2720.000000 -2400.000000 -1920.000000) 
3 1 45 (-3040.000000 -2360.000000 -1920.000000) (-3040.000000 -2352.000000 -1920.000000) (-3032.000000 -2360.000000 -1920.000000) 
5 1 44 (-3040.000000 -2352.000000 -1920.000000) (-3040.000000 -2048.000000 -1920.000000) (-2720.000000 -2208.000000 -1920.000000) (-2720.000000 -2360.000000 -1920.000000) (-3032.000000 -2360.000000 -1920.000000) 
3 1 28 (-3040.000000 -1904.000000 -1920.000000) (-3040.000000 -1888.000000 -1920.000000) (-3024.000000 -1904.000000 -1920.000000) 
5 1 27 (-3040.000000 -1888.000000 -1920.000000) (-3040.000000 -1746.546875 -1920.000000) (-2720.000000 -1746.546875 -1920.000000) (-2720.000000 -1904.000000 -1920.000000) (-3024.000000 -1904.000000 -1920.000000) 
4 1 42 (-3040.000000 -2048.000000 -1920.000000) (-3040.000000 -1904.000000 -1920.000000) (-2720.000000 -1904.000000 -1920.000000) (-2720.000000 -2208.000000 -1920.000000) 
4 1 21 (-2400.000000 -1746.546875 -1920.000000) (-2400.000000 -2402.000000 -1920.000000) (-2720.000000 -2402.000000 -1920.000000) (-2720.000000 -1746.546875 -1920.000000) 
4 1 6 (-3040.000000 -2402.000000 -1920.000000) (-2400.000000 -2402.000000 -1920.000000) (-2400.000000 -2402.000000 -1694.392405) (-3040.000000 -2402.000000 -1694.392405) 
4 1 2 (-3040.000000 -1746.546875 -1920.000000) (-3040.000000 -2048.000000 -1920.000000) (-3040.000000 -2048.000000 -1743.392405) (-3040.000000 -1830.000000 -1811.000000) 
4 2 28 (-3072.000000 -1904.000000 -1920.000000) (-3072.000000 -1856.000000 -1920.000000) (-3040.000000 -1888.000000 -1920.000000) (-3040.000000 -1904.000000 -1920.000000) 
4 2 27 (-3072.000000 -1856.000000 -1920.000000) (-3072.000000 -1746.546875 -1920.000000) (-3040.000000 -1746.546875 -1920.000000) (-3040.000000 -1888.000000 -1920.000000) 
4 2 42 (-3072.000000 -2032.000000 -1920.000000) (-3072.000000 -1904.000000 -1920.000000) (-3040.000000 -1904.000000 -1920.000000) (-3040.000000 -2048.000000 -1920.000000) 
4 2 3 (-3072.000000 -1746.546875 -1920.000000) (-3072.000000 -2032.000000 -1920.000000) (-3072.000000 -2032.000000 -1748.354430) (-3072.000000 -1830.000000 -1811.000000) 
6 3 31 (-3184.000000 -1904.000000 -1920.000000) (-3232.000000 -1904.000000 -1920.000000) (-3232.000000 -1746.546875 -1920.000000) (-3181.453125 -1746.546875 -1920.000000) (-3136.000000 -1792.000000 -1920.000000) (-3136.000000 -1856.000000 -1920.000000) 
3 3 29 (-3136.000000 -1904.000000 -1920.000000) (-3184.000000 -1904.000000 -1920.000000) (-3136.000000 -1856.000000 -1920.000000) 
4 3 28 (-3072.000000 -1856.000000 -1920.000000) (-3072.000000 -1904.000000 -1920.000000) (-3136.000000 -1904.000000 -1920.000000) (-3136.000000 -1792.000000 -1920.000000) 
3 3 27 (-3072.000000 -1746.546875 -1920.000000) (-3072.000000 -1856.000000 -1920.000000) (-3181.453125 -1746.546875 -1920.000000) 
4 3 42 (-3072.000000 -1904.000000 -1920.000000) (-3072.000000 -2032.000000 -1920.000000) (-3232.000000 -1952.000000 -1920.000000) (-3232.000000 -1904.000000 -1920.000000) 
3 4 9 (-3232.000000 -2402.000000 -1888.000000) (-3268.923077 -2402.000000 -1888.000000) (-3232.000000 -2402.000000 -1912.000000) 
4 4 5 (-3268.923077 -2112.000000 -1888.000000) (-3232.000000 -2112.000000 -1912.000000) (-3232.000000 -2402.000000 -1912.000000) (-3268.923077 -2402.000000 -1888.000000) 
4 5 79 (-3296.000000 -2402.000000 -1920.000000) (-3456.000000 -2402.000000 -1920.000000) (-3456.000000 -2360.000000 -1920.000000) (-3296.000000 -2360.000000 -1920.000000) 
4 5 68 (-3219.692308 -2402.000000 -1920.000000) (-3296.000000 -2402.000000 -1920.000000) (-3296.000000 -2360.000000 -1920.000000) (-3219.692308 -2360.000000 -1920.000000) 
4 5 52 (-3456.000000 -2360.000000 -1920.000000) (-3456.000000 -2112.000000 -1920.000000) (-3248.000000 -2112.000000 -1920.000000) (-3248.000000 -2360.000000 -1920.000000) 
4 5 50 (-3248.000000 -2112.000000 -1920.000000) (-3219.692308 -2112.000000 -1920.000000) (-3219.692308 -2360.000000 -1920.000000) (-3248.000000 -2360.000000 -1920.000000) 
4 5 10 (-3456.000000 -2402.000000 -1920.000000) (-3219.692308 -2402.000000 -1920.000000) (-3268.923077 -2402.000000 -1888.000000) (-3456.000000 -2402.000000 -1888.000000) 
5 6 70 (-2724.000000 -2402.000000 -1920.000000) (-2720.000000 -2402.000000 -1920.000000) (-2720.000000 -2861.453125 -1920.000000) (-3040.000000 -2861.453125 -1920.000000) (-3040.000000 -2560.000000 -1920.000000) 
3 6 57 (-3040.000000 -2402.000000 -1920.000000) (-2724.000000 -2402.000000 -1920.000000) (-3040.000000 -2560.000000 -1920.000000) 
4 6 21 (-2720.000000 -2402.000000 -1920.000000) (-2400.000000 -2402.000000 -1920.000000) (-2400.000000 -2861.453125 -1920.000000) (-2720.000000 -2861.453125 -1920.000000) 
4 6 7 (-3040.000000 -2861.453125 -1920.000000) (-3040.000000 -2778.000000 -1811.000000) (-3040.000000 -2560.000000 -1743.392405) (-3040.000000 -2560.000000 -1920.000000) 
4 7 70 (-3072.000000 -2861.453125 -1920.000000) (-3072.000000 -2576.000000 -1920.000000) (-3040.000000 -2560.000000 -1920.000000) (-3040.000000 -2861.453125 -1920.000000) 
4 7 11 (-3072.000000 -2576.000000 -1920.000000) (-3072.000000 -2861.453125 -1920.000000) (-3072.000000 -2778.000000 -1811.000000) (-3072.000000 -2576.000000 -1748.354430) 
4 9 10 (-3268.923077 -2496.000000 -1888.000000) (-3268.923077 -2402.000000 -1888.000000) (-3232.000000 -2402.000000 -1912.000000) (-3232.000000 -2496.000000 -1912.000000) 
4 10 79 (-3456.000000 -2402.000000 -1920.000000) (-3296.000000 -2402.000000 -1920.000000) (-3296.000000 -2496.000000 -1920.000000) (-3456.000000 -2496.000000 -1920.000000) 
4 10 68 (-3296.000000 -2402.000000 -1920.000000) (-3219.692308 -2402.000000 -1920.000000) (-3219.692308 -2496.000000 -1920.000000) (-3296.000000 -2496.000000 -1920.000000) 
4 11 70 (-3192.000000 -2636.000000 -1920.000000) (-3072.000000 -2576.000000 -1920.000000) (-3072.000000 -2861.453125 -1920.000000) (-3192.000000 -2861.453125 -1920.000000) 
4 11 13 (-3192.000000 -2859.750000 -1920.000000) (-3192.000000 -2861.453125 -1920.000000) (-3192.000000 -2801.655172 -1841.896552) (-3192.000000 -2784.000000 -1819.000000) 
4 11 12 (-3192.000000 -2636.000000 -1920.000000) (-3192.000000 -2859.750000 -1920.000000) (-3192.000000 -2778.000000 -1811.000000) (-3192.000000 -2636.000000 -1766.962025) 
4 12 70 (-3232.000000 -2656.000000 -1920.000000) (-3192.000000 -2636.000000 -1920.000000) (-3192.000000 -2859.750000 -1920.000000) (-3232.000000 -2859.750000 -1920.000000) 
4 12 13 (-3192.000000 -2859.750000 -1920.000000) (-3192.000000 -2784.000000 -1819.000000) (-3232.000000 -2784.000000 -1819.000000) (-3232.000000 -2859.750000 -1920.000000) 
4 13 71 (-3192.000000 -2861.453125 -1920.000000) (-3192.000000 -2861.761092 -1920.000000) (-3232.000000 -2861.761092 -1920.000000) (-3232.000000 -2861.453125 -1920.000000) 
4 13 70 (-3192.000000 -2859.750000 -1920.000000) (-3192.000000 -2861.453125 -1920.000000) (-3232.000000 -2861.453125 -1920.000000) (-3232.000000 -2859.750000 -1920.000000) 
4 14 22 (-2048.000000 -2816.000000 -2464.000000) (-2048.000000 -1792.000000 -2464.000000) (-1696.000000 -1792.000000 -2464.000000) (-1696.000000 -2816.000000 -2464.000000) 
7 14 15 (-2048.000000 -2304.000000 -1920.000000) (-2048.000000 -1987.000000 -2018.000000) (-2048.000000 -1792.000000 -2274.000000) (-2048.000000 -1792.000000 -2464.000000) (-2048.000000 -2816.000000 -2464.000000) (-2048.000000 -2816.000000 -2274.000000) (-2048.000000 -2621.000000 -2018.000000) 
4 15 23 (-2096.000000 -2945.000000 -2464.000000) (-2096.000000 -1663.000000 -2464.000000) (-2048.000000 -1663.000000 -2464.000000) (-2048.000000 -2945.000000 -2464.000000) 
3 15 19 (-2096.000000 -2704.593750 -1920.000000) (-2096.000000 -2704.266667 -1920.000000) (-2096.000000 -2784.000000 -2024.000000) 
6 15 17 (-2096.000000 -2704.266667 -1920.000000) (-2096.000000 -1903.733333 -1920.000000) (-2096.000000 -1663.000000 -2234.000000) (-2096.000000 -1663.000000 -2464.000000) (-2096.000000 -2945.000000 -2464.000000) (-2096.000000 -2945.000000 -2234.000000) 
3 15 16 (-2096.000000 -1903.733333 -1920.000000) (-2096.000000 -1903.406250 -1920.000000) (-2096.000000 -1824.000000 -2024.000000) 
3 16 18 (-2352.000000 -1903.733333 -1920.000000) (-2352.000000 -1903.418182 -1920.000000) (-2352.000000 -1824.000000 -2024.000000) 
4 16 17 (-2096.000000 -1824.000000 -2024.000000) (-2096.000000 -1903.733333 -1920.000000) (-2352.000000 -1903.733333 -1920.000000) (-2352.000000 -1824.000000 -2024.000000) 
4 17 23 (-2096.000000 -1663.000000 -2464.000000) (-2096.000000 -2945.000000 -2464.000000) (-2352.000000 -2945.000000 -2464.000000) (-2352.000000 -1663.000000 -2464.000000) 
4 17 19 (-2096.000000 -2784.000000 -2024.000000) (-2096.000000 -2704.266667 -1920.000000) (-2352.000000 -2704.266667 -1920.000000) (-2352.000000 -2784.000000 -2024.000000) 
6 17 18 (-2352.000000 -1663.000000 -2464.000000) (-2352.000000 -2945.000000 -2464.000000) (-2352.000000 -2945.000000 -2234.000000) (-2352.000000 -2704.266667 -1920.000000) (-2352.000000 -1903.733333 -1920.000000) (-2352.000000 -1663.000000 -2234.000000) 
4 18 23 (-2400.000000 -2945.000000 -2464.000000) (-2400.000000 -1663.000000 -2464.000000) (-2352.000000 -1663.000000 -2464.000000) (-2352.000000 -2945.000000 -2464.000000) 
6 18 21 (-2400.000000 -1663.000000 -2464.000000) (-2400.000000 -2945.000000 -2464.000000) (-2400.000000 -2945.000000 -2234.000000) (-2400.000000 -2704.266667 -1920.000000) (-2400.000000 -1903.406250 -1920.000000) (-2400.000000 -1663.000000 -2234.000000) 
4 18 20 (-2400.000000 -2704.266667 -1920.000000) (-2400.000000 -2945.000000 -2234.000000) (-2352.000000 -2945.000000 -2234.000000) (-2352.000000 -2704.266667 -1920.000000) 
3 19 20 (-2352.000000 -2704.266667 -1920.000000) (-2352.000000 -2784.000000 -2024.000000) (-2352.000000 -2704.581818 -1920.000000) 
3 20 21 (-2400.000000 -2704.593750 -1920.000000) (-2400.000000 -2704.266667 -1920.000000) (-2400.000000 -2945.000000 -2234.000000) 
5 21 70 (-2720.000000 -2861.453125 -1920.000000) (-2720.000000 -2400.000000 -1920.000000) (-2720.000000 -2400.000000 -2464.000000) (-2720.000000 -3072.000000 -2464.000000) (-2720.000000 -3072.000000 -2195.000000) 
4 21 64 (-2720.000000 -2360.000000 -2432.000000) (-2720.000000 -2360.000000 -2464.000000) (-2720.000000 -2400.000000 -2464.000000) (-2720.000000 -2400.000000 -2432.000000) 
4 21 61 (-2720.000000 -2360.000000 -2304.000000) (-2720.000000 -2360.000000 -2432.000000) (-2720.000000 -2400.000000 -2432.000000) (-2720.000000 -2400.000000 -2304.000000) 
4 21 58 (-2720.000000 -2360.000000 -2272.000000) (-2720.000000 -2360.000000 -2304.000000) (-2720.000000 -2400.000000 -2304.000000) (-2720.000000 -2400.000000 -2272.000000) 
4 21 57 (-2720.000000 -2400.000000 -1920.000000) (-2720.000000 -2360.000000 -1920.000000) (-2720.000000 -2360.000000 -2272.000000) (-2720.000000 -2400.000000 -2272.000000) 
4 21 44 (-2720.000000 -2360.000000 -1920.000000) (-2720.000000 -2208.000000 -1920.000000) (-2720.000000 -2208.000000 -2464.000000) (-2720.000000 -2360.000000 -2464.000000) 
4 21 39 (-2720.000000 -1744.000000 -2464.000000) (-2720.000000 -1904.000000 -2464.000000) (-2720.000000 -1904.000000 -2432.000000) (-2720.000000 -1744.000000 -2432.000000) 
4 21 34 (-2720.000000 -1904.000000 -2432.000000) (-2720.000000 -1904.000000 -2064.000000) (-2720.000000 -1744.000000 -2064.000000) (-2720.000000 -1744.000000 -2432.000000) 
5 21 33 (-2720.000000 -1636.296875 -2064.000000) (-2720.000000 -1536.000000 -2195.000000) (-2720.000000 -1536.000000 -2464.000000) (-2720.000000 -1744.000000 -2464.000000) (-2720.000000 -1744.000000 -2064.000000) 
4 21 27 (-2720.000000 -1904.000000 -1920.000000) (-2720.000000 -1746.546875 -1920.000000) (-2720.000000 -1636.296875 -2064.000000) (-2720.000000 -1904.000000 -2064.000000) 
4 21 42 (-2720.000000 -2208.000000 -1920.000000) (-2720.000000 -1904.000000 -1920.000000) (-2720.000000 -1904.000000 -2464.000000) (-2720.000000 -2208.000000 -2464.000000) 
4 21 26 (-2720.000000 -3072.000000 -2464.000000) (-2720.000000 -2656.000000 -2464.000000) (-2400.000000 -2496.000000 -2464.000000) (-2400.000000 -3072.000000 -2464.000000) 
4 21 25 (-2528.000000 -2048.000000 -2464.000000) (-2400.000000 -2112.000000 -2464.000000) (-2400.000000 -2496.000000 -2464.000000) (-2528.000000 -2560.000000 -2464.000000) 
4 21 24 (-2720.000000 -1952.000000 -2464.000000) (-2720.000000 -1536.000000 -2464.000000) (-2400.000000 -1536.000000 -2464.000000) (-2400.000000 -2112.000000 -2464.000000) 
7 22 23 (-2048.000000 -2816.000000 -2464.000000) (-2048.000000 -1792.000000 -2464.000000) (-2048.000000 -1792.000000 -2590.000000) (-2048.000000 -1987.000000 -2846.000000) (-2048.000000 -2304.000000 -2944.000000) (-2048.000000 -2621.000000 -2846.000000) (-2048.000000 -2816.000000 -2590.000000) 
5 23 26 (-2400.000000 -2945.000000 -2464.000000) (-2400.000000 -2496.000000 -2464.000000) (-2400.000000 -2496.000000 -3012.848485) (-2400.000000 -2700.000000 -2950.000000) (-2400.000000 -2945.000000 -2630.000000) 
5 23 25 (-2400.000000 -2496.000000 -2464.000000) (-2400.000000 -2112.000000 -2464.000000) (-2400.000000 -2112.000000 -3012.848485) (-2400.000000 -2304.000000 -3072.000000) (-2400.000000 -2496.000000 -3012.848485) 
5 23 24 (-2400.000000 -2112.000000 -2464.000000) (-2400.000000 -1663.000000 -2464.000000) (-2400.000000 -1663.000000 -2630.000000) (-2400.000000 -1908.000000 -2950.000000) (-2400.000000 -2112.000000 -3012.848485) 
4 24 25 (-2400.000000 -2112.000000 -3140.455696) (-2400.000000 -2112.000000 -2464.000000) (-2528.000000 -2048.000000 -2464.000000) (-2528.000000 -2048.000000 -3120.607595) 
4 25 26 (-2528.000000 -2560.000000 -3120.607595) (-2400.000000 -2496.000000 -3140.455696) (-2400.000000 -2496.000000 -2464.000000) (-2528.000000 -2560.000000 -2464.000000) 
3 27 35 (-3168.000000 -1760.000000 -2064.000000) (-3184.000000 -1744.000000 -2064.000000) (-3168.000000 -1744.000000 -2064.000000) 
5 27 34 (-2720.000000 -1904.000000 -2064.000000) (-3024.000000 -1904.000000 -2064.000000) (-3168.000000 -1760.000000 -2064.000000) (-3168.000000 -1744.000000 -2064.000000) (-2720.000000 -1744.000000 -2064.000000) 
5 27 33 (-3184.000000 -1744.000000 -2064.000000) (-3232.000000 -1696.000000 -2064.000000) (-3232.000000 -1636.296875 -2064.000000) (-2720.000000 -1636.296875 -2064.000000) (-2720.000000 -1744.000000 -2064.000000) 
3 27 32 (-3136.000000 -1792.000000 -1984.000000) (-3136.000000 -1792.000000 -1952.000000) (-3184.000000 -1744.000000 -1952.000000) 
5 27 31 (-3136.000000 -1792.000000 -1952.000000) (-3136.000000 -1792.000000 -1920.000000) (-3181.453125 -1746.546875 -1920.000000) (-3184.000000 -1744.000000 -1923.326531) (-3184.000000 -1744.000000 -1952.000000) 
4 27 30 (-3232.000000 -1696.000000 -1986.020408) (-3232.000000 -1696.000000 -2064.000000) (-3184.000000 -1744.000000 -2064.000000) (-3184.000000 -1744.000000 -1923.326531) 
4 27 28 (-3136.000000 -1792.000000 -2064.000000) (-3024.000000 -1904.000000 -2064.000000) (-3024.000000 -1904.000000 -1920.000000) (-3136.000000 -1792.000000 -1920.000000) 
4 27 42 (-2720.000000 -1904.000000 -2064.000000) (-2720.000000 -1904.000000 -1920.000000) (-3024.000000 -1904.000000 -1920.000000) (-3024.000000 -1904.000000 -2064.000000) 
3 28 34 (-3024.000000 -1904.000000 -2064.000000) (-3136.000000 -1904.000000 -2064.000000) (-3136.000000 -1792.000000 -2064.000000) 
4 28 32 (-3136.000000 -1856.000000 -1984.000000) (-3136.000000 -1856.000000 -1952.000000) (-3136.000000 -1792.000000 -1952.000000) (-3136.000000 -1792.000000 -1984.000000) 
4 28 31 (-3136.000000 -1856.000000 -1952.000000) (-3136.000000 -1856.000000 -1920.000000) (-3136.000000 -1792.000000 -1920.000000) (-3136.000000 -1792.000000 -1952.000000) 
4 28 29 (-3136.000000 -1856.000000 -2064.000000) (-3136.000000 -1904.000000 -2064.000000) (-3136.000000 -1904.000000 -1920.000000) (-3136.000000 -1856.000000 -1920.000000) 
4 28 42 (-3024.000000 -1904.000000 -1920.000000) (-3136.000000 -1904.000000 -1920.000000) (-3136.000000 -1904.000000 -2064.000000) (-3024.000000 -1904.000000 -2064.000000) 
3 29 37 (-3168.000000 -1904.000000 -2064.000000) (-3184.000000 -1904.000000 -2064.000000) (-3168.000000 -1888.000000 -2064.000000) 
4 29 34 (-3136.000000 -1904.000000 -2064.000000) (-3168.000000 -1904.000000 -2064.000000) (-3168.000000 -1888.000000 -2064.000000) (-3136.000000 -1856.000000 -2064.000000) 
3 29 32 (-3184.000000 -1904.000000 -1952.000000) (-3136.000000 -1856.000000 -1952.000000) (-3136.000000 -1856.000000 -1984.000000) 
4 29 31 (-3184.000000 -1904.000000 -1952.000000) (-3184.000000 -1904.000000 -1920.000000) (-3136.000000 -1856.000000 -1920.000000) (-3136.000000 -1856.000000 -1952.000000) 
4 29 42 (-3136.000000 -1904.000000 -1920.000000) (-3184.000000 -1904.000000 -1920.000000) (-3184.000000 -1904.000000 -2064.000000) (-3136.000000 -1904.000000 -2064.000000) 
3 30 33 (-3232.000000 -1744.000000 -2064.000000) (-3232.000000 -1696.000000 -2064.000000) (-3184.000000 -1744.000000 -2064.000000) 
4 30 31 (-3184.000000 -1744.000000 -1952.000000) (-3184.000000 -1744.000000 -1923.326531) (-3232.000000 -1744.000000 -1923.326531) (-3232.000000 -1744.000000 -1952.000000) 
4 31 32 (-3184.000000 -1744.000000 -1952.000000) (-3136.000000 -1792.000000 -1952.000000) (-3136.000000 -1856.000000 -1952.000000) (-3184.000000 -1904.000000 -1952.000000) 
4 31 42 (-3184.000000 -1904.000000 -1920.000000) (-3232.000000 -1904.000000 -1920.000000) (-3232.000000 -1904.000000 -1952.000000) (-3184.000000 -1904.000000 -1952.000000) 
4 33 51 (-2888.000000 -1744.000000 -2464.000000) (-3016.000000 -1744.000000 -2464.000000) (-3016.000000 -1680.000000 -2464.000000) (-2888.000000 -1680.000000 -2464.000000) 
4 33 43 (-3232.000000 -1704.000000 -2336.000000) (-3232.000000 -1704.000000 -2272.000000) (-3232.000000 -1584.000000 -2272.000000) (-3232.000000 -1584.000000 -2336.000000) 
4 33 40 (-3184.000000 -1744.000000 -2464.000000) (-3136.000000 -1744.000000 -2464.000000) (-3136.000000 -1744.000000 -2432.000000) (-3184.000000 -1744.000000 -2432.000000) 
4 33 39 (-3136.000000 -1744.000000 -2464.000000) (-2720.000000 -1744.000000 -2464.000000) (-2720.000000 -1744.000000 -2432.000000) (-3136.000000 -1744.000000 -2432.000000) 
4 33 35 (-3168.000000 -1744.000000 -2064.000000) (-3232.000000 -1744.000000 -2064.000000) (-3232.000000 -1744.000000 -2432.000000) (-3168.000000 -1744.000000 -2432.000000) 
4 33 34 (-2720.000000 -1744.000000 -2432.000000) (-2720.000000 -1744.000000 -2064.000000) (-3168.000000 -1744.000000 -2064.000000) (-3168.000000 -1744.000000 -2432.000000) 
4 34 41 (-3136.000000 -1856.000000 -2432.000000) (-3136.000000 -1904.000000 -2432.000000) (-3168.000000 -1904.000000 -2432.000000) (-3168.000000 -1888.000000 -2432.000000) 
4 34 40 (-3168.000000 -1744.000000 -2432.000000) (-3136.000000 -1744.000000 -2432.000000) (-3136.000000 -1792.000000 -2432.000000) (-3168.000000 -1760.000000 -2432.000000) 
4 34 39 (-3136.000000 -1744.000000 -2432.000000) (-2720.000000 -1744.000000 -2432.000000) (-2720.000000 -1904.000000 -2432.000000) (-3136.000000 -1904.000000 -2432.000000) 
4 34 37 (-3168.000000 -1840.000000 -2432.000000) (-3168.000000 -1904.000000 -2432.000000) (-3168.000000 -1904.000000 -2064.000000) (-3168.000000 -1840.000000 -2064.000000) 
4 34 35 (-3168.000000 -1744.000000 -2064.000000) (-3168.000000 -1744.000000 -2432.000000) (-3168.000000 -1808.000000 -2432.000000) (-3168.000000 -1808.000000 -2064.000000) 
4 34 42 (-2720.000000 -1904.000000 -2432.000000) (-2720.000000 -1904.000000 -2064.000000) (-3168.000000 -1904.000000 -2064.000000) (-3168.000000 -1904.000000 -2432.000000) 
3 35 40 (-3184.000000 -1744.000000 -2432.000000) (-3168.000000 -1744.000000 -2432.000000) (-3168.000000 -1760.000000 -2432.000000) 
4 35 36 (-3232.000000 -1744.000000 -2432.000000) (-3200.000000 -1776.000000 -2432.000000) (-3200.000000 -1776.000000 -2064.000000) (-3232.000000 -1744.000000 -2064.000000) 
3 37 41 (-3168.000000 -1888.000000 -2432.000000) (-3168.000000 -1904.000000 -2432.000000) (-3184.000000 -1904.000000 -2432.000000) 
4 37 38 (-3200.000000 -1872.000000 -2432.000000) (-3232.000000 -1904.000000 -2432.000000) (-3232.000000 -1904.000000 -2064.000000) (-3200.000000 -1872.000000 -2064.000000) 
4 37 42 (-3168.000000 -1904.000000 -2064.000000) (-3232.000000 -1904.000000 -2064.000000) (-3232.000000 -1904.000000 -2432.000000) (-3168.000000 -1904.000000 -2432.000000) 
4 39 51 (-2888.000000 -1808.000000 -2464.000000) (-3016.000000 -1808.000000 -2464.000000) (-3016.000000 -1744.000000 -2464.000000) (-2888.000000 -1744.000000 -2464.000000) 
4 39 41 (-3136.000000 -1904.000000 -2464.000000) (-3136.000000 -1904.000000 -2432.000000) (-3136.000000 -1856.000000 -2432.000000) (-3136.000000 -1856.000000 -2464.000000) 
4 39 40 (-3136.000000 -1792.000000 -2432.000000) (-3136.000000 -1744.000000 -2432.000000) (-3136.000000 -1744.000000 -2464.000000) (-3136.000000 -1792.000000 -2464.000000) 
4 39 42 (-3136.000000 -1904.000000 -2464.000000) (-2720.000000 -1904.000000 -2464.000000) (-2720.000000 -1904.000000 -2432.000000) (-3136.000000 -1904.000000 -2432.000000) 
4 41 42 (-3184.000000 -1904.000000 -2464.000000) (-3136.000000 -1904.000000 -2464.000000) (-3136.000000 -1904.000000 -2432.000000) (-3184.000000 -1904.000000 -2432.000000) 
4 42 44 (-2720.000000 -2208.000000 -2464.000000) (-2720.000000 -2208.000000 -1920.000000) (-3040.000000 -2048.000000 -1920.000000) (-3040.000000 -2048.000000 -2464.000000) 
4 44 64 (-2720.000000 -2360.000000 -2464.000000) (-2720.000000 -2360.000000 -2432.000000) (-3032.000000 -2360.000000 -2432.000000) (-3032.000000 -2360.000000 -2464.000000) 
4 44 62 (-3016.000000 -2360.000000 -2304.000000) (-3032.000000 -2360.000000 -2304.000000) (-3032.000000 -2360.000000 -2432.000000) (-3016.000000 -2360.000000 -2432.000000) 
4 44 61 (-2720.000000 -2360.000000 -2432.000000) (-2720.000000 -2360.000000 -2304.000000) (-3016.000000 -2360.000000 -2304.000000) (-3016.000000 -2360.000000 -2432.000000) 
4 44 58 (-2720.000000 -2360.000000 -2304.000000) (-2720.000000 -2360.000000 -2272.000000) (-3032.000000 -2360.000000 -2272.000000) (-3032.000000 -2360.000000 -2304.000000) 
4 44 57 (-2720.000000 -2360.000000 -2272.000000) (-2720.000000 -2360.000000 -1920.000000) (-3032.000000 -2360.000000 -1920.000000) (-3032.000000 -2360.000000 -2272.000000) 
4 44 48 (-3040.000000 -2248.000000 -2128.000000) (-3040.000000 -2352.000000 -2128.000000) (-3040.000000 -2352.000000 -2048.000000) (-3040.000000 -2248.000000 -2048.000000) 
4 44 47 (-3040.000000 -2152.000000 -2128.000000) (-3040.000000 -2240.000000 -2128.000000) (-3040.000000 -2240.000000 -2048.000000) (-3040.000000 -2152.000000 -2048.000000) 
4 44 46 (-3032.000000 -2360.000000 -2432.000000) (-3032.000000 -2360.000000 -2304.000000) (-3040.000000 -2352.000000 -2304.000000) (-3040.000000 -2352.000000 -2432.000000) 
4 44 45 (-3032.000000 -2360.000000 -2272.000000) (-3032.000000 -2360.000000 -1920.000000) (-3040.000000 -2352.000000 -1920.000000) (-3040.000000 -2352.000000 -2272.000000) 
4 45 57 (-3032.000000 -2360.000000 -1920.000000) (-3040.000000 -2360.000000 -1920.000000) (-3040.000000 -2360.000000 -2272.000000) (-3032.000000 -2360.000000 -2272.000000) 
4 45 48 (-3040.000000 -2360.000000 -2128.000000) (-3040.000000 -2360.000000 -2048.000000) (-3040.000000 -2352.000000 -2048.000000) (-3040.000000 -2352.000000 -2128.000000) 
4 46 62 (-3040.000000 -2360.000000 -2304.000000) (-3040.000000 -2360.000000 -2432.000000) (-3032.000000 -2360.000000 -2432.000000) (-3032.000000 -2360.000000 -2304.000000) 
4 47 50 (-3072.000000 -2240.000000 -2048.000000) (-3072.000000 -2152.000000 -2048.000000) (-3072.000000 -2152.000000 -2128.000000) (-3072.000000 -2240.000000 -2128.000000) 
4 48 50 (-3072.000000 -2360.000000 -2128.000000) (-3072.000000 -2360.000000 -2048.000000) (-3072.000000 -2248.000000 -2048.000000) (-3072.000000 -2248.000000 -2128.000000) 
4 49 53 (-3248.000000 -2048.000000 -2016.000000) (-3248.000000 -2048.000000 -2168.000000) (-3248.000000 -2112.000000 -2168.000000) (-3248.000000 -2112.000000 -2016.000000) 
4 49 50 (-3248.000000 -2112.000000 -2016.000000) (-3248.000000 -2112.000000 -2168.000000) (-3160.000000 -2112.000000 -2168.000000) (-3160.000000 -2112.000000 -2016.000000) 
5 50 68 (-3219.692308 -2360.000000 -1920.000000) (-3248.000000 -2360.000000 -1920.000000) (-3248.000000 -2360.000000 -2168.000000) (-3072.000000 -2360.000000 -2168.000000) (-3072.000000 -2360.000000 -2016.000000) 
4 50 53 (-3248.000000 -2360.000000 -2168.000000) (-3248.000000 -2360.000000 -2016.000000) (-3248.000000 -2112.000000 -2016.000000) (-3248.000000 -2112.000000 -2168.000000) 
4 50 52 (-3248.000000 -2360.000000 -2016.000000) (-3248.000000 -2360.000000 -1920.000000) (-3248.000000 -2112.000000 -1920.000000) (-3248.000000 -2112.000000 -2016.000000) 
4 52 79 (-3296.000000 -2360.000000 -1920.000000) (-3456.000000 -2360.000000 -1920.000000) (-3456.000000 -2360.000000 -2016.000000) (-3296.000000 -2360.000000 -2016.000000) 
4 52 68 (-3248.000000 -2360.000000 -2016.000000) (-3248.000000 -2360.000000 -1920.000000) (-3296.000000 -2360.000000 -1920.000000) (-3296.000000 -2360.000000 -2016.000000) 
4 52 53 (-3248.000000 -2360.000000 -2016.000000) (-3456.000000 -2360.000000 -2016.000000) (-3456.000000 -2112.000000 -2016.000000) (-3248.000000 -2112.000000 -2016.000000) 
4 53 81 (-3456.000000 -2360.000000 -2016.000000) (-3520.000000 -2360.000000 -2016.000000) (-3520.000000 -2360.000000 -2168.000000) (-3456.000000 -2360.000000 -2168.000000) 
4 53 80 (-3296.000000 -2360.000000 -2016.000000) (-3456.000000 -2360.000000 -2016.000000) (-3456.000000 -2360.000000 -2168.000000) (-3296.000000 -2360.000000 -2168.000000) 
4 53 68 (-3248.000000 -2360.000000 -2168.000000) (-3248.000000 -2360.000000 -2016.000000) (-3296.000000 -2360.000000 -2016.000000) (-3296.000000 -2360.000000 -2168.000000) 
5 53 56 (-3328.000000 -2360.000000 -2168.000000) (-3520.000000 -2360.000000 -2168.000000) (-3520.000000 -2208.000000 -2168.000000) (-3368.000000 -2208.000000 -2168.000000) (-3328.000000 -2248.000000 -2168.000000) 
4 53 54 (-3520.000000 -2048.000000 -2016.000000) (-3520.000000 -2048.000000 -2168.000000) (-3520.000000 -2206.000000 -2168.000000) (-3520.000000 -2206.000000 -2016.000000) 
4 54 55 (-3584.000000 -2092.000000 -2168.000000) (-3584.000000 -2164.000000 -2168.000000) (-3584.000000 -2164.000000 -2064.000000) (-3584.000000 -2092.000000 -2064.000000) 
4 56 83 (-3328.000000 -2360.000000 -2168.000000) (-3520.000000 -2360.000000 -2168.000000) (-3520.000000 -2360.000000 -2192.000000) (-3328.000000 -2360.000000 -2192.000000) 
4 57 70 (-2720.000000 -2400.000000 -2272.000000) (-2720.000000 -2400.000000 -1920.000000) (-3040.000000 -2560.000000 -1920.000000) (-3040.000000 -2560.000000 -2272.000000) 
4 57 67 (-3040.000000 -2368.000000 -2048.000000) (-3040.000000 -2368.000000 -2128.000000) (-3040.000000 -2456.000000 -2128.000000) (-3040.000000 -2456.000000 -2048.000000) 
4 57 60 (-3000.000000 -2540.000000 -2272.000000) (-3040.000000 -2560.000000 -2272.000000) (-3040.000000 -2512.000000 -2272.000000) (-3000.000000 -2472.000000 -2272.000000) 
3 57 59 (-2901.333333 -2490.666667 -2272.000000) (-3000.000000 -2540.000000 -2272.000000) (-3000.000000 -2392.000000 -2272.000000) 
4 57 58 (-2720.000000 -2400.000000 -2272.000000) (-2901.333333 -2490.666667 -2272.000000) (-3032.000000 -2360.000000 -2272.000000) (-2720.000000 -2360.000000 -2272.000000) 
4 58 70 (-2720.000000 -2400.000000 -2304.000000) (-2720.000000 -2400.000000 -2272.000000) (-2901.333333 -2490.666667 -2272.000000) (-2901.333333 -2490.666667 -2304.000000) 
3 58 62 (-3032.000000 -2360.000000 -2304.000000) (-3016.000000 -2360.000000 -2304.000000) (-3016.000000 -2376.000000 -2304.000000) 
5 58 61 (-3016.000000 -2360.000000 -2304.000000) (-2720.000000 -2360.000000 -2304.000000) (-2720.000000 -2400.000000 -2304.000000) (-2901.333333 -2490.666667 -2304.000000) (-3016.000000 -2376.000000 -2304.000000) 
4 58 59 (-3000.000000 -2392.000000 -2304.000000) (-2901.333333 -2490.666667 -2304.000000) (-2901.333333 -2490.666667 -2272.000000) (-3000.000000 -2392.000000 -2272.000000) 
4 59 70 (-2901.333333 -2490.666667 -2272.000000) (-3000.000000 -2540.000000 -2272.000000) (-3000.000000 -2540.000000 -2304.000000) (-2901.333333 -2490.666667 -2304.000000) 
3 59 61 (-3000.000000 -2392.000000 -2304.000000) (-2901.333333 -2490.666667 -2304.000000) (-3000.000000 -2540.000000 -2304.000000) 
4 59 60 (-3000.000000 -2540.000000 -2304.000000) (-3000.000000 -2540.000000 -2272.000000) (-3000.000000 -2472.000000 -2272.000000) (-3000.000000 -2472.000000 -2304.000000) 
4 60 70 (-3000.000000 -2540.000000 -2272.000000) (-3040.000000 -2560.000000 -2272.000000) (-3040.000000 -2560.000000 -2304.000000) (-3000.000000 -2540.000000 -2304.000000) 
4 60 63 (-3040.000000 -2560.000000 -2304.000000) (-3040.000000 -2512.000000 -2304.000000) (-3016.000000 -2488.000000 -2304.000000) (-3016.000000 -2548.000000 -2304.000000) 
4 60 61 (-3016.000000 -2488.000000 -2304.000000) (-3000.000000 -2472.000000 -2304.000000) (-3000.000000 -2540.000000 -2304.000000) (-3016.000000 -2548.000000 -2304.000000) 
4 61 70 (-2720.000000 -2400.000000 -2432.000000) (-2720.000000 -2400.000000 -2304.000000) (-3016.000000 -2548.000000 -2304.000000) (-3016.000000 -2548.000000 -2432.000000) 
4 61 66 (-3000.000000 -2540.000000 -2432.000000) (-3016.000000 -2548.000000 -2432.000000) (-3016.000000 -2488.000000 -2432.000000) (-3000.000000 -2472.000000 -2432.000000) 
3 61 65 (-2901.333333 -2490.666667 -2432.000000) (-3000.000000 -2540.000000 -2432.000000) (-3000.000000 -2392.000000 -2432.000000) 
5 61 64 (-2720.000000 -2400.000000 -2432.000000) (-2901.333333 -2490.666667 -2432.000000) (-3016.000000 -2376.000000 -2432.000000) (-3016.000000 -2360.000000 -2432.000000) (-2720.000000 -2360.000000 -2432.000000) 
4 61 63 (-3016.000000 -2472.000000 -2432.000000) (-3016.000000 -2548.000000 -2432.000000) (-3016.000000 -2548.000000 -2304.000000) (-3016.000000 -2472.000000 -2304.000000) 
4 61 62 (-3016.000000 -2360.000000 -2432.000000) (-3016.000000 -2392.000000 -2432.000000) (-3016.000000 -2392.000000 -2304.000000) (-3016.000000 -2360.000000 -2304.000000) 
3 62 64 (-3032.000000 -2360.000000 -2432.000000) (-3016.000000 -2360.000000 -2432.000000) (-3016.000000 -2376.000000 -2432.000000) 
4 63 70 (-3016.000000 -2548.000000 -2304.000000) (-3040.000000 -2560.000000 -2304.000000) (-3040.000000 -2560.000000 -2432.000000) (-3016.000000 -2548.000000 -2432.000000) 
4 63 66 (-3016.000000 -2548.000000 -2432.000000) (-3040.000000 -2560.000000 -2432.000000) (-3040.000000 -2512.000000 -2432.000000) (-3016.000000 -2488.000000 -2432.000000) 
4 64 70 (-2720.000000 -2400.000000 -2464.000000) (-2720.000000 -2400.000000 -2432.000000) (-2901.333333 -2490.666667 -2432.000000) (-2901.333333 -2490.666667 -2464.000000) 
4 64 65 (-2901.333333 -2490.666667 -2432.000000) (-3000.000000 -2392.000000 -2432.000000) (-3000.000000 -2392.000000 -2464.000000) (-2901.333333 -2490.666667 -2464.000000) 
4 65 70 (-2901.333333 -2490.666667 -2432.000000) (-3000.000000 -2540.000000 -2432.000000) (-3000.000000 -2540.000000 -2464.000000) (-2901.333333 -2490.666667 -2464.000000) 
4 65 66 (-3000.000000 -2472.000000 -2464.000000) (-3000.000000 -2540.000000 -2464.000000) (-3000.000000 -2540.000000 -2432.000000) (-3000.000000 -2472.000000 -2432.000000) 
4 66 70 (-3000.000000 -2540.000000 -2432.000000) (-3040.000000 -2560.000000 -2432.000000) (-3040.000000 -2560.000000 -2464.000000) (-3000.000000 -2540.000000 -2464.000000) 
4 67 68 (-3072.000000 -2456.000000 -2128.000000) (-3072.000000 -2456.000000 -2048.000000) (-3072.000000 -2368.000000 -2048.000000) (-3072.000000 -2368.000000 -2128.000000) 
4 68 79 (-3296.000000 -2496.000000 -1920.000000) (-3296.000000 -2360.000000 -1920.000000) (-3296.000000 -2360.000000 -2016.000000) (-3296.000000 -2496.000000 -2016.000000) 
4 68 80 (-3296.000000 -2360.000000 -2016.000000) (-3296.000000 -2360.000000 -2168.000000) (-3296.000000 -2496.000000 -2168.000000) (-3296.000000 -2496.000000 -2016.000000) 
4 68 69 (-3296.000000 -2496.000000 -2016.000000) (-3296.000000 -2496.000000 -2168.000000) (-3160.000000 -2496.000000 -2168.000000) (-3160.000000 -2496.000000 -2016.000000) 
4 69 80 (-3296.000000 -2496.000000 -2016.000000) (-3296.000000 -2496.000000 -2168.000000) (-3296.000000 -2560.000000 -2168.000000) (-3296.000000 -2560.000000 -2016.000000) 
4 70 78 (-2888.000000 -2928.000000 -2464.000000) (-3016.000000 -2928.000000 -2464.000000) (-3016.000000 -2800.000000 -2464.000000) (-2888.000000 -2800.000000 -2464.000000) 
4 70 74 (-3232.000000 -2984.000000 -2288.000000) (-3232.000000 -2984.000000 -2264.000000) (-3232.000000 -2728.000000 -2264.000000) (-3232.000000 -2728.000000 -2288.000000) 
4 70 75 (-3232.000000 -2728.000000 -2464.000000) (-3232.000000 -2984.000000 -2464.000000) (-3232.000000 -2984.000000 -2288.000000) (-3232.000000 -2728.000000 -2288.000000) 
4 70 73 (-3232.000000 -2784.000000 -2144.000000) (-3232.000000 -2848.000000 -2144.000000) (-3232.000000 -2848.000000 -2024.000000) (-3232.000000 -2784.000000 -2024.000000) 
4 70 72 (-3232.000000 -2688.000000 -2144.000000) (-3232.000000 -2752.000000 -2144.000000) (-3232.000000 -2752.000000 -2024.000000) (-3232.000000 -2688.000000 -2024.000000) 
4 70 71 (-3192.000000 -2861.453125 -1920.000000) (-3232.000000 -2861.453125 -1920.000000) (-3232.000000 -3072.000000 -2195.000000) (-3192.000000 -3072.000000 -2195.000000) 
4 74 75 (-3232.000000 -2984.000000 -2288.000000) (-3256.000000 -2960.000000 -2288.000000) (-3256.000000 -2752.000000 -2288.000000) (-3232.000000 -2728.000000 -2288.000000) 
4 75 77 (-3256.000000 -2960.000000 -2288.000000) (-3296.000000 -2920.000000 -2288.000000) (-3296.000000 -2920.000000 -2464.000000) (-3256.000000 -2960.000000 -2464.000000) 
4 75 76 (-3256.000000 -2752.000000 -2464.000000) (-3296.000000 -2792.000000 -2464.000000) (-3296.000000 -2792.000000 -2288.000000) (-3256.000000 -2752.000000 -2288.000000) 
4 79 80 (-3456.000000 -2496.000000 -2016.000000) (-3456.000000 -2360.000000 -2016.000000) (-3296.000000 -2360.000000 -2016.000000) (-3296.000000 -2496.000000 -2016.000000) 
4 80 83 (-3456.000000 -2400.000000 -2168.000000) (-3456.000000 -2360.000000 -2168.000000) (-3328.000000 -2360.000000 -2168.000000) (-3368.000000 -2400.000000 -2168.000000) 
4 80 81 (-3456.000000 -2560.000000 -2168.000000) (-3456.000000 -2560.000000 -2016.000000) (-3456.000000 -2360.000000 -2016.000000) (-3456.000000 -2360.000000 -2168.000000) 
4 81 83 (-3520.000000 -2400.000000 -2168.000000) (-3520.000000 -2360.000000 -2168.000000) (-3456.000000 -2360.000000 -2168.000000) (-3456.000000 -2400.000000 -2168.000000) 
4 81 82 (-3520.000000 -2402.000000 -2168.000000) (-3520.000000 -2560.000000 -2168.000000) (-3520.000000 -2560.000000 -2016.000000) (-3520.000000 -2402.000000 -2016.000000) 
