hlcsg v3.4 VL30 (Nov 23 2012)
Zoner's Half-Life Compilation Tools -- Custom Build
Based on code modifications by Sean 'Zoner' Cavanaugh
Based on Valve's version, modified with permission.
Submit detailed bug reports to (vluzacn@163.com)
-----  BEGIN  hlcsg -----
Command line: D:\Programs\HLDMCOMPTOOLS\hlcsg.exe D:\Games\Steam\steamapps\common\Half-Life\justfight\maps\intro 
Arguments: D:\Games\Steam\steamapps\common\Half-Life\justfight\maps\intro -low -wadautodetect 
Entering D:\Games\Steam\steamapps\common\Half-Life\justfight\maps\intro.map

Current hlcsg Settings
Name                 |  Setting  |  Default
---------------------|-----------|-------------------------
threads               [       4 ] [  Varies ]
verbose               [     off ] [     off ]
log                   [      on ] [      on ]
reset logfile         [      on ] [      on ]
developer             [       0 ] [       0 ]
chart                 [     off ] [     off ]
estimate              [     off ] [     off ]
max texture memory    [ 33554432 ] [ 33554432 ]
max lighting memory   [ 33554432 ] [ 33554432 ]
priority              [     Low ] [  Normal ]

noclip                [     off ] [     off ]
null texture stripping[      on ] [      on ]
clipnode economy mode [     off ] [     off ]
clip hull type        [  simple ] [  simple ]
onlyents              [     off ] [     off ]
wadtextures           [      on ] [      on ]
skyclip               [      on ] [      on ]
hullfile              [    None ] [    None ]
wadcfg by file        [    None ] [    None ]
wadcfg by name        [    None ] [    None ]
nullfile              [    None ] [    None ]
nullify trigger       [      on ] [      on ]
min surface area      [   0.000 ] [   0.000 ]
brush union threshold [   0.000 ] [   0.000 ]
map scaling           [    None ] [    None ]
light name optimize   [      on ] [      on ]
UTF8 game_text        [      on ] [      on ]

Using mapfile wad configuration
Wadfiles not in use by the map will be excluded
Wadinclude list :
[zhlt.wad]

CreateBrush:
 (0.06 seconds)
CSGBrush:
 (0.10 seconds)

Using Wadfile: \programs\hldmcomptools\wads\halflife.wad
 - Contains 87 used textures, 96.67 percent of map (3116 textures in wad)
Using Wadfile: \programs\hldmcomptools\wads\xeno.wad
 - Contains 2 used textures, 2.22 percent of map (264 textures in wad)
Including Wadfile: \programs\hldmcomptools\wads\zhlt.wad
 - Contains 1 used texture, 1.11 percent of map (18 textures in wad)

Wad files required to run the map: "halflife.wad;xeno.wad;"

added 9 additional animating textures.
Texture usage is at 1.30 mb (of 32.00 mb MAX)
0.32 seconds elapsed

-----   END   hlcsg -----



hlbsp v3.4 VL30 (Nov 23 2012)
Zoner's Half-Life Compilation Tools -- Custom Build
Based on code modifications by Sean 'Zoner' Cavanaugh
Based on Valve's version, modified with permission.
Submit detailed bug reports to (vluzacn@163.com)
-----  BEGIN  hlbsp -----
Command line: D:\Programs\HLDMCOMPTOOLS\hlbsp.exe D:\Games\Steam\steamapps\common\Half-Life\justfight\maps\intro 
Arguments: D:\Games\Steam\steamapps\common\Half-Life\justfight\maps\intro -low -chart 

Current hlbsp Settings
Name               |  Setting  |  Default
-------------------|-----------|-------------------------
threads             [       4 ] [  Varies ]
verbose             [     off ] [     off ]
log                 [      on ] [      on ]
developer           [       0 ] [       0 ]
chart               [      on ] [     off ]
estimate            [     off ] [     off ]
max texture memory  [ 33554432 ] [ 33554432 ]
priority            [     Low ] [  Normal ]

noclip              [     off ] [     off ]
nofill              [     off ] [     off ]
noinsidefill        [     off ] [     off ]
noopt               [     off ] [     off ]
no clipnode merging [     off ] [     off ]
null tex. stripping [      on ] [      on ]
notjunc             [     off ] [     off ]
nobrink             [     off ] [     off ]
subdivide size      [     240 ] [     240 ] (Min 64) (Max 512)
max node size       [    1024 ] [    1024 ] (Min 64) (Max 65536)
remove hull 2       [     off ] [     off ]


SolidBSP [hull 0] Warning: Ambiguous leafnode content ( EMPTY and SOLID ) at (-2400,-1830,-1920)-(-2048,-1747,-1811) in hull 0 of model 0 (entity: classname "worldspawn", origin "", targetname "")
Warning: Ambiguous leafnode content ( EMPTY and SOLID ) at (-2400,-2861,-1920)-(-2048,-2778,-1811) in hull 0 of model 0 (entity: classname "worldspawn", origin "", targetname "")
Warning: Ambiguous leafnode content ( EMPTY and SOLID ) at (-2400,-1908,-1920)-(-2048,-1903,-1914) in hull 0 of model 0 (entity: classname "worldspawn", origin "", targetname "")
Warning: Ambiguous leafnode content ( EMPTY and SOLID ) at (-2400,-2705,-1920)-(-2048,-2700,-1914) in hull 0 of model 0 (entity: classname "worldspawn", origin "", targetname "")
500...583 (0.05 seconds)
BSP generation successful, writing portal file 'D:\Games\Steam\steamapps\common\Half-Life\justfight\maps\intro.prt'
SolidBSP [hull 1] Warning: Ambiguous leafnode content ( EMPTY and SOLID ) at (-2384,-1814,-1924)-(-1680,-1700,-1775) in hull 1 of model 0 (entity: classname "worldspawn", origin "", targetname "")
Warning: Ambiguous leafnode content ( EMPTY and SOLID ) at (-2384,-2908,-1924)-(-1680,-2794,-1775) in hull 1 of model 0 (entity: classname "worldspawn", origin "", targetname "")
Warning: Ambiguous leafnode content ( EMPTY and SOLID ) at (-2368,-1700,-2159)-(-2112,-1520,-1924) in hull 1 of model 0 (entity: classname "worldspawn", origin "", targetname "")
500...588 (0.05 seconds)
SolidBSP [hull 2] Warning: Ambiguous leafnode content ( EMPTY and SOLID ) at (-2368,-1798,-1920)-(-1664,-1690,-1779) in hull 2 of model 0 (entity: classname "worldspawn", origin "", targetname "")
Warning: Ambiguous leafnode content ( EMPTY and SOLID ) at (-2368,-2918,-1920)-(-1664,-2810,-1779) in hull 2 of model 0 (entity: classname "worldspawn", origin "", targetname "")
500...534 (0.08 seconds)
SolidBSP [hull 3] Warning: Ambiguous leafnode content ( EMPTY and SOLID ) at (-2384,-1814,-1934)-(-1680,-1706,-1793) in hull 3 of model 0 (entity: classname "worldspawn", origin "", targetname "")
Warning: Ambiguous leafnode content ( EMPTY and SOLID ) at (-2384,-2902,-1934)-(-1680,-2794,-1793) in hull 3 of model 0 (entity: classname "worldspawn", origin "", targetname "")
Warning: Ambiguous leafnode content ( EMPTY and SOLID ) at (-2416,-1924,-1934)-(-2064,-1922,-1932) in hull 3 of model 0 (entity: classname "worldspawn", origin "", targetname "")
Warning: Ambiguous leafnode content ( EMPTY and SOLID ) at (-2416,-2686,-1934)-(-2064,-2684,-1932) in hull 3 of model 0 (entity: classname "worldspawn", origin "", targetname "")
500...609 (0.31 seconds)
Reduced 3693 clipnodes to 3554
Reduced 847 texinfos to 673
Reduced 98 texdatas to 91 (5428 bytes to 4008)
Reduced 4882 planes to 1605
FixBrinks:
Increased 3554 clipnodes to 3569.

Object names  Objects/Maxobjs  Memory / Maxmem  Fullness
------------  ---------------  ---------------  --------
models             56/512         3584/32768    (10.9%)
planes           1605/32768      32100/655360   ( 4.9%)
vertexes         2146/65535      25752/786420   ( 3.3%)
nodes            1051/32767      25224/786408   ( 3.2%)
texinfos          673/32767      26920/1310680  ( 2.1%)
faces            1572/65535      31440/1310700  ( 2.4%)
* worldfaces      675/32768          0/0        ( 2.1%)
clipnodes        3569/32767      28552/262136   (10.9%)
leaves            748/32760      20944/917280   ( 2.3%)
* visleafs        185/8192           0/0        ( 2.3%)
marksurfaces     1883/65535       3766/131070   ( 2.9%)
surfedges        7149/512000     28596/2048000  ( 1.4%)
edges            3642/256000     14568/1024000  ( 1.4%)
texdata          [variable]       4008/33554432  ( 0.0%)
lightdata        [variable]          0/33554432  ( 0.0%)
visdata          [variable]          0/8388608  ( 0.0%)
entdata          [variable]      18638/2097152  ( 0.9%)
* AllocBlock        4/64             0/0        ( 6.3%)
91 textures referenced
=== Total BSP file data space used: 264092 bytes ===
Wad files required to run the map: "halflife.wad;xeno.wad;"
1.23 seconds elapsed

-----   END   hlbsp -----



hlvis v3.4 VL30 (Nov 23 2012)
Zoner's Half-Life Compilation Tools -- Custom Build
Based on code modifications by Sean 'Zoner' Cavanaugh
Based on Valve's version, modified with permission.
Submit detailed bug reports to (vluzacn@163.com)
-----  BEGIN  hlvis -----
Command line: D:\Programs\HLDMCOMPTOOLS\hlvis.exe D:\Games\Steam\steamapps\common\Half-Life\justfight\maps\intro 
Arguments: D:\Games\Steam\steamapps\common\Half-Life\justfight\maps\intro -low 
  84 portalleafs
 208 numportals

-= Current hlvis Settings =-
Name               |  Setting  |  Default
-------------------|-----------|-------------------------
threads             [       4 ] [  Varies ]
verbose             [     off ] [     off ]
log                 [      on ] [      on ]
developer           [       0 ] [       0 ]
chart               [     off ] [     off ]
estimate            [     off ] [     off ]
max texture memory  [ 33554432 ] [ 33554432 ]
max vis distance    [       0 ] [       0 ]
priority            [     Low ] [  Normal ]

fast vis            [     off ] [     off ]
full vis            [     off ] [     off ]


BasePortalVis:
 (0.00 seconds)
LeafThread:
 (0.04 seconds)
average leafs visible: 53
g_visdatasize:1965  compressed from 924
0.05 seconds elapsed

-----   END   hlvis -----



hlrad v3.4 VL30 (Nov 23 2012)
Zoner's Half-Life Compilation Tools -- Custom Build
Based on code modifications by Sean 'Zoner' Cavanaugh
Based on Valve's version, modified with permission.
Submit detailed bug reports to (vluzacn@163.com)
-----  BEGIN  hlrad -----
Command line: D:\Programs\HLDMCOMPTOOLS\hlrad.exe -extra D:\Games\Steam\steamapps\common\Half-Life\justfight\maps\intro 
Arguments: -extra D:\Games\Steam\steamapps\common\Half-Life\justfight\maps\intro -low 

-= Current hlrad Settings =-
Name                | Setting             | Default
--------------------|---------------------|-------------------------
threads              [                 4 ] [            Varies ]
verbose              [               off ] [               off ]
log                  [                on ] [                on ]
developer            [                 0 ] [                 0 ]
chart                [               off ] [               off ]
estimate             [               off ] [               off ]
max texture memory   [          33554432 ] [          33554432 ]
max lighting memory  [          33554432 ] [          33554432 ]
priority             [               Low ] [            Normal ]

fast rad             [               off ] [               off ]
vismatrix algorithm  [            Sparse ] [            Sparse ]
oversampling (-extra)[                on ] [               off ]
bounces              [                 8 ] [                 8 ]
ambient light        [ 0.000 0.000 0.000 ] [ 0.000 0.000 0.000 ]
circus mode          [               off ] [               off ]

smoothing threshold  [            50.000 ] [            50.000 ]
smoothing threshold 2[         no change ] [         no change ]
direct threshold     [            10.000 ] [            10.000 ]
direct light scale   [             1.000 ] [             1.000 ]
coring threshold     [             0.001 ] [             0.001 ]
patch interpolation  [                on ] [                on ]

texscale             [                on ] [                on ]
patch subdividing    [                on ] [                on ]
chop value           [            64.000 ] [            64.000 ]
texchop value        [            32.000 ] [            32.000 ]

global fade          [             1.000 ] [             1.000 ]
global light scale   [ 2.000 2.000 2.000 ] [ 2.000 2.000 2.000 ]
global gamma         [ 0.550 0.550 0.550 ] [ 0.550 0.550 0.550 ]
global light scale   [             2.000 ] [             2.000 ]
global sky diffusion [             1.000 ] [             1.000 ]

spread angles        [                on ] [                on ]
opaque entities      [                on ] [                on ]
sky lighting fix     [                on ] [                on ]
incremental          [               off ] [               off ]
dump                 [               off ] [               off ]

colour jitter        [       0.0 0.0 0.0 ] [       0.0 0.0 0.0 ]
monochromatic jitter [       0.0 0.0 0.0 ] [       0.0 0.0 0.0 ]

custom shadows with bounce light
                     [               off ] [               off ]
rgb transfers        [               off ] [               off ]
minimum final light  [                 0 ] [                 0 ]
size of transfer     [         1 (16bit) ] [         1 (16bit) ]
size of rgbtransfer  [         2 (32bit) ] [         2 (32bit) ]
soft sky             [                on ] [                on ]
translucent depth    [             2.000 ] [             2.000 ]
block opaque         [                on ] [                on ]
ignore textures      [               off ] [               off ]
reflectivity gamma   [             1.760 ] [             1.760 ]
reflectivity scale   [             0.700 ] [             0.700 ]
blur size            [             1.000 ] [             1.000 ]
no emitter range     [               off ] [               off ]


Load Textures:
Using Wadfile: D:\Games\Steam\steamapps\common\Half-Life\justfight\maps\intro.wa_
91 textures referenced
Reading texlights from 'D:\Programs\HLDMCOMPTOOLS\lights.rad'
0 opaque models
0 opaque faces
1572 faces
Create Patches : 3449 base patches
91515 square feet [13178170.00 square inches]
41 direct lights and 0 fast direct lights
3 light styles

BuildFacelights:
 (3.54 seconds)
BuildVisLeafs:
 (0.43 seconds)
visibility matrix   :   1.1 megs
MakeScales:
 (0.48 seconds)
Transfer Lists :     2339302 :    2.34M transfers
       Indices :     1953004 :    1.86M bytes
          Data :     4688465 :    4.47M bytes
Bounce 1 GatherLight:
 (0.04 seconds)
Bounce 2 GatherLight:
 (0.05 seconds)
Bounce 3 GatherLight:
 (0.05 seconds)
Bounce 4 GatherLight:
 (0.05 seconds)
Bounce 5 GatherLight:
 (0.05 seconds)
Bounce 6 GatherLight:
 (0.06 seconds)
Bounce 7 GatherLight:
 (0.05 seconds)
Bounce 8 GatherLight:
 (0.05 seconds)
FinalLightFace:
 (0.17 seconds)
5.98 seconds elapsed

-----   END   hlrad -----



