hlcsg v3.4 VL30 (Nov 23 2012)
Zoner's Half-Life Compilation Tools -- Custom Build
Based on code modifications by Sean 'Zoner' Cavanaugh
Based on Valve's version, modified with permission.
Submit detailed bug reports to (vluzacn@163.com)
-----  BEGIN  hlcsg -----
Command line: D:\Programs\HLDMCOMPTOOLS\hlcsg.exe D:\Games\Steam\steamapps\common\Half-Life\justfight\maps\next 
Arguments: D:\Games\Steam\steamapps\common\Half-Life\justfight\maps\next -low -wadautodetect 
Entering D:\Games\Steam\steamapps\common\Half-Life\justfight\maps\next.map

Current hlcsg Settings
Name                 |  Setting  |  Default
---------------------|-----------|-------------------------
threads               [       4 ] [  Varies ]
verbose               [     off ] [     off ]
log                   [      on ] [      on ]
reset logfile         [      on ] [      on ]
developer             [       0 ] [       0 ]
chart                 [     off ] [     off ]
estimate              [     off ] [     off ]
max texture memory    [ 33554432 ] [ 33554432 ]
max lighting memory   [ 33554432 ] [ 33554432 ]
priority              [     Low ] [  Normal ]

noclip                [     off ] [     off ]
null texture stripping[      on ] [      on ]
clipnode economy mode [     off ] [     off ]
clip hull type        [  simple ] [  simple ]
onlyents              [     off ] [     off ]
wadtextures           [      on ] [      on ]
skyclip               [      on ] [      on ]
hullfile              [    None ] [    None ]
wadcfg by file        [    None ] [    None ]
wadcfg by name        [    None ] [    None ]
nullfile              [    None ] [    None ]
nullify trigger       [      on ] [      on ]
min surface area      [   0.000 ] [   0.000 ]
brush union threshold [   0.000 ] [   0.000 ]
map scaling           [    None ] [    None ]
light name optimize   [      on ] [      on ]
UTF8 game_text        [      on ] [      on ]

Using mapfile wad configuration
Wadfiles not in use by the map will be excluded
Wadinclude list :
[zhlt.wad]

CreateBrush:
 (0.32 seconds)
CSGBrush:
 (0.55 seconds)

Using Wadfile: \programs\hldmcomptools\wads\halflife.wad
 - Contains 156 used textures, 98.11 percent of map (3116 textures in wad)
Using Wadfile: \programs\hldmcomptools\wads\xeno.wad
 - Contains 2 used textures, 1.26 percent of map (264 textures in wad)
Including Wadfile: \programs\hldmcomptools\wads\zhlt.wad
 - Contains 1 used texture, 0.63 percent of map (18 textures in wad)

Wad files required to run the map: "halflife.wad;xeno.wad;"

added 22 additional animating textures.
Texture usage is at 1.63 mb (of 32.00 mb MAX)
6 redundant named lights optimized.
1.49 seconds elapsed

-----   END   hlcsg -----



hlbsp v3.4 VL30 (Nov 23 2012)
Zoner's Half-Life Compilation Tools -- Custom Build
Based on code modifications by Sean 'Zoner' Cavanaugh
Based on Valve's version, modified with permission.
Submit detailed bug reports to (vluzacn@163.com)
-----  BEGIN  hlbsp -----
Command line: D:\Programs\HLDMCOMPTOOLS\hlbsp.exe D:\Games\Steam\steamapps\common\Half-Life\justfight\maps\next 
Arguments: D:\Games\Steam\steamapps\common\Half-Life\justfight\maps\next -low -chart 

Current hlbsp Settings
Name               |  Setting  |  Default
-------------------|-----------|-------------------------
threads             [       4 ] [  Varies ]
verbose             [     off ] [     off ]
log                 [      on ] [      on ]
developer           [       0 ] [       0 ]
chart               [      on ] [     off ]
estimate            [     off ] [     off ]
max texture memory  [ 33554432 ] [ 33554432 ]
priority            [     Low ] [  Normal ]

noclip              [     off ] [     off ]
nofill              [     off ] [     off ]
noinsidefill        [     off ] [     off ]
noopt               [     off ] [     off ]
no clipnode merging [     off ] [     off ]
null tex. stripping [      on ] [      on ]
notjunc             [     off ] [     off ]
nobrink             [     off ] [     off ]
subdivide size      [     240 ] [     240 ] (Min 64) (Max 512)
max node size       [    1024 ] [    1024 ] (Min 64) (Max 65536)
remove hull 2       [     off ] [     off ]


SolidBSP [hull 0] 500...1000...1500...2000...2500...3000...3500...4000...4172 (0.21 seconds)
BSP generation successful, writing portal file 'D:\Games\Steam\steamapps\common\Half-Life\justfight\maps\next.prt'
SolidBSP [hull 1] 500...1000...1500...2000...2500...3000...3500...4000...4186 (0.23 seconds)
SolidBSP [hull 2] 500...1000...1500...2000...2500...3000...3500...3667 (0.20 seconds)
SolidBSP [hull 3] 500...1000...1500...2000...2500...3000...3500...4000...4447 (0.26 seconds)
Reduced 14176 clipnodes to 13312
Reduced 4720 texinfos to 2996
Reduced 180 texdatas to 175 (9036 bytes to 7704)
Reduced 17712 planes to 6205
FixBrinks:
Increased 13312 clipnodes to 13465.

Object names  Objects/Maxobjs  Memory / Maxmem  Fullness
------------  ---------------  ---------------  --------
models            148/512         9472/32768    (28.9%)
planes           6205/32768     124100/655360   (18.9%)
vertexes        11802/65535     141624/786420   (18.0%)
nodes            5203/32767     124872/786408   (15.9%)
texinfos         2996/32767     119840/1310680  ( 9.1%)
faces            8432/65535     168640/1310700  (12.9%)
* worldfaces     5724/32768          0/0        (17.5%)
clipnodes       13465/32767     107720/262136   (41.1%)
leaves           3708/32760     103824/917280   (11.3%)
* visleafs       2077/8192           0/0        (25.4%)
marksurfaces    12385/65535      24770/131070   (18.9%)
surfedges       38490/512000    153960/2048000  ( 7.5%)
edges           20234/256000     80936/1024000  ( 7.9%)
texdata          [variable]       7704/33554432  ( 0.0%)
lightdata        [variable]          0/33554432  ( 0.0%)
visdata          [variable]          0/8388608  ( 0.0%)
entdata          [variable]      98371/2097152  ( 4.7%)
* AllocBlock       17/64             0/0        (26.6%)
175 textures referenced
=== Total BSP file data space used: 1265833 bytes ===
Wad files required to run the map: "halflife.wad;xeno.wad;"
2.42 seconds elapsed

-----   END   hlbsp -----



hlvis v3.4 VL30 (Nov 23 2012)
Zoner's Half-Life Compilation Tools -- Custom Build
Based on code modifications by Sean 'Zoner' Cavanaugh
Based on Valve's version, modified with permission.
Submit detailed bug reports to (vluzacn@163.com)
-----  BEGIN  hlvis -----
Command line: D:\Programs\HLDMCOMPTOOLS\hlvis.exe D:\Games\Steam\steamapps\common\Half-Life\justfight\maps\next 
Arguments: D:\Games\Steam\steamapps\common\Half-Life\justfight\maps\next -low 
 481 portalleafs
1109 numportals

-= Current hlvis Settings =-
Name               |  Setting  |  Default
-------------------|-----------|-------------------------
threads             [       4 ] [  Varies ]
verbose             [     off ] [     off ]
log                 [      on ] [      on ]
developer           [       0 ] [       0 ]
chart               [     off ] [     off ]
estimate            [     off ] [     off ]
max texture memory  [ 33554432 ] [ 33554432 ]
max vis distance    [       0 ] [       0 ]
priority            [     Low ] [  Normal ]

fast vis            [     off ] [     off ]
full vis            [     off ] [     off ]


BasePortalVis:
 (0.02 seconds)
LeafThread:
 (0.14 seconds)
average leafs visible: 52
g_visdatasize:20539  compressed from 29341
0.20 seconds elapsed

-----   END   hlvis -----



hlrad v3.4 VL30 (Nov 23 2012)
Zoner's Half-Life Compilation Tools -- Custom Build
Based on code modifications by Sean 'Zoner' Cavanaugh
Based on Valve's version, modified with permission.
Submit detailed bug reports to (vluzacn@163.com)
-----  BEGIN  hlrad -----
Command line: D:\Programs\HLDMCOMPTOOLS\hlrad.exe -extra D:\Games\Steam\steamapps\common\Half-Life\justfight\maps\next 
Arguments: -extra D:\Games\Steam\steamapps\common\Half-Life\justfight\maps\next -low 

-= Current hlrad Settings =-
Name                | Setting             | Default
--------------------|---------------------|-------------------------
threads              [                 4 ] [            Varies ]
verbose              [               off ] [               off ]
log                  [                on ] [                on ]
developer            [                 0 ] [                 0 ]
chart                [               off ] [               off ]
estimate             [               off ] [               off ]
max texture memory   [          33554432 ] [          33554432 ]
max lighting memory  [          33554432 ] [          33554432 ]
priority             [               Low ] [            Normal ]

fast rad             [               off ] [               off ]
vismatrix algorithm  [            Sparse ] [            Sparse ]
oversampling (-extra)[                on ] [               off ]
bounces              [                 8 ] [                 8 ]
ambient light        [ 0.000 0.000 0.000 ] [ 0.000 0.000 0.000 ]
circus mode          [               off ] [               off ]

smoothing threshold  [            50.000 ] [            50.000 ]
smoothing threshold 2[         no change ] [         no change ]
direct threshold     [            10.000 ] [            10.000 ]
direct light scale   [             1.000 ] [             1.000 ]
coring threshold     [             0.001 ] [             0.001 ]
patch interpolation  [                on ] [                on ]

texscale             [                on ] [                on ]
patch subdividing    [                on ] [                on ]
chop value           [            64.000 ] [            64.000 ]
texchop value        [            32.000 ] [            32.000 ]

global fade          [             1.000 ] [             1.000 ]
global light scale   [ 2.000 2.000 2.000 ] [ 2.000 2.000 2.000 ]
global gamma         [ 0.550 0.550 0.550 ] [ 0.550 0.550 0.550 ]
global light scale   [             2.000 ] [             2.000 ]
global sky diffusion [             1.000 ] [             1.000 ]

spread angles        [                on ] [                on ]
opaque entities      [                on ] [                on ]
sky lighting fix     [                on ] [                on ]
incremental          [               off ] [               off ]
dump                 [               off ] [               off ]

colour jitter        [       0.0 0.0 0.0 ] [       0.0 0.0 0.0 ]
monochromatic jitter [       0.0 0.0 0.0 ] [       0.0 0.0 0.0 ]

custom shadows with bounce light
                     [               off ] [               off ]
rgb transfers        [               off ] [               off ]
minimum final light  [                 0 ] [                 0 ]
size of transfer     [         1 (16bit) ] [         1 (16bit) ]
size of rgbtransfer  [         2 (32bit) ] [         2 (32bit) ]
soft sky             [                on ] [                on ]
translucent depth    [             2.000 ] [             2.000 ]
block opaque         [                on ] [                on ]
ignore textures      [               off ] [               off ]
reflectivity gamma   [             1.760 ] [             1.760 ]
reflectivity scale   [             0.700 ] [             0.700 ]
blur size            [             1.000 ] [             1.000 ]
no emitter range     [               off ] [               off ]


Load Textures:
Using Wadfile: D:\Games\Steam\steamapps\common\Half-Life\justfight\maps\next.wa_
175 textures referenced
Reading texlights from 'D:\Programs\HLDMCOMPTOOLS\lights.rad'
0 opaque models
0 opaque faces
8432 faces
Create Patches : 20559 base patches
255619 square feet [36809172.00 square inches]
243 direct lights and 0 fast direct lights
7 light styles

BuildFacelights:
 (10.89 seconds)
BuildVisLeafs:
 (2.17 seconds)
visibility matrix   :   4.7 megs
MakeScales:
 (3.60 seconds)
Transfer Lists :     9744099 :    9.74M transfers
       Indices :     8792492 :    8.39M bytes
          Data :    19547079 :   18.64M bytes
Bounce 1 GatherLight:
 (0.10 seconds)
Bounce 2 GatherLight:
 (0.16 seconds)
Bounce 3 GatherLight:
 (0.15 seconds)
Bounce 4 GatherLight:
 (0.14 seconds)
Bounce 5 GatherLight:
 (0.14 seconds)
Bounce 6 GatherLight:
 (0.15 seconds)
Bounce 7 GatherLight:
 (0.14 seconds)
Bounce 8 GatherLight:
 (0.14 seconds)
FinalLightFace:
 (0.63 seconds)
19.66 seconds elapsed

-----   END   hlrad -----



