hlcsg v3.4 VL30 (Nov 23 2012)
Zoner's Half-Life Compilation Tools -- Custom Build
Based on code modifications by Sean 'Zoner' Cavanaugh
Based on Valve's version, modified with permission.
Submit detailed bug reports to (vluzacn@163.com)
-----  BEGIN  hlcsg -----
Command line: D:\Programs\HLDMCOMPTOOLS\hlcsg.exe D:\Games\Steam\steamapps\common\Half-Life\justfight\maps\next_tres 
Arguments: D:\Games\Steam\steamapps\common\Half-Life\justfight\maps\next_tres -low -wadautodetect 
Entering D:\Games\Steam\steamapps\common\Half-Life\justfight\maps\next_tres.map

Current hlcsg Settings
Name                 |  Setting  |  Default
---------------------|-----------|-------------------------
threads               [       4 ] [  Varies ]
verbose               [     off ] [     off ]
log                   [      on ] [      on ]
reset logfile         [      on ] [      on ]
developer             [       0 ] [       0 ]
chart                 [     off ] [     off ]
estimate              [     off ] [     off ]
max texture memory    [ 33554432 ] [ 33554432 ]
max lighting memory   [ 33554432 ] [ 33554432 ]
priority              [     Low ] [  Normal ]

noclip                [     off ] [     off ]
null texture stripping[      on ] [      on ]
clipnode economy mode [     off ] [     off ]
clip hull type        [  simple ] [  simple ]
onlyents              [     off ] [     off ]
wadtextures           [      on ] [      on ]
skyclip               [      on ] [      on ]
hullfile              [    None ] [    None ]
wadcfg by file        [    None ] [    None ]
wadcfg by name        [    None ] [    None ]
nullfile              [    None ] [    None ]
nullify trigger       [      on ] [      on ]
min surface area      [   0.000 ] [   0.000 ]
brush union threshold [   0.000 ] [   0.000 ]
map scaling           [    None ] [    None ]
light name optimize   [      on ] [      on ]
UTF8 game_text        [      on ] [      on ]

Using mapfile wad configuration
Wadfiles not in use by the map will be excluded
Wadinclude list :
[zhlt.wad]

CreateBrush:
 (0.27 seconds)
CSGBrush:
 (0.29 seconds)

Using Wadfile: \programs\hldmcomptools\wads\halflife.wad
 - Contains 197 used textures, 99.49 percent of map (3116 textures in wad)
Including Wadfile: \programs\hldmcomptools\wads\zhlt.wad
 - Contains 1 used texture, 0.51 percent of map (18 textures in wad)

Wad files required to run the map: "halflife.wad;"

added 26 additional animating textures.
Texture usage is at 1.83 mb (of 32.00 mb MAX)
4 redundant named lights optimized.
1.02 seconds elapsed

-----   END   hlcsg -----



hlbsp v3.4 VL30 (Nov 23 2012)
Zoner's Half-Life Compilation Tools -- Custom Build
Based on code modifications by Sean 'Zoner' Cavanaugh
Based on Valve's version, modified with permission.
Submit detailed bug reports to (vluzacn@163.com)
-----  BEGIN  hlbsp -----
Command line: D:\Programs\HLDMCOMPTOOLS\hlbsp.exe D:\Games\Steam\steamapps\common\Half-Life\justfight\maps\next_tres 
Arguments: D:\Games\Steam\steamapps\common\Half-Life\justfight\maps\next_tres -low -chart 

Current hlbsp Settings
Name               |  Setting  |  Default
-------------------|-----------|-------------------------
threads             [       4 ] [  Varies ]
verbose             [     off ] [     off ]
log                 [      on ] [      on ]
developer           [       0 ] [       0 ]
chart               [      on ] [     off ]
estimate            [     off ] [     off ]
max texture memory  [ 33554432 ] [ 33554432 ]
priority            [     Low ] [  Normal ]

noclip              [     off ] [     off ]
nofill              [     off ] [     off ]
noinsidefill        [     off ] [     off ]
noopt               [     off ] [     off ]
no clipnode merging [     off ] [     off ]
null tex. stripping [      on ] [      on ]
notjunc             [     off ] [     off ]
nobrink             [     off ] [     off ]
subdivide size      [     240 ] [     240 ] (Min 64) (Max 512)
max node size       [    1024 ] [    1024 ] (Min 64) (Max 65536)
remove hull 2       [     off ] [     off ]


SolidBSP [hull 0] 500...1000...1500...2000...2383 (0.13 seconds)
BSP generation successful, writing portal file 'D:\Games\Steam\steamapps\common\Half-Life\justfight\maps\next_tres.prt'
SolidBSP [hull 1] 500...1000...1500...2000...2500...2570 (0.15 seconds)
SolidBSP [hull 2] 500...1000...1500...2000...2385 (0.15 seconds)
SolidBSP [hull 3] 500...1000...1500...2000...2500...2744 (0.32 seconds)
Warning: Ambiguous leafnode content ( EMPTY and SOLID ) at (872,427,390)-(880,434,395) in hull 0 of model 80 (entity: classname "func_wall", origin "", targetname "")
Warning: Ambiguous leafnode content ( EMPTY and SOLID ) at (500,2284,230)-(508,2291,235) in hull 0 of model 122 (entity: classname "func_wall", origin "", targetname "")
Reduced 16635 clipnodes to 16044
Reduced 3877 texinfos to 2824
Reduced 223 texdatas to 218 (12040 bytes to 10708)
Reduced 19162 planes to 7135
FixBrinks:
Increased 16044 clipnodes to 16151.

Object names  Objects/Maxobjs  Memory / Maxmem  Fullness
------------  ---------------  ---------------  --------
models            353/512        22592/32768    (68.9%)
planes           7135/32768     142700/655360   (21.8%)
vertexes         9868/65535     118416/786420   (15.1%)
nodes            4919/32767     118056/786408   (15.0%)
texinfos         2824/32767     112960/1310680  ( 8.6%)
faces            7136/65535     142720/1310700  (10.9%)
* worldfaces     3128/32768          0/0        ( 9.5%)
clipnodes       16151/32767     129208/262136   (49.3%)
leaves           3732/32760     104496/917280   (11.4%)
* visleafs        965/8192           0/0        (11.8%)
marksurfaces     8660/65535      17320/131070   (13.2%)
surfedges       32024/512000    128096/2048000  ( 6.3%)
edges           16517/256000     66068/1024000  ( 6.5%)
texdata          [variable]      10708/33554432  ( 0.0%)
lightdata        [variable]          0/33554432  ( 0.0%)
visdata          [variable]          0/8388608  ( 0.0%)
entdata          [variable]      95911/2097152  ( 4.6%)
* AllocBlock       17/64             0/0        (26.6%)
218 textures referenced
=== Total BSP file data space used: 1209251 bytes ===
Wad files required to run the map: "halflife.wad;"
2.92 seconds elapsed

-----   END   hlbsp -----



hlvis v3.4 VL30 (Nov 23 2012)
Zoner's Half-Life Compilation Tools -- Custom Build
Based on code modifications by Sean 'Zoner' Cavanaugh
Based on Valve's version, modified with permission.
Submit detailed bug reports to (vluzacn@163.com)
-----  BEGIN  hlvis -----
Command line: D:\Programs\HLDMCOMPTOOLS\hlvis.exe D:\Games\Steam\steamapps\common\Half-Life\justfight\maps\next_tres 
Arguments: D:\Games\Steam\steamapps\common\Half-Life\justfight\maps\next_tres -low 
 370 portalleafs
 852 numportals

-= Current hlvis Settings =-
Name               |  Setting  |  Default
-------------------|-----------|-------------------------
threads             [       4 ] [  Varies ]
verbose             [     off ] [     off ]
log                 [      on ] [      on ]
developer           [       0 ] [       0 ]
chart               [     off ] [     off ]
estimate            [     off ] [     off ]
max texture memory  [ 33554432 ] [ 33554432 ]
max vis distance    [       0 ] [       0 ]
priority            [     Low ] [  Normal ]

fast vis            [     off ] [     off ]
full vis            [     off ] [     off ]


BasePortalVis:
 (0.03 seconds)
LeafThread:
 (0.21 seconds)
average leafs visible: 75
g_visdatasize:17321  compressed from 17390
0.25 seconds elapsed

-----   END   hlvis -----



hlrad v3.4 VL30 (Nov 23 2012)
Zoner's Half-Life Compilation Tools -- Custom Build
Based on code modifications by Sean 'Zoner' Cavanaugh
Based on Valve's version, modified with permission.
Submit detailed bug reports to (vluzacn@163.com)
-----  BEGIN  hlrad -----
Command line: D:\Programs\HLDMCOMPTOOLS\hlrad.exe -extra D:\Games\Steam\steamapps\common\Half-Life\justfight\maps\next_tres 
Arguments: -extra D:\Games\Steam\steamapps\common\Half-Life\justfight\maps\next_tres -low 

-= Current hlrad Settings =-
Name                | Setting             | Default
--------------------|---------------------|-------------------------
threads              [                 4 ] [            Varies ]
verbose              [               off ] [               off ]
log                  [                on ] [                on ]
developer            [                 0 ] [                 0 ]
chart                [               off ] [               off ]
estimate             [               off ] [               off ]
max texture memory   [          33554432 ] [          33554432 ]
max lighting memory  [          33554432 ] [          33554432 ]
priority             [               Low ] [            Normal ]

fast rad             [               off ] [               off ]
vismatrix algorithm  [            Sparse ] [            Sparse ]
oversampling (-extra)[                on ] [               off ]
bounces              [                 8 ] [                 8 ]
ambient light        [ 0.000 0.000 0.000 ] [ 0.000 0.000 0.000 ]
circus mode          [               off ] [               off ]

smoothing threshold  [            50.000 ] [            50.000 ]
smoothing threshold 2[         no change ] [         no change ]
direct threshold     [            10.000 ] [            10.000 ]
direct light scale   [             1.000 ] [             1.000 ]
coring threshold     [             0.001 ] [             0.001 ]
patch interpolation  [                on ] [                on ]

texscale             [                on ] [                on ]
patch subdividing    [                on ] [                on ]
chop value           [            64.000 ] [            64.000 ]
texchop value        [            32.000 ] [            32.000 ]

global fade          [             1.000 ] [             1.000 ]
global light scale   [ 2.000 2.000 2.000 ] [ 2.000 2.000 2.000 ]
global gamma         [ 0.550 0.550 0.550 ] [ 0.550 0.550 0.550 ]
global light scale   [             2.000 ] [             2.000 ]
global sky diffusion [             1.000 ] [             1.000 ]

spread angles        [                on ] [                on ]
opaque entities      [                on ] [                on ]
sky lighting fix     [                on ] [                on ]
incremental          [               off ] [               off ]
dump                 [               off ] [               off ]

colour jitter        [       0.0 0.0 0.0 ] [       0.0 0.0 0.0 ]
monochromatic jitter [       0.0 0.0 0.0 ] [       0.0 0.0 0.0 ]

custom shadows with bounce light
                     [               off ] [               off ]
rgb transfers        [               off ] [               off ]
minimum final light  [                 0 ] [                 0 ]
size of transfer     [         1 (16bit) ] [         1 (16bit) ]
size of rgbtransfer  [         2 (32bit) ] [         2 (32bit) ]
soft sky             [                on ] [                on ]
translucent depth    [             2.000 ] [             2.000 ]
block opaque         [                on ] [                on ]
ignore textures      [               off ] [               off ]
reflectivity gamma   [             1.760 ] [             1.760 ]
reflectivity scale   [             0.700 ] [             0.700 ]
blur size            [             1.000 ] [             1.000 ]
no emitter range     [               off ] [               off ]


Load Textures:
Using Wadfile: D:\Games\Steam\steamapps\common\Half-Life\justfight\maps\next_tres.wa_
218 textures referenced
Reading texlights from 'D:\Programs\HLDMCOMPTOOLS\lights.rad'
0 opaque models
0 opaque faces
7136 faces
Create Patches : 17848 base patches
284297 square feet [40938768.00 square inches]
83 direct lights and 16386 fast direct lights
9 light styles

BuildFacelights:
 (19.18 seconds)
BuildVisLeafs:
 (2.31 seconds)
visibility matrix   :   5.0 megs
MakeScales:
 (3.54 seconds)
Transfer Lists :     9781121 :    9.78M transfers
       Indices :     8652952 :    8.25M bytes
          Data :    19610833 :   18.70M bytes
Bounce 1 GatherLight:
 (0.11 seconds)
Bounce 2 GatherLight:
 (0.18 seconds)
Bounce 3 GatherLight:
 (0.18 seconds)
Bounce 4 GatherLight:
 (0.19 seconds)
Bounce 5 GatherLight:
 (0.18 seconds)
Bounce 6 GatherLight:
 (0.18 seconds)
Bounce 7 GatherLight:
 (0.17 seconds)
Bounce 8 GatherLight:
 (0.17 seconds)
FinalLightFace:
 (0.88 seconds)
28.69 seconds elapsed

-----   END   hlrad -----



