hlcsg v3.4 VL30 (Nov 23 2012)
Zoner's Half-Life Compilation Tools -- Custom Build
Based on code modifications by Sean 'Zoner' Cavanaugh
Based on Valve's version, modified with permission.
Submit detailed bug reports to (vluzacn@163.com)
-----  BEGIN  hlcsg -----
Command line: D:\Programs\HLDMCOMPTOOLS\hlcsg.exe D:\Games\Steam\steamapps\common\Half-Life\justfight\maps\start 
Arguments: D:\Games\Steam\steamapps\common\Half-Life\justfight\maps\start -low -wadautodetect 
Entering D:\Games\Steam\steamapps\common\Half-Life\justfight\maps\start.map

Current hlcsg Settings
Name                 |  Setting  |  Default
---------------------|-----------|-------------------------
threads               [       4 ] [  Varies ]
verbose               [     off ] [     off ]
log                   [      on ] [      on ]
reset logfile         [      on ] [      on ]
developer             [       0 ] [       0 ]
chart                 [     off ] [     off ]
estimate              [     off ] [     off ]
max texture memory    [ 33554432 ] [ 33554432 ]
max lighting memory   [ 33554432 ] [ 33554432 ]
priority              [     Low ] [  Normal ]

noclip                [     off ] [     off ]
null texture stripping[      on ] [      on ]
clipnode economy mode [     off ] [     off ]
clip hull type        [  simple ] [  simple ]
onlyents              [     off ] [     off ]
wadtextures           [      on ] [      on ]
skyclip               [      on ] [      on ]
hullfile              [    None ] [    None ]
wadcfg by file        [    None ] [    None ]
wadcfg by name        [    None ] [    None ]
nullfile              [    None ] [    None ]
nullify trigger       [      on ] [      on ]
min surface area      [   0.000 ] [   0.000 ]
brush union threshold [   0.000 ] [   0.000 ]
map scaling           [    None ] [    None ]
light name optimize   [      on ] [      on ]
UTF8 game_text        [      on ] [      on ]

Using mapfile wad configuration
Wadfiles not in use by the map will be excluded
Wadinclude list :
[zhlt.wad]

CreateBrush:
 (1.91 seconds)
CSGBrush:
 (1.71 seconds)

Using Wadfile: \programs\hldmcomptools\wads\halflife.wad
 - Contains 149 used textures, 98.03 percent of map (3116 textures in wad)
Using Wadfile: \programs\hldmcomptools\wads\liquids.wad
 - Contains 1 used texture, 0.66 percent of map (32 textures in wad)
Including Wadfile: \programs\hldmcomptools\wads\zhlt.wad
 - Contains 1 used texture, 0.66 percent of map (18 textures in wad)
Using Wadfile: \games\steam\steamapps\common\half-life\justfight\utilization.wad
 - Contains 1 used texture, 0.66 percent of map (4 textures in wad)

Wad files required to run the map: "halflife.wad;liquids.wad;utilization.wad;"

added 18 additional animating textures.
Texture usage is at 1.65 mb (of 32.00 mb MAX)
4.27 seconds elapsed

-----   END   hlcsg -----



hlbsp v3.4 VL30 (Nov 23 2012)
Zoner's Half-Life Compilation Tools -- Custom Build
Based on code modifications by Sean 'Zoner' Cavanaugh
Based on Valve's version, modified with permission.
Submit detailed bug reports to (vluzacn@163.com)
-----  BEGIN  hlbsp -----
Command line: D:\Programs\HLDMCOMPTOOLS\hlbsp.exe D:\Games\Steam\steamapps\common\Half-Life\justfight\maps\start 
Arguments: D:\Games\Steam\steamapps\common\Half-Life\justfight\maps\start -low -chart 

Current hlbsp Settings
Name               |  Setting  |  Default
-------------------|-----------|-------------------------
threads             [       4 ] [  Varies ]
verbose             [     off ] [     off ]
log                 [      on ] [      on ]
developer           [       0 ] [       0 ]
chart               [      on ] [     off ]
estimate            [     off ] [     off ]
max texture memory  [ 33554432 ] [ 33554432 ]
priority            [     Low ] [  Normal ]

noclip              [     off ] [     off ]
nofill              [     off ] [     off ]
noinsidefill        [     off ] [     off ]
noopt               [     off ] [     off ]
no clipnode merging [     off ] [     off ]
null tex. stripping [      on ] [      on ]
notjunc             [     off ] [     off ]
nobrink             [     off ] [     off ]
subdivide size      [     240 ] [     240 ] (Min 64) (Max 512)
max node size       [    1024 ] [    1024 ] (Min 64) (Max 65536)
remove hull 2       [     off ] [     off ]


SolidBSP [hull 0] 500...1000...1500...2000...2500...2644 (0.17 seconds)
BSP generation successful, writing portal file 'D:\Games\Steam\steamapps\common\Half-Life\justfight\maps\start.prt'
SolidBSP [hull 1] 500...1000...1500...2000...Warning: Ambiguous leafnode content ( EMPTY and SOLID ) at (-1386,2260,1173)-(-448,2288,1204) in hull 1 of model 0 (entity: classname "worldspawn", origin "", targetname "")
2500...2982 (0.22 seconds)
SolidBSP [hull 2] 500...1000...1500...2000...2500...2829 (0.20 seconds)
SolidBSP [hull 3] 500...1000...1500...2000...Warning: Ambiguous leafnode content ( EMPTY and SOLID ) at (-1386,2260,1155)-(-448,2288,1186) in hull 3 of model 0 (entity: classname "worldspawn", origin "", targetname "")
2500...3000...3114 (0.21 seconds)
Warning: No visible brushes in solid entity: model 48 (entity: classname "func_door", origin "", targetname "elevdor", range (2976,3176,384) - (2984,3248,520))
Warning: No visible brushes in solid entity: model 49 (entity: classname "func_door", origin "", targetname "elevdor", range (2976,3104,384) - (2984,3176,520))
Reduced 12064 clipnodes to 11635
Reduced 3142 texinfos to 2198
Reduced 169 texdatas to 167 (8552 bytes to 8464)
Reduced 19054 planes to 6753
FixBrinks:
Increased 11635 clipnodes to 11798.

Object names  Objects/Maxobjs  Memory / Maxmem  Fullness
------------  ---------------  ---------------  --------
models            205/512        13120/32768    (40.0%)
planes           6753/32768     135060/655360   (20.6%)
vertexes         8139/65535      97668/786420   (12.4%)
nodes            3781/32767      90744/786408   (11.5%)
texinfos         2198/32767      87920/1310680  ( 6.7%)
faces            5922/65535     118440/1310700  ( 9.0%)
* worldfaces     3305/32768          0/0        (10.1%)
clipnodes       11798/32767      94384/262136   (36.0%)
leaves           2637/32760      73836/917280   ( 8.0%)
* visleafs        935/8192           0/0        (11.4%)
marksurfaces     7133/65535      14266/131070   (10.9%)
surfedges       27234/512000    108936/2048000  ( 5.3%)
edges           13994/256000     55976/1024000  ( 5.5%)
texdata          [variable]       8464/33554432  ( 0.0%)
lightdata        [variable]          0/33554432  ( 0.0%)
visdata          [variable]          0/8388608  ( 0.0%)
entdata          [variable]      80000/2097152  ( 3.8%)
* AllocBlock       15/64             0/0        (23.4%)
167 textures referenced
=== Total BSP file data space used: 978814 bytes ===
Wad files required to run the map: "halflife.wad;liquids.wad;utilization.wad;"
2.35 seconds elapsed

-----   END   hlbsp -----



hlvis v3.4 VL30 (Nov 23 2012)
Zoner's Half-Life Compilation Tools -- Custom Build
Based on code modifications by Sean 'Zoner' Cavanaugh
Based on Valve's version, modified with permission.
Submit detailed bug reports to (vluzacn@163.com)
-----  BEGIN  hlvis -----
Command line: D:\Programs\HLDMCOMPTOOLS\hlvis.exe D:\Games\Steam\steamapps\common\Half-Life\justfight\maps\start 
Arguments: D:\Games\Steam\steamapps\common\Half-Life\justfight\maps\start -low 
 729 portalleafs
2234 numportals

-= Current hlvis Settings =-
Name               |  Setting  |  Default
-------------------|-----------|-------------------------
threads             [       4 ] [  Varies ]
verbose             [     off ] [     off ]
log                 [      on ] [      on ]
developer           [       0 ] [       0 ]
chart               [     off ] [     off ]
estimate            [     off ] [     off ]
max texture memory  [ 33554432 ] [ 33554432 ]
max vis distance    [       0 ] [       0 ]
priority            [     Low ] [  Normal ]

fast vis            [     off ] [     off ]
full vis            [     off ] [     off ]


BasePortalVis:
 (0.18 seconds)
LeafThread:
 (20.64 seconds)
average leafs visible: 140
g_visdatasize:32741  compressed from 67068
20.85 seconds elapsed

-----   END   hlvis -----



hlrad v3.4 VL30 (Nov 23 2012)
Zoner's Half-Life Compilation Tools -- Custom Build
Based on code modifications by Sean 'Zoner' Cavanaugh
Based on Valve's version, modified with permission.
Submit detailed bug reports to (vluzacn@163.com)
-----  BEGIN  hlrad -----
Command line: D:\Programs\HLDMCOMPTOOLS\hlrad.exe -extra D:\Games\Steam\steamapps\common\Half-Life\justfight\maps\start 
Arguments: -extra D:\Games\Steam\steamapps\common\Half-Life\justfight\maps\start -low 

-= Current hlrad Settings =-
Name                | Setting             | Default
--------------------|---------------------|-------------------------
threads              [                 4 ] [            Varies ]
verbose              [               off ] [               off ]
log                  [                on ] [                on ]
developer            [                 0 ] [                 0 ]
chart                [               off ] [               off ]
estimate             [               off ] [               off ]
max texture memory   [          33554432 ] [          33554432 ]
max lighting memory  [          33554432 ] [          33554432 ]
priority             [               Low ] [            Normal ]

fast rad             [               off ] [               off ]
vismatrix algorithm  [            Sparse ] [            Sparse ]
oversampling (-extra)[                on ] [               off ]
bounces              [                 8 ] [                 8 ]
ambient light        [ 0.000 0.000 0.000 ] [ 0.000 0.000 0.000 ]
circus mode          [               off ] [               off ]

smoothing threshold  [            50.000 ] [            50.000 ]
smoothing threshold 2[         no change ] [         no change ]
direct threshold     [            10.000 ] [            10.000 ]
direct light scale   [             1.000 ] [             1.000 ]
coring threshold     [             0.001 ] [             0.001 ]
patch interpolation  [                on ] [                on ]

texscale             [                on ] [                on ]
patch subdividing    [                on ] [                on ]
chop value           [            64.000 ] [            64.000 ]
texchop value        [            32.000 ] [            32.000 ]

global fade          [             1.000 ] [             1.000 ]
global light scale   [ 2.000 2.000 2.000 ] [ 2.000 2.000 2.000 ]
global gamma         [ 0.550 0.550 0.550 ] [ 0.550 0.550 0.550 ]
global light scale   [             2.000 ] [             2.000 ]
global sky diffusion [             1.000 ] [             1.000 ]

spread angles        [                on ] [                on ]
opaque entities      [                on ] [                on ]
sky lighting fix     [                on ] [                on ]
incremental          [               off ] [               off ]
dump                 [               off ] [               off ]

colour jitter        [       0.0 0.0 0.0 ] [       0.0 0.0 0.0 ]
monochromatic jitter [       0.0 0.0 0.0 ] [       0.0 0.0 0.0 ]

custom shadows with bounce light
                     [               off ] [               off ]
rgb transfers        [               off ] [               off ]
minimum final light  [                 0 ] [                 0 ]
size of transfer     [         1 (16bit) ] [         1 (16bit) ]
size of rgbtransfer  [         2 (32bit) ] [         2 (32bit) ]
soft sky             [                on ] [                on ]
translucent depth    [             2.000 ] [             2.000 ]
block opaque         [                on ] [                on ]
ignore textures      [               off ] [               off ]
reflectivity gamma   [             1.760 ] [             1.760 ]
reflectivity scale   [             0.700 ] [             0.700 ]
blur size            [             1.000 ] [             1.000 ]
no emitter range     [               off ] [               off ]


Load Textures:
Using Wadfile: D:\Games\Steam\steamapps\common\Half-Life\justfight\maps\start.wa_
167 textures referenced
Reading texlights from 'D:\Programs\HLDMCOMPTOOLS\lights.rad'
0 opaque models
0 opaque faces
5922 faces
Create Patches : 18796 base patches
344567 square feet [49617768.00 square inches]
48 direct lights and 16386 fast direct lights
6 light styles

BuildFacelights:
 (33.93 seconds)
BuildVisLeafs:
 (3.26 seconds)
visibility matrix   :   4.6 megs
MakeScales:
 (6.06 seconds)
Transfer Lists :     9940646 :    9.94M transfers
       Indices :     7386472 :    7.04M bytes
          Data :    19926646 :   19.00M bytes
Bounce 1 GatherLight:
 (0.10 seconds)
Bounce 2 GatherLight:
 (0.13 seconds)
Bounce 3 GatherLight:
 (0.13 seconds)
Bounce 4 GatherLight:
 (0.13 seconds)
Bounce 5 GatherLight:
 (0.13 seconds)
Bounce 6 GatherLight:
 (0.13 seconds)
Bounce 7 GatherLight:
 (0.15 seconds)
Bounce 8 GatherLight:
 (0.13 seconds)
FinalLightFace:
 (0.58 seconds)
46.11 seconds elapsed

-----   END   hlrad -----



