hlcsg v3.4 VL30 (Nov 23 2012)
Zoner's Half-Life Compilation Tools -- Custom Build
Based on code modifications by Sean 'Zoner' Cavanaugh
Based on Valve's version, modified with permission.
Submit detailed bug reports to (vluzacn@163.com)
-----  BEGIN  hlcsg -----
Command line: C:/MyStuff/Work/HLDMCOMPTOOLS/hlcsg.exe C:\MyStuff\Games\Steam\steamapps\common\Half-Life\justfight\maps\surface 
Arguments: C:\MyStuff\Games\Steam\steamapps\common\Half-Life\justfight\maps\surface -low -wadautodetect 
Entering C:\MyStuff\Games\Steam\steamapps\common\Half-Life\justfight\maps\surface.map

Current hlcsg Settings
Name                 |  Setting  |  Default
---------------------|-----------|-------------------------
threads               [      12 ] [  Varies ]
verbose               [     off ] [     off ]
log                   [      on ] [      on ]
reset logfile         [      on ] [      on ]
developer             [       0 ] [       0 ]
chart                 [     off ] [     off ]
estimate              [     off ] [     off ]
max texture memory    [ 33554432 ] [ 33554432 ]
max lighting memory   [ 33554432 ] [ 33554432 ]
priority              [     Low ] [  Normal ]

noclip                [     off ] [     off ]
null texture stripping[      on ] [      on ]
clipnode economy mode [     off ] [     off ]
clip hull type        [  simple ] [  simple ]
onlyents              [     off ] [     off ]
wadtextures           [      on ] [      on ]
skyclip               [      on ] [      on ]
hullfile              [    None ] [    None ]
wadcfg by file        [    None ] [    None ]
wadcfg by name        [    None ] [    None ]
nullfile              [    None ] [    None ]
nullify trigger       [      on ] [      on ]
min surface area      [   0.000 ] [   0.000 ]
brush union threshold [   0.000 ] [   0.000 ]
map scaling           [    None ] [    None ]
light name optimize   [      on ] [      on ]
UTF8 game_text        [      on ] [      on ]

Using mapfile wad configuration
Wadfiles not in use by the map will be excluded
Wadinclude list :
[zhlt.wad]

CreateBrush:
Warning: Illegal Brush (edge without opposite face): Entity 0, Brush 95

 (0.16 seconds)
CSGBrush:
 (0.33 seconds)

Using Wadfile: /MyStuff/Games/Steam/steamapps/common/Half-Life/justfight/utilization.wad
 - Contains 1 used texture, 0.60 percent of map (7 textures in wad)
Using Wadfile: /MyStuff/Games/Steam/steamapps/common/Half-Life/valve/halflife.wad
 - Contains 163 used textures, 97.02 percent of map (3116 textures in wad)
Using Wadfile: /MyStuff/Games/Steam/steamapps/common/Half-Life/valve/liquids.wad
 - Contains 1 used texture, 0.60 percent of map (32 textures in wad)
Using Wadfile: /MyStuff/Games/Steam/steamapps/common/Half-Life/valve/xeno.wad
 - Contains 2 used textures, 1.19 percent of map (264 textures in wad)
Including Wadfile: /MyStuff/Games/Steam/steamapps/common/Half-Life/justfight/zhlt.wad
 - Contains 1 used texture, 0.60 percent of map (8 textures in wad)

Wad files required to run the map: "utilization.wad;halflife.wad;liquids.wad;xeno.wad;"

added 16 additional animating textures.
Texture usage is at 1.63 mb (of 32.00 mb MAX)
1 redundant named lights optimized.
0.70 seconds elapsed

-----   END   hlcsg -----



hlbsp v3.4 VL30 (Nov 23 2012)
Zoner's Half-Life Compilation Tools -- Custom Build
Based on code modifications by Sean 'Zoner' Cavanaugh
Based on Valve's version, modified with permission.
Submit detailed bug reports to (vluzacn@163.com)
-----  BEGIN  hlbsp -----
Command line: C:/MyStuff/Work/HLDMCOMPTOOLS/hlbsp.exe C:\MyStuff\Games\Steam\steamapps\common\Half-Life\justfight\maps\surface 
Arguments: C:\MyStuff\Games\Steam\steamapps\common\Half-Life\justfight\maps\surface -low -chart 

Current hlbsp Settings
Name               |  Setting  |  Default
-------------------|-----------|-------------------------
threads             [      12 ] [  Varies ]
verbose             [     off ] [     off ]
log                 [      on ] [      on ]
developer           [       0 ] [       0 ]
chart               [      on ] [     off ]
estimate            [     off ] [     off ]
max texture memory  [ 33554432 ] [ 33554432 ]
priority            [     Low ] [  Normal ]

noclip              [     off ] [     off ]
nofill              [     off ] [     off ]
noinsidefill        [     off ] [     off ]
noopt               [     off ] [     off ]
no clipnode merging [     off ] [     off ]
null tex. stripping [      on ] [      on ]
notjunc             [     off ] [     off ]
nobrink             [     off ] [     off ]
subdivide size      [     240 ] [     240 ] (Min 64) (Max 512)
max node size       [    1024 ] [    1024 ] (Min 64) (Max 65536)
remove hull 2       [     off ] [     off ]


SolidBSP [hull 0] Warning: Ambiguous leafnode content ( EMPTY and SOLID ) at (2620,864,288)-(2984,960,320) in hull 0 of model 0 (entity: classname "worldspawn", origin "", targetname "")
500...1000...1500...2000...2500...2802 (0.17 seconds)
BSP generation successful, writing portal file 'C:\MyStuff\Games\Steam\steamapps\common\Half-Life\justfight\maps\surface.prt'
SolidBSP [hull 1] 500...1000...1500...2000...2500...3000...3390 (0.20 seconds)
SolidBSP [hull 2] 500...1000...1500...2000...2500...3000...3159 (0.18 seconds)
SolidBSP [hull 3] 500...1000...1500...2000...2500...3000...3432 (0.20 seconds)
Reduced 13968 clipnodes to 13303
Reduced 3458 texinfos to 2618
Reduced 183 texdatas to 179 (8056 bytes to 7880)
Reduced 21206 planes to 7815
FixBrinks:
Increased 13303 clipnodes to 13578.

Object names  Objects/Maxobjs  Memory / Maxmem  Fullness
------------  ---------------  ---------------  --------
models            142/512         9088/32768    (27.7%)
planes           7815/32768     156300/655360   (23.8%)
vertexes         9117/65535     109404/786420   (13.9%)
nodes            4276/32767     102624/786408   (13.0%)
texinfos         2618/32767     104720/1310680  ( 8.0%)
faces            6552/65535     131040/1310700  (10.0%)
* worldfaces     3935/32768          0/0        (12.0%)
clipnodes       13578/32767     108624/262136   (41.4%)
leaves           2896/32760      81088/917280   ( 8.8%)
* visleafs       1399/8192           0/0        (17.1%)
marksurfaces     8745/65535      17490/131070   (13.3%)
surfedges       30134/512000    120536/2048000  ( 5.9%)
edges           15780/256000     63120/1024000  ( 6.2%)
texdata          [variable]       7880/33554432  ( 0.0%)
lightdata        [variable]          0/33554432  ( 0.0%)
visdata          [variable]          0/8388608  ( 0.0%)
entdata          [variable]      72607/2097152  ( 3.5%)
* AllocBlock       14/64             0/0        (21.9%)
179 textures referenced
=== Total BSP file data space used: 1084521 bytes ===
Wad files required to run the map: "utilization.wad;halflife.wad;liquids.wad;xeno.wad;"
1.78 seconds elapsed

-----   END   hlbsp -----



hlvis v3.4 VL30 (Nov 23 2012)
Zoner's Half-Life Compilation Tools -- Custom Build
Based on code modifications by Sean 'Zoner' Cavanaugh
Based on Valve's version, modified with permission.
Submit detailed bug reports to (vluzacn@163.com)
-----  BEGIN  hlvis -----
Command line: C:/MyStuff/Work/HLDMCOMPTOOLS/hlvis.exe C:\MyStuff\Games\Steam\steamapps\common\Half-Life\justfight\maps\surface 
Arguments: C:\MyStuff\Games\Steam\steamapps\common\Half-Life\justfight\maps\surface -low 
 682 portalleafs
2036 numportals

-= Current hlvis Settings =-
Name               |  Setting  |  Default
-------------------|-----------|-------------------------
threads             [      12 ] [  Varies ]
verbose             [     off ] [     off ]
log                 [      on ] [      on ]
developer           [       0 ] [       0 ]
chart               [     off ] [     off ]
estimate            [     off ] [     off ]
max texture memory  [ 33554432 ] [ 33554432 ]
max vis distance    [       0 ] [       0 ]
priority            [     Low ] [  Normal ]

fast vis            [     off ] [     off ]
full vis            [     off ] [     off ]


BasePortalVis:
 (0.06 seconds)
LeafThread:
 (4.25 seconds)
average leafs visible: 140
g_visdatasize:47542  compressed from 58652
4.33 seconds elapsed

-----   END   hlvis -----



hlrad v3.4 VL30 (Nov 23 2012)
Zoner's Half-Life Compilation Tools -- Custom Build
Based on code modifications by Sean 'Zoner' Cavanaugh
Based on Valve's version, modified with permission.
Submit detailed bug reports to (vluzacn@163.com)
-----  BEGIN  hlrad -----
Command line: C:/MyStuff/Work/HLDMCOMPTOOLS/hlrad.exe -extra C:\MyStuff\Games\Steam\steamapps\common\Half-Life\justfight\maps\surface 
Arguments: -extra C:\MyStuff\Games\Steam\steamapps\common\Half-Life\justfight\maps\surface -low 

-= Current hlrad Settings =-
Name                | Setting             | Default
--------------------|---------------------|-------------------------
threads              [                12 ] [            Varies ]
verbose              [               off ] [               off ]
log                  [                on ] [                on ]
developer            [                 0 ] [                 0 ]
chart                [               off ] [               off ]
estimate             [               off ] [               off ]
max texture memory   [          33554432 ] [          33554432 ]
max lighting memory  [          33554432 ] [          33554432 ]
priority             [               Low ] [            Normal ]

fast rad             [               off ] [               off ]
vismatrix algorithm  [            Sparse ] [            Sparse ]
oversampling (-extra)[                on ] [               off ]
bounces              [                 8 ] [                 8 ]
ambient light        [ 0.000 0.000 0.000 ] [ 0.000 0.000 0.000 ]
circus mode          [               off ] [               off ]

smoothing threshold  [            50.000 ] [            50.000 ]
smoothing threshold 2[         no change ] [         no change ]
direct threshold     [            10.000 ] [            10.000 ]
direct light scale   [             1.000 ] [             1.000 ]
coring threshold     [             0.001 ] [             0.001 ]
patch interpolation  [                on ] [                on ]

texscale             [                on ] [                on ]
patch subdividing    [                on ] [                on ]
chop value           [            64.000 ] [            64.000 ]
texchop value        [            32.000 ] [            32.000 ]

global fade          [             1.000 ] [             1.000 ]
global light scale   [ 2.000 2.000 2.000 ] [ 2.000 2.000 2.000 ]
global gamma         [ 0.550 0.550 0.550 ] [ 0.550 0.550 0.550 ]
global light scale   [             2.000 ] [             2.000 ]
global sky diffusion [             1.000 ] [             1.000 ]

spread angles        [                on ] [                on ]
opaque entities      [                on ] [                on ]
sky lighting fix     [                on ] [                on ]
incremental          [               off ] [               off ]
dump                 [               off ] [               off ]

colour jitter        [       0.0 0.0 0.0 ] [       0.0 0.0 0.0 ]
monochromatic jitter [       0.0 0.0 0.0 ] [       0.0 0.0 0.0 ]

custom shadows with bounce light
                     [               off ] [               off ]
rgb transfers        [               off ] [               off ]
minimum final light  [                 0 ] [                 0 ]
size of transfer     [         1 (16bit) ] [         1 (16bit) ]
size of rgbtransfer  [         2 (32bit) ] [         2 (32bit) ]
soft sky             [                on ] [                on ]
translucent depth    [             2.000 ] [             2.000 ]
block opaque         [                on ] [                on ]
ignore textures      [               off ] [               off ]
reflectivity gamma   [             1.760 ] [             1.760 ]
reflectivity scale   [             0.700 ] [             0.700 ]
blur size            [             1.000 ] [             1.000 ]
no emitter range     [               off ] [               off ]


Load Textures:
Using Wadfile: C:\MyStuff\Games\Steam\steamapps\common\Half-Life\justfight\maps\surface.wa_
179 textures referenced
Reading texlights from 'C:\MyStuff\Work\HLDMCOMPTOOLS\lights.rad'
0 opaque models
0 opaque faces
6552 faces
Create Patches : 14702 base patches
327333 square feet [47136064.00 square inches]
50 direct lights and 16386 fast direct lights
12 light styles

BuildFacelights:
 (8.91 seconds)
BuildVisLeafs:
 (1.48 seconds)
visibility matrix   :   4.9 megs
MakeScales:
 (0.97 seconds)
Transfer Lists :     9761980 :    9.76M transfers
       Indices :     9813248 :    9.36M bytes
          Data :    19564991 :   18.66M bytes
Bounce 1 GatherLight:
 (0.04 seconds)
Bounce 2 GatherLight:
 (0.06 seconds)
Bounce 3 GatherLight:
 (0.06 seconds)
Bounce 4 GatherLight:
 (0.06 seconds)
Bounce 5 GatherLight:
 (0.06 seconds)
Bounce 6 GatherLight:
 (0.06 seconds)
Bounce 7 GatherLight:
 (0.06 seconds)
Bounce 8 GatherLight:
 (0.06 seconds)
FinalLightFace:
 (0.22 seconds)
12.55 seconds elapsed

-----   END   hlrad -----



