hlcsg v3.4 VL30 (Nov 23 2012)
Zoner's Half-Life Compilation Tools -- Custom Build
Based on code modifications by Sean 'Zoner' Cavanaugh
Based on Valve's version, modified with permission.
Submit detailed bug reports to (vluzacn@163.com)
-----  BEGIN  hlcsg -----
Command line: C:/MyStuff/Work/HLDMCOMPTOOLS/hlcsg.exe C:\MyStuff\Games\Steam\steamapps\common\Half-Life\justfight\maps\surface_duo 
Arguments: C:\MyStuff\Games\Steam\steamapps\common\Half-Life\justfight\maps\surface_duo -low -wadautodetect 
Entering C:\MyStuff\Games\Steam\steamapps\common\Half-Life\justfight\maps\surface_duo.map

Current hlcsg Settings
Name                 |  Setting  |  Default
---------------------|-----------|-------------------------
threads               [      12 ] [  Varies ]
verbose               [     off ] [     off ]
log                   [      on ] [      on ]
reset logfile         [      on ] [      on ]
developer             [       0 ] [       0 ]
chart                 [     off ] [     off ]
estimate              [     off ] [     off ]
max texture memory    [ 33554432 ] [ 33554432 ]
max lighting memory   [ 33554432 ] [ 33554432 ]
priority              [     Low ] [  Normal ]

noclip                [     off ] [     off ]
null texture stripping[      on ] [      on ]
clipnode economy mode [     off ] [     off ]
clip hull type        [  simple ] [  simple ]
onlyents              [     off ] [     off ]
wadtextures           [      on ] [      on ]
skyclip               [      on ] [      on ]
hullfile              [    None ] [    None ]
wadcfg by file        [    None ] [    None ]
wadcfg by name        [    None ] [    None ]
nullfile              [    None ] [    None ]
nullify trigger       [      on ] [      on ]
min surface area      [   0.000 ] [   0.000 ]
brush union threshold [   0.000 ] [   0.000 ]
map scaling           [    None ] [    None ]
light name optimize   [      on ] [      on ]
UTF8 game_text        [      on ] [      on ]

Using mapfile wad configuration
Wadfiles not in use by the map will be excluded
Wadinclude list :
[zhlt.wad]

CreateBrush:
Warning: Illegal Brush (edge without opposite face): Entity 0, Brush 90

Warning: Illegal Brush (edge without opposite face): Entity 0, Brush 199

Warning: Illegal Brush (edge without opposite face): Entity 0, Brush 210

 (0.39 seconds)
CSGBrush:
 (0.37 seconds)

Using Wadfile: /MyStuff/Games/Steam/steamapps/common/Half-Life/valve/halflife.wad
 - Contains 114 used textures, 95.00 percent of map (3116 textures in wad)
Using Wadfile: /MyStuff/Games/Steam/steamapps/common/Half-Life/valve/liquids.wad
 - Contains 1 used texture, 0.83 percent of map (32 textures in wad)
Using Wadfile: /MyStuff/Games/Steam/steamapps/common/Half-Life/valve/xeno.wad
 - Contains 4 used textures, 3.33 percent of map (264 textures in wad)
Including Wadfile: /MyStuff/Games/Steam/steamapps/common/Half-Life/justfight/zhlt.wad
 - Contains 1 used texture, 0.83 percent of map (8 textures in wad)

Wad files required to run the map: "halflife.wad;liquids.wad;xeno.wad;"

added 17 additional animating textures.
Texture usage is at 1.37 mb (of 32.00 mb MAX)
1 redundant named lights optimized.
1.22 seconds elapsed

-----   END   hlcsg -----



hlbsp v3.4 VL30 (Nov 23 2012)
Zoner's Half-Life Compilation Tools -- Custom Build
Based on code modifications by Sean 'Zoner' Cavanaugh
Based on Valve's version, modified with permission.
Submit detailed bug reports to (vluzacn@163.com)
-----  BEGIN  hlbsp -----
Command line: C:/MyStuff/Work/HLDMCOMPTOOLS/hlbsp.exe C:\MyStuff\Games\Steam\steamapps\common\Half-Life\justfight\maps\surface_duo 
Arguments: C:\MyStuff\Games\Steam\steamapps\common\Half-Life\justfight\maps\surface_duo -low -chart 

Current hlbsp Settings
Name               |  Setting  |  Default
-------------------|-----------|-------------------------
threads             [      12 ] [  Varies ]
verbose             [     off ] [     off ]
log                 [      on ] [      on ]
developer           [       0 ] [       0 ]
chart               [      on ] [     off ]
estimate            [     off ] [     off ]
max texture memory  [ 33554432 ] [ 33554432 ]
priority            [     Low ] [  Normal ]

noclip              [     off ] [     off ]
nofill              [     off ] [     off ]
noinsidefill        [     off ] [     off ]
noopt               [     off ] [     off ]
no clipnode merging [     off ] [     off ]
null tex. stripping [      on ] [      on ]
notjunc             [     off ] [     off ]
nobrink             [     off ] [     off ]
subdivide size      [     240 ] [     240 ] (Min 64) (Max 512)
max node size       [    1024 ] [    1024 ] (Min 64) (Max 65536)
remove hull 2       [     off ] [     off ]


SolidBSP [hull 0] 500...1000...Warning: Ambiguous leafnode content ( EMPTY and SOLID ) at (-2692,2560,208)-(-2624,2688,251) in hull 0 of model 0 (entity: classname "worldspawn", origin "", targetname "")
1500...2000...2500...3000...3500...3630 (0.21 seconds)
BSP generation successful, writing portal file 'C:\MyStuff\Games\Steam\steamapps\common\Half-Life\justfight\maps\surface_duo.prt'
SolidBSP [hull 1] 500...1000...1500...2000...2500...3000...3500...4000...4069 (0.26 seconds)
SolidBSP [hull 2] 500...1000...1500...2000...2500...3000...3500...3899 (0.24 seconds)
SolidBSP [hull 3] 500...1000...1500...Warning: Ambiguous leafnode content ( EMPTY and SOLID ) at (-1371,1650,281)-(-1363,1670,352) in hull 3 of model 0 (entity: classname "worldspawn", origin "", targetname "")
Warning: Ambiguous leafnode content ( EMPTY and SOLID ) at (-1580,1644,255)-(-1556,1688,352) in hull 3 of model 0 (entity: classname "worldspawn", origin "", targetname "")
2000...2500...3000...3500...4000...4095 (0.27 seconds)
Reduced 23777 clipnodes to 23087
Reduced 6626 texinfos to 5358
Reduced 136 texdatas to 124 (7100 bytes to 5460)
Reduced 35142 planes to 13640
FixBrinks:
Increased 23087 clipnodes to 23405.

Object names  Objects/Maxobjs  Memory / Maxmem  Fullness
------------  ---------------  ---------------  --------
models            345/512        22080/32768    (67.4%)
planes          13640/32768     272800/655360   (41.6%)
vertexes        15618/65535     187416/786420   (23.8%)
nodes            7638/32767     183312/786408   (23.3%)
texinfos         5358/32767     214320/1310680  (16.4%)
faces           11098/65535     221960/1310700  (16.9%)
* worldfaces     4833/32768          0/0        (14.7%)
clipnodes       23405/32767     187240/262136   (71.4%)
leaves           5345/32760     149660/917280   (16.3%)
* visleafs       1490/8192           0/0        (18.2%)
marksurfaces    13088/65535      26176/131070   (20.0%)
surfedges       51661/512000    206644/2048000  (10.1%)
edges           26825/256000    107300/1024000  (10.5%)
texdata          [variable]       5460/33554432  ( 0.0%)
lightdata        [variable]          0/33554432  ( 0.0%)
visdata          [variable]          0/8388608  ( 0.0%)
entdata          [variable]      95309/2097152  ( 4.5%)
* AllocBlock       21/64             0/0        (32.8%)
124 textures referenced
=== Total BSP file data space used: 1879677 bytes ===
Wad files required to run the map: "halflife.wad;liquids.wad;xeno.wad;"
3.00 seconds elapsed

-----   END   hlbsp -----



hlvis v3.4 VL30 (Nov 23 2012)
Zoner's Half-Life Compilation Tools -- Custom Build
Based on code modifications by Sean 'Zoner' Cavanaugh
Based on Valve's version, modified with permission.
Submit detailed bug reports to (vluzacn@163.com)
-----  BEGIN  hlvis -----
Command line: C:/MyStuff/Work/HLDMCOMPTOOLS/hlvis.exe C:\MyStuff\Games\Steam\steamapps\common\Half-Life\justfight\maps\surface_duo 
Arguments: C:\MyStuff\Games\Steam\steamapps\common\Half-Life\justfight\maps\surface_duo -low 
1167 portalleafs
3511 numportals

-= Current hlvis Settings =-
Name               |  Setting  |  Default
-------------------|-----------|-------------------------
threads             [      12 ] [  Varies ]
verbose             [     off ] [     off ]
log                 [      on ] [      on ]
developer           [       0 ] [       0 ]
chart               [     off ] [     off ]
estimate            [     off ] [     off ]
max texture memory  [ 33554432 ] [ 33554432 ]
max vis distance    [       0 ] [       0 ]
priority            [     Low ] [  Normal ]

fast vis            [     off ] [     off ]
full vis            [     off ] [     off ]


BasePortalVis:
 (0.14 seconds)
LeafThread:
 (5.43 seconds)
Warning: Leaf portals saw into leaf
    Problem at portal between leaves 354 and 363:
       (-1808.129 2592.026 272.000)
    (-1808.000 2592.000 272.190)
    (-1808.000 2592.000 376.000)
    (-1856.000 2601.600 384.000)
    (-1926.494 2615.699 372.251)
    (-1872.513 2604.903 272.000)

average leafs visible: 193
g_visdatasize:69149  compressed from 170382
5.60 seconds elapsed

-----   END   hlvis -----



hlrad v3.4 VL30 (Nov 23 2012)
Zoner's Half-Life Compilation Tools -- Custom Build
Based on code modifications by Sean 'Zoner' Cavanaugh
Based on Valve's version, modified with permission.
Submit detailed bug reports to (vluzacn@163.com)
-----  BEGIN  hlrad -----
Command line: C:/MyStuff/Work/HLDMCOMPTOOLS/hlrad.exe -extra C:\MyStuff\Games\Steam\steamapps\common\Half-Life\justfight\maps\surface_duo 
Arguments: -extra C:\MyStuff\Games\Steam\steamapps\common\Half-Life\justfight\maps\surface_duo -low 

-= Current hlrad Settings =-
Name                | Setting             | Default
--------------------|---------------------|-------------------------
threads              [                12 ] [            Varies ]
verbose              [               off ] [               off ]
log                  [                on ] [                on ]
developer            [                 0 ] [                 0 ]
chart                [               off ] [               off ]
estimate             [               off ] [               off ]
max texture memory   [          33554432 ] [          33554432 ]
max lighting memory  [          33554432 ] [          33554432 ]
priority             [               Low ] [            Normal ]

fast rad             [               off ] [               off ]
vismatrix algorithm  [            Sparse ] [            Sparse ]
oversampling (-extra)[                on ] [               off ]
bounces              [                 8 ] [                 8 ]
ambient light        [ 0.000 0.000 0.000 ] [ 0.000 0.000 0.000 ]
circus mode          [               off ] [               off ]

smoothing threshold  [            50.000 ] [            50.000 ]
smoothing threshold 2[         no change ] [         no change ]
direct threshold     [            10.000 ] [            10.000 ]
direct light scale   [             1.000 ] [             1.000 ]
coring threshold     [             0.001 ] [             0.001 ]
patch interpolation  [                on ] [                on ]

texscale             [                on ] [                on ]
patch subdividing    [                on ] [                on ]
chop value           [            64.000 ] [            64.000 ]
texchop value        [            32.000 ] [            32.000 ]

global fade          [             1.000 ] [             1.000 ]
global light scale   [ 2.000 2.000 2.000 ] [ 2.000 2.000 2.000 ]
global gamma         [ 0.550 0.550 0.550 ] [ 0.550 0.550 0.550 ]
global light scale   [             2.000 ] [             2.000 ]
global sky diffusion [             1.000 ] [             1.000 ]

spread angles        [                on ] [                on ]
opaque entities      [                on ] [                on ]
sky lighting fix     [                on ] [                on ]
incremental          [               off ] [               off ]
dump                 [               off ] [               off ]

colour jitter        [       0.0 0.0 0.0 ] [       0.0 0.0 0.0 ]
monochromatic jitter [       0.0 0.0 0.0 ] [       0.0 0.0 0.0 ]

custom shadows with bounce light
                     [               off ] [               off ]
rgb transfers        [               off ] [               off ]
minimum final light  [                 0 ] [                 0 ]
size of transfer     [         1 (16bit) ] [         1 (16bit) ]
size of rgbtransfer  [         2 (32bit) ] [         2 (32bit) ]
soft sky             [                on ] [                on ]
translucent depth    [             2.000 ] [             2.000 ]
block opaque         [                on ] [                on ]
ignore textures      [               off ] [               off ]
reflectivity gamma   [             1.760 ] [             1.760 ]
reflectivity scale   [             0.700 ] [             0.700 ]
blur size            [             1.000 ] [             1.000 ]
no emitter range     [               off ] [               off ]


Load Textures:
Using Wadfile: C:\MyStuff\Games\Steam\steamapps\common\Half-Life\justfight\maps\surface_duo.wa_
124 textures referenced
Reading texlights from 'C:\MyStuff\Work\HLDMCOMPTOOLS\lights.rad'
0 opaque models
0 opaque faces
11098 faces
Create Patches : 23227 base patches
449891 square feet [64784312.00 square inches]
54 direct lights and 16386 fast direct lights
8 light styles

BuildFacelights:
 (10.78 seconds)
BuildVisLeafs:
 (3.31 seconds)
visibility matrix   :   9.0 megs
MakeScales:
 (2.06 seconds)
Transfer Lists :    17326221 :   17.33M transfers
       Indices :    18426788 :   17.57M bytes
          Data :    34714200 :   33.11M bytes
Bounce 1 GatherLight:
 (0.06 seconds)
Bounce 2 GatherLight:
 (0.07 seconds)
Bounce 3 GatherLight:
 (0.07 seconds)
Bounce 4 GatherLight:
 (0.07 seconds)
Bounce 5 GatherLight:
 (0.07 seconds)
Bounce 6 GatherLight:
 (0.07 seconds)
Bounce 7 GatherLight:
 (0.08 seconds)
Bounce 8 GatherLight:
 (0.07 seconds)
FinalLightFace:
 (0.21 seconds)
17.56 seconds elapsed

-----   END   hlrad -----



