hlcsg v3.4 VL30 (Nov 23 2012)
Zoner's Half-Life Compilation Tools -- Custom Build
Based on code modifications by Sean 'Zoner' Cavanaugh
Based on Valve's version, modified with permission.
Submit detailed bug reports to (vluzacn@163.com)
-----  BEGIN  hlcsg -----
Command line: C:/MyStuff/Work/HLDMCOMPTOOLS/hlcsg.exe C:\MyStuff\Games\Steam\steamapps\common\Half-Life\justfight\maps\trainride3 
Arguments: C:\MyStuff\Games\Steam\steamapps\common\Half-Life\justfight\maps\trainride3 -low -wadautodetect 
Entering C:\MyStuff\Games\Steam\steamapps\common\Half-Life\justfight\maps\trainride3.map

Current hlcsg Settings
Name                 |  Setting  |  Default
---------------------|-----------|-------------------------
threads               [      12 ] [  Varies ]
verbose               [     off ] [     off ]
log                   [      on ] [      on ]
reset logfile         [      on ] [      on ]
developer             [       0 ] [       0 ]
chart                 [     off ] [     off ]
estimate              [     off ] [     off ]
max texture memory    [ 33554432 ] [ 33554432 ]
max lighting memory   [ 33554432 ] [ 33554432 ]
priority              [     Low ] [  Normal ]

noclip                [     off ] [     off ]
null texture stripping[      on ] [      on ]
clipnode economy mode [     off ] [     off ]
clip hull type        [  simple ] [  simple ]
onlyents              [     off ] [     off ]
wadtextures           [      on ] [      on ]
skyclip               [      on ] [      on ]
hullfile              [    None ] [    None ]
wadcfg by file        [    None ] [    None ]
wadcfg by name        [    None ] [    None ]
nullfile              [    None ] [    None ]
nullify trigger       [      on ] [      on ]
min surface area      [   0.000 ] [   0.000 ]
brush union threshold [   0.000 ] [   0.000 ]
map scaling           [    None ] [    None ]
light name optimize   [      on ] [      on ]
UTF8 game_text        [      on ] [      on ]

Using mapfile wad configuration
Wadfiles not in use by the map will be excluded
Wadinclude list :
[zhlt.wad]

CreateBrush:
Warning: Illegal Brush (edge without opposite face): Entity 0, Brush 115

Warning: Illegal Brush (edge without opposite face): Entity 0, Brush 116

Warning: Illegal Brush (edge without opposite face): Entity 0, Brush 324

 (0.30 seconds)
CSGBrush:
 (0.26 seconds)

Using Wadfile: /MyStuff/Games/Steam/steamapps/common/Half-Life/valve/halflife.wad
 - Contains 77 used textures, 95.06 percent of map (3116 textures in wad)
Using Wadfile: /MyStuff/Games/Steam/steamapps/common/Half-Life/valve/liquids.wad
 - Contains 2 used textures, 2.47 percent of map (32 textures in wad)
Using Wadfile: /MyStuff/Games/Steam/steamapps/common/Half-Life/valve/xeno.wad
 - Contains 1 used texture, 1.23 percent of map (264 textures in wad)
Including Wadfile: /MyStuff/Games/Steam/steamapps/common/Half-Life/justfight/zhlt.wad
 - Contains 1 used texture, 1.23 percent of map (8 textures in wad)

Wad files required to run the map: "halflife.wad;liquids.wad;xeno.wad;"

added 19 additional animating textures.
Texture usage is at 1.22 mb (of 32.00 mb MAX)
1.10 seconds elapsed

-----   END   hlcsg -----



hlbsp v3.4 VL30 (Nov 23 2012)
Zoner's Half-Life Compilation Tools -- Custom Build
Based on code modifications by Sean 'Zoner' Cavanaugh
Based on Valve's version, modified with permission.
Submit detailed bug reports to (vluzacn@163.com)
-----  BEGIN  hlbsp -----
Command line: C:/MyStuff/Work/HLDMCOMPTOOLS/hlbsp.exe C:\MyStuff\Games\Steam\steamapps\common\Half-Life\justfight\maps\trainride3 
Arguments: C:\MyStuff\Games\Steam\steamapps\common\Half-Life\justfight\maps\trainride3 -low -chart 

Current hlbsp Settings
Name               |  Setting  |  Default
-------------------|-----------|-------------------------
threads             [      12 ] [  Varies ]
verbose             [     off ] [     off ]
log                 [      on ] [      on ]
developer           [       0 ] [       0 ]
chart               [      on ] [     off ]
estimate            [     off ] [     off ]
max texture memory  [ 33554432 ] [ 33554432 ]
priority            [     Low ] [  Normal ]

noclip              [     off ] [     off ]
nofill              [     off ] [     off ]
noinsidefill        [     off ] [     off ]
noopt               [     off ] [     off ]
no clipnode merging [     off ] [     off ]
null tex. stripping [      on ] [      on ]
notjunc             [     off ] [     off ]
nobrink             [     off ] [     off ]
subdivide size      [     240 ] [     240 ] (Min 64) (Max 512)
max node size       [    1024 ] [    1024 ] (Min 64) (Max 65536)
remove hull 2       [     off ] [     off ]


SolidBSP [hull 0] 500...1000...1500...1943 (0.09 seconds)
BSP generation successful, writing portal file 'C:\MyStuff\Games\Steam\steamapps\common\Half-Life\justfight\maps\trainride3.prt'
SolidBSP [hull 1] 500...1000...1500...2000...2377 (0.11 seconds)
SolidBSP [hull 2] 500...1000...1500...2000...2313 (0.11 seconds)
SolidBSP [hull 3] 500...1000...1500...2000...2375 (0.13 seconds)
Warning: Ambiguous leafnode content ( EMPTY and SOLID ) at (-28,16,44)-(10,26,52) in hull 1 of model 149 (entity: classname "func_rotating", origin "32 -2151 96", targetname "")
Warning: Ambiguous leafnode content ( EMPTY and SOLID ) at (144000,144000,144000)-(-144000,-144000,-144000) in hull 1 of model 149 (entity: classname "func_rotating", origin "32 -2151 96", targetname "")
Warning: Ambiguous leafnode content ( EMPTY and SOLID ) at (-17,39,40)-(48,39,88) in hull 2 of model 149 (entity: classname "func_rotating", origin "32 -2151 96", targetname "")
Warning: Ambiguous leafnode content ( EMPTY and SOLID ) at (33,39,-55)-(48,39,-40) in hull 2 of model 149 (entity: classname "func_rotating", origin "32 -2151 96", targetname "")
Warning: Ambiguous leafnode content ( EMPTY and SOLID ) at (-48,-39,35)-(-40,-39,48) in hull 2 of model 150 (entity: classname "func_rotating", origin "32 -2617 96", targetname "")
Warning: BuildBspTree_r: bounds was clipped away at (-3558.002824,2170.098549,143.000000)-(-3412.550000,2315.000000,281.000000).
Warning: BuildBspTree_r: bounds was clipped away at (-3558.002824,2170.098549,143.000000)-(-3412.550000,2315.000000,281.000000).
Warning: BuildBspTree_r: bounds was clipped away at (-3558.002824,2170.098549,143.000000)-(-3412.550000,2315.000000,281.000000).
Reduced 20726 clipnodes to 19872
Reduced 3790 texinfos to 2756
Reduced 99 texdatas to 94 (5472 bytes to 4140)
Reduced 26956 planes to 9462
FixBrinks:
Increased 19872 clipnodes to 20051.

Object names  Objects/Maxobjs  Memory / Maxmem  Fullness
------------  ---------------  ---------------  --------
models            296/512        18944/32768    (57.8%)
planes           9462/32768     189240/655360   (28.9%)
vertexes        11228/65535     134736/786420   (17.1%)
nodes            5013/32767     120312/786408   (15.3%)
texinfos         2756/32767     110240/1310680  ( 8.4%)
faces            8386/65535     167720/1310700  (12.8%)
* worldfaces     2227/32768          0/0        ( 6.8%)
clipnodes       20051/32767     160408/262136   (61.2%)
leaves           3775/32760     105700/917280   (11.5%)
* visleafs        450/8192           0/0        ( 5.5%)
marksurfaces     9625/65535      19250/131070   (14.7%)
surfedges       38176/512000    152704/2048000  ( 7.5%)
edges           19171/256000     76684/1024000  ( 7.5%)
texdata          [variable]       4140/33554432  ( 0.0%)
lightdata        [variable]          0/33554432  ( 0.0%)
visdata          [variable]          0/8388608  ( 0.0%)
entdata          [variable]      81458/2097152  ( 3.9%)
* AllocBlock       18/64             0/0        (28.1%)
94 textures referenced
=== Total BSP file data space used: 1341536 bytes ===
Wad files required to run the map: "halflife.wad;liquids.wad;xeno.wad;"
2.54 seconds elapsed

-----   END   hlbsp -----



hlvis v3.4 VL30 (Nov 23 2012)
Zoner's Half-Life Compilation Tools -- Custom Build
Based on code modifications by Sean 'Zoner' Cavanaugh
Based on Valve's version, modified with permission.
Submit detailed bug reports to (vluzacn@163.com)
-----  BEGIN  hlvis -----
Command line: C:/MyStuff/Work/HLDMCOMPTOOLS/hlvis.exe C:\MyStuff\Games\Steam\steamapps\common\Half-Life\justfight\maps\trainride3 
Arguments: C:\MyStuff\Games\Steam\steamapps\common\Half-Life\justfight\maps\trainride3 -low 
 385 portalleafs
 953 numportals

-= Current hlvis Settings =-
Name               |  Setting  |  Default
-------------------|-----------|-------------------------
threads             [      12 ] [  Varies ]
verbose             [     off ] [     off ]
log                 [      on ] [      on ]
developer           [       0 ] [       0 ]
chart               [     off ] [     off ]
estimate            [     off ] [     off ]
max texture memory  [ 33554432 ] [ 33554432 ]
max vis distance    [       0 ] [       0 ]
priority            [     Low ] [  Normal ]

fast vis            [     off ] [     off ]
full vis            [     off ] [     off ]


BasePortalVis:
 (0.02 seconds)
LeafThread:
 (0.11 seconds)
average leafs visible: 62
g_visdatasize:8432  compressed from 18865
0.14 seconds elapsed

-----   END   hlvis -----



hlrad v3.4 VL30 (Nov 23 2012)
Zoner's Half-Life Compilation Tools -- Custom Build
Based on code modifications by Sean 'Zoner' Cavanaugh
Based on Valve's version, modified with permission.
Submit detailed bug reports to (vluzacn@163.com)
-----  BEGIN  hlrad -----
Command line: C:/MyStuff/Work/HLDMCOMPTOOLS/hlrad.exe -extra C:\MyStuff\Games\Steam\steamapps\common\Half-Life\justfight\maps\trainride3 
Arguments: -extra C:\MyStuff\Games\Steam\steamapps\common\Half-Life\justfight\maps\trainride3 -low 

-= Current hlrad Settings =-
Name                | Setting             | Default
--------------------|---------------------|-------------------------
threads              [                12 ] [            Varies ]
verbose              [               off ] [               off ]
log                  [                on ] [                on ]
developer            [                 0 ] [                 0 ]
chart                [               off ] [               off ]
estimate             [               off ] [               off ]
max texture memory   [          33554432 ] [          33554432 ]
max lighting memory  [          33554432 ] [          33554432 ]
priority             [               Low ] [            Normal ]

fast rad             [               off ] [               off ]
vismatrix algorithm  [            Sparse ] [            Sparse ]
oversampling (-extra)[                on ] [               off ]
bounces              [                 8 ] [                 8 ]
ambient light        [ 0.000 0.000 0.000 ] [ 0.000 0.000 0.000 ]
circus mode          [               off ] [               off ]

smoothing threshold  [            50.000 ] [            50.000 ]
smoothing threshold 2[         no change ] [         no change ]
direct threshold     [            10.000 ] [            10.000 ]
direct light scale   [             1.000 ] [             1.000 ]
coring threshold     [             0.001 ] [             0.001 ]
patch interpolation  [                on ] [                on ]

texscale             [                on ] [                on ]
patch subdividing    [                on ] [                on ]
chop value           [            64.000 ] [            64.000 ]
texchop value        [            32.000 ] [            32.000 ]

global fade          [             1.000 ] [             1.000 ]
global light scale   [ 2.000 2.000 2.000 ] [ 2.000 2.000 2.000 ]
global gamma         [ 0.550 0.550 0.550 ] [ 0.550 0.550 0.550 ]
global light scale   [             2.000 ] [             2.000 ]
global sky diffusion [             1.000 ] [             1.000 ]

spread angles        [                on ] [                on ]
opaque entities      [                on ] [                on ]
sky lighting fix     [                on ] [                on ]
incremental          [               off ] [               off ]
dump                 [               off ] [               off ]

colour jitter        [       0.0 0.0 0.0 ] [       0.0 0.0 0.0 ]
monochromatic jitter [       0.0 0.0 0.0 ] [       0.0 0.0 0.0 ]

custom shadows with bounce light
                     [               off ] [               off ]
rgb transfers        [               off ] [               off ]
minimum final light  [                 0 ] [                 0 ]
size of transfer     [         1 (16bit) ] [         1 (16bit) ]
size of rgbtransfer  [         2 (32bit) ] [         2 (32bit) ]
soft sky             [                on ] [                on ]
translucent depth    [             2.000 ] [             2.000 ]
block opaque         [                on ] [                on ]
ignore textures      [               off ] [               off ]
reflectivity gamma   [             1.760 ] [             1.760 ]
reflectivity scale   [             0.700 ] [             0.700 ]
blur size            [             1.000 ] [             1.000 ]
no emitter range     [               off ] [               off ]


Load Textures:
Using Wadfile: C:\MyStuff\Games\Steam\steamapps\common\Half-Life\justfight\maps\trainride3.wa_
94 textures referenced
Reading texlights from 'C:\MyStuff\Work\HLDMCOMPTOOLS\lights.rad'
0 opaque models
0 opaque faces
8386 faces
Create Patches : 33521 base patches
790707 square feet [113861808.00 square inches]
110 direct lights and 0 fast direct lights
3 light styles

BuildFacelights:
 (8.84 seconds)
BuildVisLeafs:
 (4.71 seconds)
visibility matrix   :   9.8 megs
MakeScales:
 (3.34 seconds)
Transfer Lists :    21191038 :   21.19M transfers
       Indices :    13880048 :   13.24M bytes
          Data :    42447809 :   40.48M bytes
Bounce 1 GatherLight:
 (0.08 seconds)
Bounce 2 GatherLight:
 (0.10 seconds)
Bounce 3 GatherLight:
 (0.10 seconds)
Bounce 4 GatherLight:
 (0.11 seconds)
Bounce 5 GatherLight:
 (0.10 seconds)
Bounce 6 GatherLight:
 (0.11 seconds)
Bounce 7 GatherLight:
 (0.11 seconds)
Bounce 8 GatherLight:
 (0.11 seconds)
FinalLightFace:
 (0.43 seconds)
19.30 seconds elapsed

-----   END   hlrad -----



