hlcsg v3.4 VL30 (Nov 23 2012)
Zoner's Half-Life Compilation Tools -- Custom Build
Based on code modifications by Sean 'Zoner' Cavanaugh
Based on Valve's version, modified with permission.
Submit detailed bug reports to (vluzacn@163.com)
-----  BEGIN  hlcsg -----
Command line: C:/MyStuff/Work/HLDMCOMPTOOLS/hlcsg.exe C:\MyStuff\Games\Steam\steamapps\common\Half-Life\justfight\maps\trainride2 
Arguments: C:\MyStuff\Games\Steam\steamapps\common\Half-Life\justfight\maps\trainride2 -low -wadautodetect 
Entering C:\MyStuff\Games\Steam\steamapps\common\Half-Life\justfight\maps\trainride2.map

Current hlcsg Settings
Name                 |  Setting  |  Default
---------------------|-----------|-------------------------
threads               [      12 ] [  Varies ]
verbose               [     off ] [     off ]
log                   [      on ] [      on ]
reset logfile         [      on ] [      on ]
developer             [       0 ] [       0 ]
chart                 [     off ] [     off ]
estimate              [     off ] [     off ]
max texture memory    [ 33554432 ] [ 33554432 ]
max lighting memory   [ 33554432 ] [ 33554432 ]
priority              [     Low ] [  Normal ]

noclip                [     off ] [     off ]
null texture stripping[      on ] [      on ]
clipnode economy mode [     off ] [     off ]
clip hull type        [  simple ] [  simple ]
onlyents              [     off ] [     off ]
wadtextures           [      on ] [      on ]
skyclip               [      on ] [      on ]
hullfile              [    None ] [    None ]
wadcfg by file        [    None ] [    None ]
wadcfg by name        [    None ] [    None ]
nullfile              [    None ] [    None ]
nullify trigger       [      on ] [      on ]
min surface area      [   0.000 ] [   0.000 ]
brush union threshold [   0.000 ] [   0.000 ]
map scaling           [    None ] [    None ]
light name optimize   [      on ] [      on ]
UTF8 game_text        [      on ] [      on ]

Using mapfile wad configuration
Wadfiles not in use by the map will be excluded
Wadinclude list :
[zhlt.wad]

CreateBrush:
 (0.12 seconds)
CSGBrush:
 (0.11 seconds)

Using Wadfile: /MyStuff/Games/Steam/steamapps/common/Half-Life/valve/halflife.wad
 - Contains 49 used textures, 96.08 percent of map (3116 textures in wad)
Using Wadfile: /MyStuff/Games/Steam/steamapps/common/Half-Life/valve/liquids.wad
 - Contains 1 used texture, 1.96 percent of map (32 textures in wad)
Including Wadfile: /MyStuff/Games/Steam/steamapps/common/Half-Life/justfight/zhlt.wad
 - Contains 1 used texture, 1.96 percent of map (8 textures in wad)

Wad files required to run the map: "halflife.wad;liquids.wad;"

added 12 additional animating textures.
Texture usage is at 0.88 mb (of 32.00 mb MAX)
0.55 seconds elapsed

-----   END   hlcsg -----



hlbsp v3.4 VL30 (Nov 23 2012)
Zoner's Half-Life Compilation Tools -- Custom Build
Based on code modifications by Sean 'Zoner' Cavanaugh
Based on Valve's version, modified with permission.
Submit detailed bug reports to (vluzacn@163.com)
-----  BEGIN  hlbsp -----
Command line: C:/MyStuff/Work/HLDMCOMPTOOLS/hlbsp.exe C:\MyStuff\Games\Steam\steamapps\common\Half-Life\justfight\maps\trainride2 
Arguments: C:\MyStuff\Games\Steam\steamapps\common\Half-Life\justfight\maps\trainride2 -low -chart 

Current hlbsp Settings
Name               |  Setting  |  Default
-------------------|-----------|-------------------------
threads             [      12 ] [  Varies ]
verbose             [     off ] [     off ]
log                 [      on ] [      on ]
developer           [       0 ] [       0 ]
chart               [      on ] [     off ]
estimate            [     off ] [     off ]
max texture memory  [ 33554432 ] [ 33554432 ]
priority            [     Low ] [  Normal ]

noclip              [     off ] [     off ]
nofill              [     off ] [     off ]
noinsidefill        [     off ] [     off ]
noopt               [     off ] [     off ]
no clipnode merging [     off ] [     off ]
null tex. stripping [      on ] [      on ]
notjunc             [     off ] [     off ]
nobrink             [     off ] [     off ]
subdivide size      [     240 ] [     240 ] (Min 64) (Max 512)
max node size       [    1024 ] [    1024 ] (Min 64) (Max 65536)
remove hull 2       [     off ] [     off ]


SolidBSP [hull 0] 500...815 (0.05 seconds)
BSP generation successful, writing portal file 'C:\MyStuff\Games\Steam\steamapps\common\Half-Life\justfight\maps\trainride2.prt'
SolidBSP [hull 1] 500...993 (0.05 seconds)
SolidBSP [hull 2] 500...965 (0.06 seconds)
SolidBSP [hull 3] 500...1000...1001 (0.06 seconds)
Reduced 11316 clipnodes to 10887
Reduced 1902 texinfos to 1523
Reduced 62 texdatas to 53 (2732 bytes to 2336)
Reduced 15634 planes to 5185
FixBrinks:
Increased 10887 clipnodes to 10955.

Object names  Objects/Maxobjs  Memory / Maxmem  Fullness
------------  ---------------  ---------------  --------
models            165/512        10560/32768    (32.2%)
planes           5185/32768     103700/655360   (15.8%)
vertexes         6650/65535      79800/786420   (10.1%)
nodes            2781/32767      66744/786408   ( 8.5%)
texinfos         1523/32767      60920/1310680  ( 4.6%)
faces            4890/65535      97800/1310700  ( 7.5%)
* worldfaces      864/32768          0/0        ( 2.6%)
clipnodes       10955/32767      87640/262136   (33.4%)
leaves           2139/32760      59892/917280   ( 6.5%)
* visleafs        171/8192           0/0        ( 2.1%)
marksurfaces     5591/65535      11182/131070   ( 8.5%)
surfedges       22531/512000     90124/2048000  ( 4.4%)
edges           11288/256000     45152/1024000  ( 4.4%)
texdata          [variable]       2336/33554432  ( 0.0%)
lightdata        [variable]          0/33554432  ( 0.0%)
visdata          [variable]          0/8388608  ( 0.0%)
entdata          [variable]      39102/2097152  ( 1.9%)
* AllocBlock       11/64             0/0        (17.2%)
53 textures referenced
=== Total BSP file data space used: 754952 bytes ===
Wad files required to run the map: "halflife.wad;liquids.wad;"
1.36 seconds elapsed

-----   END   hlbsp -----



hlvis v3.4 VL30 (Nov 23 2012)
Zoner's Half-Life Compilation Tools -- Custom Build
Based on code modifications by Sean 'Zoner' Cavanaugh
Based on Valve's version, modified with permission.
Submit detailed bug reports to (vluzacn@163.com)
-----  BEGIN  hlvis -----
Command line: C:/MyStuff/Work/HLDMCOMPTOOLS/hlvis.exe C:\MyStuff\Games\Steam\steamapps\common\Half-Life\justfight\maps\trainride2 
Arguments: C:\MyStuff\Games\Steam\steamapps\common\Half-Life\justfight\maps\trainride2 -low 
 154 portalleafs
 389 numportals

-= Current hlvis Settings =-
Name               |  Setting  |  Default
-------------------|-----------|-------------------------
threads             [      12 ] [  Varies ]
verbose             [     off ] [     off ]
log                 [      on ] [      on ]
developer           [       0 ] [       0 ]
chart               [     off ] [     off ]
estimate            [     off ] [     off ]
max texture memory  [ 33554432 ] [ 33554432 ]
max vis distance    [       0 ] [       0 ]
priority            [     Low ] [  Normal ]

fast vis            [     off ] [     off ]
full vis            [     off ] [     off ]


BasePortalVis:
 (0.00 seconds)
LeafThread:
 (0.05 seconds)
average leafs visible: 48
g_visdatasize:1856  compressed from 3080
0.06 seconds elapsed

-----   END   hlvis -----



hlrad v3.4 VL30 (Nov 23 2012)
Zoner's Half-Life Compilation Tools -- Custom Build
Based on code modifications by Sean 'Zoner' Cavanaugh
Based on Valve's version, modified with permission.
Submit detailed bug reports to (vluzacn@163.com)
-----  BEGIN  hlrad -----
Command line: C:/MyStuff/Work/HLDMCOMPTOOLS/hlrad.exe -extra C:\MyStuff\Games\Steam\steamapps\common\Half-Life\justfight\maps\trainride2 
Arguments: -extra C:\MyStuff\Games\Steam\steamapps\common\Half-Life\justfight\maps\trainride2 -low 

-= Current hlrad Settings =-
Name                | Setting             | Default
--------------------|---------------------|-------------------------
threads              [                12 ] [            Varies ]
verbose              [               off ] [               off ]
log                  [                on ] [                on ]
developer            [                 0 ] [                 0 ]
chart                [               off ] [               off ]
estimate             [               off ] [               off ]
max texture memory   [          33554432 ] [          33554432 ]
max lighting memory  [          33554432 ] [          33554432 ]
priority             [               Low ] [            Normal ]

fast rad             [               off ] [               off ]
vismatrix algorithm  [            Sparse ] [            Sparse ]
oversampling (-extra)[                on ] [               off ]
bounces              [                 8 ] [                 8 ]
ambient light        [ 0.000 0.000 0.000 ] [ 0.000 0.000 0.000 ]
circus mode          [               off ] [               off ]

smoothing threshold  [            50.000 ] [            50.000 ]
smoothing threshold 2[         no change ] [         no change ]
direct threshold     [            10.000 ] [            10.000 ]
direct light scale   [             1.000 ] [             1.000 ]
coring threshold     [             0.001 ] [             0.001 ]
patch interpolation  [                on ] [                on ]

texscale             [                on ] [                on ]
patch subdividing    [                on ] [                on ]
chop value           [            64.000 ] [            64.000 ]
texchop value        [            32.000 ] [            32.000 ]

global fade          [             1.000 ] [             1.000 ]
global light scale   [ 2.000 2.000 2.000 ] [ 2.000 2.000 2.000 ]
global gamma         [ 0.550 0.550 0.550 ] [ 0.550 0.550 0.550 ]
global light scale   [             2.000 ] [             2.000 ]
global sky diffusion [             1.000 ] [             1.000 ]

spread angles        [                on ] [                on ]
opaque entities      [                on ] [                on ]
sky lighting fix     [                on ] [                on ]
incremental          [               off ] [               off ]
dump                 [               off ] [               off ]

colour jitter        [       0.0 0.0 0.0 ] [       0.0 0.0 0.0 ]
monochromatic jitter [       0.0 0.0 0.0 ] [       0.0 0.0 0.0 ]

custom shadows with bounce light
                     [               off ] [               off ]
rgb transfers        [               off ] [               off ]
minimum final light  [                 0 ] [                 0 ]
size of transfer     [         1 (16bit) ] [         1 (16bit) ]
size of rgbtransfer  [         2 (32bit) ] [         2 (32bit) ]
soft sky             [                on ] [                on ]
translucent depth    [             2.000 ] [             2.000 ]
block opaque         [                on ] [                on ]
ignore textures      [               off ] [               off ]
reflectivity gamma   [             1.760 ] [             1.760 ]
reflectivity scale   [             0.700 ] [             0.700 ]
blur size            [             1.000 ] [             1.000 ]
no emitter range     [               off ] [               off ]


Load Textures:
Using Wadfile: C:\MyStuff\Games\Steam\steamapps\common\Half-Life\justfight\maps\trainride2.wa_
53 textures referenced
Reading texlights from 'C:\MyStuff\Work\HLDMCOMPTOOLS\lights.rad'
0 opaque models
0 opaque faces
4890 faces
Create Patches : 18150 base patches
407942 square feet [58743660.00 square inches]
56 direct lights and 0 fast direct lights
2 light styles

BuildFacelights:
 (5.10 seconds)
BuildVisLeafs:
 (2.39 seconds)
visibility matrix   :   5.3 megs
MakeScales:
 (1.21 seconds)
Transfer Lists :    11323357 :   11.32M transfers
       Indices :     6683300 :    6.37M bytes
          Data :    22685345 :   21.63M bytes
Bounce 1 GatherLight:
 (0.04 seconds)
Bounce 2 GatherLight:
 (0.05 seconds)
Bounce 3 GatherLight:
 (0.05 seconds)
Bounce 4 GatherLight:
 (0.05 seconds)
Bounce 5 GatherLight:
 (0.05 seconds)
Bounce 6 GatherLight:
 (0.05 seconds)
Bounce 7 GatherLight:
 (0.05 seconds)
Bounce 8 GatherLight:
 (0.05 seconds)
FinalLightFace:
 (0.22 seconds)
9.86 seconds elapsed

-----   END   hlrad -----



