hlcsg v3.4 VL30 (Nov 23 2012)
Zoner's Half-Life Compilation Tools -- Custom Build
Based on code modifications by Sean 'Zoner' Cavanaugh
Based on Valve's version, modified with permission.
Submit detailed bug reports to (vluzacn@163.com)
-----  BEGIN  hlcsg -----
Command line: C:/MyStuff/Work/HLDMCOMPTOOLS/hlcsg.exe C:\MyStuff\Games\Steam\steamapps\common\Half-Life\justfight\maps\trainride1 
Arguments: C:\MyStuff\Games\Steam\steamapps\common\Half-Life\justfight\maps\trainride1 -low -wadautodetect 
Entering C:\MyStuff\Games\Steam\steamapps\common\Half-Life\justfight\maps\trainride1.map

Current hlcsg Settings
Name                 |  Setting  |  Default
---------------------|-----------|-------------------------
threads               [      12 ] [  Varies ]
verbose               [     off ] [     off ]
log                   [      on ] [      on ]
reset logfile         [      on ] [      on ]
developer             [       0 ] [       0 ]
chart                 [     off ] [     off ]
estimate              [     off ] [     off ]
max texture memory    [ 33554432 ] [ 33554432 ]
max lighting memory   [ 33554432 ] [ 33554432 ]
priority              [     Low ] [  Normal ]

noclip                [     off ] [     off ]
null texture stripping[      on ] [      on ]
clipnode economy mode [     off ] [     off ]
clip hull type        [  simple ] [  simple ]
onlyents              [     off ] [     off ]
wadtextures           [      on ] [      on ]
skyclip               [      on ] [      on ]
hullfile              [    None ] [    None ]
wadcfg by file        [    None ] [    None ]
wadcfg by name        [    None ] [    None ]
nullfile              [    None ] [    None ]
nullify trigger       [      on ] [      on ]
min surface area      [   0.000 ] [   0.000 ]
brush union threshold [   0.000 ] [   0.000 ]
map scaling           [    None ] [    None ]
light name optimize   [      on ] [      on ]
UTF8 game_text        [      on ] [      on ]

Using mapfile wad configuration
Wadfiles not in use by the map will be excluded
Wadinclude list :
[zhlt.wad]

CreateBrush:
 (0.12 seconds)
CSGBrush:
 (0.19 seconds)

Using Wadfile: /MyStuff/Games/Steam/steamapps/common/Half-Life/valve/halflife.wad
 - Contains 78 used textures, 97.50 percent of map (3116 textures in wad)
Using Wadfile: /MyStuff/Games/Steam/steamapps/common/Half-Life/valve/liquids.wad
 - Contains 1 used texture, 1.25 percent of map (32 textures in wad)
Including Wadfile: /MyStuff/Games/Steam/steamapps/common/Half-Life/justfight/zhlt.wad
 - Contains 1 used texture, 1.25 percent of map (8 textures in wad)

Wad files required to run the map: "halflife.wad;liquids.wad;"

added 11 additional animating textures.
Texture usage is at 1.19 mb (of 32.00 mb MAX)
0.66 seconds elapsed

-----   END   hlcsg -----



hlbsp v3.4 VL30 (Nov 23 2012)
Zoner's Half-Life Compilation Tools -- Custom Build
Based on code modifications by Sean 'Zoner' Cavanaugh
Based on Valve's version, modified with permission.
Submit detailed bug reports to (vluzacn@163.com)
-----  BEGIN  hlbsp -----
Command line: C:/MyStuff/Work/HLDMCOMPTOOLS/hlbsp.exe C:\MyStuff\Games\Steam\steamapps\common\Half-Life\justfight\maps\trainride1 
Arguments: C:\MyStuff\Games\Steam\steamapps\common\Half-Life\justfight\maps\trainride1 -low -chart 

Current hlbsp Settings
Name               |  Setting  |  Default
-------------------|-----------|-------------------------
threads             [      12 ] [  Varies ]
verbose             [     off ] [     off ]
log                 [      on ] [      on ]
developer           [       0 ] [       0 ]
chart               [      on ] [     off ]
estimate            [     off ] [     off ]
max texture memory  [ 33554432 ] [ 33554432 ]
priority            [     Low ] [  Normal ]

noclip              [     off ] [     off ]
nofill              [     off ] [     off ]
noinsidefill        [     off ] [     off ]
noopt               [     off ] [     off ]
no clipnode merging [     off ] [     off ]
null tex. stripping [      on ] [      on ]
notjunc             [     off ] [     off ]
nobrink             [     off ] [     off ]
subdivide size      [     240 ] [     240 ] (Min 64) (Max 512)
max node size       [    1024 ] [    1024 ] (Min 64) (Max 65536)
remove hull 2       [     off ] [     off ]


SolidBSP [hull 0] 500...1000...1332 (0.06 seconds)
BSP generation successful, writing portal file 'C:\MyStuff\Games\Steam\steamapps\common\Half-Life\justfight\maps\trainride1.prt'
SolidBSP [hull 1] 500...1000...1500...1531 (0.08 seconds)
SolidBSP [hull 2] 500...1000...1486 (0.08 seconds)
SolidBSP [hull 3] 500...1000...1500...1570 (0.08 seconds)
Reduced 11800 clipnodes to 11335
Reduced 2794 texinfos to 1901
Reduced 90 texdatas to 86 (3964 bytes to 3788)
Reduced 15406 planes to 5150
FixBrinks:
Increased 11335 clipnodes to 11414.

Object names  Objects/Maxobjs  Memory / Maxmem  Fullness
------------  ---------------  ---------------  --------
models            159/512        10176/32768    (31.1%)
planes           5150/32768     103000/655360   (15.7%)
vertexes         7189/65535      86268/786420   (11.0%)
nodes            3330/32767      79920/786408   (10.2%)
texinfos         1901/32767      76040/1310680  ( 5.8%)
faces            5165/65535     103300/1310700  ( 7.9%)
* worldfaces     1722/32768          0/0        ( 5.3%)
clipnodes       11414/32767      91312/262136   (34.8%)
leaves           2453/32760      68684/917280   ( 7.5%)
* visleafs        367/8192           0/0        ( 4.5%)
marksurfaces     6233/65535      12466/131070   ( 9.5%)
surfedges       24037/512000     96148/2048000  ( 4.7%)
edges           12142/256000     48568/1024000  ( 4.7%)
texdata          [variable]       3788/33554432  ( 0.0%)
lightdata        [variable]          0/33554432  ( 0.0%)
visdata          [variable]          0/8388608  ( 0.0%)
entdata          [variable]      48657/2097152  ( 2.3%)
* AllocBlock       13/64             0/0        (20.3%)
86 textures referenced
=== Total BSP file data space used: 828327 bytes ===
Wad files required to run the map: "halflife.wad;liquids.wad;"
1.46 seconds elapsed

-----   END   hlbsp -----



hlvis v3.4 VL30 (Nov 23 2012)
Zoner's Half-Life Compilation Tools -- Custom Build
Based on code modifications by Sean 'Zoner' Cavanaugh
Based on Valve's version, modified with permission.
Submit detailed bug reports to (vluzacn@163.com)
-----  BEGIN  hlvis -----
Command line: C:/MyStuff/Work/HLDMCOMPTOOLS/hlvis.exe C:\MyStuff\Games\Steam\steamapps\common\Half-Life\justfight\maps\trainride1 
Arguments: C:\MyStuff\Games\Steam\steamapps\common\Half-Life\justfight\maps\trainride1 -low 
 234 portalleafs
 528 numportals

-= Current hlvis Settings =-
Name               |  Setting  |  Default
-------------------|-----------|-------------------------
threads             [      12 ] [  Varies ]
verbose             [     off ] [     off ]
log                 [      on ] [      on ]
developer           [       0 ] [       0 ]
chart               [     off ] [     off ]
estimate            [     off ] [     off ]
max texture memory  [ 33554432 ] [ 33554432 ]
max vis distance    [       0 ] [       0 ]
priority            [     Low ] [  Normal ]

fast vis            [     off ] [     off ]
full vis            [     off ] [     off ]


BasePortalVis:
 (0.01 seconds)
LeafThread:
 (0.03 seconds)
average leafs visible: 48
g_visdatasize:4580  compressed from 7020
0.04 seconds elapsed

-----   END   hlvis -----



hlrad v3.4 VL30 (Nov 23 2012)
Zoner's Half-Life Compilation Tools -- Custom Build
Based on code modifications by Sean 'Zoner' Cavanaugh
Based on Valve's version, modified with permission.
Submit detailed bug reports to (vluzacn@163.com)
-----  BEGIN  hlrad -----
Command line: C:/MyStuff/Work/HLDMCOMPTOOLS/hlrad.exe -extra C:\MyStuff\Games\Steam\steamapps\common\Half-Life\justfight\maps\trainride1 
Arguments: -extra C:\MyStuff\Games\Steam\steamapps\common\Half-Life\justfight\maps\trainride1 -low 

-= Current hlrad Settings =-
Name                | Setting             | Default
--------------------|---------------------|-------------------------
threads              [                12 ] [            Varies ]
verbose              [               off ] [               off ]
log                  [                on ] [                on ]
developer            [                 0 ] [                 0 ]
chart                [               off ] [               off ]
estimate             [               off ] [               off ]
max texture memory   [          33554432 ] [          33554432 ]
max lighting memory  [          33554432 ] [          33554432 ]
priority             [               Low ] [            Normal ]

fast rad             [               off ] [               off ]
vismatrix algorithm  [            Sparse ] [            Sparse ]
oversampling (-extra)[                on ] [               off ]
bounces              [                 8 ] [                 8 ]
ambient light        [ 0.000 0.000 0.000 ] [ 0.000 0.000 0.000 ]
circus mode          [               off ] [               off ]

smoothing threshold  [            50.000 ] [            50.000 ]
smoothing threshold 2[         no change ] [         no change ]
direct threshold     [            10.000 ] [            10.000 ]
direct light scale   [             1.000 ] [             1.000 ]
coring threshold     [             0.001 ] [             0.001 ]
patch interpolation  [                on ] [                on ]

texscale             [                on ] [                on ]
patch subdividing    [                on ] [                on ]
chop value           [            64.000 ] [            64.000 ]
texchop value        [            32.000 ] [            32.000 ]

global fade          [             1.000 ] [             1.000 ]
global light scale   [ 2.000 2.000 2.000 ] [ 2.000 2.000 2.000 ]
global gamma         [ 0.550 0.550 0.550 ] [ 0.550 0.550 0.550 ]
global light scale   [             2.000 ] [             2.000 ]
global sky diffusion [             1.000 ] [             1.000 ]

spread angles        [                on ] [                on ]
opaque entities      [                on ] [                on ]
sky lighting fix     [                on ] [                on ]
incremental          [               off ] [               off ]
dump                 [               off ] [               off ]

colour jitter        [       0.0 0.0 0.0 ] [       0.0 0.0 0.0 ]
monochromatic jitter [       0.0 0.0 0.0 ] [       0.0 0.0 0.0 ]

custom shadows with bounce light
                     [               off ] [               off ]
rgb transfers        [               off ] [               off ]
minimum final light  [                 0 ] [                 0 ]
size of transfer     [         1 (16bit) ] [         1 (16bit) ]
size of rgbtransfer  [         2 (32bit) ] [         2 (32bit) ]
soft sky             [                on ] [                on ]
translucent depth    [             2.000 ] [             2.000 ]
block opaque         [                on ] [                on ]
ignore textures      [               off ] [               off ]
reflectivity gamma   [             1.760 ] [             1.760 ]
reflectivity scale   [             0.700 ] [             0.700 ]
blur size            [             1.000 ] [             1.000 ]
no emitter range     [               off ] [               off ]


Load Textures:
Using Wadfile: C:\MyStuff\Games\Steam\steamapps\common\Half-Life\justfight\maps\trainride1.wa_
86 textures referenced
Reading texlights from 'C:\MyStuff\Work\HLDMCOMPTOOLS\lights.rad'
0 opaque models
0 opaque faces
5165 faces
Create Patches : 15435 base patches
400086 square feet [57612524.00 square inches]
91 direct lights and 0 fast direct lights
4 light styles

BuildFacelights:
 (3.17 seconds)
BuildVisLeafs:
 (1.40 seconds)
visibility matrix   :   3.6 megs
MakeScales:
 (0.95 seconds)
Transfer Lists :     7708142 :    7.71M transfers
       Indices :     5192064 :    4.95M bytes
          Data :    15456448 :   14.74M bytes
Bounce 1 GatherLight:
 (0.03 seconds)
Bounce 2 GatherLight:
 (0.04 seconds)
Bounce 3 GatherLight:
 (0.03 seconds)
Bounce 4 GatherLight:
 (0.04 seconds)
Bounce 5 GatherLight:
 (0.04 seconds)
Bounce 6 GatherLight:
 (0.04 seconds)
Bounce 7 GatherLight:
 (0.04 seconds)
Bounce 8 GatherLight:
 (0.03 seconds)
FinalLightFace:
 (0.20 seconds)
6.45 seconds elapsed

-----   END   hlrad -----



