154
338
1
1
1
1
1
1
1
1
1
1
1
1
1
1
1
1
1
1
1
1
1
1
1
1
1
1
1
1
1
1
1
1
1
1
1
1
1
1
1
1
1
1
1
1
1
1
1
1
1
1
1
1
1
1
1
1
1
1
1
1
1
1
1
1
1
1
1
1
1
1
1
1
5
1
1
1
1
1
1
26
1
1
1
1
1
1
1
1
1
1
1
1
1
1
1
1
1
1
1
1
1
1
1
1
1
1
1
1
1
1
1
1
1
1
1
1
1
1
1
1
1
1
1
1
1
1
1
1
1
1
1
1
1
1
1
1
1
1
1
1
1
9
1
9
1
1
1
1
1
1
1
1
1
1
4 0 8 (3264.000000 3567.157895 0.000000) (3264.000000 3734.258824 0.000000) (3264.000000 3734.258824 -384.000000) (3264.000000 3567.157895 -384.000000) 
4 0 1 (3475.005671 3586.592628 -384.000000) (3816.000000 3618.000000 -384.000000) (3816.000000 3618.000000 0.000000) (3475.005671 3586.592628 0.000000) 
4 0 5 (3264.000000 3567.157895 -384.000000) (3475.005671 3586.592628 -384.000000) (3475.005671 3586.592628 0.000000) (3264.000000 3567.157895 0.000000) 
4 1 2 (3434.383487 3520.017382 -384.000000) (3668.000000 3580.000000 -384.000000) (3668.000000 3580.000000 0.000000) (3434.383487 3520.017382 0.000000) 
4 1 5 (3475.005671 3586.592628 0.000000) (3475.005671 3586.592628 -384.000000) (3434.383487 3520.017382 -384.000000) (3434.383487 3520.017382 0.000000) 
4 2 3 (3465.589431 3484.747967 -384.000000) (3532.000000 3516.000000 -384.000000) (3532.000000 3516.000000 0.000000) (3465.589431 3484.747967 0.000000) 
4 2 4 (3391.625175 3449.941259 -384.000000) (3465.589431 3484.747967 -384.000000) (3465.589431 3484.747967 0.000000) (3391.625175 3449.941259 0.000000) 
4 2 5 (3434.383487 3520.017382 -384.000000) (3391.625175 3449.941259 -384.000000) (3391.625175 3449.941259 0.000000) (3434.383487 3520.017382 0.000000) 
4 3 4 (3465.589431 3484.747967 -384.000000) (3414.000000 3430.000000 -384.000000) (3414.000000 3430.000000 0.000000) (3465.589431 3484.747967 0.000000) 
4 4 5 (3391.625175 3449.941259 -384.000000) (3316.000000 3326.000000 -384.000000) (3316.000000 3326.000000 0.000000) (3391.625175 3449.941259 0.000000) 
4 5 8 (3264.000000 3240.777778 0.000000) (3264.000000 3567.157895 0.000000) (3264.000000 3567.157895 -384.000000) (3264.000000 3240.777778 -384.000000) 
4 6 8 (3244.000000 3208.000000 -384.000000) (3208.593814 3149.973196 -384.000000) (3208.593814 3149.973196 0.000000) (3244.000000 3208.000000 0.000000) 
4 6 7 (3208.593814 3149.973196 -384.000000) (3200.000000 3078.000000 -384.000000) (3200.000000 3078.000000 0.000000) (3208.593814 3149.973196 0.000000) 
4 7 19 (3082.915254 2944.000000 -384.000000) (3184.000000 2944.000000 -384.000000) (3184.000000 2944.000000 -360.000000) (3082.915254 2944.000000 -360.000000) 
4 7 18 (3184.000000 2944.000000 -360.000000) (3184.000000 2944.000000 -320.000000) (3082.915254 2944.000000 -320.000000) (3082.915254 2944.000000 -360.000000) 
4 7 13 (3124.000000 2944.000000 0.000000) (3082.915254 2944.000000 0.000000) (3082.915254 2944.000000 -320.000000) (3124.000000 2944.000000 -320.000000) 
5 7 10 (3184.000000 2944.000000 -320.000000) (3184.000000 2944.000000 -88.000000) (3128.000000 2944.000000 0.000000) (3124.000000 2944.000000 0.000000) (3124.000000 2944.000000 -320.000000) 
3 7 9 (3184.000000 2944.000000 -88.000000) (3184.000000 2944.000000 0.000000) (3128.000000 2944.000000 0.000000) 
4 7 8 (3208.593814 3149.973196 -384.000000) (3082.915254 2944.000000 -384.000000) (3082.915254 2944.000000 0.000000) (3208.593814 3149.973196 0.000000) 
4 8 20 (2848.000000 2944.000000 -384.000000) (2976.000000 2944.000000 -384.000000) (2976.000000 2944.000000 -320.000000) (2848.000000 2944.000000 -320.000000) 
4 8 19 (3056.000000 2944.000000 -384.000000) (3082.915254 2944.000000 -384.000000) (3082.915254 2944.000000 -360.000000) (3056.000000 2944.000000 -360.000000) 
4 8 18 (3082.915254 2944.000000 -360.000000) (3082.915254 2944.000000 -320.000000) (2976.000000 2944.000000 -320.000000) (2976.000000 2944.000000 -360.000000) 
3 8 17 (2904.000000 2944.000000 0.000000) (2848.000000 2944.000000 0.000000) (2848.000000 2944.000000 -88.000000) 
4 8 14 (2908.000000 2944.000000 0.000000) (2904.000000 2944.000000 0.000000) (2848.000000 2944.000000 -88.000000) (2908.000000 2944.000000 -76.000000) 
4 8 16 (2848.000000 2944.000000 -88.000000) (2848.000000 2944.000000 -320.000000) (2908.000000 2944.000000 -320.000000) (2908.000000 2944.000000 -76.000000) 
4 8 13 (3082.915254 2944.000000 -320.000000) (3082.915254 2944.000000 0.000000) (2908.000000 2944.000000 0.000000) (2908.000000 2944.000000 -320.000000) 
3 9 10 (3128.000000 2944.000000 0.000000) (3184.000000 2944.000000 -88.000000) (3128.000000 2880.000000 0.000000) 
4 10 18 (3124.000000 2832.000000 -320.000000) (3124.000000 2944.000000 -320.000000) (3184.000000 2944.000000 -320.000000) (3184.000000 2848.000000 -320.000000) 
4 10 13 (3124.000000 2944.000000 0.000000) (3124.000000 2944.000000 -320.000000) (3124.000000 2832.000000 -320.000000) (3124.000000 2832.000000 0.000000) 
4 10 12 (3124.000000 2832.000000 -320.000000) (3184.000000 2848.000000 -320.000000) (3184.000000 2848.000000 -88.000000) (3124.000000 2832.000000 -76.000000) 
4 11 24 (3184.000000 2752.000000 -88.000000) (3128.000000 2752.000000 0.000000) (3124.000000 2752.000000 0.000000) (3124.000000 2752.000000 -76.000000) 
4 11 13 (3124.000000 2752.000000 -76.000000) (3124.000000 2752.000000 0.000000) (3124.000000 2800.000000 0.000000) (3124.000000 2800.000000 -76.000000) 
4 11 12 (3184.000000 2752.000000 -88.000000) (3124.000000 2752.000000 -76.000000) (3124.000000 2800.000000 -76.000000) (3184.000000 2784.000000 -88.000000) 
4 12 24 (3184.000000 2752.000000 -88.000000) (3124.000000 2752.000000 -76.000000) (3124.000000 2752.000000 -320.000000) (3184.000000 2752.000000 -320.000000) 
4 12 18 (3184.000000 2752.000000 -320.000000) (3124.000000 2752.000000 -320.000000) (3124.000000 2832.000000 -320.000000) (3184.000000 2848.000000 -320.000000) 
4 12 13 (3124.000000 2832.000000 -320.000000) (3124.000000 2752.000000 -320.000000) (3124.000000 2752.000000 -76.000000) (3124.000000 2832.000000 -76.000000) 
4 13 24 (3124.000000 2752.000000 0.000000) (2908.000000 2752.000000 0.000000) (2908.000000 2752.000000 -320.000000) (3124.000000 2752.000000 -320.000000) 
4 13 20 (2976.000000 2752.000000 -320.000000) (2908.000000 2752.000000 -320.000000) (2908.000000 2944.000000 -320.000000) (2976.000000 2944.000000 -320.000000) 
4 13 18 (3124.000000 2752.000000 -320.000000) (2976.000000 2752.000000 -320.000000) (2976.000000 2944.000000 -320.000000) (3124.000000 2944.000000 -320.000000) 
4 13 14 (2908.000000 2832.000000 0.000000) (2908.000000 2944.000000 0.000000) (2908.000000 2944.000000 -76.000000) (2908.000000 2832.000000 -76.000000) 
4 13 15 (2908.000000 2752.000000 -76.000000) (2908.000000 2752.000000 0.000000) (2908.000000 2800.000000 0.000000) (2908.000000 2800.000000 -76.000000) 
4 13 16 (2908.000000 2944.000000 -320.000000) (2908.000000 2752.000000 -320.000000) (2908.000000 2752.000000 -76.000000) (2908.000000 2944.000000 -76.000000) 
3 14 17 (2904.000000 2944.000000 0.000000) (2848.000000 2944.000000 -88.000000) (2904.000000 2880.000000 0.000000) 
4 14 16 (2848.000000 2848.000000 -88.000000) (2848.000000 2944.000000 -88.000000) (2908.000000 2944.000000 -76.000000) (2908.000000 2832.000000 -76.000000) 
4 15 24 (2908.000000 2752.000000 0.000000) (2904.000000 2752.000000 0.000000) (2848.000000 2752.000000 -88.000000) (2908.000000 2752.000000 -76.000000) 
4 15 16 (2848.000000 2752.000000 -88.000000) (2848.000000 2784.000000 -88.000000) (2908.000000 2800.000000 -76.000000) (2908.000000 2752.000000 -76.000000) 
4 16 24 (2848.000000 2752.000000 -88.000000) (2848.000000 2752.000000 -320.000000) (2908.000000 2752.000000 -320.000000) (2908.000000 2752.000000 -76.000000) 
4 16 20 (2908.000000 2752.000000 -320.000000) (2848.000000 2752.000000 -320.000000) (2848.000000 2944.000000 -320.000000) (2908.000000 2944.000000 -320.000000) 
4 18 24 (3184.000000 2752.000000 -320.000000) (2976.000000 2752.000000 -320.000000) (2976.000000 2752.000000 -360.000000) (3184.000000 2752.000000 -360.000000) 
4 18 20 (2976.000000 2752.000000 -320.000000) (2976.000000 2944.000000 -320.000000) (2976.000000 2944.000000 -360.000000) (2976.000000 2752.000000 -360.000000) 
4 18 19 (3184.000000 2752.000000 -360.000000) (3056.000000 2752.000000 -360.000000) (3056.000000 2944.000000 -360.000000) (3184.000000 2944.000000 -360.000000) 
4 19 25 (3056.000000 2752.000000 -384.000000) (3184.000000 2752.000000 -384.000000) (3184.000000 2752.000000 -360.000000) (3056.000000 2752.000000 -360.000000) 
4 20 26 (2848.000000 2752.000000 -360.000000) (2848.000000 2752.000000 -384.000000) (2976.000000 2752.000000 -384.000000) (2976.000000 2752.000000 -360.000000) 
4 20 24 (2976.000000 2752.000000 -320.000000) (2848.000000 2752.000000 -320.000000) (2848.000000 2752.000000 -360.000000) (2976.000000 2752.000000 -360.000000) 
4 21 22 (3200.000000 2540.000000 -136.000000) (3200.000000 2460.000000 -136.000000) (3200.000000 2460.000000 -40.000000) (3200.000000 2540.000000 -40.000000) 
4 22 24 (3184.000000 2544.000000 -88.000000) (3184.000000 2544.000000 -136.000000) (3184.000000 2432.000000 -136.000000) (3184.000000 2432.000000 -88.000000) 
4 22 23 (3184.000000 2432.000000 -24.000000) (3184.000000 2544.000000 -24.000000) (3184.000000 2544.000000 -88.000000) (3184.000000 2432.000000 -88.000000) 
4 23 24 (3184.000000 2584.000000 -88.000000) (3184.000000 2392.000000 -88.000000) (3128.000000 2336.000000 0.000000) (3128.000000 2640.000000 0.000000) 
4 24 38 (2848.000000 2176.000000 -88.000000) (2848.000000 2176.000000 -360.000000) (3056.000000 2176.000000 -360.000000) (3056.000000 2176.000000 -46.400000) 
4 24 37 (3056.000000 2176.000000 -360.000000) (3124.000000 2176.000000 -360.000000) (3124.000000 2176.000000 -32.800000) (3056.000000 2176.000000 -46.400000) 
4 24 35 (2908.000000 2176.000000 0.000000) (2904.000000 2176.000000 0.000000) (2848.000000 2176.000000 -88.000000) (2908.000000 2176.000000 -76.000000) 
4 24 34 (3124.000000 2176.000000 0.000000) (2908.000000 2176.000000 0.000000) (2908.000000 2176.000000 -76.000000) (3124.000000 2176.000000 -32.800000) 
4 24 31 (3184.000000 2176.000000 -88.000000) (3128.000000 2176.000000 0.000000) (3124.000000 2176.000000 0.000000) (3124.000000 2176.000000 -76.000000) 
4 24 33 (3184.000000 2176.000000 -360.000000) (3184.000000 2176.000000 -88.000000) (3124.000000 2176.000000 -76.000000) (3124.000000 2176.000000 -360.000000) 
4 24 28 (2848.000000 2432.000000 -88.000000) (2848.000000 2544.000000 -88.000000) (2848.000000 2544.000000 -136.000000) (2848.000000 2432.000000 -136.000000) 
4 24 27 (2904.000000 2336.000000 0.000000) (2904.000000 2640.000000 0.000000) (2848.000000 2584.000000 -88.000000) (2848.000000 2392.000000 -88.000000) 
4 24 26 (2848.000000 2176.000000 -360.000000) (2848.000000 2752.000000 -360.000000) (2976.000000 2752.000000 -360.000000) (2976.000000 2176.000000 -360.000000) 
4 24 25 (3056.000000 2752.000000 -360.000000) (3184.000000 2752.000000 -360.000000) (3184.000000 2176.000000 -360.000000) (3056.000000 2176.000000 -360.000000) 
4 25 37 (3124.000000 2176.000000 -360.000000) (3056.000000 2176.000000 -360.000000) (3056.000000 2176.000000 -384.000000) (3124.000000 2176.000000 -384.000000) 
4 25 33 (3184.000000 2176.000000 -384.000000) (3184.000000 2176.000000 -360.000000) (3124.000000 2176.000000 -360.000000) (3124.000000 2176.000000 -384.000000) 
4 26 39 (2976.000000 2176.000000 -360.000000) (2848.000000 2176.000000 -360.000000) (2848.000000 2176.000000 -384.000000) (2976.000000 2176.000000 -384.000000) 
4 27 28 (2848.000000 2544.000000 -88.000000) (2848.000000 2432.000000 -88.000000) (2848.000000 2432.000000 -8.000000) (2848.000000 2544.000000 -8.000000) 
4 28 29 (2704.000000 2432.000000 -8.000000) (2704.000000 2544.000000 -8.000000) (2704.000000 2544.000000 -136.000000) (2704.000000 2432.000000 -136.000000) 
5 30 32 (3128.000000 1267.655172 0.000000) (3128.000000 2096.000000 0.000000) (3184.000000 2032.000000 -88.000000) (3184.000000 1616.000000 -88.000000) (3164.000000 1398.000000 -56.571429) 
4 31 37 (3124.000000 2176.000000 -32.800000) (3124.000000 2176.000000 -76.000000) (3124.000000 2160.000000 -76.000000) (3124.000000 2160.000000 -32.800000) 
4 31 34 (3124.000000 2160.000000 0.000000) (3124.000000 2176.000000 0.000000) (3124.000000 2176.000000 -32.800000) (3124.000000 2160.000000 -32.800000) 
3 31 33 (3124.000000 2176.000000 -76.000000) (3184.000000 2176.000000 -88.000000) (3124.000000 2160.000000 -76.000000) 
4 32 37 (3124.000000 2128.000000 -32.800000) (3124.000000 2128.000000 -76.000000) (3124.000000 1616.000000 -76.000000) (3124.000000 1616.000000 -32.800000) 
4 32 34 (3124.000000 1616.000000 0.000000) (3124.000000 2128.000000 0.000000) (3124.000000 2128.000000 -32.800000) (3124.000000 1616.000000 -32.800000) 
4 32 40 (3124.000000 1253.172414 -76.000000) (3124.000000 1253.172414 0.000000) (3124.000000 1616.000000 0.000000) (3124.000000 1616.000000 -76.000000) 
5 32 33 (3184.000000 2112.000000 -88.000000) (3184.000000 1616.000000 -88.000000) (3164.000000 1398.000000 -84.000000) (3124.000000 1253.172414 -76.000000) (3124.000000 2128.000000 -76.000000) 
4 33 37 (3124.000000 1616.000000 -76.000000) (3124.000000 2176.000000 -76.000000) (3124.000000 2176.000000 -384.000000) (3124.000000 1616.000000 -384.000000) 
4 33 40 (3124.000000 1253.172414 -384.000000) (3124.000000 1253.172414 -76.000000) (3124.000000 1616.000000 -76.000000) (3124.000000 1616.000000 -384.000000) 
4 34 38 (2908.000000 2176.000000 -76.000000) (3056.000000 2176.000000 -46.400000) (3056.000000 1616.000000 -46.400000) (2908.000000 1616.000000 -76.000000) 
4 34 37 (3056.000000 2176.000000 -46.400000) (3124.000000 2176.000000 -32.800000) (3124.000000 1616.000000 -32.800000) (3056.000000 1616.000000 -46.400000) 
4 34 36 (2908.000000 1616.000000 -76.000000) (2908.000000 1616.000000 0.000000) (2908.000000 2128.000000 0.000000) (2908.000000 2128.000000 -76.000000) 
4 34 35 (2908.000000 2160.000000 0.000000) (2908.000000 2176.000000 0.000000) (2908.000000 2176.000000 -76.000000) (2908.000000 2160.000000 -76.000000) 
4 34 40 (3124.000000 1616.000000 -32.800000) (3124.000000 1616.000000 0.000000) (2908.000000 1616.000000 0.000000) (2908.000000 1616.000000 -76.000000) 
3 35 38 (2848.000000 2176.000000 -88.000000) (2908.000000 2176.000000 -76.000000) (2908.000000 2160.000000 -76.000000) 
4 36 41 (2904.000000 1616.000000 0.000000) (2904.000000 2096.000000 0.000000) (2848.000000 2032.000000 -88.000000) (2848.000000 1616.000000 -88.000000) 
4 36 38 (2848.000000 1616.000000 -88.000000) (2848.000000 2112.000000 -88.000000) (2908.000000 2128.000000 -76.000000) (2908.000000 1616.000000 -76.000000) 
4 36 40 (2908.000000 1616.000000 0.000000) (2904.000000 1616.000000 0.000000) (2848.000000 1616.000000 -88.000000) (2908.000000 1616.000000 -76.000000) 
4 37 38 (3056.000000 1616.000000 -360.000000) (3056.000000 1616.000000 -46.400000) (3056.000000 2176.000000 -46.400000) (3056.000000 2176.000000 -360.000000) 
4 37 40 (3124.000000 1616.000000 -384.000000) (3124.000000 1616.000000 -32.800000) (3056.000000 1616.000000 -46.400000) (3056.000000 1616.000000 -384.000000) 
4 38 39 (2976.000000 1616.000000 -360.000000) (2848.000000 1616.000000 -360.000000) (2848.000000 2176.000000 -360.000000) (2976.000000 2176.000000 -360.000000) 
4 38 40 (3056.000000 1616.000000 -46.400000) (2848.000000 1616.000000 -88.000000) (2848.000000 1616.000000 -360.000000) (3056.000000 1616.000000 -360.000000) 
4 39 40 (2848.000000 1616.000000 -360.000000) (2848.000000 1616.000000 -384.000000) (2976.000000 1616.000000 -384.000000) (2976.000000 1616.000000 -360.000000) 
5 40 48 (3113.733333 1216.000000 0.000000) (2904.000000 1216.000000 0.000000) (2848.000000 1216.000000 -88.000000) (2848.000000 1216.000000 -384.000000) (3113.733333 1216.000000 -384.000000) 
4 40 44 (2848.000000 1616.000000 -384.000000) (2848.000000 1518.526316 -384.000000) (2848.000000 1518.526316 -88.000000) (2848.000000 1616.000000 -88.000000) 
4 40 43 (2848.000000 1518.526316 -384.000000) (2848.000000 1426.500000 -384.000000) (2848.000000 1426.500000 -88.000000) (2848.000000 1518.526316 -88.000000) 
4 40 42 (2848.000000 1426.500000 -384.000000) (2848.000000 1216.000000 -384.000000) (2848.000000 1216.000000 -88.000000) (2848.000000 1426.500000 -88.000000) 
4 40 41 (2848.000000 1216.000000 -88.000000) (2904.000000 1216.000000 0.000000) (2904.000000 1616.000000 0.000000) (2848.000000 1616.000000 -88.000000) 
3 41 48 (2904.000000 1216.000000 0.000000) (2848.000000 1216.000000 0.000000) (2848.000000 1216.000000 -88.000000) 
4 41 44 (2848.000000 1616.000000 -88.000000) (2848.000000 1518.526316 -88.000000) (2848.000000 1518.526316 0.000000) (2848.000000 1616.000000 0.000000) 
4 41 43 (2848.000000 1518.526316 -88.000000) (2848.000000 1426.500000 -88.000000) (2848.000000 1426.500000 0.000000) (2848.000000 1518.526316 0.000000) 
4 41 42 (2848.000000 1426.500000 -88.000000) (2848.000000 1216.000000 -88.000000) (2848.000000 1216.000000 0.000000) (2848.000000 1426.500000 0.000000) 
4 42 48 (2848.000000 1216.000000 0.000000) (2748.941176 1216.000000 0.000000) (2748.941176 1216.000000 -384.000000) (2848.000000 1216.000000 -384.000000) 
4 42 43 (2848.000000 1426.500000 0.000000) (2848.000000 1426.500000 -384.000000) (2796.000000 1316.000000 -384.000000) (2796.000000 1316.000000 0.000000) 
4 43 44 (2848.000000 1518.526316 0.000000) (2848.000000 1518.526316 -384.000000) (2834.000000 1464.000000 -384.000000) (2834.000000 1464.000000 0.000000) 
4 45 46 (160.000000 1248.000000 -112.000000) (864.000000 1248.000000 -112.000000) (864.000000 1232.000000 -80.000000) (160.000000 1232.000000 -80.000000) 
4 46 72 (864.000000 1216.000000 -136.000000) (864.000000 1216.000000 -48.000000) (160.000000 1216.000000 -48.000000) (160.000000 1216.000000 -136.000000) 
4 46 47 (160.000000 1216.000000 -136.000000) (160.000000 1232.000000 -136.000000) (864.000000 1232.000000 -136.000000) (864.000000 1216.000000 -136.000000) 
4 47 72 (864.000000 1216.000000 -152.000000) (864.000000 1216.000000 -136.000000) (160.000000 1216.000000 -136.000000) (160.000000 1216.000000 -152.000000) 
4 48 49 (2732.000000 1180.000000 -384.000000) (2592.539535 883.646512 -384.000000) (2592.539535 883.646512 0.000000) (2732.000000 1180.000000 0.000000) 
4 48 53 (2592.539535 883.646512 -384.000000) (2431.720930 541.906977 -384.000000) (2431.720930 541.906977 0.000000) (2592.539535 883.646512 0.000000) 
4 49 50 (2646.000000 1062.000000 -384.000000) (2600.664252 999.795137 -384.000000) (2600.664252 999.795137 0.000000) (2646.000000 1062.000000 0.000000) 
4 49 51 (2600.664252 999.795137 -384.000000) (2554.224991 936.076151 -384.000000) (2554.224991 936.076151 0.000000) (2600.664252 999.795137 0.000000) 
4 49 52 (2554.224991 936.076151 -384.000000) (2508.719313 873.638127 -384.000000) (2508.719313 873.638127 0.000000) (2554.224991 936.076151 0.000000) 
4 49 53 (2508.719313 873.638127 -384.000000) (2592.539535 883.646512 -384.000000) (2592.539535 883.646512 0.000000) (2508.719313 873.638127 0.000000) 
4 50 51 (2542.000000 964.000000 -384.000000) (2600.664252 999.795137 -384.000000) (2600.664252 999.795137 0.000000) (2542.000000 964.000000 0.000000) 
4 51 52 (2424.000000 892.000000 -384.000000) (2554.224991 936.076151 -384.000000) (2554.224991 936.076151 0.000000) (2424.000000 892.000000 0.000000) 
4 52 53 (2294.000000 848.000000 -384.000000) (2508.719313 873.638127 -384.000000) (2508.719313 873.638127 0.000000) (2294.000000 848.000000 0.000000) 
4 53 56 (2160.000000 624.000000 -384.000000) (2160.000000 496.000000 -384.000000) (2160.000000 496.000000 -360.000000) (2160.000000 624.000000 -360.000000) 
4 53 55 (2160.000000 832.000000 -384.000000) (2160.000000 704.000000 -384.000000) (2160.000000 704.000000 -360.000000) (2160.000000 832.000000 -360.000000) 
4 53 54 (2160.000000 496.000000 -360.000000) (2160.000000 496.000000 0.000000) (2160.000000 832.000000 0.000000) (2160.000000 832.000000 -360.000000) 
3 54 70 (2064.000000 496.000000 -88.000000) (2064.000000 496.000000 0.000000) (2064.000000 552.000000 0.000000) 
4 54 66 (2064.000000 496.000000 -360.000000) (2064.000000 496.000000 -88.000000) (2064.000000 772.000000 -32.800000) (2064.000000 772.000000 -360.000000) 
4 54 63 (2064.000000 496.000000 -88.000000) (2064.000000 552.000000 0.000000) (2064.000000 556.000000 0.000000) (2064.000000 556.000000 -76.000000) 
4 54 62 (2064.000000 556.000000 0.000000) (2064.000000 772.000000 0.000000) (2064.000000 772.000000 -32.800000) (2064.000000 556.000000 -76.000000) 
4 54 58 (2064.000000 772.000000 0.000000) (2064.000000 776.000000 0.000000) (2064.000000 832.000000 -88.000000) (2064.000000 772.000000 -76.000000) 
4 54 61 (2064.000000 832.000000 -88.000000) (2064.000000 832.000000 -360.000000) (2064.000000 772.000000 -360.000000) (2064.000000 772.000000 -76.000000) 
3 54 57 (2064.000000 776.000000 0.000000) (2064.000000 832.000000 0.000000) (2064.000000 832.000000 -88.000000) 
4 54 56 (2064.000000 496.000000 -360.000000) (2064.000000 624.000000 -360.000000) (2160.000000 624.000000 -360.000000) (2160.000000 496.000000 -360.000000) 
4 54 55 (2064.000000 704.000000 -360.000000) (2064.000000 832.000000 -360.000000) (2160.000000 832.000000 -360.000000) (2160.000000 704.000000 -360.000000) 
4 55 67 (2064.000000 772.000000 -384.000000) (2064.000000 704.000000 -384.000000) (2064.000000 704.000000 -360.000000) (2064.000000 772.000000 -360.000000) 
4 55 61 (2064.000000 832.000000 -384.000000) (2064.000000 772.000000 -384.000000) (2064.000000 772.000000 -360.000000) (2064.000000 832.000000 -360.000000) 
4 56 68 (2064.000000 624.000000 -384.000000) (2064.000000 496.000000 -384.000000) (2064.000000 496.000000 -360.000000) (2064.000000 624.000000 -360.000000) 
4 57 58 (2064.000000 832.000000 -88.000000) (2064.000000 776.000000 0.000000) (1992.000000 776.000000 0.000000) (2048.000000 832.000000 -88.000000) 
4 58 66 (2064.000000 772.000000 -76.000000) (2064.000000 772.000000 -32.800000) (1808.000000 772.000000 -32.800000) (1808.000000 772.000000 -76.000000) 
4 58 62 (2064.000000 772.000000 -32.800000) (2064.000000 772.000000 0.000000) (1808.000000 772.000000 0.000000) (1808.000000 772.000000 -32.800000) 
4 58 61 (1824.000000 832.000000 -88.000000) (2064.000000 832.000000 -88.000000) (2064.000000 772.000000 -76.000000) (1808.000000 772.000000 -76.000000) 
4 59 66 (1168.000000 772.000000 -32.800000) (1168.000000 772.000000 -76.000000) (1776.000000 772.000000 -76.000000) (1776.000000 772.000000 -32.800000) 
4 59 62 (1776.000000 772.000000 0.000000) (1168.000000 772.000000 0.000000) (1168.000000 772.000000 -32.800000) (1776.000000 772.000000 -32.800000) 
4 59 61 (1184.000000 832.000000 -88.000000) (1760.000000 832.000000 -88.000000) (1776.000000 772.000000 -76.000000) (1168.000000 772.000000 -76.000000) 
4 60 83 (896.000000 772.000000 0.000000) (896.000000 776.000000 0.000000) (896.000000 832.000000 -88.000000) (896.000000 772.000000 -76.000000) 
4 60 66 (896.000000 772.000000 -32.800000) (896.000000 772.000000 -76.000000) (1136.000000 772.000000 -76.000000) (1136.000000 772.000000 -32.800000) 
4 60 62 (1136.000000 772.000000 0.000000) (896.000000 772.000000 0.000000) (896.000000 772.000000 -32.800000) (1136.000000 772.000000 -32.800000) 
4 60 61 (896.000000 772.000000 -76.000000) (896.000000 832.000000 -88.000000) (1120.000000 832.000000 -88.000000) (1136.000000 772.000000 -76.000000) 
4 61 83 (896.000000 832.000000 -88.000000) (896.000000 832.000000 -384.000000) (896.000000 772.000000 -384.000000) (896.000000 772.000000 -76.000000) 
4 61 67 (896.000000 772.000000 -384.000000) (2064.000000 772.000000 -384.000000) (2064.000000 772.000000 -360.000000) (896.000000 772.000000 -360.000000) 
4 61 66 (2064.000000 772.000000 -360.000000) (2064.000000 772.000000 -76.000000) (896.000000 772.000000 -76.000000) (896.000000 772.000000 -360.000000) 
4 62 85 (896.000000 556.000000 0.000000) (896.000000 624.000000 0.000000) (896.000000 624.000000 -62.400000) (896.000000 556.000000 -76.000000) 
4 62 84 (896.000000 624.000000 0.000000) (896.000000 704.000000 0.000000) (896.000000 704.000000 -46.400000) (896.000000 624.000000 -62.400000) 
4 62 83 (896.000000 704.000000 0.000000) (896.000000 772.000000 0.000000) (896.000000 772.000000 -32.800000) (896.000000 704.000000 -46.400000) 
4 62 66 (896.000000 556.000000 -76.000000) (896.000000 772.000000 -32.800000) (2064.000000 772.000000 -32.800000) (2064.000000 556.000000 -76.000000) 
4 62 64 (1776.000000 556.000000 0.000000) (1168.000000 556.000000 0.000000) (1168.000000 556.000000 -76.000000) (1776.000000 556.000000 -76.000000) 
4 62 63 (2064.000000 556.000000 -76.000000) (2064.000000 556.000000 0.000000) (1808.000000 556.000000 0.000000) (1808.000000 556.000000 -76.000000) 
4 62 65 (1136.000000 556.000000 0.000000) (896.000000 556.000000 0.000000) (896.000000 556.000000 -76.000000) (1136.000000 556.000000 -76.000000) 
4 63 70 (2048.000000 496.000000 -88.000000) (2064.000000 496.000000 -88.000000) (2064.000000 552.000000 0.000000) (1992.000000 552.000000 0.000000) 
4 63 66 (2064.000000 496.000000 -88.000000) (1824.000000 496.000000 -88.000000) (1808.000000 556.000000 -76.000000) (2064.000000 556.000000 -76.000000) 
4 64 66 (1760.000000 496.000000 -88.000000) (1184.000000 496.000000 -88.000000) (1168.000000 556.000000 -76.000000) (1776.000000 556.000000 -76.000000) 
4 65 88 (896.000000 552.000000 0.000000) (896.000000 555.058824 0.000000) (896.000000 555.058824 -76.188235) (896.000000 496.000000 -88.000000) 
4 65 85 (896.000000 555.058824 0.000000) (896.000000 556.000000 0.000000) (896.000000 556.000000 -76.000000) (896.000000 555.058824 -76.188235) 
4 65 69 (896.000000 552.000000 0.000000) (896.000000 496.000000 -88.000000) (960.000000 496.000000 -88.000000) (1024.000000 552.000000 0.000000) 
4 65 66 (1120.000000 496.000000 -88.000000) (896.000000 496.000000 -88.000000) (896.000000 556.000000 -76.000000) (1136.000000 556.000000 -76.000000) 
4 66 88 (896.000000 555.058824 -360.000000) (896.000000 496.000000 -360.000000) (896.000000 496.000000 -88.000000) (896.000000 555.058824 -76.188235) 
4 66 85 (896.000000 624.000000 -360.000000) (896.000000 555.058824 -360.000000) (896.000000 555.058824 -76.188235) (896.000000 624.000000 -62.400000) 
4 66 84 (896.000000 704.000000 -360.000000) (896.000000 624.000000 -360.000000) (896.000000 624.000000 -62.400000) (896.000000 704.000000 -46.400000) 
4 66 83 (896.000000 772.000000 -32.800000) (896.000000 772.000000 -360.000000) (896.000000 704.000000 -360.000000) (896.000000 704.000000 -46.400000) 
4 66 71 (960.000000 496.000000 -88.000000) (896.000000 496.000000 -88.000000) (896.000000 496.000000 -360.000000) (960.000000 496.000000 -360.000000) 
4 66 68 (2064.000000 496.000000 -360.000000) (896.000000 496.000000 -360.000000) (896.000000 624.000000 -360.000000) (2064.000000 624.000000 -360.000000) 
4 66 67 (896.000000 704.000000 -360.000000) (896.000000 772.000000 -360.000000) (2064.000000 772.000000 -360.000000) (2064.000000 704.000000 -360.000000) 
4 67 83 (896.000000 772.000000 -360.000000) (896.000000 772.000000 -384.000000) (896.000000 704.000000 -384.000000) (896.000000 704.000000 -360.000000) 
4 68 88 (896.000000 555.058824 -384.000000) (896.000000 496.000000 -384.000000) (896.000000 496.000000 -360.000000) (896.000000 555.058824 -360.000000) 
4 68 85 (896.000000 624.000000 -384.000000) (896.000000 555.058824 -384.000000) (896.000000 555.058824 -360.000000) (896.000000 624.000000 -360.000000) 
4 68 71 (896.000000 496.000000 -384.000000) (960.000000 496.000000 -384.000000) (960.000000 496.000000 -360.000000) (896.000000 496.000000 -360.000000) 
3 69 88 (896.000000 496.000000 0.000000) (896.000000 552.000000 0.000000) (896.000000 496.000000 -88.000000) 
4 69 71 (960.000000 496.000000 0.000000) (896.000000 496.000000 0.000000) (896.000000 496.000000 -88.000000) (960.000000 496.000000 -88.000000) 
4 71 88 (896.000000 490.105263 0.000000) (896.000000 496.000000 0.000000) (896.000000 496.000000 -384.000000) (896.000000 490.105263 -384.000000) 
4 72 73 (472.000000 1092.000000 -104.000000) (472.000000 1092.000000 -208.000000) (544.000000 1092.000000 -208.000000) (544.000000 1092.000000 -104.000000) 
4 73 75 (520.000000 1076.000000 -208.000000) (544.000000 1076.000000 -208.000000) (544.000000 1076.000000 -104.000000) (520.000000 1076.000000 -104.000000) 
4 73 76 (472.000000 1076.000000 -104.000000) (472.000000 1076.000000 -208.000000) (520.000000 1076.000000 -208.000000) (520.000000 1076.000000 -104.000000) 
4 74 79 (528.000000 912.000000 -80.000000) (528.000000 976.000000 -80.000000) (624.000000 976.000000 -80.000000) (624.000000 912.000000 -80.000000) 
4 75 76 (520.000000 1076.000000 -80.000000) (520.000000 1076.000000 -208.000000) (560.000000 1036.000000 -208.000000) (560.000000 1036.000000 -80.000000) 
4 76 79 (456.000000 1024.000000 -208.000000) (572.000000 1024.000000 -208.000000) (572.000000 1024.000000 -80.000000) (456.000000 1024.000000 -80.000000) 
4 76 77 (456.000000 1036.000000 -208.000000) (456.000000 1024.000000 -208.000000) (456.000000 1024.000000 -80.000000) (456.000000 1036.000000 -80.000000) 
4 77 79 (444.000000 1024.000000 -208.000000) (456.000000 1024.000000 -208.000000) (456.000000 1024.000000 -80.000000) (444.000000 1024.000000 -80.000000) 
4 78 79 (744.000000 972.000000 -192.000000) (744.000000 972.000000 -96.000000) (692.000000 1024.000000 -96.000000) (692.000000 1024.000000 -192.000000) 
4 79 81 (568.000000 848.000000 -104.000000) (428.000000 848.000000 -104.000000) (428.000000 848.000000 -164.000000) (568.000000 848.000000 -164.000000) 
4 79 80 (724.000000 848.000000 -104.000000) (584.000000 848.000000 -104.000000) (584.000000 848.000000 -164.000000) (724.000000 848.000000 -164.000000) 
4 80 83 (724.000000 832.000000 -104.000000) (584.000000 832.000000 -104.000000) (584.000000 832.000000 -164.000000) (724.000000 832.000000 -164.000000) 
4 81 83 (568.000000 832.000000 -104.000000) (428.000000 832.000000 -104.000000) (428.000000 832.000000 -164.000000) (568.000000 832.000000 -164.000000) 
3 82 110 (112.000000 776.000000 0.000000) (112.000000 832.000000 0.000000) (112.000000 832.000000 -88.000000) 
4 82 83 (112.000000 832.000000 -88.000000) (160.000000 832.000000 -88.000000) (216.000000 776.000000 0.000000) (112.000000 776.000000 0.000000) 
4 83 117 (112.000000 704.000000 0.000000) (112.000000 772.000000 0.000000) (112.000000 772.000000 -384.000000) (112.000000 704.000000 -384.000000) 
4 83 112 (112.000000 772.000000 0.000000) (112.000000 776.000000 0.000000) (112.000000 832.000000 -88.000000) (112.000000 772.000000 -76.000000) 
4 83 116 (112.000000 832.000000 -88.000000) (112.000000 832.000000 -384.000000) (112.000000 772.000000 -384.000000) (112.000000 772.000000 -76.000000) 
4 83 84 (112.000000 704.000000 0.000000) (112.000000 704.000000 -360.000000) (896.000000 704.000000 -360.000000) (896.000000 704.000000 0.000000) 
4 84 118 (112.000000 624.000000 0.000000) (112.000000 704.000000 0.000000) (112.000000 704.000000 -360.000000) (112.000000 624.000000 -360.000000) 
4 84 86 (144.000000 624.000000 0.000000) (112.000000 624.000000 0.000000) (112.000000 624.000000 -360.000000) (144.000000 624.000000 -360.000000) 
4 84 85 (896.000000 624.000000 -360.000000) (896.000000 624.000000 0.000000) (144.000000 624.000000 0.000000) (144.000000 624.000000 -360.000000) 
4 85 88 (736.500000 480.000000 -384.000000) (896.000000 555.058824 -384.000000) (896.000000 555.058824 0.000000) (736.500000 480.000000 0.000000) 
4 85 87 (144.000000 480.000000 -384.000000) (736.500000 480.000000 -384.000000) (736.500000 480.000000 0.000000) (144.000000 480.000000 0.000000) 
4 85 86 (144.000000 624.000000 0.000000) (144.000000 624.000000 -384.000000) (144.000000 512.000000 -384.000000) (144.000000 512.000000 0.000000) 
3 86 125 (112.000000 512.000000 0.000000) (112.000000 552.000000 0.000000) (112.000000 512.000000 -62.857143) 
5 86 120 (112.000000 552.000000 0.000000) (112.000000 556.000000 0.000000) (112.000000 556.000000 -76.000000) (112.000000 512.000000 -84.800000) (112.000000 512.000000 -62.857143) 
4 86 124 (112.000000 556.000000 -76.000000) (112.000000 556.000000 -384.000000) (112.000000 512.000000 -384.000000) (112.000000 512.000000 -84.800000) 
4 86 119 (112.000000 624.000000 -360.000000) (112.000000 624.000000 -384.000000) (112.000000 556.000000 -384.000000) (112.000000 556.000000 -360.000000) 
4 86 118 (112.000000 556.000000 0.000000) (112.000000 624.000000 0.000000) (112.000000 624.000000 -360.000000) (112.000000 556.000000 -360.000000) 
4 87 127 (112.000000 416.000000 -384.000000) (112.000000 416.000000 0.000000) (112.000000 469.333333 0.000000) (112.000000 469.333333 -384.000000) 
4 87 90 (112.000000 416.000000 0.000000) (112.000000 416.000000 -384.000000) (600.500000 416.000000 -384.000000) (600.500000 416.000000 0.000000) 
4 87 89 (660.000000 444.000000 -384.000000) (724.384458 474.298569 -384.000000) (724.384458 474.298569 0.000000) (660.000000 444.000000 0.000000) 
4 87 88 (724.384458 474.298569 -384.000000) (736.500000 480.000000 -384.000000) (736.500000 480.000000 0.000000) (724.384458 474.298569 0.000000) 
4 88 89 (724.384458 474.298569 0.000000) (724.384458 474.298569 -384.000000) (808.000000 482.000000 -384.000000) (808.000000 482.000000 0.000000) 
4 90 127 (112.000000 186.117647 0.000000) (112.000000 416.000000 0.000000) (112.000000 416.000000 -384.000000) (112.000000 186.117647 -384.000000) 
4 90 91 (112.000000 186.117647 -384.000000) (524.000000 380.000000 -384.000000) (524.000000 380.000000 0.000000) (112.000000 186.117647 0.000000) 
4 91 127 (112.000000 79.728814 0.000000) (112.000000 186.117647 0.000000) (112.000000 186.117647 -384.000000) (112.000000 79.728814 -384.000000) 
4 91 99 (112.000000 79.728814 -384.000000) (406.000000 294.000000 -384.000000) (406.000000 294.000000 0.000000) (112.000000 79.728814 0.000000) 
4 92 93 (168.055764 -258.532976 -384.000000) (190.000000 -344.000000 -384.000000) (190.000000 -344.000000 0.000000) (168.055764 -258.532976 0.000000) 
4 92 94 (176.000000 -192.000000 -384.000000) (168.055764 -258.532976 -384.000000) (168.055764 -258.532976 0.000000) (176.000000 -192.000000 0.000000) 
4 93 94 (168.055764 -258.532976 -384.000000) (157.952381 -343.148810 -384.000000) (157.952381 -343.148810 0.000000) (168.055764 -258.532976 0.000000) 
4 93 96 (157.952381 -343.148810 -384.000000) (228.000000 -492.000000 -384.000000) (228.000000 -492.000000 0.000000) (157.952381 -343.148810 0.000000) 
4 94 96 (121.619687 -265.941834 -384.000000) (157.952381 -343.148810 -384.000000) (157.952381 -343.148810 0.000000) (121.619687 -265.941834 0.000000) 
4 94 95 (192.000000 -58.000000 -384.000000) (121.619687 -265.941834 -384.000000) (121.619687 -265.941834 0.000000) (192.000000 -58.000000 0.000000) 
4 95 127 (112.000000 -245.500000 0.000000) (112.000000 -131.222222 0.000000) (112.000000 -131.222222 -384.000000) (112.000000 -245.500000 -384.000000) 
4 95 96 (112.000000 -245.500000 0.000000) (112.000000 -245.500000 -384.000000) (121.619687 -265.941834 -384.000000) (121.619687 -265.941834 0.000000) 
4 95 97 (236.000000 72.000000 -384.000000) (112.000000 -131.222222 -384.000000) (112.000000 -131.222222 0.000000) (236.000000 72.000000 0.000000) 
4 96 127 (112.000000 -381.023256 0.000000) (112.000000 -245.500000 0.000000) (112.000000 -245.500000 -384.000000) (112.000000 -381.023256 -384.000000) 
4 96 98 (112.000000 -381.023256 0.000000) (112.000000 -381.023256 -384.000000) (292.000000 -628.000000 -384.000000) (292.000000 -628.000000 0.000000) 
4 97 127 (112.000000 -131.222222 0.000000) (112.000000 -18.000000 0.000000) (112.000000 -18.000000 -384.000000) (112.000000 -131.222222 -384.000000) 
4 97 99 (308.000000 190.000000 -384.000000) (112.000000 -18.000000 -384.000000) (112.000000 -18.000000 0.000000) (308.000000 190.000000 0.000000) 
4 98 127 (112.000000 -495.346154 0.000000) (112.000000 -381.023256 0.000000) (112.000000 -381.023256 -384.000000) (112.000000 -495.346154 -384.000000) 
4 98 100 (112.000000 -495.346154 0.000000) (112.000000 -495.346154 -384.000000) (378.000000 -746.000000 -384.000000) (378.000000 -746.000000 0.000000) 
4 99 127 (112.000000 -18.000000 0.000000) (112.000000 79.728814 0.000000) (112.000000 79.728814 -384.000000) (112.000000 -18.000000 -384.000000) 
4 100 127 (112.000000 -618.237288 0.000000) (112.000000 -495.346154 0.000000) (112.000000 -495.346154 -384.000000) (112.000000 -618.237288 -384.000000) 
4 100 101 (112.000000 -618.237288 0.000000) (112.000000 -618.237288 -384.000000) (482.000000 -844.000000 -384.000000) (482.000000 -844.000000 0.000000) 
4 101 127 (112.000000 -896.000000 -384.000000) (112.000000 -896.000000 0.000000) (112.000000 -618.237288 0.000000) (112.000000 -618.237288 -384.000000) 
4 101 107 (567.222222 -896.000000 0.000000) (112.000000 -896.000000 0.000000) (112.000000 -896.000000 -384.000000) (567.222222 -896.000000 -384.000000) 
4 102 107 (864.000000 -1312.000000 -360.000000) (864.000000 -1312.000000 0.000000) (864.000000 -1077.084746 0.000000) (864.000000 -1077.084746 -360.000000) 
4 102 106 (864.000000 -1077.084746 0.000000) (864.000000 -976.000000 0.000000) (864.000000 -976.000000 -360.000000) (864.000000 -1077.084746 -360.000000) 
4 102 103 (864.000000 -1104.000000 -360.000000) (864.000000 -976.000000 -360.000000) (2064.000000 -976.000000 -360.000000) (2064.000000 -1104.000000 -360.000000) 
4 102 104 (2064.000000 -1312.000000 -360.000000) (864.000000 -1312.000000 -360.000000) (864.000000 -1184.000000 -360.000000) (2064.000000 -1184.000000 -360.000000) 
4 103 107 (864.000000 -1077.084746 -384.000000) (864.000000 -1104.000000 -384.000000) (864.000000 -1104.000000 -360.000000) (864.000000 -1077.084746 -360.000000) 
4 103 106 (864.000000 -976.000000 -384.000000) (864.000000 -1077.084746 -384.000000) (864.000000 -1077.084746 -360.000000) (864.000000 -976.000000 -360.000000) 
4 104 107 (864.000000 -1184.000000 -384.000000) (864.000000 -1312.000000 -384.000000) (864.000000 -1312.000000 -360.000000) (864.000000 -1184.000000 -360.000000) 
4 105 107 (600.000000 -916.000000 -384.000000) (658.026804 -951.406186 -384.000000) (658.026804 -951.406186 0.000000) (600.000000 -916.000000 0.000000) 
4 105 106 (658.026804 -951.406186 -384.000000) (730.000000 -960.000000 -384.000000) (730.000000 -960.000000 0.000000) (658.026804 -951.406186 0.000000) 
4 106 107 (658.026804 -951.406186 -384.000000) (864.000000 -1077.084746 -384.000000) (864.000000 -1077.084746 0.000000) (658.026804 -951.406186 0.000000) 
4 107 127 (112.000000 -946.812500 0.000000) (112.000000 -896.000000 0.000000) (112.000000 -896.000000 -384.000000) (112.000000 -946.812500 -384.000000) 
4 110 112 (112.000000 832.000000 -88.000000) (112.000000 776.000000 0.000000) (-96.000000 776.000000 0.000000) (-32.000000 832.000000 -88.000000) 
3 111 128 (-2560.000000 776.000000 0.000000) (-2560.000000 832.000000 0.000000) (-2560.000000 832.000000 -88.000000) 
3 111 115 (-2496.000000 776.000000 0.000000) (-2560.000000 776.000000 0.000000) (-2560.000000 832.000000 -88.000000) 
4 112 117 (112.000000 772.000000 -76.000000) (112.000000 772.000000 0.000000) (-216.000000 772.000000 0.000000) (-216.000000 772.000000 -76.000000) 
4 112 116 (-200.000000 832.000000 -88.000000) (112.000000 832.000000 -88.000000) (112.000000 772.000000 -76.000000) (-216.000000 772.000000 -76.000000) 
4 113 117 (-248.000000 772.000000 0.000000) (-1288.000000 772.000000 0.000000) (-1288.000000 772.000000 -76.000000) (-248.000000 772.000000 -76.000000) 
4 113 116 (-1272.000000 832.000000 -88.000000) (-264.000000 832.000000 -88.000000) (-248.000000 772.000000 -76.000000) (-1288.000000 772.000000 -76.000000) 
4 114 117 (-1320.000000 772.000000 0.000000) (-2320.000000 772.000000 0.000000) (-2320.000000 772.000000 -76.000000) (-1320.000000 772.000000 -76.000000) 
4 114 116 (-2304.000000 832.000000 -88.000000) (-1336.000000 832.000000 -88.000000) (-1320.000000 772.000000 -76.000000) (-2320.000000 772.000000 -76.000000) 
4 115 128 (-2560.000000 772.000000 -76.000000) (-2560.000000 772.000000 0.000000) (-2560.000000 776.000000 0.000000) (-2560.000000 832.000000 -88.000000) 
4 115 117 (-2352.000000 772.000000 0.000000) (-2560.000000 772.000000 0.000000) (-2560.000000 772.000000 -76.000000) (-2352.000000 772.000000 -76.000000) 
4 115 116 (-2560.000000 772.000000 -76.000000) (-2560.000000 832.000000 -88.000000) (-2368.000000 832.000000 -88.000000) (-2352.000000 772.000000 -76.000000) 
4 116 128 (-2560.000000 832.000000 -384.000000) (-2560.000000 772.000000 -384.000000) (-2560.000000 772.000000 -76.000000) (-2560.000000 832.000000 -88.000000) 
4 116 117 (112.000000 772.000000 -384.000000) (112.000000 772.000000 -76.000000) (-2560.000000 772.000000 -76.000000) (-2560.000000 772.000000 -384.000000) 
4 117 128 (-2560.000000 772.000000 -384.000000) (-2560.000000 704.000000 -384.000000) (-2560.000000 704.000000 0.000000) (-2560.000000 772.000000 0.000000) 
4 117 118 (112.000000 704.000000 -360.000000) (112.000000 704.000000 0.000000) (-2560.000000 704.000000 0.000000) (-2560.000000 704.000000 -360.000000) 
4 118 128 (-2560.000000 556.000000 -360.000000) (-2560.000000 556.000000 0.000000) (-2560.000000 704.000000 0.000000) (-2560.000000 704.000000 -360.000000) 
4 118 122 (-1320.000000 556.000000 0.000000) (-2320.000000 556.000000 0.000000) (-2320.000000 556.000000 -76.000000) (-1320.000000 556.000000 -76.000000) 
4 118 121 (-248.000000 556.000000 0.000000) (-1288.000000 556.000000 0.000000) (-1288.000000 556.000000 -76.000000) (-248.000000 556.000000 -76.000000) 
4 118 120 (112.000000 556.000000 -76.000000) (112.000000 556.000000 0.000000) (-216.000000 556.000000 0.000000) (-216.000000 556.000000 -76.000000) 
4 118 123 (-2352.000000 556.000000 0.000000) (-2560.000000 556.000000 0.000000) (-2560.000000 556.000000 -76.000000) (-2352.000000 556.000000 -76.000000) 
4 118 124 (112.000000 556.000000 -360.000000) (112.000000 556.000000 -76.000000) (-2560.000000 556.000000 -76.000000) (-2560.000000 556.000000 -360.000000) 
4 118 119 (-2560.000000 556.000000 -360.000000) (-2560.000000 624.000000 -360.000000) (112.000000 624.000000 -360.000000) (112.000000 556.000000 -360.000000) 
4 119 128 (-2560.000000 624.000000 -384.000000) (-2560.000000 556.000000 -384.000000) (-2560.000000 556.000000 -360.000000) (-2560.000000 624.000000 -360.000000) 
4 119 124 (-2560.000000 556.000000 -384.000000) (112.000000 556.000000 -384.000000) (112.000000 556.000000 -360.000000) (-2560.000000 556.000000 -360.000000) 
4 120 125 (112.000000 496.000000 -88.000000) (112.000000 552.000000 0.000000) (-24.000000 552.000000 0.000000) (32.000000 496.000000 -88.000000) 
4 120 124 (112.000000 496.000000 -88.000000) (-200.000000 496.000000 -88.000000) (-216.000000 556.000000 -76.000000) (112.000000 556.000000 -76.000000) 
4 121 124 (-264.000000 496.000000 -88.000000) (-1272.000000 496.000000 -88.000000) (-1288.000000 556.000000 -76.000000) (-248.000000 556.000000 -76.000000) 
4 122 124 (-1336.000000 496.000000 -88.000000) (-2304.000000 496.000000 -88.000000) (-2320.000000 556.000000 -76.000000) (-1320.000000 556.000000 -76.000000) 
3 123 129 (-2560.000000 496.000000 -88.000000) (-2560.000000 521.027027 -48.671815) (-2560.000000 521.027027 -82.994595) 
5 123 128 (-2560.000000 521.027027 -48.671815) (-2560.000000 552.000000 0.000000) (-2560.000000 556.000000 0.000000) (-2560.000000 556.000000 -76.000000) (-2560.000000 521.027027 -82.994595) 
3 123 126 (-2496.000000 552.000000 0.000000) (-2560.000000 552.000000 0.000000) (-2560.000000 496.000000 -88.000000) 
4 123 124 (-2368.000000 496.000000 -88.000000) (-2560.000000 496.000000 -88.000000) (-2560.000000 556.000000 -76.000000) (-2352.000000 556.000000 -76.000000) 
4 124 129 (-2560.000000 521.027027 -384.000000) (-2560.000000 496.000000 -384.000000) (-2560.000000 496.000000 -88.000000) (-2560.000000 521.027027 -82.994595) 
4 124 128 (-2560.000000 556.000000 -384.000000) (-2560.000000 521.027027 -384.000000) (-2560.000000 521.027027 -82.994595) (-2560.000000 556.000000 -76.000000) 
4 126 129 (-2560.000000 496.000000 -88.000000) (-2560.000000 496.000000 0.000000) (-2560.000000 521.027027 0.000000) (-2560.000000 521.027027 -48.671815) 
3 126 128 (-2560.000000 521.027027 0.000000) (-2560.000000 552.000000 0.000000) (-2560.000000 521.027027 -48.671815) 
4 128 130 (-3280.965460 335.914274 -384.000000) (-2860.000000 444.000000 -384.000000) (-2860.000000 444.000000 0.000000) (-3280.965460 335.914274 0.000000) 
4 128 135 (-3556.184738 265.249865 -384.000000) (-3280.965460 335.914274 -384.000000) (-3280.965460 335.914274 0.000000) (-3556.184738 265.249865 0.000000) 
4 128 129 (-2712.000000 482.000000 -384.000000) (-2560.000000 521.027027 -384.000000) (-2560.000000 521.027027 0.000000) (-2712.000000 482.000000 0.000000) 
4 130 131 (-3214.566200 277.145318 -384.000000) (-2996.000000 380.000000 -384.000000) (-2996.000000 380.000000 0.000000) (-3214.566200 277.145318 0.000000) 
4 130 134 (-3292.353488 240.539535 -384.000000) (-3214.566200 277.145318 -384.000000) (-3214.566200 277.145318 0.000000) (-3292.353488 240.539535 0.000000) 
4 130 135 (-3280.965460 335.914274 0.000000) (-3280.965460 335.914274 -384.000000) (-3292.353488 240.539535 -384.000000) (-3292.353488 240.539535 0.000000) 
4 131 132 (-3176.204863 248.664252 -384.000000) (-3114.000000 294.000000 -384.000000) (-3114.000000 294.000000 0.000000) (-3176.204863 248.664252 0.000000) 
4 131 133 (-3239.923849 202.224991 -384.000000) (-3176.204863 248.664252 -384.000000) (-3176.204863 248.664252 0.000000) (-3239.923849 202.224991 0.000000) 
4 131 134 (-3214.566200 277.145318 -384.000000) (-3239.923849 202.224991 -384.000000) (-3239.923849 202.224991 0.000000) (-3214.566200 277.145318 0.000000) 
4 132 133 (-3176.204863 248.664252 -384.000000) (-3212.000000 190.000000 -384.000000) (-3212.000000 190.000000 0.000000) (-3176.204863 248.664252 0.000000) 
4 133 134 (-3239.923849 202.224991 -384.000000) (-3284.000000 72.000000 -384.000000) (-3284.000000 72.000000 0.000000) (-3239.923849 202.224991 0.000000) 
4 134 135 (-3292.353488 240.539535 -384.000000) (-3328.000000 -58.000000 -384.000000) (-3328.000000 -58.000000 0.000000) (-3292.353488 240.539535 0.000000) 
3 135 151 (-3624.000000 -192.000000 0.000000) (-3680.000000 -192.000000 0.000000) (-3680.000000 -192.000000 -88.000000) 
4 135 147 (-3472.000000 -192.000000 -360.000000) (-3472.000000 -192.000000 -46.400000) (-3552.000000 -192.000000 -62.400000) (-3552.000000 -192.000000 -360.000000) 
4 135 148 (-3680.000000 -192.000000 -384.000000) (-3552.000000 -192.000000 -384.000000) (-3552.000000 -192.000000 -62.400000) (-3680.000000 -192.000000 -88.000000) 
4 135 144 (-3620.000000 -192.000000 0.000000) (-3624.000000 -192.000000 0.000000) (-3680.000000 -192.000000 -88.000000) (-3620.000000 -192.000000 -76.000000) 
4 135 143 (-3472.000000 -192.000000 -46.400000) (-3472.000000 -192.000000 0.000000) (-3620.000000 -192.000000 0.000000) (-3620.000000 -192.000000 -76.000000) 
4 135 137 (-3344.000000 -192.000000 -88.000000) (-3400.000000 -192.000000 0.000000) (-3404.000000 -192.000000 0.000000) (-3404.000000 -192.000000 -76.000000) 
4 135 140 (-3404.000000 -192.000000 -384.000000) (-3344.000000 -192.000000 -384.000000) (-3344.000000 -192.000000 -88.000000) (-3404.000000 -192.000000 -76.000000) 
4 135 141 (-3472.000000 -192.000000 -384.000000) (-3404.000000 -192.000000 -384.000000) (-3404.000000 -192.000000 0.000000) (-3472.000000 -192.000000 0.000000) 
3 135 136 (-3344.000000 -192.000000 -88.000000) (-3344.000000 -192.000000 0.000000) (-3400.000000 -192.000000 0.000000) 
4 136 137 (-3400.000000 -448.000000 0.000000) (-3400.000000 -192.000000 0.000000) (-3344.000000 -192.000000 -88.000000) (-3344.000000 -384.000000 -88.000000) 
4 137 140 (-3404.000000 -568.000000 -76.000000) (-3404.000000 -192.000000 -76.000000) (-3344.000000 -192.000000 -88.000000) (-3344.000000 -552.000000 -88.000000) 
4 137 141 (-3404.000000 -568.000000 0.000000) (-3404.000000 -192.000000 0.000000) (-3404.000000 -192.000000 -76.000000) (-3404.000000 -568.000000 -76.000000) 
4 138 141 (-3404.000000 -1168.000000 0.000000) (-3404.000000 -600.000000 0.000000) (-3404.000000 -600.000000 -76.000000) (-3404.000000 -1168.000000 -76.000000) 
4 138 140 (-3404.000000 -1168.000000 -76.000000) (-3404.000000 -600.000000 -76.000000) (-3344.000000 -616.000000 -88.000000) (-3344.000000 -1152.000000 -88.000000) 
4 139 141 (-3404.000000 -1600.000000 -76.000000) (-3404.000000 -1600.000000 0.000000) (-3404.000000 -1200.000000 0.000000) (-3404.000000 -1200.000000 -76.000000) 
4 139 140 (-3344.000000 -1600.000000 -88.000000) (-3404.000000 -1600.000000 -76.000000) (-3404.000000 -1200.000000 -76.000000) (-3344.000000 -1216.000000 -88.000000) 
5 140 142 (-3404.000000 -1600.000000 -384.000000) (-3360.000000 -1600.000000 -384.000000) (-3360.000000 -1600.000000 -120.000000) (-3384.000000 -1600.000000 -96.000000) (-3404.000000 -1600.000000 -96.000000) 
4 140 141 (-3404.000000 -192.000000 -384.000000) (-3404.000000 -1600.000000 -384.000000) (-3404.000000 -1600.000000 -76.000000) (-3404.000000 -192.000000 -76.000000) 
4 141 147 (-3472.000000 -1600.000000 -360.000000) (-3472.000000 -1600.000000 -46.400000) (-3472.000000 -192.000000 -46.400000) (-3472.000000 -192.000000 -360.000000) 
4 141 143 (-3472.000000 -1600.000000 -46.400000) (-3472.000000 -1600.000000 0.000000) (-3472.000000 -192.000000 0.000000) (-3472.000000 -192.000000 -46.400000) 
4 141 142 (-3472.000000 -1600.000000 -384.000000) (-3404.000000 -1600.000000 -384.000000) (-3404.000000 -1600.000000 -96.000000) (-3472.000000 -1600.000000 -96.000000) 
5 142 152 (-3472.000000 -1648.000000 -96.000000) (-3472.000000 -1648.000000 -384.000000) (-3360.000000 -1648.000000 -384.000000) (-3360.000000 -1648.000000 -120.000000) (-3384.000000 -1648.000000 -96.000000) 
4 142 149 (-3472.000000 -1648.000000 -360.000000) (-3472.000000 -1648.000000 -96.000000) (-3472.000000 -1600.000000 -96.000000) (-3472.000000 -1600.000000 -360.000000) 
4 143 147 (-3552.000000 -192.000000 -62.400000) (-3472.000000 -192.000000 -46.400000) (-3472.000000 -1600.000000 -46.400000) (-3552.000000 -1600.000000 -62.400000) 
4 143 148 (-3620.000000 -192.000000 -76.000000) (-3552.000000 -192.000000 -62.400000) (-3552.000000 -1600.000000 -62.400000) (-3620.000000 -1600.000000 -76.000000) 
4 143 146 (-3620.000000 -1200.000000 -76.000000) (-3620.000000 -1600.000000 -76.000000) (-3620.000000 -1600.000000 0.000000) (-3620.000000 -1200.000000 0.000000) 
4 143 145 (-3620.000000 -600.000000 -76.000000) (-3620.000000 -1168.000000 -76.000000) (-3620.000000 -1168.000000 0.000000) (-3620.000000 -600.000000 0.000000) 
4 143 144 (-3620.000000 -192.000000 -76.000000) (-3620.000000 -568.000000 -76.000000) (-3620.000000 -568.000000 0.000000) (-3620.000000 -192.000000 0.000000) 
4 144 151 (-3624.000000 -448.000000 0.000000) (-3624.000000 -192.000000 0.000000) (-3680.000000 -192.000000 -88.000000) (-3680.000000 -384.000000 -88.000000) 
4 144 148 (-3680.000000 -552.000000 -88.000000) (-3680.000000 -192.000000 -88.000000) (-3620.000000 -192.000000 -76.000000) (-3620.000000 -568.000000 -76.000000) 
4 145 148 (-3680.000000 -1152.000000 -88.000000) (-3680.000000 -616.000000 -88.000000) (-3620.000000 -600.000000 -76.000000) (-3620.000000 -1168.000000 -76.000000) 
4 146 148 (-3680.000000 -1600.000000 -88.000000) (-3680.000000 -1216.000000 -88.000000) (-3620.000000 -1200.000000 -76.000000) (-3620.000000 -1600.000000 -76.000000) 
4 147 149 (-3552.000000 -1600.000000 -96.000000) (-3552.000000 -1600.000000 -360.000000) (-3472.000000 -1600.000000 -360.000000) (-3472.000000 -1600.000000 -96.000000) 
4 147 148 (-3552.000000 -192.000000 -62.400000) (-3552.000000 -192.000000 -360.000000) (-3552.000000 -1600.000000 -360.000000) (-3552.000000 -1600.000000 -62.400000) 
4 148 150 (-3664.000000 -1600.000000 -360.000000) (-3664.000000 -1600.000000 -384.000000) (-3552.000000 -1600.000000 -384.000000) (-3552.000000 -1600.000000 -360.000000) 
5 148 149 (-3640.000000 -1600.000000 -96.000000) (-3664.000000 -1600.000000 -120.000000) (-3664.000000 -1600.000000 -360.000000) (-3552.000000 -1600.000000 -360.000000) (-3552.000000 -1600.000000 -96.000000) 
5 149 152 (-3472.000000 -1648.000000 -360.000000) (-3472.000000 -1648.000000 -96.000000) (-3640.000000 -1648.000000 -96.000000) (-3664.000000 -1648.000000 -120.000000) (-3664.000000 -1648.000000 -360.000000) 
4 149 150 (-3552.000000 -1648.000000 -360.000000) (-3664.000000 -1648.000000 -360.000000) (-3664.000000 -1600.000000 -360.000000) (-3552.000000 -1600.000000 -360.000000) 
4 150 152 (-3664.000000 -1648.000000 -384.000000) (-3552.000000 -1648.000000 -384.000000) (-3552.000000 -1648.000000 -360.000000) (-3664.000000 -1648.000000 -360.000000) 
4 152 153 (-3528.000000 -1656.000000 -384.000000) (-3496.000000 -1656.000000 -384.000000) (-3496.000000 -1656.000000 -80.000000) (-3528.000000 -1656.000000 -80.000000) 
