hlcsg v3.4 VL30 (Nov 23 2012)
Zoner's Half-Life Compilation Tools -- Custom Build
Based on code modifications by Sean 'Zoner' Cavanaugh
Based on Valve's version, modified with permission.
Submit detailed bug reports to (vluzacn@163.com)
-----  BEGIN  hlcsg -----
Command line: C:/MyStuff/Work/HLDMCOMPTOOLS/hlcsg.exe C:\MyStuff\Games\Steam\steamapps\common\Half-Life\justfight\maps\trainride5 
Arguments: C:\MyStuff\Games\Steam\steamapps\common\Half-Life\justfight\maps\trainride5 -low -wadautodetect 
Entering C:\MyStuff\Games\Steam\steamapps\common\Half-Life\justfight\maps\trainride5.map

Current hlcsg Settings
Name                 |  Setting  |  Default
---------------------|-----------|-------------------------
threads               [      12 ] [  Varies ]
verbose               [     off ] [     off ]
log                   [      on ] [      on ]
reset logfile         [      on ] [      on ]
developer             [       0 ] [       0 ]
chart                 [     off ] [     off ]
estimate              [     off ] [     off ]
max texture memory    [ 33554432 ] [ 33554432 ]
max lighting memory   [ 33554432 ] [ 33554432 ]
priority              [     Low ] [  Normal ]

noclip                [     off ] [     off ]
null texture stripping[      on ] [      on ]
clipnode economy mode [     off ] [     off ]
clip hull type        [  simple ] [  simple ]
onlyents              [     off ] [     off ]
wadtextures           [      on ] [      on ]
skyclip               [      on ] [      on ]
hullfile              [    None ] [    None ]
wadcfg by file        [    None ] [    None ]
wadcfg by name        [    None ] [    None ]
nullfile              [    None ] [    None ]
nullify trigger       [      on ] [      on ]
min surface area      [   0.000 ] [   0.000 ]
brush union threshold [   0.000 ] [   0.000 ]
map scaling           [    None ] [    None ]
light name optimize   [      on ] [      on ]
UTF8 game_text        [      on ] [      on ]

Using mapfile wad configuration
Wadfiles not in use by the map will be excluded
Wadinclude list :
[zhlt.wad]

CreateBrush:
 (0.09 seconds)
CSGBrush:
 (0.18 seconds)

Using Wadfile: /MyStuff/Games/Steam/steamapps/common/Half-Life/valve/halflife.wad
 - Contains 90 used textures, 98.90 percent of map (3116 textures in wad)
Including Wadfile: /MyStuff/Games/Steam/steamapps/common/Half-Life/justfight/zhlt.wad
 - Contains 1 used texture, 1.10 percent of map (8 textures in wad)

Wad files required to run the map: "halflife.wad;"

added 9 additional animating textures.
Texture usage is at 1.44 mb (of 32.00 mb MAX)
0.50 seconds elapsed

-----   END   hlcsg -----



hlbsp v3.4 VL30 (Nov 23 2012)
Zoner's Half-Life Compilation Tools -- Custom Build
Based on code modifications by Sean 'Zoner' Cavanaugh
Based on Valve's version, modified with permission.
Submit detailed bug reports to (vluzacn@163.com)
-----  BEGIN  hlbsp -----
Command line: C:/MyStuff/Work/HLDMCOMPTOOLS/hlbsp.exe C:\MyStuff\Games\Steam\steamapps\common\Half-Life\justfight\maps\trainride5 
Arguments: C:\MyStuff\Games\Steam\steamapps\common\Half-Life\justfight\maps\trainride5 -low -chart 

Current hlbsp Settings
Name               |  Setting  |  Default
-------------------|-----------|-------------------------
threads             [      12 ] [  Varies ]
verbose             [     off ] [     off ]
log                 [      on ] [      on ]
developer           [       0 ] [       0 ]
chart               [      on ] [     off ]
estimate            [     off ] [     off ]
max texture memory  [ 33554432 ] [ 33554432 ]
priority            [     Low ] [  Normal ]

noclip              [     off ] [     off ]
nofill              [     off ] [     off ]
noinsidefill        [     off ] [     off ]
noopt               [     off ] [     off ]
no clipnode merging [     off ] [     off ]
null tex. stripping [      on ] [      on ]
notjunc             [     off ] [     off ]
nobrink             [     off ] [     off ]
subdivide size      [     240 ] [     240 ] (Min 64) (Max 512)
max node size       [    1024 ] [    1024 ] (Min 64) (Max 65536)
remove hull 2       [     off ] [     off ]


SolidBSP [hull 0] 500...1000...1249 (0.07 seconds)
BSP generation successful, writing portal file 'C:\MyStuff\Games\Steam\steamapps\common\Half-Life\justfight\maps\trainride5.prt'
SolidBSP [hull 1] 500...Warning: Ambiguous leafnode content ( EMPTY and WATER ) at (-64,223,-388)-(-44,224,-385) in hull 1 of model 0 (entity: classname "worldspawn", origin "", targetname "")
1000...1422 (0.08 seconds)
SolidBSP [hull 2] 500...1000...1430 (0.08 seconds)
SolidBSP [hull 3] 500...1000...1477 (0.08 seconds)
Warning: No visible brushes in solid entity: model 54 (entity: classname "func_wall", origin "", targetname "", range (-384,1120,-304) - (-48,1168,-112))
Warning: No visible brushes in solid entity: model 55 (entity: classname "func_wall", origin "", targetname "", range (112,1120,-304) - (448,1168,-112))
Warning: No visible brushes in solid entity: model 56 (entity: classname "func_wall", origin "", targetname "", range (-880,1120,-304) - (-544,1168,-112))
Warning: No visible brushes in solid entity: model 57 (entity: classname "func_wall", origin "", targetname "", range (-1376,1120,-304) - (-1040,1168,-112))
Reduced 8837 clipnodes to 8464
Reduced 2389 texinfos to 1621
Reduced 99 texdatas to 92 (4360 bytes to 4052)
Reduced 12608 planes to 4099
FixBrinks:
Increased 8464 clipnodes to 8525.

Object names  Objects/Maxobjs  Memory / Maxmem  Fullness
------------  ---------------  ---------------  --------
models            133/512         8512/32768    (26.0%)
planes           4099/32768      81980/655360   (12.5%)
vertexes         5694/65535      68328/786420   ( 8.7%)
nodes            2666/32767      63984/786408   ( 8.1%)
texinfos         1621/32767      64840/1310680  ( 4.9%)
faces            4246/65535      84920/1310700  ( 6.5%)
* worldfaces     1763/32768          0/0        ( 5.4%)
clipnodes        8525/32767      68200/262136   (26.0%)
leaves           1999/32760      55972/917280   ( 6.1%)
* visleafs        452/8192           0/0        ( 5.5%)
marksurfaces     5332/65535      10664/131070   ( 8.1%)
surfedges       19575/512000     78300/2048000  ( 3.8%)
edges            9898/256000     39592/1024000  ( 3.9%)
texdata          [variable]       4052/33554432  ( 0.0%)
lightdata        [variable]          0/33554432  ( 0.0%)
visdata          [variable]          0/8388608  ( 0.0%)
entdata          [variable]      48491/2097152  ( 2.3%)
* AllocBlock       11/64             0/0        (17.2%)
92 textures referenced
=== Total BSP file data space used: 677835 bytes ===
Wad files required to run the map: "halflife.wad;"
1.12 seconds elapsed

-----   END   hlbsp -----



hlvis v3.4 VL30 (Nov 23 2012)
Zoner's Half-Life Compilation Tools -- Custom Build
Based on code modifications by Sean 'Zoner' Cavanaugh
Based on Valve's version, modified with permission.
Submit detailed bug reports to (vluzacn@163.com)
-----  BEGIN  hlvis -----
Command line: C:/MyStuff/Work/HLDMCOMPTOOLS/hlvis.exe C:\MyStuff\Games\Steam\steamapps\common\Half-Life\justfight\maps\trainride5 
Arguments: C:\MyStuff\Games\Steam\steamapps\common\Half-Life\justfight\maps\trainride5 -low 
 293 portalleafs
 745 numportals

-= Current hlvis Settings =-
Name               |  Setting  |  Default
-------------------|-----------|-------------------------
threads             [      12 ] [  Varies ]
verbose             [     off ] [     off ]
log                 [      on ] [      on ]
developer           [       0 ] [       0 ]
chart               [     off ] [     off ]
estimate            [     off ] [     off ]
max texture memory  [ 33554432 ] [ 33554432 ]
max vis distance    [       0 ] [       0 ]
priority            [     Low ] [  Normal ]

fast vis            [     off ] [     off ]
full vis            [     off ] [     off ]


BasePortalVis:
 (0.01 seconds)
LeafThread:
 (0.21 seconds)
average leafs visible: 98
g_visdatasize:10851  compressed from 10841
0.22 seconds elapsed

-----   END   hlvis -----



hlrad v3.4 VL30 (Nov 23 2012)
Zoner's Half-Life Compilation Tools -- Custom Build
Based on code modifications by Sean 'Zoner' Cavanaugh
Based on Valve's version, modified with permission.
Submit detailed bug reports to (vluzacn@163.com)
-----  BEGIN  hlrad -----
Command line: C:/MyStuff/Work/HLDMCOMPTOOLS/hlrad.exe -extra C:\MyStuff\Games\Steam\steamapps\common\Half-Life\justfight\maps\trainride5 
Arguments: -extra C:\MyStuff\Games\Steam\steamapps\common\Half-Life\justfight\maps\trainride5 -low 

-= Current hlrad Settings =-
Name                | Setting             | Default
--------------------|---------------------|-------------------------
threads              [                12 ] [            Varies ]
verbose              [               off ] [               off ]
log                  [                on ] [                on ]
developer            [                 0 ] [                 0 ]
chart                [               off ] [               off ]
estimate             [               off ] [               off ]
max texture memory   [          33554432 ] [          33554432 ]
max lighting memory  [          33554432 ] [          33554432 ]
priority             [               Low ] [            Normal ]

fast rad             [               off ] [               off ]
vismatrix algorithm  [            Sparse ] [            Sparse ]
oversampling (-extra)[                on ] [               off ]
bounces              [                 8 ] [                 8 ]
ambient light        [ 0.000 0.000 0.000 ] [ 0.000 0.000 0.000 ]
circus mode          [               off ] [               off ]

smoothing threshold  [            50.000 ] [            50.000 ]
smoothing threshold 2[         no change ] [         no change ]
direct threshold     [            10.000 ] [            10.000 ]
direct light scale   [             1.000 ] [             1.000 ]
coring threshold     [             0.001 ] [             0.001 ]
patch interpolation  [                on ] [                on ]

texscale             [                on ] [                on ]
patch subdividing    [                on ] [                on ]
chop value           [            64.000 ] [            64.000 ]
texchop value        [            32.000 ] [            32.000 ]

global fade          [             1.000 ] [             1.000 ]
global light scale   [ 2.000 2.000 2.000 ] [ 2.000 2.000 2.000 ]
global gamma         [ 0.550 0.550 0.550 ] [ 0.550 0.550 0.550 ]
global light scale   [             2.000 ] [             2.000 ]
global sky diffusion [             1.000 ] [             1.000 ]

spread angles        [                on ] [                on ]
opaque entities      [                on ] [                on ]
sky lighting fix     [                on ] [                on ]
incremental          [               off ] [               off ]
dump                 [               off ] [               off ]

colour jitter        [       0.0 0.0 0.0 ] [       0.0 0.0 0.0 ]
monochromatic jitter [       0.0 0.0 0.0 ] [       0.0 0.0 0.0 ]

custom shadows with bounce light
                     [               off ] [               off ]
rgb transfers        [               off ] [               off ]
minimum final light  [                 0 ] [                 0 ]
size of transfer     [         1 (16bit) ] [         1 (16bit) ]
size of rgbtransfer  [         2 (32bit) ] [         2 (32bit) ]
soft sky             [                on ] [                on ]
translucent depth    [             2.000 ] [             2.000 ]
block opaque         [                on ] [                on ]
ignore textures      [               off ] [               off ]
reflectivity gamma   [             1.760 ] [             1.760 ]
reflectivity scale   [             0.700 ] [             0.700 ]
blur size            [             1.000 ] [             1.000 ]
no emitter range     [               off ] [               off ]


Load Textures:
Using Wadfile: C:\MyStuff\Games\Steam\steamapps\common\Half-Life\justfight\maps\trainride5.wa_
92 textures referenced
Reading texlights from 'C:\MyStuff\Work\HLDMCOMPTOOLS\lights.rad'
0 opaque models
0 opaque faces
4246 faces
Create Patches : 11578 base patches
320679 square feet [46177816.00 square inches]
189 direct lights and 0 fast direct lights
4 light styles

BuildFacelights:
 (3.87 seconds)
BuildVisLeafs:
 (1.33 seconds)
visibility matrix   :   3.0 megs
MakeScales:
 (0.68 seconds)
Transfer Lists :     6800631 :    6.80M transfers
       Indices :     4760124 :    4.54M bytes
          Data :    13633827 :   13.00M bytes
Bounce 1 GatherLight:
 (0.03 seconds)
Bounce 2 GatherLight:
 (0.04 seconds)
Bounce 3 GatherLight:
 (0.04 seconds)
Bounce 4 GatherLight:
 (0.04 seconds)
Bounce 5 GatherLight:
 (0.04 seconds)
Bounce 6 GatherLight:
 (0.04 seconds)
Bounce 7 GatherLight:
 (0.04 seconds)
Bounce 8 GatherLight:
 (0.04 seconds)
FinalLightFace:
 (0.17 seconds)
6.69 seconds elapsed

-----   END   hlrad -----



