234
528
1
1
1
1
1
1
1
1
1
1
1
1
1
1
1
1
1
1
4
1
1
1
1
1
1
1
1
4
1
1
1
1
1
5
1
13
1
1
1
1
1
1
1
1
1
14
1
1
1
1
1
1
1
3
1
1
1
1
1
14
1
8
1
1
1
8
1
1
1
1
1
1
1
1
1
1
1
1
1
1
1
1
1
5
1
1
1
1
1
1
1
1
1
1
1
1
1
1
1
1
1
1
1
1
1
1
1
1
1
8
8
1
8
5
1
1
8
4
1
1
5
6
1
5
1
1
1
1
1
1
1
1
1
1
1
1
1
1
1
1
1
1
1
1
1
1
1
1
1
1
1
1
1
1
1
1
1
1
1
1
1
1
1
1
1
1
1
1
1
1
1
1
1
5
14
1
1
1
1
1
1
1
1
1
1
1
1
1
1
1
1
1
1
1
1
1
1
1
1
1
1
1
1
1
1
1
1
1
1
1
1
1
1
1
1
1
1
1
1
1
1
1
1
1
1
1
1
1
1
1
1
1
1
1
4 0 12 (3622.057143 3180.000000 448.000000) (3566.263158 3180.000000 448.000000) (3566.263158 3180.000000 415.200000) (3622.057143 3180.000000 415.200000) 
4 0 15 (3566.263158 3180.000000 415.200000) (3566.263158 3180.000000 96.000000) (3622.057143 3180.000000 96.000000) (3622.057143 3180.000000 415.200000) 
5 0 9 (3566.263158 3180.000000 372.000000) (3566.263158 3180.000000 448.000000) (3568.105263 3200.000000 448.000000) (3571.789474 3240.000000 408.000000) (3571.789474 3240.000000 360.000000) 
4 0 11 (3571.789474 3240.000000 96.000000) (3566.263158 3180.000000 96.000000) (3566.263158 3180.000000 372.000000) (3571.789474 3240.000000 360.000000) 
3 0 8 (3568.105263 3200.000000 448.000000) (3571.789474 3240.000000 448.000000) (3571.789474 3240.000000 408.000000) 
4 0 1 (3630.000000 3872.000000 96.000000) (3571.789474 3240.000000 96.000000) (3571.789474 3240.000000 448.000000) (3630.000000 3872.000000 448.000000) 
4 1 9 (3571.789474 3240.000000 360.000000) (3571.789474 3240.000000 408.000000) (3467.729730 3240.000000 408.000000) (3467.729730 3240.000000 360.000000) 
4 1 11 (3467.729730 3240.000000 96.000000) (3571.789474 3240.000000 96.000000) (3571.789474 3240.000000 360.000000) (3467.729730 3240.000000 360.000000) 
4 1 8 (3571.789474 3240.000000 408.000000) (3571.789474 3240.000000 448.000000) (3467.729730 3240.000000 448.000000) (3467.729730 3240.000000 408.000000) 
4 1 2 (3592.000000 3724.000000 96.000000) (3483.914274 3303.034540 96.000000) (3483.914274 3303.034540 448.000000) (3592.000000 3724.000000 448.000000) 
4 1 7 (3483.914274 3303.034540 96.000000) (3467.729730 3240.000000 96.000000) (3467.729730 3240.000000 448.000000) (3483.914274 3303.034540 448.000000) 
4 2 3 (3528.000000 3588.000000 96.000000) (3425.145318 3369.433800 96.000000) (3425.145318 3369.433800 448.000000) (3528.000000 3588.000000 448.000000) 
4 2 6 (3425.145318 3369.433800 96.000000) (3388.539535 3291.646512 96.000000) (3388.539535 3291.646512 448.000000) (3425.145318 3369.433800 448.000000) 
4 2 7 (3388.539535 3291.646512 96.000000) (3483.914274 3303.034540 96.000000) (3483.914274 3303.034540 448.000000) (3388.539535 3291.646512 448.000000) 
4 3 4 (3442.000000 3470.000000 96.000000) (3396.664252 3407.795137 96.000000) (3396.664252 3407.795137 448.000000) (3442.000000 3470.000000 448.000000) 
4 3 5 (3396.664252 3407.795137 96.000000) (3350.224991 3344.076151 96.000000) (3350.224991 3344.076151 448.000000) (3396.664252 3407.795137 448.000000) 
4 3 6 (3350.224991 3344.076151 96.000000) (3425.145318 3369.433800 96.000000) (3425.145318 3369.433800 448.000000) (3350.224991 3344.076151 448.000000) 
4 4 5 (3338.000000 3372.000000 96.000000) (3396.664252 3407.795137 96.000000) (3396.664252 3407.795137 448.000000) (3338.000000 3372.000000 448.000000) 
4 5 6 (3220.000000 3300.000000 96.000000) (3350.224991 3344.076151 96.000000) (3350.224991 3344.076151 448.000000) (3220.000000 3300.000000 448.000000) 
4 6 7 (3090.000000 3256.000000 96.000000) (3388.539535 3291.646512 96.000000) (3388.539535 3291.646512 448.000000) (3090.000000 3256.000000 448.000000) 
4 7 9 (3467.729730 3240.000000 360.000000) (3467.729730 3240.000000 408.000000) (2956.000000 3240.000000 408.000000) (2956.000000 3240.000000 360.000000) 
4 7 11 (2956.000000 3240.000000 96.000000) (3467.729730 3240.000000 96.000000) (3467.729730 3240.000000 360.000000) (2956.000000 3240.000000 360.000000) 
4 7 8 (3467.729730 3240.000000 408.000000) (3467.729730 3240.000000 448.000000) (2956.000000 3240.000000 448.000000) (2956.000000 3240.000000 408.000000) 
4 8 9 (2392.000000 3240.000000 408.000000) (3571.789474 3240.000000 408.000000) (3568.105263 3200.000000 448.000000) (2432.000000 3200.000000 448.000000) 
4 9 12 (3566.263158 3180.000000 448.000000) (2160.000000 3180.000000 448.000000) (2160.000000 3180.000000 415.200000) (3566.263158 3180.000000 415.200000) 
4 9 15 (2160.000000 3180.000000 415.200000) (2160.000000 3180.000000 372.000000) (3566.263158 3180.000000 372.000000) (3566.263158 3180.000000 415.200000) 
4 9 11 (3571.789474 3240.000000 360.000000) (3566.263158 3180.000000 372.000000) (2160.000000 3180.000000 372.000000) (2176.000000 3240.000000 360.000000) 
4 10 38 (1864.000000 3180.000000 372.000000) (1864.000000 3180.000000 384.000000) (1864.000000 3200.000000 384.000000) (1864.000000 3220.000000 364.000000) 
3 10 37 (1864.000000 3180.000000 400.000000) (1864.000000 3180.000000 420.000000) (1864.000000 3200.000000 400.000000) 
5 10 36 (1864.000000 3180.000000 420.000000) (1864.000000 3180.000000 448.000000) (1864.000000 3200.000000 448.000000) (1864.000000 3224.000000 424.000000) (1864.000000 3224.000000 376.000000) 
4 10 17 (1864.000000 3224.000000 424.000000) (1864.000000 3240.000000 408.000000) (1864.000000 3240.000000 360.000000) (1864.000000 3224.000000 376.000000) 
4 10 12 (2128.000000 3180.000000 448.000000) (1864.000000 3180.000000 448.000000) (1864.000000 3180.000000 415.200000) (2128.000000 3180.000000 415.200000) 
4 10 15 (1864.000000 3180.000000 415.200000) (1864.000000 3180.000000 372.000000) (2128.000000 3180.000000 372.000000) (2128.000000 3180.000000 415.200000) 
4 10 11 (2128.000000 3180.000000 372.000000) (1864.000000 3180.000000 372.000000) (1864.000000 3240.000000 360.000000) (2112.000000 3240.000000 360.000000) 
5 11 38 (1864.000000 3224.000000 96.000000) (1864.000000 3180.000000 96.000000) (1864.000000 3180.000000 372.000000) (1864.000000 3220.000000 364.000000) (1864.000000 3224.000000 360.000000) 
4 11 15 (1864.000000 3180.000000 372.000000) (1864.000000 3180.000000 96.000000) (3566.263158 3180.000000 96.000000) (3566.263158 3180.000000 372.000000) 
3 12 38 (1864.000000 3024.000000 384.000000) (1864.000000 2964.000000 372.000000) (1864.000000 2964.000000 384.000000) 
7 12 37 (1864.000000 2992.000000 448.000000) (1864.000000 3152.000000 448.000000) (1864.000000 3180.000000 420.000000) (1864.000000 3180.000000 415.200000) (1864.000000 3104.000000 400.000000) (1864.000000 2964.000000 400.000000) (1864.000000 2964.000000 420.000000) 
3 12 36 (1864.000000 3152.000000 448.000000) (1864.000000 3180.000000 448.000000) (1864.000000 3180.000000 420.000000) 
3 12 39 (1864.000000 2964.000000 448.000000) (1864.000000 2992.000000 448.000000) (1864.000000 2964.000000 420.000000) 
4 12 14 (2128.000000 2964.000000 448.000000) (1864.000000 2964.000000 448.000000) (1864.000000 2964.000000 372.000000) (2128.000000 2964.000000 372.000000) 
4 12 13 (3270.000000 2964.000000 372.000000) (3270.000000 2964.000000 448.000000) (2160.000000 2964.000000 448.000000) (2160.000000 2964.000000 372.000000) 
6 12 15 (3348.000000 2990.000000 377.200000) (3270.000000 2964.000000 372.000000) (1864.000000 2964.000000 372.000000) (1864.000000 3180.000000 415.200000) (3622.057143 3180.000000 415.200000) (3524.000000 3092.000000 397.600000) 
5 13 16 (3210.000000 2944.000000 448.000000) (2432.000000 2944.000000 448.000000) (2392.000000 2904.000000 408.000000) (2956.000000 2904.000000 408.000000) (3156.000000 2926.000000 430.000000) 
5 13 15 (3270.000000 2964.000000 372.000000) (3156.000000 2926.000000 364.400000) (2956.000000 2904.000000 360.000000) (2176.000000 2904.000000 360.000000) (2160.000000 2964.000000 372.000000) 
4 14 38 (1864.000000 2964.000000 384.000000) (1864.000000 2964.000000 372.000000) (1864.000000 2924.000000 364.000000) (1864.000000 2944.000000 384.000000) 
3 14 37 (1864.000000 2964.000000 420.000000) (1864.000000 2964.000000 400.000000) (1864.000000 2944.000000 400.000000) 
5 14 39 (1864.000000 2944.000000 448.000000) (1864.000000 2964.000000 448.000000) (1864.000000 2964.000000 420.000000) (1864.000000 2904.000000 360.000000) (1864.000000 2904.000000 408.000000) 
4 14 15 (2112.000000 2904.000000 360.000000) (1864.000000 2904.000000 360.000000) (1864.000000 2964.000000 372.000000) (2128.000000 2964.000000 372.000000) 
6 15 38 (1864.000000 3180.000000 384.000000) (1864.000000 3180.000000 96.000000) (1864.000000 2920.000000 96.000000) (1864.000000 2920.000000 360.000000) (1864.000000 2924.000000 364.000000) (1864.000000 3024.000000 384.000000) 
3 15 37 (1864.000000 3180.000000 415.200000) (1864.000000 3180.000000 400.000000) (1864.000000 3104.000000 400.000000) 
4 17 36 (1864.000000 3224.000000 376.000000) (1864.000000 3224.000000 424.000000) (1856.000000 3224.000000 424.000000) (1856.000000 3224.000000 376.000000) 
4 18 22 (1824.000000 3240.000000 360.000000) (1824.000000 3240.000000 632.000000) (1816.000000 3240.000000 632.000000) (1816.000000 3240.000000 360.000000) 
4 18 23 (1168.000000 3240.000000 160.000000) (1816.000000 3240.000000 160.000000) (1816.000000 3240.000000 632.000000) (1168.000000 3240.000000 632.000000) 
3 18 20 (1168.000000 3320.000000 512.000000) (1168.000000 3288.000000 512.000000) (1168.000000 3288.000000 560.000000) 
3 18 19 (1168.000000 3320.000000 320.000000) (1168.000000 3288.000000 256.000000) (1168.000000 3288.000000 320.000000) 
4 18 21 (1168.000000 3288.000000 256.000000) (1168.000000 3240.000000 160.000000) (1168.000000 3240.000000 632.000000) (1168.000000 3288.000000 560.000000) 
3 19 28 (1152.000000 3312.000000 304.000000) (1152.000000 3288.000000 256.000000) (1152.000000 3288.000000 304.000000) 
4 19 21 (1152.000000 3288.000000 256.000000) (1168.000000 3288.000000 256.000000) (1168.000000 3288.000000 320.000000) (1152.000000 3288.000000 304.000000) 
3 20 25 (1152.000000 3288.000000 560.000000) (1152.000000 3309.333333 528.000000) (1152.000000 3288.000000 528.000000) 
4 20 21 (1168.000000 3288.000000 512.000000) (1168.000000 3288.000000 560.000000) (1152.000000 3288.000000 560.000000) (1152.000000 3288.000000 528.000000) 
4 21 29 (1152.000000 3240.000000 160.000000) (1152.000000 3240.000000 320.000000) (1152.000000 3288.000000 320.000000) (1152.000000 3288.000000 256.000000) 
4 21 27 (1152.000000 3240.000000 320.000000) (1152.000000 3240.000000 512.000000) (1152.000000 3288.000000 512.000000) (1152.000000 3288.000000 320.000000) 
4 21 26 (1152.000000 3240.000000 512.000000) (1152.000000 3240.000000 528.000000) (1152.000000 3288.000000 528.000000) (1152.000000 3288.000000 512.000000) 
4 21 25 (1152.000000 3240.000000 528.000000) (1152.000000 3240.000000 632.000000) (1152.000000 3288.000000 560.000000) (1152.000000 3288.000000 528.000000) 
4 21 23 (1152.000000 3240.000000 632.000000) (1152.000000 3240.000000 160.000000) (1168.000000 3240.000000 160.000000) (1168.000000 3240.000000 632.000000) 
4 22 40 (1824.000000 3224.000000 376.000000) (1824.000000 3224.000000 448.000000) (1816.000000 3224.000000 448.000000) (1816.000000 3224.000000 376.000000) 
4 22 35 (1824.000000 3224.000000 448.000000) (1824.000000 3224.000000 656.000000) (1816.000000 3224.000000 656.000000) (1816.000000 3224.000000 448.000000) 
4 22 23 (1816.000000 3224.000000 656.000000) (1816.000000 3240.000000 632.000000) (1816.000000 3240.000000 360.000000) (1816.000000 3224.000000 376.000000) 
4 23 46 (1152.000000 3224.000000 656.000000) (1152.000000 3224.000000 96.000000) (1168.000000 3224.000000 96.000000) (1168.000000 3224.000000 656.000000) 
4 23 45 (1168.000000 3224.000000 96.000000) (1816.000000 3224.000000 96.000000) (1816.000000 3224.000000 656.000000) (1168.000000 3224.000000 656.000000) 
4 23 34 (1152.000000 3240.000000 96.000000) (1152.000000 3224.000000 96.000000) (1152.000000 3224.000000 160.000000) (1152.000000 3240.000000 160.000000) 
4 23 29 (1152.000000 3224.000000 160.000000) (1152.000000 3224.000000 320.000000) (1152.000000 3240.000000 320.000000) (1152.000000 3240.000000 160.000000) 
4 23 27 (1152.000000 3224.000000 320.000000) (1152.000000 3224.000000 512.000000) (1152.000000 3240.000000 512.000000) (1152.000000 3240.000000 320.000000) 
4 23 26 (1152.000000 3224.000000 512.000000) (1152.000000 3224.000000 528.000000) (1152.000000 3240.000000 528.000000) (1152.000000 3240.000000 512.000000) 
4 23 25 (1152.000000 3224.000000 528.000000) (1152.000000 3224.000000 656.000000) (1152.000000 3240.000000 632.000000) (1152.000000 3240.000000 528.000000) 
4 24 27 (1040.000000 3584.000000 512.000000) (1040.000000 3776.000000 512.000000) (1152.000000 3776.000000 512.000000) (1152.000000 3584.000000 512.000000) 
4 25 50 (1152.000000 3224.000000 528.000000) (1152.000000 3224.000000 656.000000) (1040.000000 3224.000000 656.000000) (1040.000000 3224.000000 528.000000) 
3 25 31 (1040.000000 3288.000000 560.000000) (1040.000000 3309.333333 528.000000) (1040.000000 3288.000000 528.000000) 
4 25 32 (1040.000000 3224.000000 528.000000) (1040.000000 3224.000000 656.000000) (1040.000000 3288.000000 560.000000) (1040.000000 3288.000000 528.000000) 
4 25 26 (1152.000000 3224.000000 528.000000) (1040.000000 3224.000000 528.000000) (1040.000000 3288.000000 528.000000) (1152.000000 3288.000000 528.000000) 
4 26 50 (1152.000000 3224.000000 512.000000) (1152.000000 3224.000000 528.000000) (1040.000000 3224.000000 528.000000) (1040.000000 3224.000000 512.000000) 
4 26 32 (1040.000000 3288.000000 512.000000) (1040.000000 3224.000000 512.000000) (1040.000000 3224.000000 528.000000) (1040.000000 3288.000000 528.000000) 
4 26 27 (1152.000000 3224.000000 512.000000) (1040.000000 3224.000000 512.000000) (1040.000000 3288.000000 512.000000) (1152.000000 3288.000000 512.000000) 
4 27 53 (1152.000000 3224.000000 320.000000) (1152.000000 3224.000000 512.000000) (1040.000000 3224.000000 512.000000) (1040.000000 3224.000000 320.000000) 
4 27 32 (1040.000000 3288.000000 320.000000) (1040.000000 3224.000000 320.000000) (1040.000000 3224.000000 512.000000) (1040.000000 3288.000000 512.000000) 
4 27 29 (1040.000000 3224.000000 320.000000) (1040.000000 3288.000000 320.000000) (1152.000000 3288.000000 320.000000) (1152.000000 3224.000000 320.000000) 
3 28 30 (1040.000000 3312.000000 304.000000) (1040.000000 3288.000000 256.000000) (1040.000000 3288.000000 304.000000) 
4 28 29 (1152.000000 3288.000000 256.000000) (1152.000000 3288.000000 304.000000) (1040.000000 3288.000000 304.000000) (1040.000000 3288.000000 256.000000) 
4 29 56 (1040.000000 3224.000000 160.000000) (1152.000000 3224.000000 160.000000) (1152.000000 3224.000000 320.000000) (1040.000000 3224.000000 320.000000) 
4 29 34 (1152.000000 3224.000000 160.000000) (1040.000000 3224.000000 160.000000) (1040.000000 3240.000000 160.000000) (1152.000000 3240.000000 160.000000) 
5 29 32 (1040.000000 3240.000000 160.000000) (1040.000000 3224.000000 160.000000) (1040.000000 3224.000000 320.000000) (1040.000000 3288.000000 320.000000) (1040.000000 3288.000000 256.000000) 
3 30 33 (1024.000000 3320.000000 320.000000) (1024.000000 3288.000000 256.000000) (1024.000000 3288.000000 320.000000) 
4 30 32 (1024.000000 3288.000000 256.000000) (1040.000000 3288.000000 256.000000) (1040.000000 3288.000000 304.000000) (1024.000000 3288.000000 320.000000) 
3 31 33 (1024.000000 3288.000000 512.000000) (1024.000000 3288.000000 560.000000) (1024.000000 3320.000000 512.000000) 
4 31 32 (1040.000000 3288.000000 528.000000) (1040.000000 3288.000000 560.000000) (1024.000000 3288.000000 560.000000) (1024.000000 3288.000000 512.000000) 
4 32 56 (1024.000000 3224.000000 160.000000) (1040.000000 3224.000000 160.000000) (1040.000000 3224.000000 320.000000) (1024.000000 3224.000000 320.000000) 
4 32 54 (1040.000000 3224.000000 320.000000) (1040.000000 3224.000000 512.000000) (1024.000000 3224.000000 512.000000) (1024.000000 3224.000000 320.000000) 
4 32 50 (1040.000000 3224.000000 512.000000) (1040.000000 3224.000000 656.000000) (1024.000000 3224.000000 656.000000) (1024.000000 3224.000000 512.000000) 
4 32 34 (1040.000000 3224.000000 160.000000) (1024.000000 3224.000000 160.000000) (1024.000000 3240.000000 160.000000) (1040.000000 3240.000000 160.000000) 
5 32 33 (1024.000000 3288.000000 256.000000) (1024.000000 3240.000000 160.000000) (1024.000000 3224.000000 160.000000) (1024.000000 3224.000000 656.000000) (1024.000000 3288.000000 560.000000) 
4 33 63 (376.000000 3224.000000 376.000000) (376.000000 3224.000000 400.000000) (376.000000 3240.000000 400.000000) (376.000000 3240.000000 360.000000) 
4 33 62 (376.000000 3240.000000 400.000000) (376.000000 3320.000000 400.000000) (376.000000 3320.000000 320.000000) (376.000000 3240.000000 160.000000) 
4 33 61 (376.000000 3224.000000 400.000000) (376.000000 3224.000000 656.000000) (376.000000 3320.000000 512.000000) (376.000000 3320.000000 400.000000) 
4 33 59 (376.000000 3224.000000 656.000000) (376.000000 3224.000000 160.000000) (1024.000000 3224.000000 160.000000) (1024.000000 3224.000000 656.000000) 
4 33 34 (1024.000000 3224.000000 160.000000) (376.000000 3224.000000 160.000000) (376.000000 3240.000000 160.000000) (1024.000000 3240.000000 160.000000) 
4 34 60 (376.000000 3224.000000 160.000000) (376.000000 3224.000000 96.000000) (1152.000000 3224.000000 96.000000) (1152.000000 3224.000000 160.000000) 
5 35 45 (1816.000000 2824.000000 448.000000) (1816.000000 2824.000000 512.000000) (1816.000000 2920.000000 656.000000) (1816.000000 3224.000000 656.000000) (1816.000000 3224.000000 448.000000) 
4 35 44 (1824.000000 2824.000000 448.000000) (1816.000000 2824.000000 448.000000) (1816.000000 2904.000000 448.000000) (1824.000000 2904.000000 448.000000) 
4 35 43 (1816.000000 2904.000000 448.000000) (1816.000000 2992.000000 448.000000) (1824.000000 2992.000000 448.000000) (1824.000000 2904.000000 448.000000) 
4 35 41 (1816.000000 2992.000000 448.000000) (1816.000000 3152.000000 448.000000) (1824.000000 3152.000000 448.000000) (1824.000000 2992.000000 448.000000) 
4 35 40 (1816.000000 3152.000000 448.000000) (1816.000000 3224.000000 448.000000) (1824.000000 3224.000000 448.000000) (1824.000000 3152.000000 448.000000) 
4 36 37 (1864.000000 3200.000000 400.000000) (1864.000000 3152.000000 448.000000) (1856.000000 3152.000000 448.000000) (1856.000000 3200.000000 400.000000) 
4 37 39 (1856.000000 2992.000000 448.000000) (1856.000000 2944.000000 400.000000) (1864.000000 2944.000000 400.000000) (1864.000000 2992.000000 448.000000) 
6 38 42 (1856.000000 3224.000000 360.000000) (1856.000000 3224.000000 96.000000) (1856.000000 2920.000000 96.000000) (1856.000000 2920.000000 360.000000) (1856.000000 2944.000000 384.000000) (1856.000000 3200.000000 384.000000) 
3 40 45 (1816.000000 3152.000000 448.000000) (1816.000000 3224.000000 448.000000) (1816.000000 3224.000000 376.000000) 
4 40 41 (1824.000000 3152.000000 448.000000) (1816.000000 3152.000000 448.000000) (1816.000000 3200.000000 400.000000) (1824.000000 3200.000000 400.000000) 
4 41 45 (1816.000000 2944.000000 400.000000) (1816.000000 2992.000000 448.000000) (1816.000000 3152.000000 448.000000) (1816.000000 3200.000000 400.000000) 
4 41 43 (1824.000000 2992.000000 448.000000) (1816.000000 2992.000000 448.000000) (1816.000000 2944.000000 400.000000) (1824.000000 2944.000000 400.000000) 
3 42 49 (1816.000000 2936.000000 96.000000) (1816.000000 2920.000000 96.000000) (1816.000000 2920.000000 128.000000) 
7 42 45 (1816.000000 3224.000000 96.000000) (1816.000000 2936.000000 96.000000) (1816.000000 2920.000000 128.000000) (1816.000000 2920.000000 360.000000) (1816.000000 2944.000000 384.000000) (1816.000000 3200.000000 384.000000) (1816.000000 3224.000000 360.000000) 
3 43 45 (1816.000000 2904.000000 360.000000) (1816.000000 2904.000000 448.000000) (1816.000000 2992.000000 448.000000) 
4 43 44 (1824.000000 2904.000000 448.000000) (1816.000000 2904.000000 448.000000) (1816.000000 2904.000000 360.000000) (1824.000000 2904.000000 360.000000) 
4 44 45 (1816.000000 2824.000000 320.000000) (1816.000000 2824.000000 448.000000) (1816.000000 2904.000000 448.000000) (1816.000000 2904.000000 160.000000) 
4 45 49 (1816.000000 2936.000000 96.000000) (1816.000000 2904.000000 160.000000) (1168.000000 2904.000000 160.000000) (1168.000000 2936.000000 96.000000) 
3 45 48 (1168.000000 2824.000000 512.000000) (1168.000000 2856.000000 560.000000) (1168.000000 2856.000000 512.000000) 
3 45 47 (1168.000000 2856.000000 256.000000) (1168.000000 2824.000000 320.000000) (1168.000000 2856.000000 320.000000) 
6 45 46 (1168.000000 3224.000000 656.000000) (1168.000000 3224.000000 96.000000) (1168.000000 2936.000000 96.000000) (1168.000000 2856.000000 256.000000) (1168.000000 2856.000000 560.000000) (1168.000000 2920.000000 656.000000) 
4 46 60 (1152.000000 3224.000000 160.000000) (1152.000000 3224.000000 96.000000) (1152.000000 2936.000000 96.000000) (1152.000000 2904.000000 160.000000) 
5 46 56 (1152.000000 3224.000000 320.000000) (1152.000000 3224.000000 160.000000) (1152.000000 2904.000000 160.000000) (1152.000000 2856.000000 256.000000) (1152.000000 2856.000000 320.000000) 
4 46 53 (1152.000000 3224.000000 512.000000) (1152.000000 3224.000000 320.000000) (1152.000000 2856.000000 320.000000) (1152.000000 2856.000000 512.000000) 
5 46 50 (1152.000000 3224.000000 656.000000) (1152.000000 3224.000000 512.000000) (1152.000000 2856.000000 512.000000) (1152.000000 2856.000000 560.000000) (1152.000000 2920.000000 656.000000) 
4 46 49 (1152.000000 2904.000000 160.000000) (1152.000000 2936.000000 96.000000) (1168.000000 2936.000000 96.000000) (1168.000000 2904.000000 160.000000) 
4 46 48 (1168.000000 2856.000000 560.000000) (1152.000000 2856.000000 560.000000) (1152.000000 2856.000000 528.000000) (1168.000000 2856.000000 512.000000) 
4 46 47 (1152.000000 2856.000000 304.000000) (1152.000000 2856.000000 256.000000) (1168.000000 2856.000000 256.000000) (1168.000000 2856.000000 320.000000) 
3 47 58 (1152.000000 2856.000000 256.000000) (1152.000000 2832.000000 304.000000) (1152.000000 2856.000000 304.000000) 
3 48 51 (1152.000000 2834.666667 528.000000) (1152.000000 2856.000000 560.000000) (1152.000000 2856.000000 528.000000) 
3 49 60 (1152.000000 2936.000000 96.000000) (1152.000000 2904.000000 96.000000) (1152.000000 2904.000000 160.000000) 
5 50 59 (1024.000000 3224.000000 656.000000) (1024.000000 3224.000000 512.000000) (1024.000000 2856.000000 512.000000) (1024.000000 2856.000000 560.000000) (1024.000000 2920.000000 656.000000) 
4 50 54 (1024.000000 2856.000000 512.000000) (1024.000000 3224.000000 512.000000) (1040.000000 3224.000000 512.000000) (1040.000000 2856.000000 512.000000) 
4 50 53 (1040.000000 3224.000000 512.000000) (1152.000000 3224.000000 512.000000) (1152.000000 2856.000000 512.000000) (1040.000000 2856.000000 512.000000) 
3 50 52 (1024.000000 2856.000000 512.000000) (1040.000000 2856.000000 528.000000) (1024.000000 2856.000000 528.000000) 
4 50 51 (1152.000000 2856.000000 528.000000) (1152.000000 2856.000000 560.000000) (1024.000000 2856.000000 560.000000) (1024.000000 2856.000000 528.000000) 
3 51 59 (1024.000000 2834.666667 528.000000) (1024.000000 2856.000000 560.000000) (1024.000000 2856.000000 528.000000) 
4 51 52 (1040.000000 2834.666667 528.000000) (1024.000000 2834.666667 528.000000) (1024.000000 2856.000000 528.000000) (1040.000000 2856.000000 528.000000) 
4 52 59 (1024.000000 2856.000000 512.000000) (1024.000000 2824.000000 512.000000) (1024.000000 2834.666667 528.000000) (1024.000000 2856.000000 528.000000) 
4 53 56 (1040.000000 3224.000000 320.000000) (1152.000000 3224.000000 320.000000) (1152.000000 2856.000000 320.000000) (1040.000000 2856.000000 320.000000) 
4 53 55 (1040.000000 2560.000000 320.000000) (1152.000000 2560.000000 320.000000) (1152.000000 2560.000000 512.000000) (1040.000000 2560.000000 512.000000) 
4 53 54 (1040.000000 2856.000000 512.000000) (1040.000000 3224.000000 512.000000) (1040.000000 3224.000000 320.000000) (1040.000000 2856.000000 320.000000) 
4 54 59 (1024.000000 3224.000000 512.000000) (1024.000000 3224.000000 320.000000) (1024.000000 2856.000000 320.000000) (1024.000000 2856.000000 512.000000) 
4 54 56 (1024.000000 2856.000000 320.000000) (1024.000000 3224.000000 320.000000) (1040.000000 3224.000000 320.000000) (1040.000000 2856.000000 320.000000) 
4 56 60 (1024.000000 2904.000000 160.000000) (1024.000000 3224.000000 160.000000) (1152.000000 3224.000000 160.000000) (1152.000000 2904.000000 160.000000) 
5 56 59 (1024.000000 3224.000000 320.000000) (1024.000000 3224.000000 160.000000) (1024.000000 2904.000000 160.000000) (1024.000000 2856.000000 256.000000) (1024.000000 2856.000000 320.000000) 
3 56 57 (1024.000000 2856.000000 320.000000) (1024.000000 2856.000000 304.000000) (1040.000000 2856.000000 304.000000) 
4 56 58 (1024.000000 2856.000000 304.000000) (1024.000000 2856.000000 256.000000) (1152.000000 2856.000000 256.000000) (1152.000000 2856.000000 304.000000) 
4 57 59 (1024.000000 2832.000000 304.000000) (1024.000000 2824.000000 320.000000) (1024.000000 2856.000000 320.000000) (1024.000000 2856.000000 304.000000) 
4 57 58 (1040.000000 2832.000000 304.000000) (1024.000000 2832.000000 304.000000) (1024.000000 2856.000000 304.000000) (1040.000000 2856.000000 304.000000) 
3 58 59 (1024.000000 2856.000000 256.000000) (1024.000000 2832.000000 304.000000) (1024.000000 2856.000000 304.000000) 
5 59 68 (376.000000 2920.000000 656.000000) (376.000000 2920.000000 376.000000) (376.000000 2837.333333 293.333333) (376.000000 2824.000000 320.000000) (376.000000 2824.000000 512.000000) 
3 59 67 (376.000000 2904.000000 160.000000) (376.000000 2837.333333 293.333333) (376.000000 2904.000000 360.000000) 
3 59 65 (376.000000 2920.000000 656.000000) (376.000000 3200.000000 656.000000) (376.000000 2920.000000 376.000000) 
6 59 64 (376.000000 3224.000000 360.000000) (376.000000 3224.000000 160.000000) (376.000000 2920.000000 160.000000) (376.000000 2920.000000 360.000000) (376.000000 2944.000000 384.000000) (376.000000 3200.000000 384.000000) 
3 59 63 (376.000000 3224.000000 400.000000) (376.000000 3224.000000 376.000000) (376.000000 3200.000000 400.000000) 
4 59 61 (376.000000 3200.000000 656.000000) (376.000000 3224.000000 656.000000) (376.000000 3224.000000 400.000000) (376.000000 2944.000000 400.000000) 
4 59 60 (376.000000 2904.000000 160.000000) (376.000000 3224.000000 160.000000) (1024.000000 3224.000000 160.000000) (1024.000000 2904.000000 160.000000) 
4 60 64 (376.000000 2920.000000 160.000000) (376.000000 3224.000000 160.000000) (376.000000 3224.000000 96.000000) (376.000000 2920.000000 96.000000) 
4 61 65 (376.000000 3200.000000 656.000000) (368.000000 3200.000000 656.000000) (368.000000 2944.000000 400.000000) (376.000000 2944.000000 400.000000) 
4 61 63 (376.000000 3240.000000 400.000000) (376.000000 3200.000000 400.000000) (368.000000 3200.000000 400.000000) (368.000000 3240.000000 400.000000) 
4 61 62 (368.000000 3320.000000 400.000000) (376.000000 3320.000000 400.000000) (376.000000 3240.000000 400.000000) (368.000000 3240.000000 400.000000) 
4 62 63 (376.000000 3240.000000 360.000000) (376.000000 3240.000000 400.000000) (368.000000 3240.000000 400.000000) (368.000000 3240.000000 360.000000) 
6 64 66 (328.000000 2920.000000 96.000000) (328.000000 2920.000000 360.000000) (328.000000 2944.000000 384.000000) (328.000000 3200.000000 384.000000) (328.000000 3224.000000 360.000000) (328.000000 3224.000000 96.000000) 
4 65 68 (376.000000 2920.000000 376.000000) (376.000000 2920.000000 656.000000) (368.000000 2920.000000 656.000000) (368.000000 2920.000000 376.000000) 
4 66 84 (-387.085714 2920.000000 96.000000) (-360.000000 2920.000000 96.000000) (-360.000000 2920.000000 160.000000) (-387.085714 2920.000000 160.000000) 
4 66 77 (-360.000000 2920.000000 160.000000) (-360.000000 2920.000000 512.000000) (-387.085714 2920.000000 512.000000) (-387.085714 2920.000000 160.000000) 
4 66 70 (288.545455 2920.000000 96.000000) (328.000000 2920.000000 96.000000) (328.000000 2920.000000 512.000000) (288.545455 2920.000000 512.000000) 
4 66 69 (-179.621622 2920.000000 96.000000) (288.545455 2920.000000 96.000000) (288.545455 2920.000000 512.000000) (-179.621622 2920.000000 512.000000) 
4 66 76 (-360.000000 2920.000000 96.000000) (-179.621622 2920.000000 96.000000) (-179.621622 2920.000000 512.000000) (-360.000000 2920.000000 512.000000) 
4 67 68 (368.000000 2904.000000 360.000000) (368.000000 2837.333333 293.333333) (376.000000 2837.333333 293.333333) (376.000000 2904.000000 360.000000) 
4 69 72 (-0.904459 2822.032337 96.000000) (64.000000 2844.000000 96.000000) (64.000000 2844.000000 512.000000) (-0.904459 2822.032337 512.000000) 
4 69 71 (-66.224991 2799.923849 96.000000) (-0.904459 2822.032337 96.000000) (-0.904459 2822.032337 512.000000) (-66.224991 2799.923849 512.000000) 
4 69 73 (-141.145318 2774.566200 96.000000) (-66.224991 2799.923849 96.000000) (-66.224991 2799.923849 512.000000) (-141.145318 2774.566200 512.000000) 
4 69 74 (-224.178506 2746.462659 96.000000) (-141.145318 2774.566200 96.000000) (-141.145318 2774.566200 512.000000) (-224.178506 2746.462659 512.000000) 
4 69 70 (194.000000 2888.000000 96.000000) (288.545455 2920.000000 96.000000) (288.545455 2920.000000 512.000000) (194.000000 2888.000000 512.000000) 
4 69 76 (-179.621622 2920.000000 96.000000) (-224.178506 2746.462659 96.000000) (-224.178506 2746.462659 512.000000) (-179.621622 2920.000000 512.000000) 
4 71 72 (-54.000000 2772.000000 96.000000) (-0.904459 2822.032337 96.000000) (-0.904459 2822.032337 512.000000) (-54.000000 2772.000000 512.000000) 
4 71 73 (-66.224991 2799.923849 96.000000) (-158.000000 2674.000000 96.000000) (-158.000000 2674.000000 512.000000) (-66.224991 2799.923849 512.000000) 
4 73 74 (-141.145318 2774.566200 96.000000) (-244.000000 2556.000000 96.000000) (-244.000000 2556.000000 512.000000) (-141.145318 2774.566200 512.000000) 
4 74 76 (-224.178506 2746.462659 96.000000) (-308.000000 2420.000000 96.000000) (-308.000000 2420.000000 512.000000) (-224.178506 2746.462659 512.000000) 
4 75 84 (-360.000000 2217.473684 96.000000) (-360.000000 2120.000000 96.000000) (-360.000000 2120.000000 160.000000) (-360.000000 2217.473684 160.000000) 
4 75 77 (-360.000000 2120.000000 160.000000) (-360.000000 2120.000000 512.000000) (-360.000000 2217.473684 512.000000) (-360.000000 2217.473684 160.000000) 
4 75 76 (-346.000000 2272.000000 96.000000) (-360.000000 2217.473684 96.000000) (-360.000000 2217.473684 512.000000) (-346.000000 2272.000000 512.000000) 
4 76 84 (-360.000000 2920.000000 160.000000) (-360.000000 2920.000000 96.000000) (-360.000000 2217.473684 96.000000) (-360.000000 2217.473684 160.000000) 
4 76 77 (-360.000000 2920.000000 512.000000) (-360.000000 2920.000000 160.000000) (-360.000000 2217.473684 160.000000) (-360.000000 2217.473684 512.000000) 
8 77 84 (-360.000000 2920.000000 160.000000) (-360.000000 2120.000000 160.000000) (-696.000000 2120.000000 160.000000) (-676.000000 2338.000000 160.000000) (-618.000000 2548.000000 160.000000) (-524.000000 2742.000000 160.000000) (-396.000000 2912.000000 160.000000) (-387.085714 2920.000000 160.000000) 
4 77 80 (-360.000000 2120.000000 160.000000) (-360.000000 2120.000000 512.000000) (-696.000000 2120.000000 512.000000) (-696.000000 2120.000000 160.000000) 
6 78 86 (-1280.000000 2560.000000 160.000000) (-1280.000000 2304.000000 160.000000) (-1280.000000 2304.000000 344.000000) (-1280.000000 2344.000000 384.000000) (-1280.000000 2520.000000 384.000000) (-1280.000000 2560.000000 344.000000) 
6 78 79 (-1280.000000 2120.000000 160.000000) (-1024.000000 2120.000000 160.000000) (-1024.000000 2304.000000 344.000000) (-1064.000000 2344.000000 384.000000) (-1240.000000 2344.000000 384.000000) (-1280.000000 2304.000000 344.000000) 
6 79 83 (-1280.000000 2120.000000 344.000000) (-1280.000000 2120.000000 160.000000) (-1024.000000 2120.000000 160.000000) (-1024.000000 2120.000000 344.000000) (-1064.000000 2120.000000 384.000000) (-1240.000000 2120.000000 384.000000) 
4 80 102 (-696.000000 2048.000000 432.000000) (-696.000000 2048.000000 160.000000) (-392.000000 2048.000000 160.000000) (-392.000000 2048.000000 432.000000) 
4 80 100 (-664.000000 2048.000000 512.000000) (-696.000000 2048.000000 512.000000) (-696.000000 2048.000000 432.000000) (-664.000000 2048.000000 432.000000) 
4 80 99 (-392.000000 2048.000000 512.000000) (-664.000000 2048.000000 512.000000) (-664.000000 2048.000000 432.000000) (-392.000000 2048.000000 432.000000) 
4 80 98 (-360.000000 2048.000000 160.000000) (-360.000000 2048.000000 432.000000) (-392.000000 2048.000000 432.000000) (-392.000000 2048.000000 160.000000) 
4 80 96 (-360.000000 2048.000000 432.000000) (-360.000000 2048.000000 512.000000) (-392.000000 2048.000000 512.000000) (-392.000000 2048.000000 432.000000) 
4 80 85 (-360.000000 2120.000000 160.000000) (-360.000000 2048.000000 160.000000) (-696.000000 2048.000000 160.000000) (-696.000000 2120.000000 160.000000) 
4 80 81 (-696.000000 2088.000000 160.000000) (-696.000000 2048.000000 160.000000) (-696.000000 2048.000000 448.000000) (-696.000000 2088.000000 448.000000) 
4 81 103 (-696.000000 2048.000000 160.000000) (-696.000000 2048.000000 448.000000) (-736.000000 2048.000000 376.000000) (-736.000000 2048.000000 256.000000) 
4 82 83 (-808.000000 2088.000000 512.000000) (-833.600000 2120.000000 512.000000) (-833.600000 2120.000000 160.000000) (-808.000000 2088.000000 160.000000) 
4 83 109 (-776.000000 2048.000000 512.000000) (-1280.000000 2048.000000 512.000000) (-1280.000000 2048.000000 160.000000) (-776.000000 2048.000000 160.000000) 
4 83 87 (-1280.000000 2048.000000 160.000000) (-1280.000000 2048.000000 512.000000) (-1280.000000 2120.000000 512.000000) (-1280.000000 2120.000000 160.000000) 
4 84 85 (-696.000000 2120.000000 96.000000) (-360.000000 2120.000000 96.000000) (-360.000000 2120.000000 160.000000) (-696.000000 2120.000000 160.000000) 
4 85 102 (-392.000000 2048.000000 160.000000) (-696.000000 2048.000000 160.000000) (-696.000000 2048.000000 96.000000) (-392.000000 2048.000000 96.000000) 
4 85 98 (-360.000000 2048.000000 96.000000) (-360.000000 2048.000000 160.000000) (-392.000000 2048.000000 160.000000) (-392.000000 2048.000000 96.000000) 
4 87 120 (-1304.000000 2048.000000 512.000000) (-1344.000000 2048.000000 512.000000) (-1344.000000 2048.000000 160.000000) (-1304.000000 2048.000000 160.000000) 
4 87 109 (-1280.000000 2048.000000 160.000000) (-1280.000000 2048.000000 512.000000) (-1288.000000 2048.000000 512.000000) (-1288.000000 2048.000000 160.000000) 
4 87 110 (-1288.000000 2048.000000 512.000000) (-1304.000000 2048.000000 512.000000) (-1304.000000 2048.000000 160.000000) (-1288.000000 2048.000000 160.000000) 
4 88 90 (-320.000000 1664.000000 272.000000) (-280.000000 1664.000000 314.000000) (-280.000000 2048.000000 314.000000) (-320.000000 2048.000000 272.000000) 
4 89 98 (-360.000000 2048.000000 432.000000) (-360.000000 2048.000000 400.000000) (-360.000000 1664.000000 400.000000) (-360.000000 1664.000000 432.000000) 
4 89 92 (-360.000000 1664.000000 432.000000) (-360.000000 1664.000000 400.000000) (-344.000000 1664.000000 400.000000) (-344.000000 1664.000000 416.000000) 
4 89 90 (-360.000000 2048.000000 400.000000) (-328.000000 2048.000000 400.000000) (-328.000000 1664.000000 400.000000) (-360.000000 1664.000000 400.000000) 
4 90 98 (-360.000000 2048.000000 400.000000) (-360.000000 2048.000000 230.000000) (-360.000000 1664.000000 230.000000) (-360.000000 1664.000000 400.000000) 
4 90 92 (-360.000000 1664.000000 400.000000) (-360.000000 1664.000000 230.000000) (-344.000000 1664.000000 246.800000) (-344.000000 1664.000000 400.000000) 
4 91 98 (-360.000000 1536.000000 230.000000) (-360.000000 1536.000000 432.000000) (-360.000000 1552.000000 432.000000) (-360.000000 1552.000000 230.000000) 
4 91 95 (-360.000000 1536.000000 400.000000) (-360.000000 1536.000000 230.000000) (-344.000000 1536.000000 246.800000) (-344.000000 1536.000000 400.000000) 
4 91 93 (-344.000000 1536.000000 416.000000) (-360.000000 1536.000000 432.000000) (-360.000000 1536.000000 400.000000) (-344.000000 1536.000000 400.000000) 
4 92 98 (-360.000000 1648.000000 432.000000) (-360.000000 1664.000000 432.000000) (-360.000000 1664.000000 230.000000) (-360.000000 1648.000000 230.000000) 
4 93 98 (-360.000000 1080.000000 400.000000) (-360.000000 1080.000000 432.000000) (-360.000000 1536.000000 432.000000) (-360.000000 1536.000000 400.000000) 
4 93 95 (-328.000000 1080.000000 400.000000) (-360.000000 1080.000000 400.000000) (-360.000000 1536.000000 400.000000) (-328.000000 1536.000000 400.000000) 
4 94 95 (-320.000000 1080.000000 272.000000) (-280.000000 1080.000000 314.000000) (-280.000000 1536.000000 314.000000) (-320.000000 1536.000000 272.000000) 
4 95 98 (-360.000000 1080.000000 230.000000) (-360.000000 1080.000000 400.000000) (-360.000000 1536.000000 400.000000) (-360.000000 1536.000000 230.000000) 
4 96 99 (-392.000000 2048.000000 512.000000) (-392.000000 2048.000000 432.000000) (-392.000000 1616.000000 432.000000) (-392.000000 1616.000000 512.000000) 
4 96 98 (-392.000000 1616.000000 432.000000) (-392.000000 2048.000000 432.000000) (-360.000000 2048.000000 432.000000) (-360.000000 1632.000000 432.000000) 
4 97 111 (-360.000000 1080.000000 432.000000) (-360.000000 1080.000000 512.000000) (-392.000000 1080.000000 512.000000) (-392.000000 1080.000000 432.000000) 
4 97 99 (-392.000000 1584.000000 432.000000) (-392.000000 1080.000000 432.000000) (-392.000000 1080.000000 512.000000) (-392.000000 1584.000000 512.000000) 
4 97 98 (-360.000000 1080.000000 432.000000) (-392.000000 1080.000000 432.000000) (-392.000000 1584.000000 432.000000) (-360.000000 1568.000000 432.000000) 
4 98 118 (-360.000000 1080.000000 96.000000) (-360.000000 1080.000000 160.000000) (-392.000000 1080.000000 160.000000) (-392.000000 1080.000000 96.000000) 
4 98 111 (-360.000000 1080.000000 160.000000) (-360.000000 1080.000000 432.000000) (-392.000000 1080.000000 432.000000) (-392.000000 1080.000000 160.000000) 
4 98 102 (-392.000000 2048.000000 432.000000) (-392.000000 2048.000000 96.000000) (-392.000000 1080.000000 96.000000) (-392.000000 1080.000000 432.000000) 
4 99 111 (-392.000000 1080.000000 432.000000) (-392.000000 1080.000000 512.000000) (-664.000000 1080.000000 512.000000) (-664.000000 1080.000000 432.000000) 
4 99 102 (-392.000000 1080.000000 432.000000) (-664.000000 1080.000000 432.000000) (-664.000000 2048.000000 432.000000) (-392.000000 2048.000000 432.000000) 
4 99 100 (-664.000000 1616.000000 512.000000) (-664.000000 2048.000000 512.000000) (-664.000000 2048.000000 432.000000) (-664.000000 1616.000000 432.000000) 
4 99 101 (-664.000000 1080.000000 432.000000) (-664.000000 1080.000000 512.000000) (-664.000000 1584.000000 512.000000) (-664.000000 1584.000000 432.000000) 
4 100 103 (-696.000000 2048.000000 448.000000) (-696.000000 2048.000000 432.000000) (-696.000000 1632.000000 432.000000) (-696.000000 1632.000000 448.000000) 
4 100 102 (-696.000000 1632.000000 432.000000) (-696.000000 2048.000000 432.000000) (-664.000000 2048.000000 432.000000) (-664.000000 1616.000000 432.000000) 
4 101 111 (-664.000000 1080.000000 512.000000) (-696.000000 1080.000000 512.000000) (-696.000000 1080.000000 432.000000) (-664.000000 1080.000000 432.000000) 
4 101 104 (-696.000000 1568.000000 432.000000) (-696.000000 1112.000000 432.000000) (-696.000000 1112.000000 448.000000) (-696.000000 1568.000000 448.000000) 
4 101 102 (-664.000000 1080.000000 432.000000) (-696.000000 1080.000000 432.000000) (-696.000000 1568.000000 432.000000) (-664.000000 1584.000000 432.000000) 
4 102 118 (-392.000000 1080.000000 96.000000) (-392.000000 1080.000000 160.000000) (-696.000000 1080.000000 160.000000) (-696.000000 1080.000000 96.000000) 
4 102 111 (-392.000000 1080.000000 160.000000) (-392.000000 1080.000000 432.000000) (-696.000000 1080.000000 432.000000) (-696.000000 1080.000000 160.000000) 
4 102 104 (-696.000000 1576.000000 160.000000) (-696.000000 1112.000000 160.000000) (-696.000000 1112.000000 432.000000) (-696.000000 1576.000000 432.000000) 
4 102 103 (-696.000000 2048.000000 432.000000) (-696.000000 2048.000000 160.000000) (-696.000000 1624.000000 160.000000) (-696.000000 1624.000000 432.000000) 
4 103 105 (-736.000000 2040.000000 264.000000) (-736.000000 1672.000000 264.000000) (-736.000000 1672.000000 368.000000) (-736.000000 2040.000000 368.000000) 
4 104 106 (-736.000000 1160.000000 368.000000) (-736.000000 1528.000000 368.000000) (-736.000000 1528.000000 264.000000) (-736.000000 1160.000000 264.000000) 
4 105 109 (-776.000000 1672.000000 368.000000) (-776.000000 2040.000000 368.000000) (-776.000000 2040.000000 264.000000) (-776.000000 1672.000000 264.000000) 
4 106 110 (-776.000000 1160.000000 368.000000) (-776.000000 1528.000000 368.000000) (-776.000000 1528.000000 264.000000) (-776.000000 1160.000000 264.000000) 
4 107 115 (-833.600000 1080.000000 176.000000) (-833.600000 1080.000000 160.000000) (-808.000000 1080.000000 160.000000) (-808.000000 1080.000000 176.000000) 
4 107 113 (-808.000000 1080.000000 512.000000) (-833.600000 1080.000000 512.000000) (-833.600000 1080.000000 176.000000) (-808.000000 1080.000000 176.000000) 
4 107 110 (-833.600000 1080.000000 160.000000) (-833.600000 1080.000000 512.000000) (-808.000000 1112.000000 512.000000) (-808.000000 1112.000000 160.000000) 
4 108 109 (-840.000000 1600.000000 512.000000) (-816.000000 1624.000000 512.000000) (-816.000000 1624.000000 160.000000) (-840.000000 1600.000000 160.000000) 
4 108 110 (-840.000000 1600.000000 160.000000) (-816.000000 1576.000000 160.000000) (-816.000000 1576.000000 512.000000) (-840.000000 1600.000000 512.000000) 
4 109 110 (-1288.000000 2048.000000 512.000000) (-1288.000000 2048.000000 160.000000) (-840.000000 1600.000000 160.000000) (-840.000000 1600.000000 512.000000) 
4 110 124 (-1304.000000 1240.000000 160.000000) (-1304.000000 1200.000000 160.000000) (-1304.000000 1200.000000 512.000000) (-1304.000000 1240.000000 512.000000) 
4 110 123 (-1304.000000 1152.000000 160.000000) (-1304.000000 1080.000000 160.000000) (-1304.000000 1080.000000 512.000000) (-1304.000000 1152.000000 512.000000) 
4 110 121 (-1304.000000 1536.000000 160.000000) (-1304.000000 1240.000000 160.000000) (-1304.000000 1240.000000 512.000000) (-1304.000000 1536.000000 512.000000) 
4 110 120 (-1304.000000 2048.000000 512.000000) (-1304.000000 2048.000000 160.000000) (-1304.000000 1624.000000 160.000000) (-1304.000000 1624.000000 512.000000) 
4 110 119 (-1304.000000 1576.000000 160.000000) (-1304.000000 1536.000000 160.000000) (-1304.000000 1536.000000 512.000000) (-1304.000000 1576.000000 512.000000) 
4 110 116 (-1304.000000 1080.000000 176.000000) (-1304.000000 1080.000000 160.000000) (-1112.000000 1080.000000 160.000000) (-1112.000000 1080.000000 176.000000) 
4 110 115 (-1112.000000 1080.000000 160.000000) (-833.600000 1080.000000 160.000000) (-833.600000 1080.000000 176.000000) (-1112.000000 1080.000000 176.000000) 
4 110 113 (-833.600000 1080.000000 512.000000) (-1304.000000 1080.000000 512.000000) (-1304.000000 1080.000000 176.000000) (-833.600000 1080.000000 176.000000) 
4 111 118 (-696.000000 1080.000000 160.000000) (-360.000000 1080.000000 160.000000) (-360.000000 896.000000 160.000000) (-696.000000 896.000000 160.000000) 
6 111 112 (-696.000000 896.000000 160.000000) (-360.000000 896.000000 160.000000) (-360.000000 896.000000 408.000000) (-432.000000 896.000000 448.000000) (-624.000000 896.000000 448.000000) (-696.000000 896.000000 408.000000) 
4 112 222 (-670.972973 0.000000 421.903904) (-696.000000 0.000000 408.000000) (-696.000000 0.000000 160.000000) (-670.972973 0.000000 160.000000) 
4 112 220 (-640.000000 0.000000 439.111111) (-670.972973 0.000000 421.903904) (-670.972973 0.000000 160.000000) (-640.000000 0.000000 160.000000) 
4 112 199 (-360.000000 0.000000 160.000000) (-360.000000 0.000000 408.000000) (-385.027027 0.000000 421.903904) (-385.027027 0.000000 160.000000) 
6 112 201 (-385.027027 0.000000 421.903904) (-432.000000 0.000000 448.000000) (-624.000000 0.000000 448.000000) (-640.000000 0.000000 439.111111) (-640.000000 0.000000 160.000000) (-385.027027 0.000000 160.000000) 
4 112 118 (-360.000000 0.000000 160.000000) (-696.000000 0.000000 160.000000) (-696.000000 896.000000 160.000000) (-360.000000 896.000000 160.000000) 
4 113 123 (-1304.000000 680.000000 512.000000) (-1304.000000 1080.000000 512.000000) (-1304.000000 1080.000000 176.000000) (-1304.000000 680.000000 176.000000) 
4 113 116 (-1304.000000 680.000000 176.000000) (-1304.000000 1080.000000 176.000000) (-1112.000000 1080.000000 176.000000) (-1112.000000 680.000000 176.000000) 
4 113 115 (-1112.000000 1080.000000 176.000000) (-808.000000 1080.000000 176.000000) (-808.000000 792.000000 176.000000) (-1112.000000 792.000000 176.000000) 
4 113 114 (-1152.000000 680.000000 512.000000) (-1304.000000 680.000000 512.000000) (-1304.000000 680.000000 176.000000) (-1152.000000 680.000000 176.000000) 
4 114 123 (-1304.000000 640.000000 512.000000) (-1304.000000 680.000000 512.000000) (-1304.000000 680.000000 176.000000) (-1304.000000 640.000000 176.000000) 
4 114 117 (-1304.000000 640.000000 176.000000) (-1304.000000 680.000000 176.000000) (-1152.000000 680.000000 176.000000) (-1152.000000 640.000000 176.000000) 
4 115 116 (-1112.000000 1080.000000 160.000000) (-1112.000000 792.000000 160.000000) (-1112.000000 792.000000 176.000000) (-1112.000000 1080.000000 176.000000) 
4 116 123 (-1304.000000 1080.000000 176.000000) (-1304.000000 1080.000000 160.000000) (-1304.000000 680.000000 160.000000) (-1304.000000 680.000000 176.000000) 
4 116 117 (-1304.000000 680.000000 176.000000) (-1304.000000 680.000000 160.000000) (-1152.000000 680.000000 160.000000) (-1152.000000 680.000000 176.000000) 
4 117 123 (-1304.000000 680.000000 160.000000) (-1304.000000 640.000000 160.000000) (-1304.000000 640.000000 176.000000) (-1304.000000 680.000000 176.000000) 
4 118 222 (-670.972973 0.000000 160.000000) (-696.000000 0.000000 160.000000) (-696.000000 0.000000 96.000000) (-670.972973 0.000000 96.000000) 
4 118 220 (-640.000000 0.000000 160.000000) (-670.972973 0.000000 160.000000) (-670.972973 0.000000 96.000000) (-640.000000 0.000000 96.000000) 
4 118 199 (-360.000000 0.000000 96.000000) (-360.000000 0.000000 160.000000) (-385.027027 0.000000 160.000000) (-385.027027 0.000000 96.000000) 
4 118 201 (-385.027027 0.000000 160.000000) (-640.000000 0.000000 160.000000) (-640.000000 0.000000 96.000000) (-385.027027 0.000000 96.000000) 
4 119 121 (-1344.000000 1536.000000 160.000000) (-1304.000000 1536.000000 160.000000) (-1304.000000 1536.000000 512.000000) (-1344.000000 1536.000000 512.000000) 
4 121 124 (-1304.000000 1240.000000 160.000000) (-1304.000000 1240.000000 512.000000) (-1344.000000 1240.000000 512.000000) (-1344.000000 1240.000000 160.000000) 
4 121 122 (-1392.000000 1536.000000 384.000000) (-1392.000000 1536.000000 160.000000) (-1392.000000 1240.000000 160.000000) (-1392.000000 1240.000000 384.000000) 
4 125 141 (2999.896812 -1111.211351 416.788649) (3120.000000 -1098.000000 430.000000) (3174.000000 -1080.000000 448.000000) (3022.644068 -1080.000000 448.000000) 
5 125 138 (2999.896812 -1111.211351 361.757730) (2999.896812 -1111.211351 416.788649) (3022.644068 -1080.000000 448.000000) (3037.220339 -1060.000000 448.000000) (3037.220339 -1060.000000 372.000000) 
4 125 137 (3037.220339 -1060.000000 448.000000) (3194.644068 -844.000000 448.000000) (3194.644068 -844.000000 415.200000) (3037.220339 -1060.000000 372.000000) 
4 125 140 (3194.644068 -844.000000 96.000000) (2999.896812 -1111.211351 96.000000) (2999.896812 -1111.211351 361.757730) (3194.644068 -844.000000 415.200000) 
5 125 134 (3194.644068 -844.000000 372.000000) (3194.644068 -844.000000 448.000000) (3209.220339 -824.000000 448.000000) (3238.372881 -784.000000 408.000000) (3238.372881 -784.000000 360.000000) 
4 125 136 (3238.372881 -784.000000 96.000000) (3194.644068 -844.000000 96.000000) (3194.644068 -844.000000 372.000000) (3238.372881 -784.000000 360.000000) 
3 125 133 (3209.220339 -824.000000 448.000000) (3238.372881 -784.000000 448.000000) (3238.372881 -784.000000 408.000000) 
4 125 130 (3406.000000 -554.000000 96.000000) (3360.664252 -616.204863 96.000000) (3360.664252 -616.204863 448.000000) (3406.000000 -554.000000 448.000000) 
4 125 131 (3360.664252 -616.204863 96.000000) (3314.224991 -679.923849 96.000000) (3314.224991 -679.923849 448.000000) (3360.664252 -616.204863 448.000000) 
4 125 132 (3314.224991 -679.923849 96.000000) (3238.372881 -784.000000 96.000000) (3238.372881 -784.000000 448.000000) (3314.224991 -679.923849 448.000000) 
4 125 128 (3536.898593 -374.394954 96.000000) (3492.000000 -436.000000 96.000000) (3492.000000 -436.000000 448.000000) (3536.898593 -374.394954 448.000000) 
4 125 127 (3578.813310 -316.884063 96.000000) (3536.898593 -374.394954 96.000000) (3536.898593 -374.394954 448.000000) (3578.813310 -316.884063 448.000000) 
4 125 126 (3809.762712 0.000000 448.000000) (3809.762712 0.000000 96.000000) (3578.813310 -316.884063 96.000000) (3578.813310 -316.884063 448.000000) 
4 126 127 (3594.000000 -152.000000 96.000000) (3578.813310 -316.884063 96.000000) (3578.813310 -316.884063 448.000000) (3594.000000 -152.000000 448.000000) 
4 127 128 (3556.000000 -300.000000 96.000000) (3536.898593 -374.394954 96.000000) (3536.898593 -374.394954 448.000000) (3556.000000 -300.000000 448.000000) 
4 129 134 (3006.727273 -784.000000 360.000000) (3006.727273 -784.000000 408.000000) (2920.000000 -784.000000 408.000000) (2920.000000 -784.000000 360.000000) 
4 129 136 (2920.000000 -784.000000 96.000000) (3006.727273 -784.000000 96.000000) (3006.727273 -784.000000 360.000000) (2920.000000 -784.000000 360.000000) 
4 129 133 (3006.727273 -784.000000 408.000000) (3006.727273 -784.000000 448.000000) (2920.000000 -784.000000 448.000000) (2920.000000 -784.000000 408.000000) 
4 129 132 (3006.727273 -784.000000 448.000000) (3006.727273 -784.000000 96.000000) (3054.000000 -768.000000 96.000000) (3054.000000 -768.000000 448.000000) 
4 130 131 (3302.000000 -652.000000 96.000000) (3360.664252 -616.204863 96.000000) (3360.664252 -616.204863 448.000000) (3302.000000 -652.000000 448.000000) 
4 131 132 (3184.000000 -724.000000 96.000000) (3314.224991 -679.923849 96.000000) (3314.224991 -679.923849 448.000000) (3184.000000 -724.000000 448.000000) 
4 132 134 (3238.372881 -784.000000 360.000000) (3238.372881 -784.000000 408.000000) (3006.727273 -784.000000 408.000000) (3006.727273 -784.000000 360.000000) 
4 132 136 (3006.727273 -784.000000 96.000000) (3238.372881 -784.000000 96.000000) (3238.372881 -784.000000 360.000000) (3006.727273 -784.000000 360.000000) 
4 132 133 (3238.372881 -784.000000 408.000000) (3238.372881 -784.000000 448.000000) (3006.727273 -784.000000 448.000000) (3006.727273 -784.000000 408.000000) 
4 133 134 (2880.000000 -784.000000 408.000000) (3238.372881 -784.000000 408.000000) (3209.220339 -824.000000 448.000000) (2920.000000 -824.000000 448.000000) 
4 134 137 (3194.644068 -844.000000 415.200000) (3194.644068 -844.000000 448.000000) (2712.000000 -844.000000 448.000000) (2712.000000 -844.000000 415.200000) 
4 134 140 (3194.644068 -844.000000 372.000000) (3194.644068 -844.000000 415.200000) (2712.000000 -844.000000 415.200000) (2712.000000 -844.000000 372.000000) 
4 134 136 (2728.000000 -784.000000 360.000000) (3238.372881 -784.000000 360.000000) (3194.644068 -844.000000 372.000000) (2712.000000 -844.000000 372.000000) 
5 135 142 (2560.000000 -844.000000 372.000000) (2560.000000 -844.000000 448.000000) (2560.000000 -824.000000 448.000000) (2560.000000 -784.000000 408.000000) (2560.000000 -784.000000 360.000000) 
4 135 137 (2680.000000 -844.000000 448.000000) (2560.000000 -844.000000 448.000000) (2560.000000 -844.000000 415.200000) (2680.000000 -844.000000 415.200000) 
4 135 140 (2560.000000 -844.000000 415.200000) (2560.000000 -844.000000 372.000000) (2680.000000 -844.000000 372.000000) (2680.000000 -844.000000 415.200000) 
4 135 136 (2560.000000 -844.000000 372.000000) (2560.000000 -784.000000 360.000000) (2664.000000 -784.000000 360.000000) (2680.000000 -844.000000 372.000000) 
4 136 142 (2560.000000 -784.000000 96.000000) (2560.000000 -844.000000 96.000000) (2560.000000 -844.000000 372.000000) (2560.000000 -784.000000 360.000000) 
4 136 140 (2560.000000 -844.000000 96.000000) (3194.644068 -844.000000 96.000000) (3194.644068 -844.000000 372.000000) (2560.000000 -844.000000 372.000000) 
4 137 142 (2560.000000 -1060.000000 448.000000) (2560.000000 -844.000000 448.000000) (2560.000000 -844.000000 415.200000) (2560.000000 -1060.000000 372.000000) 
4 137 139 (2680.000000 -1060.000000 448.000000) (2560.000000 -1060.000000 448.000000) (2560.000000 -1060.000000 372.000000) (2680.000000 -1060.000000 372.000000) 
4 137 138 (3037.220339 -1060.000000 372.000000) (3037.220339 -1060.000000 448.000000) (2712.000000 -1060.000000 448.000000) (2712.000000 -1060.000000 372.000000) 
4 137 140 (2560.000000 -1060.000000 372.000000) (2560.000000 -844.000000 415.200000) (3194.644068 -844.000000 415.200000) (3037.220339 -1060.000000 372.000000) 
5 138 141 (2880.000000 -1120.000000 408.000000) (2920.000000 -1120.000000 408.000000) (2999.896812 -1111.211351 416.788649) (3022.644068 -1080.000000 448.000000) (2920.000000 -1080.000000 448.000000) 
5 138 140 (2920.000000 -1120.000000 360.000000) (2728.000000 -1120.000000 360.000000) (2712.000000 -1060.000000 372.000000) (3037.220339 -1060.000000 372.000000) (2999.896812 -1111.211351 361.757730) 
4 139 149 (2560.000000 -1120.000000 360.000000) (2560.000000 -1120.000000 408.000000) (2560.000000 -1104.000000 424.000000) (2560.000000 -1104.000000 363.200000) 
5 139 142 (2560.000000 -1104.000000 424.000000) (2560.000000 -1080.000000 448.000000) (2560.000000 -1060.000000 448.000000) (2560.000000 -1060.000000 372.000000) (2560.000000 -1104.000000 363.200000) 
4 139 140 (2664.000000 -1120.000000 360.000000) (2560.000000 -1120.000000 360.000000) (2560.000000 -1060.000000 372.000000) (2680.000000 -1060.000000 372.000000) 
4 140 149 (2560.000000 -1104.000000 96.000000) (2560.000000 -1120.000000 96.000000) (2560.000000 -1120.000000 360.000000) (2560.000000 -1104.000000 363.200000) 
4 140 142 (2560.000000 -844.000000 96.000000) (2560.000000 -1104.000000 96.000000) (2560.000000 -1104.000000 363.200000) (2560.000000 -844.000000 415.200000) 
4 142 149 (2560.000000 -1104.000000 96.000000) (2560.000000 -1104.000000 424.000000) (2480.000000 -1104.000000 424.000000) (2480.000000 -1104.000000 96.000000) 
4 142 144 (2480.000000 -1104.000000 96.000000) (2480.000000 -1104.000000 360.000000) (2480.000000 -800.000000 360.000000) (2480.000000 -800.000000 96.000000) 
4 142 143 (2480.000000 -1104.000000 360.000000) (2480.000000 -1080.000000 384.000000) (2480.000000 -824.000000 384.000000) (2480.000000 -800.000000 360.000000) 
4 143 145 (2432.000000 -800.000000 360.000000) (2432.000000 -1104.000000 360.000000) (2432.000000 -1080.000000 384.000000) (2432.000000 -824.000000 384.000000) 
4 143 144 (2480.000000 -1104.000000 360.000000) (2432.000000 -1104.000000 360.000000) (2432.000000 -800.000000 360.000000) (2480.000000 -800.000000 360.000000) 
4 144 146 (2432.000000 -1104.000000 336.000000) (2432.000000 -1104.000000 352.000000) (2432.000000 -800.000000 352.000000) (2432.000000 -800.000000 336.000000) 
4 144 145 (2432.000000 -1104.000000 352.000000) (2432.000000 -1104.000000 360.000000) (2432.000000 -800.000000 360.000000) (2432.000000 -800.000000 352.000000) 
4 144 148 (2432.000000 -800.000000 96.000000) (2432.000000 -1104.000000 96.000000) (2432.000000 -1104.000000 336.000000) (2432.000000 -800.000000 336.000000) 
4 145 211 (1280.000000 -1104.000000 432.000000) (1280.000000 -1104.000000 512.000000) (1280.000000 -1080.000000 512.000000) (1280.000000 -1080.000000 432.000000) 
4 145 214 (1280.000000 -1104.000000 352.000000) (1280.000000 -1104.000000 432.000000) (1280.000000 -1080.000000 432.000000) (1280.000000 -1080.000000 352.000000) 
4 145 210 (1280.000000 -1080.000000 512.000000) (1280.000000 -824.000000 512.000000) (1280.000000 -824.000000 352.000000) (1280.000000 -1080.000000 352.000000) 
4 145 206 (1280.000000 -824.000000 512.000000) (1280.000000 -784.000000 512.000000) (1280.000000 -784.000000 432.000000) (1280.000000 -824.000000 432.000000) 
4 145 209 (1280.000000 -784.000000 432.000000) (1280.000000 -784.000000 352.000000) (1280.000000 -824.000000 352.000000) (1280.000000 -824.000000 432.000000) 
4 145 164 (1280.000000 -1104.000000 512.000000) (1280.000000 -1104.000000 352.000000) (1872.000000 -1104.000000 352.000000) (1872.000000 -1104.000000 512.000000) 
4 145 160 (1872.000000 -1104.000000 352.000000) (1904.000000 -1104.000000 352.000000) (1904.000000 -1104.000000 512.000000) (1872.000000 -1104.000000 512.000000) 
4 145 151 (1936.000000 -1104.000000 352.000000) (2288.000000 -1104.000000 352.000000) (2288.000000 -1104.000000 512.000000) (1936.000000 -1104.000000 512.000000) 
4 145 150 (2288.000000 -1104.000000 352.000000) (2432.000000 -1104.000000 352.000000) (2432.000000 -1104.000000 512.000000) (2288.000000 -1104.000000 512.000000) 
4 145 146 (2432.000000 -1104.000000 352.000000) (2288.000000 -1104.000000 352.000000) (2288.000000 -784.000000 352.000000) (2432.000000 -784.000000 352.000000) 
4 145 147 (2160.000000 -1104.000000 352.000000) (1280.000000 -1104.000000 352.000000) (1280.000000 -784.000000 352.000000) (2160.000000 -784.000000 352.000000) 
4 146 150 (2288.000000 -1104.000000 336.000000) (2432.000000 -1104.000000 336.000000) (2432.000000 -1104.000000 352.000000) (2288.000000 -1104.000000 352.000000) 
4 146 148 (2432.000000 -1104.000000 336.000000) (2288.000000 -1104.000000 336.000000) (2288.000000 -784.000000 336.000000) (2432.000000 -784.000000 336.000000) 
4 147 214 (1280.000000 -1104.000000 336.000000) (1280.000000 -1104.000000 352.000000) (1280.000000 -1080.000000 352.000000) (1280.000000 -1080.000000 336.000000) 
4 147 210 (1280.000000 -1080.000000 352.000000) (1280.000000 -824.000000 352.000000) (1280.000000 -824.000000 336.000000) (1280.000000 -1080.000000 336.000000) 
4 147 209 (1280.000000 -824.000000 352.000000) (1280.000000 -784.000000 352.000000) (1280.000000 -784.000000 336.000000) (1280.000000 -824.000000 336.000000) 
4 147 164 (1280.000000 -1104.000000 352.000000) (1280.000000 -1104.000000 336.000000) (1872.000000 -1104.000000 336.000000) (1872.000000 -1104.000000 352.000000) 
4 147 160 (1872.000000 -1104.000000 336.000000) (1904.000000 -1104.000000 336.000000) (1904.000000 -1104.000000 352.000000) (1872.000000 -1104.000000 352.000000) 
4 147 152 (1936.000000 -1104.000000 336.000000) (2160.000000 -1104.000000 336.000000) (2160.000000 -1104.000000 352.000000) (1936.000000 -1104.000000 352.000000) 
4 147 148 (2160.000000 -1104.000000 336.000000) (1280.000000 -1104.000000 336.000000) (1280.000000 -784.000000 336.000000) (2160.000000 -784.000000 336.000000) 
4 148 214 (1280.000000 -1080.000000 96.000000) (1280.000000 -1104.000000 96.000000) (1280.000000 -1104.000000 336.000000) (1280.000000 -1080.000000 336.000000) 
4 148 210 (1280.000000 -824.000000 96.000000) (1280.000000 -1080.000000 96.000000) (1280.000000 -1080.000000 336.000000) (1280.000000 -824.000000 336.000000) 
4 148 209 (1280.000000 -784.000000 96.000000) (1280.000000 -824.000000 96.000000) (1280.000000 -824.000000 336.000000) (1280.000000 -784.000000 336.000000) 
4 148 164 (1280.000000 -1104.000000 336.000000) (1280.000000 -1104.000000 96.000000) (1872.000000 -1104.000000 96.000000) (1872.000000 -1104.000000 336.000000) 
4 148 160 (1872.000000 -1104.000000 96.000000) (1904.000000 -1104.000000 96.000000) (1904.000000 -1104.000000 336.000000) (1872.000000 -1104.000000 336.000000) 
4 148 153 (1936.000000 -1104.000000 96.000000) (2288.000000 -1104.000000 96.000000) (2288.000000 -1104.000000 336.000000) (1936.000000 -1104.000000 336.000000) 
4 148 150 (2288.000000 -1104.000000 96.000000) (2432.000000 -1104.000000 96.000000) (2432.000000 -1104.000000 336.000000) (2288.000000 -1104.000000 336.000000) 
4 150 151 (2288.000000 -1104.000000 512.000000) (2288.000000 -1104.000000 352.000000) (2288.000000 -1120.000000 352.000000) (2288.000000 -1120.000000 512.000000) 
4 150 153 (2288.000000 -1104.000000 336.000000) (2288.000000 -1104.000000 96.000000) (2288.000000 -1120.000000 96.000000) (2288.000000 -1120.000000 336.000000) 
6 151 154 (2272.000000 -1120.000000 448.000000) (2248.000000 -1120.000000 472.000000) (2200.000000 -1120.000000 472.000000) (2176.000000 -1120.000000 448.000000) (2176.000000 -1120.000000 352.000000) (2272.000000 -1120.000000 352.000000) 
4 151 152 (2160.000000 -1120.000000 352.000000) (1936.000000 -1120.000000 352.000000) (1936.000000 -1104.000000 352.000000) (2160.000000 -1104.000000 352.000000) 
4 152 153 (1936.000000 -1104.000000 336.000000) (2160.000000 -1104.000000 336.000000) (2160.000000 -1120.000000 336.000000) (1936.000000 -1120.000000 336.000000) 
4 155 161 (1912.000000 -1136.000000 96.000000) (1912.000000 -1808.000000 96.000000) (1912.000000 -1808.000000 512.000000) (1912.000000 -1136.000000 512.000000) 
4 155 156 (1912.000000 -1808.000000 512.000000) (1912.000000 -1808.000000 432.000000) (2208.000000 -1808.000000 432.000000) (2208.000000 -1808.000000 512.000000) 
4 155 159 (1912.000000 -1808.000000 432.000000) (1912.000000 -1808.000000 96.000000) (2208.000000 -1808.000000 96.000000) (2208.000000 -1808.000000 432.000000) 
4 156 161 (1912.000000 -1824.000000 512.000000) (1912.000000 -1808.000000 512.000000) (1912.000000 -1808.000000 432.000000) (1912.000000 -1824.000000 432.000000) 
4 156 163 (1912.000000 -1926.400000 512.000000) (1912.000000 -1856.000000 512.000000) (1912.000000 -1856.000000 432.000000) (1912.000000 -1926.400000 432.000000) 
4 156 158 (1912.000000 -1926.400000 512.000000) (1912.000000 -1926.400000 432.000000) (2168.000000 -1824.000000 432.000000) (2168.000000 -1824.000000 512.000000) 
3 156 159 (1912.000000 -1926.400000 432.000000) (1912.000000 -1808.000000 432.000000) (2208.000000 -1808.000000 432.000000) 
4 157 174 (2168.000000 -2184.000000 432.000000) (2208.000000 -2184.000000 432.000000) (2208.000000 -2184.000000 512.000000) (2168.000000 -2184.000000 512.000000) 
4 157 158 (2168.000000 -1856.000000 432.000000) (2168.000000 -2184.000000 432.000000) (2168.000000 -2184.000000 512.000000) (2168.000000 -1856.000000 512.000000) 
4 157 159 (2208.000000 -2184.000000 432.000000) (2168.000000 -2184.000000 432.000000) (2168.000000 -1856.000000 432.000000) (2208.000000 -1872.000000 432.000000) 
4 158 174 (1912.000000 -2184.000000 512.000000) (1912.000000 -2184.000000 432.000000) (2168.000000 -2184.000000 432.000000) (2168.000000 -2184.000000 512.000000) 
4 158 163 (1912.000000 -2184.000000 432.000000) (1912.000000 -2184.000000 512.000000) (1912.000000 -1926.400000 512.000000) (1912.000000 -1926.400000 432.000000) 
4 158 159 (2168.000000 -2184.000000 432.000000) (1912.000000 -2184.000000 432.000000) (1912.000000 -1926.400000 432.000000) (2168.000000 -1824.000000 432.000000) 
4 159 174 (1912.000000 -2184.000000 432.000000) (1912.000000 -2184.000000 352.000000) (2208.000000 -2184.000000 352.000000) (2208.000000 -2184.000000 432.000000) 
4 159 176 (1912.000000 -2184.000000 336.000000) (1912.000000 -2184.000000 96.000000) (2208.000000 -2184.000000 96.000000) (2208.000000 -2184.000000 336.000000) 
4 159 162 (1912.000000 -1824.000000 96.000000) (1912.000000 -1856.000000 96.000000) (1912.000000 -1856.000000 432.000000) (1912.000000 -1824.000000 432.000000) 
4 159 161 (1912.000000 -1808.000000 96.000000) (1912.000000 -1824.000000 96.000000) (1912.000000 -1824.000000 432.000000) (1912.000000 -1808.000000 432.000000) 
4 159 163 (1912.000000 -1856.000000 96.000000) (1912.000000 -2184.000000 96.000000) (1912.000000 -2184.000000 432.000000) (1912.000000 -1856.000000 432.000000) 
4 160 164 (1872.000000 -1104.000000 512.000000) (1872.000000 -1104.000000 96.000000) (1872.000000 -1136.000000 96.000000) (1872.000000 -1136.000000 512.000000) 
4 160 161 (1872.000000 -1136.000000 512.000000) (1872.000000 -1136.000000 96.000000) (1904.000000 -1136.000000 96.000000) (1904.000000 -1136.000000 512.000000) 
4 161 165 (1872.000000 -1296.270270 96.000000) (1872.000000 -1808.000000 96.000000) (1872.000000 -1808.000000 512.000000) (1872.000000 -1296.270270 512.000000) 
4 161 164 (1872.000000 -1136.000000 96.000000) (1872.000000 -1296.270270 96.000000) (1872.000000 -1296.270270 512.000000) (1872.000000 -1136.000000 512.000000) 
4 161 162 (1872.000000 -1808.000000 96.000000) (1912.000000 -1824.000000 96.000000) (1912.000000 -1824.000000 432.000000) (1872.000000 -1808.000000 432.000000) 
4 162 163 (1872.000000 -1872.000000 96.000000) (1912.000000 -1856.000000 96.000000) (1912.000000 -1856.000000 432.000000) (1872.000000 -1872.000000 432.000000) 
4 163 184 (1872.000000 -2184.000000 336.000000) (1872.000000 -2184.000000 96.000000) (1888.000000 -2184.000000 96.000000) (1888.000000 -2184.000000 336.000000) 
4 163 182 (1888.000000 -2184.000000 512.000000) (1872.000000 -2184.000000 512.000000) (1872.000000 -2184.000000 352.000000) (1888.000000 -2184.000000 352.000000) 
4 163 174 (1912.000000 -2184.000000 352.000000) (1912.000000 -2184.000000 512.000000) (1888.000000 -2184.000000 512.000000) (1888.000000 -2184.000000 352.000000) 
4 163 176 (1912.000000 -2184.000000 96.000000) (1912.000000 -2184.000000 336.000000) (1888.000000 -2184.000000 336.000000) (1888.000000 -2184.000000 96.000000) 
4 164 215 (1280.000000 -1144.270270 512.000000) (1280.000000 -1120.000000 512.000000) (1280.000000 -1120.000000 96.000000) (1280.000000 -1144.270270 96.000000) 
4 164 211 (1280.000000 -1120.000000 512.000000) (1280.000000 -1104.000000 512.000000) (1280.000000 -1104.000000 432.000000) (1280.000000 -1120.000000 432.000000) 
4 164 214 (1280.000000 -1104.000000 432.000000) (1280.000000 -1104.000000 96.000000) (1280.000000 -1120.000000 96.000000) (1280.000000 -1120.000000 432.000000) 
4 164 166 (1388.000000 -1172.000000 96.000000) (1808.965460 -1280.085726 96.000000) (1808.965460 -1280.085726 512.000000) (1388.000000 -1172.000000 512.000000) 
4 164 165 (1808.965460 -1280.085726 96.000000) (1872.000000 -1296.270270 96.000000) (1872.000000 -1296.270270 512.000000) (1808.965460 -1280.085726 512.000000) 
4 165 167 (1820.353488 -1375.460465 96.000000) (1856.000000 -1674.000000 96.000000) (1856.000000 -1674.000000 512.000000) (1820.353488 -1375.460465 512.000000) 
4 165 166 (1808.965460 -1280.085726 96.000000) (1820.353488 -1375.460465 96.000000) (1820.353488 -1375.460465 512.000000) (1808.965460 -1280.085726 512.000000) 
4 166 169 (1524.000000 -1236.000000 96.000000) (1664.374825 -1302.058741 96.000000) (1664.374825 -1302.058741 512.000000) (1524.000000 -1236.000000 512.000000) 
4 166 168 (1664.374825 -1302.058741 96.000000) (1742.566200 -1338.854682 96.000000) (1742.566200 -1338.854682 512.000000) (1664.374825 -1302.058741 512.000000) 
4 166 167 (1742.566200 -1338.854682 96.000000) (1820.353488 -1375.460465 96.000000) (1820.353488 -1375.460465 512.000000) (1742.566200 -1338.854682 512.000000) 
4 167 168 (1742.566200 -1338.854682 96.000000) (1812.000000 -1544.000000 96.000000) (1812.000000 -1544.000000 512.000000) (1742.566200 -1338.854682 512.000000) 
4 168 170 (1704.204863 -1367.335748 96.000000) (1740.000000 -1426.000000 96.000000) (1740.000000 -1426.000000 512.000000) (1704.204863 -1367.335748 512.000000) 
4 168 169 (1664.374825 -1302.058741 96.000000) (1704.204863 -1367.335748 96.000000) (1704.204863 -1367.335748 512.000000) (1664.374825 -1302.058741 512.000000) 
4 169 170 (1642.000000 -1322.000000 96.000000) (1704.204863 -1367.335748 96.000000) (1704.204863 -1367.335748 512.000000) (1642.000000 -1322.000000 512.000000) 
6 173 174 (2208.000000 -2200.000000 352.000000) (2208.000000 -2296.000000 352.000000) (2208.000000 -2296.000000 448.000000) (2208.000000 -2272.000000 472.000000) (2208.000000 -2224.000000 472.000000) (2208.000000 -2200.000000 448.000000) 
4 174 182 (1888.000000 -2184.000000 512.000000) (1888.000000 -2184.000000 352.000000) (1888.000000 -2560.000000 352.000000) (1888.000000 -2560.000000 512.000000) 
4 174 178 (1888.000000 -2560.000000 360.000000) (1888.000000 -2560.000000 352.000000) (2192.000000 -2560.000000 352.000000) (2192.000000 -2560.000000 360.000000) 
4 174 177 (1888.000000 -2560.000000 360.000000) (2192.000000 -2560.000000 360.000000) (2168.000000 -2560.000000 384.000000) (1912.000000 -2560.000000 384.000000) 
4 174 175 (2208.000000 -2312.000000 352.000000) (2208.000000 -2560.000000 352.000000) (1888.000000 -2560.000000 352.000000) (1888.000000 -2312.000000 352.000000) 
4 175 183 (1888.000000 -2312.000000 336.000000) (1888.000000 -2560.000000 336.000000) (1888.000000 -2560.000000 352.000000) (1888.000000 -2312.000000 352.000000) 
4 175 178 (1888.000000 -2560.000000 352.000000) (1888.000000 -2560.000000 336.000000) (2192.000000 -2560.000000 336.000000) (2192.000000 -2560.000000 352.000000) 
4 175 176 (2208.000000 -2312.000000 336.000000) (2208.000000 -2560.000000 336.000000) (1888.000000 -2560.000000 336.000000) (1888.000000 -2312.000000 336.000000) 
4 176 184 (1888.000000 -2184.000000 336.000000) (1888.000000 -2184.000000 96.000000) (1888.000000 -2560.000000 96.000000) (1888.000000 -2560.000000 336.000000) 
4 176 178 (1888.000000 -2560.000000 336.000000) (1888.000000 -2560.000000 96.000000) (2192.000000 -2560.000000 96.000000) (2192.000000 -2560.000000 336.000000) 
4 177 179 (1888.000000 -2608.000000 360.000000) (2192.000000 -2608.000000 360.000000) (2168.000000 -2608.000000 384.000000) (1912.000000 -2608.000000 384.000000) 
4 177 178 (1888.000000 -2608.000000 360.000000) (1888.000000 -2560.000000 360.000000) (2192.000000 -2560.000000 360.000000) (2192.000000 -2608.000000 360.000000) 
4 178 179 (1888.000000 -2608.000000 360.000000) (1888.000000 -2608.000000 96.000000) (2192.000000 -2608.000000 96.000000) (2192.000000 -2608.000000 360.000000) 
4 179 185 (1888.000000 -2720.000000 96.000000) (1888.000000 -2720.000000 376.000000) (1888.000000 -2608.000000 376.000000) (1888.000000 -2608.000000 96.000000) 
6 179 181 (1912.000000 -2720.000000 400.000000) (1888.000000 -2720.000000 376.000000) (1888.000000 -2720.000000 96.000000) (2208.000000 -2720.000000 96.000000) (2208.000000 -2720.000000 360.000000) (2168.000000 -2720.000000 400.000000) 
4 180 192 (1888.000000 -3408.000000 448.000000) (1888.000000 -3408.000000 414.315789) (1939.688474 -3408.000000 441.520249) (1937.142857 -3408.000000 448.000000) 
3 180 190 (1939.688474 -3408.000000 441.520249) (1952.000000 -3408.000000 448.000000) (1937.142857 -3408.000000 448.000000) 
4 180 186 (1888.000000 -3408.000000 414.315789) (1888.000000 -3408.000000 448.000000) (1888.000000 -3178.105263 448.000000) (1888.000000 -3104.000000 414.315789) 
4 180 181 (1888.000000 -3408.000000 414.315789) (1888.000000 -3104.000000 414.315789) (1952.000000 -3104.000000 448.000000) (1952.000000 -3408.000000 448.000000) 
4 181 192 (1888.000000 -3408.000000 414.315789) (1888.000000 -3408.000000 64.000000) (2088.000000 -3408.000000 64.000000) (1939.688474 -3408.000000 441.520249) 
6 181 190 (2088.000000 -3408.000000 64.000000) (2228.133333 -3408.000000 64.000000) (2228.133333 -3408.000000 343.179487) (2160.000000 -3408.000000 448.000000) (1952.000000 -3408.000000 448.000000) (1939.688474 -3408.000000 441.520249) 
4 181 188 (1888.000000 -3408.000000 64.000000) (1888.000000 -3408.000000 414.315789) (1888.000000 -2720.000000 414.315789) (1888.000000 -2720.000000 64.000000) 
4 182 183 (1872.000000 -2560.000000 352.000000) (1872.000000 -2312.000000 352.000000) (1888.000000 -2312.000000 352.000000) (1888.000000 -2560.000000 352.000000) 
4 183 184 (1888.000000 -2560.000000 336.000000) (1872.000000 -2560.000000 336.000000) (1872.000000 -2312.000000 336.000000) (1888.000000 -2312.000000 336.000000) 
4 185 188 (1888.000000 -2720.000000 96.000000) (1888.000000 -2720.000000 376.000000) (1872.000000 -2720.000000 360.000000) (1872.000000 -2720.000000 96.000000) 
5 186 192 (1888.000000 -3408.000000 414.315789) (1888.000000 -3408.000000 448.000000) (1689.454545 -3408.000000 448.000000) (1616.320000 -3408.000000 409.508134) (1616.320000 -3408.000000 271.326316) 
4 186 189 (1688.000000 -3152.000000 309.052632) (1616.320000 -3408.000000 271.326316) (1616.320000 -3408.000000 409.508134) (1688.000000 -3152.000000 330.870813) 
4 186 188 (1888.000000 -3104.000000 414.315789) (1888.000000 -3408.000000 414.315789) (1616.320000 -3408.000000 271.326316) (1701.440000 -3104.000000 316.126316) 
4 187 188 (1840.000000 -2744.000000 389.052632) (1792.202532 -2779.848101 363.896069) (1792.202532 -2779.848101 64.000000) (1840.000000 -2744.000000 64.000000) 
4 188 192 (1616.320000 -3408.000000 64.000000) (1888.000000 -3408.000000 64.000000) (1888.000000 -3408.000000 414.315789) (1616.320000 -3408.000000 271.326316) 
4 188 189 (1688.000000 -3152.000000 64.000000) (1616.320000 -3408.000000 64.000000) (1616.320000 -3408.000000 271.326316) (1688.000000 -3152.000000 309.052632) 
4 189 192 (1398.315789 -3408.000000 64.000000) (1616.320000 -3408.000000 64.000000) (1616.320000 -3408.000000 409.508134) (1398.315789 -3408.000000 294.769076) 
3 190 193 (2064.000000 -3456.000000 64.000000) (2016.000000 -3552.000000 64.000000) (1958.400000 -3456.000000 332.800000) 
5 190 192 (2088.000000 -3408.000000 64.000000) (2064.000000 -3456.000000 64.000000) (1958.400000 -3456.000000 332.800000) (1933.714286 -3414.857143 448.000000) (1937.142857 -3408.000000 448.000000) 
3 191 195 (1760.623730 -3883.838070 291.709326) (1690.064720 -3902.156275 448.000000) (1736.342857 -3809.600000 448.000000) 
5 191 193 (1984.000000 -3616.000000 64.000000) (1863.425414 -3857.149171 64.000000) (1760.623730 -3883.838070 291.709326) (1736.342857 -3809.600000 448.000000) (1874.285714 -3533.714286 448.000000) 
5 192 193 (2064.000000 -3456.000000 64.000000) (1913.142857 -3456.000000 448.000000) (1648.000000 -3456.000000 448.000000) (1344.000000 -3456.000000 288.000000) (1344.000000 -3456.000000 64.000000) 
4 193 196 (1344.000000 -3456.000000 256.000000) (1344.000000 -3456.000000 64.000000) (1280.000000 -3632.000000 64.000000) (1280.000000 -3632.000000 448.000000) 
5 193 195 (1449.036545 -3964.730897 121.408638) (1760.623730 -3883.838070 291.709326) (1736.342857 -3809.600000 448.000000) (1334.646154 -3809.600000 448.000000) (1344.000000 -3840.000000 384.000000) 
5 193 194 (1280.000000 -3632.000000 448.000000) (1280.000000 -3632.000000 64.000000) (1387.309589 -3980.756164 64.000000) (1387.309589 -3980.756164 87.671233) (1344.000000 -3840.000000 384.000000) 
4 194 218 (1280.000000 -3632.000000 64.000000) (1280.000000 -3992.000000 64.000000) (1280.000000 -3840.000000 384.000000) (1280.000000 -3632.000000 448.000000) 
4 196 218 (1280.000000 -3456.000000 64.000000) (1280.000000 -3632.000000 64.000000) (1280.000000 -3632.000000 448.000000) (1280.000000 -3456.000000 256.000000) 
4 197 198 (-288.898593 -374.394954 96.000000) (-244.000000 -436.000000 96.000000) (-244.000000 -436.000000 512.000000) (-288.898593 -374.394954 512.000000) 
4 197 201 (-308.000000 -300.000000 96.000000) (-288.898593 -374.394954 96.000000) (-288.898593 -374.394954 512.000000) (-308.000000 -300.000000 512.000000) 
4 198 201 (-288.898593 -374.394954 96.000000) (-269.843675 -448.608845 96.000000) (-269.843675 -448.608845 512.000000) (-288.898593 -374.394954 512.000000) 
4 198 200 (-269.843675 -448.608845 96.000000) (-158.000000 -554.000000 96.000000) (-158.000000 -554.000000 512.000000) (-269.843675 -448.608845 512.000000) 
4 199 201 (-385.027027 -0.000000 96.000000) (-346.000000 -152.000000 96.000000) (-346.000000 -152.000000 512.000000) (-385.027027 -0.000000 512.000000) 
4 200 205 (-227.891892 -612.000000 96.000000) (-96.448980 -612.000000 96.000000) (-96.448980 -612.000000 512.000000) (-227.891892 -612.000000 512.000000) 
4 200 201 (-269.843675 -448.608845 96.000000) (-227.891892 -612.000000 96.000000) (-227.891892 -612.000000 512.000000) (-269.843675 -448.608845 512.000000) 
4 201 220 (-640.000000 -200.000000 512.000000) (-640.000000 0.000000 512.000000) (-640.000000 0.000000 96.000000) (-640.000000 -200.000000 96.000000) 
4 201 219 (-640.000000 -612.000000 96.000000) (-640.000000 -612.000000 512.000000) (-640.000000 -200.000000 512.000000) (-640.000000 -200.000000 96.000000) 
4 201 217 (-640.000000 -612.000000 512.000000) (-640.000000 -612.000000 96.000000) (-540.000000 -612.000000 96.000000) (-540.000000 -612.000000 512.000000) 
4 201 205 (-516.000000 -612.000000 96.000000) (-227.891892 -612.000000 96.000000) (-227.891892 -612.000000 512.000000) (-516.000000 -612.000000 512.000000) 
4 202 208 (328.000000 -784.000000 432.000000) (328.000000 -784.000000 512.000000) (241.272727 -784.000000 512.000000) (241.272727 -784.000000 432.000000) 
4 202 209 (241.272727 -784.000000 96.000000) (328.000000 -784.000000 96.000000) (328.000000 -784.000000 432.000000) (241.272727 -784.000000 432.000000) 
4 202 204 (194.000000 -768.000000 96.000000) (241.272727 -784.000000 96.000000) (241.272727 -784.000000 512.000000) (194.000000 -768.000000 512.000000) 
4 203 205 (-54.000000 -652.000000 96.000000) (-0.904459 -702.032337 96.000000) (-0.904459 -702.032337 512.000000) (-54.000000 -652.000000 512.000000) 
4 203 204 (-0.904459 -702.032337 96.000000) (64.000000 -724.000000 96.000000) (64.000000 -724.000000 512.000000) (-0.904459 -702.032337 512.000000) 
4 204 208 (241.272727 -784.000000 432.000000) (241.272727 -784.000000 512.000000) (86.081633 -784.000000 512.000000) (86.081633 -784.000000 432.000000) 
4 204 209 (86.081633 -784.000000 96.000000) (241.272727 -784.000000 96.000000) (241.272727 -784.000000 432.000000) (86.081633 -784.000000 432.000000) 
4 204 205 (-0.904459 -702.032337 96.000000) (86.081633 -784.000000 96.000000) (86.081633 -784.000000 512.000000) (-0.904459 -702.032337 512.000000) 
4 205 208 (86.081633 -784.000000 432.000000) (86.081633 -784.000000 512.000000) (-402.000000 -784.000000 512.000000) (-402.000000 -784.000000 432.000000) 
4 205 209 (-402.000000 -784.000000 96.000000) (86.081633 -784.000000 96.000000) (86.081633 -784.000000 432.000000) (-402.000000 -784.000000 432.000000) 
4 206 210 (1072.000000 -824.000000 432.000000) (1280.000000 -824.000000 432.000000) (1280.000000 -824.000000 512.000000) (1072.000000 -824.000000 512.000000) 
4 206 209 (1088.000000 -784.000000 432.000000) (1280.000000 -784.000000 432.000000) (1280.000000 -824.000000 432.000000) (1072.000000 -824.000000 432.000000) 
4 207 210 (384.000000 -824.000000 432.000000) (1040.000000 -824.000000 432.000000) (1040.000000 -824.000000 512.000000) (384.000000 -824.000000 512.000000) 
4 207 209 (400.000000 -784.000000 432.000000) (1024.000000 -784.000000 432.000000) (1040.000000 -824.000000 432.000000) (384.000000 -824.000000 432.000000) 
4 208 210 (-360.342857 -824.000000 512.000000) (-360.342857 -824.000000 432.000000) (352.000000 -824.000000 432.000000) (352.000000 -824.000000 512.000000) 
5 208 209 (-396.000000 -792.000000 432.000000) (-402.000000 -784.000000 432.000000) (336.000000 -784.000000 432.000000) (352.000000 -824.000000 432.000000) (-360.342857 -824.000000 432.000000) 
4 209 210 (-360.342857 -824.000000 432.000000) (-360.342857 -824.000000 96.000000) (1280.000000 -824.000000 96.000000) (1280.000000 -824.000000 432.000000) 
4 210 213 (74.000000 -1080.000000 512.000000) (74.000000 -1080.000000 432.000000) (352.000000 -1080.000000 432.000000) (352.000000 -1080.000000 512.000000) 
4 210 212 (384.000000 -1080.000000 432.000000) (1040.000000 -1080.000000 432.000000) (1040.000000 -1080.000000 512.000000) (384.000000 -1080.000000 512.000000) 
4 210 211 (1072.000000 -1080.000000 432.000000) (1280.000000 -1080.000000 432.000000) (1280.000000 -1080.000000 512.000000) (1072.000000 -1080.000000 512.000000) 
4 210 214 (74.000000 -1080.000000 432.000000) (74.000000 -1080.000000 96.000000) (1280.000000 -1080.000000 96.000000) (1280.000000 -1080.000000 432.000000) 
4 211 216 (1185.473684 -1120.000000 512.000000) (1088.000000 -1120.000000 512.000000) (1088.000000 -1120.000000 432.000000) (1185.473684 -1120.000000 432.000000) 
4 211 215 (1280.000000 -1120.000000 432.000000) (1280.000000 -1120.000000 512.000000) (1185.473684 -1120.000000 512.000000) (1185.473684 -1120.000000 432.000000) 
4 211 214 (1280.000000 -1120.000000 432.000000) (1088.000000 -1120.000000 432.000000) (1072.000000 -1080.000000 432.000000) (1280.000000 -1080.000000 432.000000) 
4 212 214 (1024.000000 -1120.000000 432.000000) (400.000000 -1120.000000 432.000000) (384.000000 -1080.000000 432.000000) (1040.000000 -1080.000000 432.000000) 
5 213 214 (336.000000 -1120.000000 432.000000) (328.000000 -1120.000000 432.000000) (128.000000 -1098.000000 432.000000) (74.000000 -1080.000000 432.000000) (352.000000 -1080.000000 432.000000) 
4 214 216 (1088.000000 -1120.000000 96.000000) (1185.473684 -1120.000000 96.000000) (1185.473684 -1120.000000 432.000000) (1088.000000 -1120.000000 432.000000) 
4 214 215 (1185.473684 -1120.000000 96.000000) (1280.000000 -1120.000000 96.000000) (1280.000000 -1120.000000 432.000000) (1185.473684 -1120.000000 432.000000) 
4 215 216 (1185.473684 -1120.000000 512.000000) (1185.473684 -1120.000000 96.000000) (1240.000000 -1134.000000 96.000000) (1240.000000 -1134.000000 512.000000) 
4 217 227 (-640.000000 -765.333333 512.000000) (-640.000000 -704.000000 512.000000) (-640.000000 -704.000000 96.000000) (-640.000000 -765.333333 96.000000) 
4 217 219 (-640.000000 -704.000000 512.000000) (-640.000000 -612.000000 512.000000) (-640.000000 -612.000000 96.000000) (-640.000000 -704.000000 96.000000) 
4 219 226 (-1007.322034 -704.000000 96.000000) (-714.000000 -704.000000 96.000000) (-714.000000 -704.000000 512.000000) (-1007.322034 -704.000000 512.000000) 
4 219 227 (-714.000000 -704.000000 96.000000) (-640.000000 -704.000000 96.000000) (-640.000000 -704.000000 512.000000) (-714.000000 -704.000000 512.000000) 
4 219 224 (-898.000000 -554.000000 96.000000) (-1007.322034 -704.000000 96.000000) (-1007.322034 -704.000000 512.000000) (-898.000000 -554.000000 512.000000) 
4 219 221 (-767.101407 -374.394954 96.000000) (-812.000000 -436.000000 96.000000) (-812.000000 -436.000000 512.000000) (-767.101407 -374.394954 512.000000) 
4 219 220 (-640.000000 -200.000000 512.000000) (-640.000000 -200.000000 96.000000) (-767.101407 -374.394954 96.000000) (-767.101407 -374.394954 512.000000) 
4 220 222 (-670.972973 -0.000000 96.000000) (-710.000000 -152.000000 96.000000) (-710.000000 -152.000000 512.000000) (-670.972973 -0.000000 512.000000) 
4 220 221 (-748.000000 -300.000000 96.000000) (-767.101407 -374.394954 96.000000) (-767.101407 -374.394954 512.000000) (-748.000000 -300.000000 512.000000) 
4 223 226 (-1087.222222 -704.000000 96.000000) (-1057.183673 -704.000000 96.000000) (-1057.183673 -704.000000 512.000000) (-1087.222222 -704.000000 512.000000) 
4 223 224 (-1057.183673 -704.000000 96.000000) (-1002.000000 -652.000000 96.000000) (-1002.000000 -652.000000 512.000000) (-1057.183673 -704.000000 512.000000) 
4 224 226 (-1057.183673 -704.000000 96.000000) (-1007.322034 -704.000000 96.000000) (-1007.322034 -704.000000 512.000000) (-1057.183673 -704.000000 512.000000) 
4 225 226 (-1178.026804 -759.406186 96.000000) (-1120.000000 -724.000000 96.000000) (-1120.000000 -724.000000 512.000000) (-1178.026804 -759.406186 512.000000) 
4 225 227 (-1250.000000 -768.000000 96.000000) (-1178.026804 -759.406186 96.000000) (-1178.026804 -759.406186 512.000000) (-1250.000000 -768.000000 512.000000) 
4 226 227 (-1178.026804 -759.406186 96.000000) (-714.000000 -704.000000 96.000000) (-714.000000 -704.000000 512.000000) (-1178.026804 -759.406186 512.000000) 
4 227 228 (-654.000000 -784.000000 432.000000) (-654.000000 -784.000000 512.000000) (-1384.000000 -784.000000 512.000000) (-1384.000000 -784.000000 432.000000) 
4 227 233 (-1384.000000 -784.000000 96.000000) (-654.000000 -784.000000 96.000000) (-654.000000 -784.000000 432.000000) (-1384.000000 -784.000000 432.000000) 
4 228 230 (-695.657143 -824.000000 432.000000) (-695.657143 -824.000000 512.000000) (-1400.000000 -824.000000 512.000000) (-1400.000000 -824.000000 432.000000) 
5 228 233 (-1384.000000 -784.000000 432.000000) (-654.000000 -784.000000 432.000000) (-660.000000 -792.000000 432.000000) (-695.657143 -824.000000 432.000000) (-1400.000000 -824.000000 432.000000) 
4 229 231 (-1502.400000 -824.000000 512.000000) (-2944.000000 -824.000000 512.000000) (-2944.000000 -824.000000 432.000000) (-1502.400000 -824.000000 432.000000) 
4 229 230 (-1432.000000 -824.000000 512.000000) (-1502.400000 -824.000000 512.000000) (-1502.400000 -824.000000 432.000000) (-1432.000000 -824.000000 432.000000) 
4 229 233 (-2944.000000 -824.000000 432.000000) (-2944.000000 -784.000000 432.000000) (-1448.000000 -784.000000 432.000000) (-1432.000000 -824.000000 432.000000) 
4 230 231 (-1502.400000 -824.000000 512.000000) (-1502.400000 -824.000000 432.000000) (-1400.000000 -1080.000000 432.000000) (-1400.000000 -1080.000000 512.000000) 
6 230 233 (-992.000000 -1034.000000 432.000000) (-1184.000000 -1098.000000 432.000000) (-1384.000000 -1120.000000 432.000000) (-1502.400000 -824.000000 432.000000) (-695.657143 -824.000000 432.000000) (-816.000000 -932.000000 432.000000) 
4 231 232 (-1432.000000 -1080.000000 512.000000) (-2944.000000 -1080.000000 512.000000) (-2944.000000 -1080.000000 432.000000) (-1432.000000 -1080.000000 432.000000) 
4 231 233 (-2944.000000 -1080.000000 432.000000) (-2944.000000 -824.000000 432.000000) (-1502.400000 -824.000000 432.000000) (-1400.000000 -1080.000000 432.000000) 
4 232 233 (-1448.000000 -1120.000000 432.000000) (-2944.000000 -1120.000000 432.000000) (-2944.000000 -1080.000000 432.000000) (-1432.000000 -1080.000000 432.000000) 
