154
389
1
1
1
1
1
1
1
1
1
1
1
1
1
1
1
1
5
1
1
1
1
1
1
14
1
1
1
1
1
1
1
1
1
1
1
1
1
1
1
1
1
1
1
1
1
1
1
1
1
1
1
1
1
1
1
1
1
1
1
1
1
1
1
1
1
1
1
1
1
1
1
1
1
1
1
1
1
1
1
1
1
1
1
1
1
1
1
1
1
1
1
1
1
1
1
1
1
1
1
1
1
1
1
1
1
1
1
1
1
1
1
1
1
1
1
1
1
1
1
1
1
1
1
1
1
1
1
1
1
1
1
1
1
1
1
1
1
1
1
1
1
1
1
1
1
1
1
1
1
1
1
1
1
1
4 0 1 (3696.000000 3520.000000 1888.000000) (3696.000000 3520.000000 2048.000000) (3696.000000 3856.000000 2048.000000) (3696.000000 3856.000000 1888.000000) 
4 0 3 (3696.000000 3856.000000 1632.000000) (3696.000000 3520.000000 1632.000000) (3696.000000 3520.000000 1872.000000) (3696.000000 3856.000000 1872.000000) 
6 1 5 (3680.000000 3520.000000 1984.000000) (3656.000000 3520.000000 2008.000000) (3608.000000 3520.000000 2008.000000) (3584.000000 3520.000000 1984.000000) (3584.000000 3520.000000 1888.000000) (3680.000000 3520.000000 1888.000000) 
4 1 4 (3344.000000 3856.000000 2048.000000) (3344.000000 3856.000000 1888.000000) (3344.000000 3536.000000 1888.000000) (3344.000000 3536.000000 2048.000000) 
4 1 2 (3568.000000 3520.000000 1888.000000) (3344.000000 3520.000000 1888.000000) (3344.000000 3856.000000 1888.000000) (3568.000000 3856.000000 1888.000000) 
4 2 4 (3344.000000 3856.000000 1888.000000) (3344.000000 3856.000000 1872.000000) (3344.000000 3536.000000 1872.000000) (3344.000000 3536.000000 1888.000000) 
4 2 3 (3344.000000 3856.000000 1872.000000) (3568.000000 3856.000000 1872.000000) (3568.000000 3520.000000 1872.000000) (3344.000000 3520.000000 1872.000000) 
4 3 4 (3344.000000 3856.000000 1872.000000) (3344.000000 3856.000000 1632.000000) (3344.000000 3536.000000 1632.000000) (3344.000000 3536.000000 1872.000000) 
4 4 8 (3312.000000 3536.000000 2048.000000) (3312.000000 3856.000000 2048.000000) (3312.000000 3856.000000 1632.000000) (3312.000000 3536.000000 1632.000000) 
4 6 8 (3312.000000 3400.000000 1632.000000) (3312.000000 3400.000000 2048.000000) (3312.000000 3504.000000 2048.000000) (3312.000000 3504.000000 1632.000000) 
4 6 7 (3428.000000 3400.000000 2048.000000) (3312.000000 3400.000000 2048.000000) (3312.000000 3400.000000 1632.000000) (3428.000000 3400.000000 1632.000000) 
4 7 24 (3312.000000 2832.000000 1888.000000) (3312.000000 2832.000000 1872.000000) (3616.000000 2832.000000 1872.000000) (3616.000000 2832.000000 1888.000000) 
4 7 18 (3320.000000 2832.000000 2048.000000) (3312.000000 2832.000000 2048.000000) (3312.000000 2832.000000 1968.000000) (3320.000000 2832.000000 1968.000000) 
4 7 19 (3312.000000 2832.000000 1968.000000) (3312.000000 2832.000000 1888.000000) (3320.000000 2832.000000 1888.000000) (3320.000000 2832.000000 1968.000000) 
4 7 17 (3616.000000 2832.000000 2048.000000) (3320.000000 2832.000000 2048.000000) (3320.000000 2832.000000 1888.000000) (3616.000000 2832.000000 1888.000000) 
4 7 26 (3312.000000 2832.000000 1872.000000) (3312.000000 2832.000000 1632.000000) (3616.000000 2832.000000 1632.000000) (3616.000000 2832.000000 1872.000000) 
4 7 8 (3312.000000 2832.000000 1632.000000) (3312.000000 2832.000000 2048.000000) (3312.000000 3400.000000 2048.000000) (3312.000000 3400.000000 1632.000000) 
4 8 24 (3312.000000 2832.000000 1872.000000) (3312.000000 2832.000000 1888.000000) (3280.000000 2832.000000 1888.000000) (3280.000000 2832.000000 1872.000000) 
4 8 18 (3312.000000 2832.000000 1968.000000) (3312.000000 2832.000000 2048.000000) (3280.000000 2832.000000 2048.000000) (3280.000000 2832.000000 1968.000000) 
4 8 19 (3312.000000 2832.000000 1888.000000) (3312.000000 2832.000000 1968.000000) (3280.000000 2832.000000 1968.000000) (3280.000000 2832.000000 1888.000000) 
4 8 26 (3280.000000 2832.000000 1632.000000) (3312.000000 2832.000000 1632.000000) (3312.000000 2832.000000 1872.000000) (3280.000000 2832.000000 1872.000000) 
4 8 10 (3205.655282 3454.637014 1632.000000) (3264.000000 2966.000000 1632.000000) (3264.000000 2966.000000 2048.000000) (3205.655282 3454.637014 2048.000000) 
4 8 9 (3157.731343 3856.000000 1632.000000) (3205.655282 3454.637014 1632.000000) (3205.655282 3454.637014 2048.000000) (3157.731343 3856.000000 2048.000000) 
4 9 11 (2648.000000 3506.000000 1632.000000) (3095.170915 3464.813205 1632.000000) (3095.170915 3464.813205 2048.000000) (2648.000000 3506.000000 2048.000000) 
4 9 10 (3095.170915 3464.813205 1632.000000) (3205.655282 3454.637014 1632.000000) (3205.655282 3454.637014 2048.000000) (3095.170915 3464.813205 2048.000000) 
4 10 12 (3122.462659 3384.178506 1632.000000) (3220.000000 3096.000000 1632.000000) (3220.000000 3096.000000 2048.000000) (3122.462659 3384.178506 2048.000000) 
4 10 11 (3095.170915 3464.813205 1632.000000) (3122.462659 3384.178506 1632.000000) (3122.462659 3384.178506 2048.000000) (3095.170915 3464.813205 2048.000000) 
4 11 13 (2796.000000 3468.000000 1632.000000) (3029.616513 3408.017382 1632.000000) (3029.616513 3408.017382 2048.000000) (2796.000000 3468.000000 2048.000000) 
4 11 12 (3029.616513 3408.017382 1632.000000) (3122.462659 3384.178506 1632.000000) (3122.462659 3384.178506 2048.000000) (3029.616513 3408.017382 2048.000000) 
4 12 14 (3072.374825 3337.941259 1632.000000) (3148.000000 3214.000000 1632.000000) (3148.000000 3214.000000 2048.000000) (3072.374825 3337.941259 2048.000000) 
4 12 13 (3029.616513 3408.017382 1632.000000) (3072.374825 3337.941259 1632.000000) (3072.374825 3337.941259 2048.000000) (3029.616513 3408.017382 2048.000000) 
4 13 15 (2932.000000 3404.000000 1632.000000) (2998.410569 3372.747967 1632.000000) (2998.410569 3372.747967 2048.000000) (2932.000000 3404.000000 2048.000000) 
4 13 14 (2998.410569 3372.747967 1632.000000) (3072.374825 3337.941259 1632.000000) (3072.374825 3337.941259 2048.000000) (2998.410569 3372.747967 2048.000000) 
4 14 15 (2998.410569 3372.747967 1632.000000) (3050.000000 3318.000000 1632.000000) (3050.000000 3318.000000 2048.000000) (2998.410569 3372.747967 2048.000000) 
6 16 22 (3616.000000 2368.000000 2008.000000) (3616.000000 2416.000000 2008.000000) (3616.000000 2440.000000 1984.000000) (3616.000000 2440.000000 1888.000000) (3616.000000 2344.000000 1888.000000) (3616.000000 2344.000000 1984.000000) 
3 17 24 (3320.000000 2832.000000 1888.000000) (3616.000000 2832.000000 1888.000000) (3320.000000 2713.600000 1888.000000) 
4 17 21 (3616.000000 2832.000000 1888.000000) (3616.000000 2832.000000 1968.000000) (3576.000000 2816.000000 1968.000000) (3576.000000 2816.000000 1888.000000) 
4 17 23 (3576.000000 2816.000000 2048.000000) (3320.000000 2713.600000 2048.000000) (3320.000000 2713.600000 1888.000000) (3576.000000 2816.000000 1888.000000) 
4 17 18 (3320.000000 2832.000000 2048.000000) (3320.000000 2832.000000 1968.000000) (3320.000000 2816.000000 1968.000000) (3320.000000 2816.000000 2048.000000) 
4 17 19 (3320.000000 2832.000000 1968.000000) (3320.000000 2832.000000 1888.000000) (3320.000000 2784.000000 1888.000000) (3320.000000 2784.000000 1968.000000) 
4 17 20 (3320.000000 2784.000000 1888.000000) (3320.000000 2713.600000 1888.000000) (3320.000000 2713.600000 2048.000000) (3320.000000 2784.000000 2048.000000) 
3 18 19 (3280.000000 2832.000000 1968.000000) (3320.000000 2832.000000 1968.000000) (3320.000000 2816.000000 1968.000000) 
4 19 24 (3280.000000 2768.000000 1888.000000) (3280.000000 2832.000000 1888.000000) (3320.000000 2832.000000 1888.000000) (3320.000000 2784.000000 1888.000000) 
4 19 20 (3280.000000 2768.000000 1968.000000) (3280.000000 2768.000000 1888.000000) (3320.000000 2784.000000 1888.000000) (3320.000000 2784.000000 1968.000000) 
4 20 24 (3280.000000 2697.600000 1888.000000) (3280.000000 2768.000000 1888.000000) (3320.000000 2784.000000 1888.000000) (3320.000000 2713.600000 1888.000000) 
4 20 23 (3320.000000 2713.600000 2048.000000) (3280.000000 2697.600000 2048.000000) (3280.000000 2697.600000 1888.000000) (3320.000000 2713.600000 1888.000000) 
4 21 24 (3576.000000 2784.000000 1888.000000) (3576.000000 2816.000000 1888.000000) (3616.000000 2832.000000 1888.000000) (3616.000000 2768.000000 1888.000000) 
4 21 22 (3576.000000 2784.000000 1888.000000) (3616.000000 2768.000000 1888.000000) (3616.000000 2768.000000 1968.000000) (3576.000000 2784.000000 1968.000000) 
4 21 23 (3576.000000 2816.000000 1968.000000) (3576.000000 2816.000000 1888.000000) (3576.000000 2784.000000 1888.000000) (3576.000000 2784.000000 1968.000000) 
4 22 28 (3600.000000 2080.000000 1896.000000) (3576.000000 2080.000000 1896.000000) (3576.000000 2080.000000 1888.000000) (3600.000000 2080.000000 1888.000000) 
3 22 27 (3576.000000 2080.000000 1920.000000) (3576.000000 2080.000000 1896.000000) (3600.000000 2080.000000 1896.000000) 
4 22 25 (3616.000000 2080.000000 1888.000000) (3576.000000 2080.000000 1888.000000) (3576.000000 2328.000000 1888.000000) (3616.000000 2328.000000 1888.000000) 
4 22 24 (3576.000000 2456.000000 1888.000000) (3576.000000 2784.000000 1888.000000) (3616.000000 2768.000000 1888.000000) (3616.000000 2456.000000 1888.000000) 
4 22 23 (3576.000000 2784.000000 1888.000000) (3576.000000 2080.000000 1888.000000) (3576.000000 2080.000000 2048.000000) (3576.000000 2784.000000 2048.000000) 
4 23 28 (3296.000000 2080.000000 1888.000000) (3576.000000 2080.000000 1888.000000) (3576.000000 2080.000000 1896.000000) (3296.000000 2080.000000 1896.000000) 
4 23 27 (3320.000000 2080.000000 1920.000000) (3296.000000 2080.000000 1896.000000) (3576.000000 2080.000000 1896.000000) (3576.000000 2080.000000 1920.000000) 
4 23 25 (3576.000000 2080.000000 1888.000000) (3280.000000 2080.000000 1888.000000) (3280.000000 2328.000000 1888.000000) (3576.000000 2328.000000 1888.000000) 
4 23 24 (3280.000000 2456.000000 1888.000000) (3280.000000 2697.600000 1888.000000) (3576.000000 2816.000000 1888.000000) (3576.000000 2456.000000 1888.000000) 
4 24 26 (3280.000000 2456.000000 1872.000000) (3280.000000 2832.000000 1872.000000) (3616.000000 2832.000000 1872.000000) (3616.000000 2456.000000 1872.000000) 
4 25 28 (3600.000000 2080.000000 1888.000000) (3296.000000 2080.000000 1888.000000) (3296.000000 2080.000000 1872.000000) (3600.000000 2080.000000 1872.000000) 
4 25 26 (3280.000000 2080.000000 1872.000000) (3280.000000 2328.000000 1872.000000) (3616.000000 2328.000000 1872.000000) (3616.000000 2080.000000 1872.000000) 
4 26 28 (3296.000000 2080.000000 1632.000000) (3600.000000 2080.000000 1632.000000) (3600.000000 2080.000000 1872.000000) (3296.000000 2080.000000 1872.000000) 
4 27 29 (3320.000000 2032.000000 1920.000000) (3296.000000 2032.000000 1896.000000) (3600.000000 2032.000000 1896.000000) (3576.000000 2032.000000 1920.000000) 
4 27 28 (3296.000000 2080.000000 1896.000000) (3600.000000 2080.000000 1896.000000) (3600.000000 2032.000000 1896.000000) (3296.000000 2032.000000 1896.000000) 
4 28 29 (3600.000000 2032.000000 1896.000000) (3296.000000 2032.000000 1896.000000) (3296.000000 2032.000000 1632.000000) (3600.000000 2032.000000 1632.000000) 
6 29 31 (3320.000000 1920.000000 1936.000000) (3280.000000 1920.000000 1896.000000) (3280.000000 1920.000000 1632.000000) (3616.000000 1920.000000 1632.000000) (3616.000000 1920.000000 1896.000000) (3576.000000 1920.000000 1936.000000) 
4 30 33 (3280.000000 1210.105263 1941.894737) (3280.000000 1225.142857 1984.000000) (3280.000000 1443.368421 1984.000000) (3280.000000 1536.000000 1941.894737) 
4 30 32 (3341.714286 1225.142857 1984.000000) (3280.000000 1225.142857 1984.000000) (3280.000000 1210.105263 1941.894737) (3343.567568 1222.054054 1975.351351) 
4 30 31 (3280.000000 1210.105263 1941.894737) (3280.000000 1536.000000 1941.894737) (3360.000000 1536.000000 1984.000000) (3360.000000 1225.142857 1984.000000) 
4 31 37 (3280.000000 1184.000000 1868.800000) (3280.000000 1184.000000 1600.000000) (3629.333333 1184.000000 1600.000000) (3629.333333 1184.000000 1868.800000) 
4 31 34 (3280.000000 1920.000000 1600.000000) (3280.000000 1902.400000 1600.000000) (3280.000000 1902.400000 1941.894737) (3280.000000 1920.000000 1941.894737) 
5 31 35 (3280.000000 1902.400000 1600.000000) (3280.000000 1184.000000 1600.000000) (3280.000000 1184.000000 1868.800000) (3280.000000 1210.105263 1941.894737) (3280.000000 1902.400000 1941.894737) 
4 31 32 (3280.000000 1184.000000 1868.800000) (3366.400000 1184.000000 1868.800000) (3343.567568 1222.054054 1975.351351) (3280.000000 1210.105263 1941.894737) 
4 32 38 (3280.000000 1184.000000 1984.000000) (3280.000000 1184.000000 1868.800000) (3366.400000 1184.000000 1868.800000) (3321.142857 1184.000000 1984.000000) 
3 32 35 (3280.000000 1184.000000 1868.800000) (3280.000000 1184.000000 1941.894737) (3280.000000 1210.105263 1941.894737) 
4 32 33 (3280.000000 1184.000000 1941.894737) (3280.000000 1184.000000 1984.000000) (3280.000000 1225.142857 1984.000000) (3280.000000 1210.105263 1941.894737) 
6 33 40 (3253.142857 1184.000000 1984.000000) (3056.000000 1184.000000 1984.000000) (3010.880000 1184.000000 1960.252632) (3010.880000 1184.000000 1868.800000) (3141.120000 1184.000000 1868.800000) (3263.565734 1184.000000 1933.245123) 
4 33 38 (3280.000000 1184.000000 1941.894737) (3280.000000 1184.000000 1984.000000) (3253.142857 1184.000000 1984.000000) (3263.565734 1184.000000 1933.245123) 
3 33 37 (3010.880000 1184.000000 1868.800000) (3010.880000 1184.000000 1800.252632) (3141.120000 1184.000000 1868.800000) 
4 33 36 (3096.000000 1488.000000 1845.052632) (3010.880000 1184.000000 1800.252632) (3010.880000 1184.000000 1960.252632) (3096.000000 1488.000000 1866.870813) 
4 33 35 (3280.000000 1536.000000 1941.894737) (3280.000000 1184.000000 1941.894737) (3010.880000 1184.000000 1800.252632) (3109.440000 1536.000000 1852.126316) 
4 34 35 (3280.000000 1902.400000 1600.000000) (3280.000000 1902.400000 1941.894737) (3248.000000 1896.000000 1925.052632) (3248.000000 1896.000000 1600.000000) 
3 35 40 (3263.565734 1184.000000 1933.245123) (3141.120000 1184.000000 1868.800000) (3276.800000 1184.000000 1868.800000) 
4 35 38 (3280.000000 1184.000000 1868.800000) (3280.000000 1184.000000 1941.894737) (3263.565734 1184.000000 1933.245123) (3276.800000 1184.000000 1868.800000) 
5 35 37 (3280.000000 1184.000000 1600.000000) (3280.000000 1184.000000 1868.800000) (3141.120000 1184.000000 1868.800000) (3010.880000 1184.000000 1800.252632) (3010.880000 1184.000000 1600.000000) 
4 35 36 (3096.000000 1488.000000 1600.000000) (3010.880000 1184.000000 1600.000000) (3010.880000 1184.000000 1800.252632) (3096.000000 1488.000000 1845.052632) 
3 36 40 (3010.880000 1184.000000 1868.800000) (3010.880000 1184.000000 1960.252632) (2837.120000 1184.000000 1868.800000) 
5 36 37 (2752.000000 1184.000000 1824.000000) (2752.000000 1184.000000 1600.000000) (3010.880000 1184.000000 1600.000000) (3010.880000 1184.000000 1868.800000) (2837.120000 1184.000000 1868.800000) 
4 37 42 (2752.000000 1184.000000 1792.000000) (2752.000000 1184.000000 1600.000000) (2717.090909 1088.000000 1600.000000) (2744.822430 1164.261682 1813.532710) 
4 37 40 (2752.000000 1184.000000 1868.800000) (2717.090909 1088.000000 1600.000000) (3368.000000 1088.000000 1600.000000) (3276.800000 1184.000000 1868.800000) 
4 37 38 (3368.000000 1088.000000 1600.000000) (3424.000000 1088.000000 1600.000000) (3366.400000 1184.000000 1868.800000) (3276.800000 1184.000000 1868.800000) 
5 38 40 (3253.142857 1184.000000 1984.000000) (3276.800000 1184.000000 1868.800000) (3368.000000 1088.000000 1600.000000) (3392.000000 1024.000000 1600.000000) (3282.285714 1106.285714 1984.000000) 
5 39 40 (3402.849452 816.970531 1925.221702) (2857.036545 675.269103 1881.621262) (2752.000000 800.000000 1920.000000) (2688.000000 1008.000000 1984.000000) (3319.142857 1008.000000 1984.000000) 
4 40 43 (2688.000000 1008.000000 1600.000000) (2688.000000 876.000000 1600.000000) (2688.000000 876.000000 1943.384615) (2688.000000 1008.000000 1984.000000) 
4 40 42 (2688.000000 1008.000000 1984.000000) (2744.822430 1164.261682 1813.532710) (2717.090909 1088.000000 1600.000000) (2688.000000 1008.000000 1600.000000) 
5 40 41 (2688.000000 876.000000 1943.384615) (2688.000000 876.000000 1600.000000) (2857.036545 675.269103 1600.000000) (2857.036545 675.269103 1657.408638) (2752.000000 800.000000 1920.000000) 
4 41 43 (2688.000000 876.000000 1600.000000) (2688.000000 648.000000 1600.000000) (2688.000000 800.000000 1920.000000) (2688.000000 876.000000 1943.384615) 
4 42 43 (2688.000000 1184.000000 1792.000000) (2688.000000 1184.000000 1600.000000) (2688.000000 1008.000000 1600.000000) (2688.000000 1008.000000 1984.000000) 
5 43 46 (256.000000 957.714286 1968.527473) (256.000000 1008.000000 1984.000000) (256.000000 1184.000000 1792.000000) (256.000000 1184.000000 1600.000000) (256.000000 957.714286 1600.000000) 
4 43 47 (256.000000 800.000000 1920.000000) (256.000000 957.714286 1968.527473) (256.000000 957.714286 1600.000000) (256.000000 800.000000 1600.000000) 
3 43 44 (256.000000 648.000000 1600.000000) (256.000000 800.000000 1920.000000) (256.000000 800.000000 1600.000000) 
3 44 47 (256.000000 800.000000 1600.000000) (128.000000 648.000000 1600.000000) (256.000000 800.000000 1920.000000) 
4 45 65 (128.000000 648.000000 2048.000000) (43.333333 648.000000 2048.000000) (43.333333 648.000000 1873.230769) (128.000000 648.000000 1873.230769) 
4 45 64 (43.333333 648.000000 2048.000000) (-22.378378 648.000000 2048.000000) (-22.378378 648.000000 1873.230769) (43.333333 648.000000 1873.230769) 
5 45 60 (-159.702128 648.000000 2048.000000) (-476.000000 648.000000 2048.000000) (-551.630146 648.000000 1934.554781) (-502.625691 648.000000 1873.230769) (-159.702128 648.000000 1873.230769) 
3 45 63 (-551.630146 648.000000 1934.554781) (-592.512821 648.000000 1873.230769) (-502.625691 648.000000 1873.230769) 
4 45 58 (-22.378378 648.000000 2048.000000) (-22.965517 648.000000 2048.000000) (-22.965517 648.000000 1873.230769) (-22.378378 648.000000 1873.230769) 
4 45 54 (-22.965517 648.000000 2048.000000) (-159.702128 648.000000 2048.000000) (-159.702128 648.000000 1873.230769) (-22.965517 648.000000 1873.230769) 
4 45 51 (-654.741036 877.482072 1952.000000) (-659.121216 873.889340 1942.735182) (-651.487179 848.000000 1934.769231) (-640.000000 848.000000 1952.000000) 
4 45 48 (-651.487179 848.000000 1934.769231) (-592.512821 648.000000 1873.230769) (-476.000000 648.000000 2048.000000) (-576.000000 848.000000 2048.000000) 
8 45 47 (-659.121216 873.889340 1942.735182) (-520.000000 988.000000 1977.846154) (-318.000000 1096.000000 2011.076923) (-192.621762 1133.958549 2022.756477) (128.000000 1008.000000 1984.000000) (256.000000 800.000000 1920.000000) (128.000000 648.000000 1873.230769) (-592.512821 648.000000 1873.230769) 
5 46 47 (256.000000 957.714286 1968.527473) (128.000000 1008.000000 1984.000000) (-192.621762 1133.958549 1846.590674) (-192.621762 1133.958549 1600.000000) (256.000000 957.714286 1600.000000) 
3 47 72 (-722.902275 648.000000 1677.646588) (-774.666667 648.000000 1600.000000) (-722.902465 648.000000 1600.000000) 
4 47 65 (43.333333 648.000000 1600.000000) (128.000000 648.000000 1600.000000) (128.000000 648.000000 1873.230769) (43.333333 648.000000 1873.230769) 
4 47 64 (-22.378378 648.000000 1600.000000) (43.333333 648.000000 1600.000000) (43.333333 648.000000 1873.230769) (-22.378378 648.000000 1873.230769) 
4 47 60 (-284.285031 648.000000 1600.000000) (-159.702128 648.000000 1600.000000) (-159.702128 648.000000 1873.230769) (-502.625691 648.000000 1873.230769) 
5 47 63 (-592.512821 648.000000 1873.230769) (-722.902275 648.000000 1677.646588) (-722.902465 648.000000 1600.000000) (-284.285031 648.000000 1600.000000) (-502.625691 648.000000 1873.230769) 
4 47 58 (-22.965517 648.000000 1600.000000) (-22.378378 648.000000 1600.000000) (-22.378378 648.000000 1873.230769) (-22.965517 648.000000 1873.230769) 
4 47 54 (-159.702128 648.000000 1600.000000) (-22.965517 648.000000 1600.000000) (-22.965517 648.000000 1873.230769) (-159.702128 648.000000 1873.230769) 
3 47 51 (-659.121216 873.889340 1942.735182) (-690.684932 848.000000 1875.972603) (-651.487179 848.000000 1934.769231) 
6 47 48 (-690.684932 848.000000 1875.972603) (-698.000000 842.000000 1860.500000) (-805.895035 710.456738 1600.000000) (-774.666667 648.000000 1600.000000) (-592.512821 648.000000 1873.230769) (-651.487179 848.000000 1934.769231) 
5 48 72 (-722.901663 648.000000 1927.647506) (-781.350950 648.000000 1839.973575) (-783.637572 648.000000 1600.000000) (-774.666667 648.000000 1600.000000) (-722.902275 648.000000 1677.646588) 
3 48 61 (-477.801141 648.000000 2048.000000) (-512.000000 648.000000 2048.000000) (-509.515191 648.000000 2044.890518) 
4 48 62 (-512.000000 648.000000 2048.000000) (-642.285031 648.000000 2048.000000) (-630.334016 648.000000 2033.044540) (-509.515191 648.000000 2044.890518) 
4 48 60 (-476.000000 648.000000 2048.000000) (-477.801141 648.000000 2048.000000) (-630.334016 648.000000 2033.044540) (-551.630146 648.000000 1934.554781) 
5 48 63 (-642.285031 648.000000 2048.000000) (-642.666667 648.000000 2048.000000) (-722.901663 648.000000 1927.647506) (-722.902275 648.000000 1677.646588) (-551.630146 648.000000 1934.554781) 
4 48 52 (-830.564014 680.380860 1749.963549) (-831.070619 679.763218 1600.000000) (-783.637572 648.000000 1600.000000) (-781.350950 648.000000 1839.973575) 
4 48 50 (-706.666667 648.000000 1952.000000) (-642.666667 648.000000 2048.000000) (-608.000000 752.000000 2048.000000) (-656.000000 800.000000 1952.000000) 
6 48 51 (-690.684932 848.000000 1875.972603) (-698.000000 842.000000 1868.000000) (-830.564014 680.380860 1749.963549) (-781.350950 648.000000 1839.973575) (-706.666667 648.000000 1952.000000) (-640.000000 848.000000 1952.000000) 
5 49 50 (-704.000000 720.000000 2048.000000) (-826.106708 679.297764 2048.000000) (-829.574649 681.587071 2042.832068) (-761.216495 764.927835 1952.000000) (-704.000000 784.000000 1952.000000) 
3 49 51 (-761.216495 764.927835 1952.000000) (-738.498834 792.624709 1952.000000) (-704.000000 784.000000 1952.000000) 
3 50 72 (-731.180030 648.000000 1952.000000) (-722.901603 648.000000 1952.000000) (-722.901594 648.000000 1955.858911) 
3 50 70 (-768.000000 648.000000 2048.000000) (-779.368740 648.000000 2048.000000) (-779.819232 648.000000 2000.722332) 
6 50 69 (-722.901368 648.000000 2048.000000) (-768.000000 648.000000 2048.000000) (-779.819232 648.000000 2000.722332) (-780.283490 648.000000 1952.000000) (-731.180030 648.000000 1952.000000) (-722.901594 648.000000 1955.858911) 
4 50 63 (-642.666667 648.000000 2048.000000) (-722.901368 648.000000 2048.000000) (-722.901603 648.000000 1952.000000) (-706.666667 648.000000 1952.000000) 
3 50 52 (-791.999625 655.845631 1952.000000) (-780.283490 648.000000 1952.000000) (-779.819232 648.000000 2000.722332) 
5 50 51 (-780.283490 648.000000 1952.000000) (-829.881497 681.212970 1952.000000) (-761.216495 764.927835 1952.000000) (-656.000000 800.000000 1952.000000) (-706.666667 648.000000 1952.000000) 
5 51 72 (-780.502565 648.000000 1929.008791) (-781.350950 648.000000 1839.973575) (-722.901663 648.000000 1927.647506) (-722.901603 648.000000 1952.000000) (-731.180030 648.000000 1952.000000) 
3 51 69 (-780.283490 648.000000 1952.000000) (-780.502565 648.000000 1929.008791) (-731.180030 648.000000 1952.000000) 
3 51 63 (-722.901663 648.000000 1927.647506) (-706.666667 648.000000 1952.000000) (-722.901603 648.000000 1952.000000) 
3 51 53 (-830.037168 681.023179 1905.918728) (-830.400405 680.580328 1798.394483) (-800.022000 661.013000 1919.910000) 
5 51 52 (-830.400405 680.580328 1798.394483) (-830.564014 680.380860 1749.963549) (-781.350950 648.000000 1839.973575) (-780.283490 648.000000 1952.000000) (-791.999625 655.845631 1952.000000) 
5 52 72 (-852.554455 648.000000 1709.776897) (-852.554455 648.000000 1600.000000) (-783.637572 648.000000 1600.000000) (-780.502565 648.000000 1929.008791) (-800.022000 648.000000 1919.910000) 
3 52 69 (-780.502565 648.000000 1929.008791) (-779.819232 648.000000 2000.722332) (-800.022000 648.000000 1919.910000) 
5 52 53 (-800.022000 661.013000 1919.910000) (-830.400405 680.580328 1798.394483) (-844.000000 664.000000 1743.995253) (-852.554455 648.000000 1709.776897) (-800.022000 648.000000 1919.910000) 
3 53 72 (-852.554455 648.000000 1895.422518) (-852.554455 648.000000 1709.776897) (-800.022000 648.000000 1919.910000) 
6 54 60 (-159.702128 648.000000 1600.000000) (-238.558700 555.343527 1600.000000) (-271.010526 517.212632 1664.158571) (-271.010526 517.212632 1899.006217) (-178.969113 625.361292 2048.000000) (-159.702128 648.000000 2048.000000) 
3 54 63 (-238.558700 555.343527 1600.000000) (-271.010526 517.212632 1600.000000) (-271.010526 517.212632 1664.158571) 
5 54 58 (-114.000000 600.000000 1600.000000) (-22.965517 648.000000 1600.000000) (-22.965517 648.000000 2048.000000) (-80.105491 617.871650 2048.000000) (-114.000000 600.000000 2021.546684) 
4 54 56 (-271.010526 517.212632 1899.006217) (-271.010526 517.212632 1600.000000) (-224.000000 542.000000 1600.000000) (-224.000000 542.000000 1935.696062) 
3 54 55 (-80.105491 617.871650 2048.000000) (-161.464245 624.035170 2048.000000) (-186.017350 562.027216 1965.340009) 
3 55 58 (-114.000000 600.000000 2021.546684) (-80.105491 617.871650 2048.000000) (-114.000000 600.000000 2048.000000) 
4 56 60 (-318.000000 462.000000 1757.058658) (-318.000000 462.000000 1822.941116) (-271.010526 517.212632 1899.006217) (-271.010526 517.212632 1664.158571) 
4 56 63 (-271.010526 517.212632 1600.000000) (-318.000000 462.000000 1600.000000) (-318.000000 462.000000 1757.058658) (-271.010526 517.212632 1664.158571) 
3 56 57 (-303.148626 479.450365 1846.982059) (-318.000000 462.000000 1822.941116) (-301.471072 476.067172 1842.767906) 
3 57 61 (-318.000000 462.000000 1822.941116) (-318.000000 462.000000 1844.817844) (-303.148626 479.450365 1846.982059) 
4 58 64 (-59.792955 616.537743 1600.000000) (-22.378378 648.000000 1600.000000) (-22.378378 648.000000 2048.000000) (-59.792955 616.537743 2048.000000) 
5 59 67 (-480.086193 263.109338 1600.000000) (-431.973274 303.567929 1600.000000) (-431.973274 303.567929 1997.527188) (-460.477454 279.598504 2048.000000) (-480.086193 263.109338 2048.000000) 
4 59 68 (-505.346939 241.867347 1600.000000) (-480.086193 263.109338 1600.000000) (-480.086193 263.109338 2048.000000) (-505.346939 241.867347 2048.000000) 
5 59 63 (-398.000000 368.000000 1600.000000) (-505.346939 241.867347 1600.000000) (-505.346939 241.867347 2048.000000) (-465.160040 289.086953 2048.000000) (-398.000000 368.000000 1915.221888) 
5 60 61 (-324.171095 454.748963 1812.951538) (-303.148626 479.450365 1846.982059) (-383.169070 640.830930 2048.000000) (-477.801141 648.000000 2048.000000) (-509.515191 648.000000 2044.890518) 
4 60 62 (-336.322011 440.471637 1793.282013) (-324.171095 454.748963 1812.951538) (-509.515191 648.000000 2044.890518) (-630.334016 648.000000 2033.044540) 
4 60 63 (-630.334016 648.000000 2033.044540) (-284.285031 648.000000 1600.000000) (-238.558700 555.343527 1600.000000) (-336.322011 440.471637 1793.282013) 
5 61 62 (-512.000000 648.000000 2048.000000) (-509.515191 648.000000 2044.890518) (-324.171095 454.748963 1812.951538) (-346.335969 428.705236 1840.688587) (-512.000000 512.000000 2048.000000) 
5 62 63 (-642.285031 648.000000 2048.000000) (-630.334016 648.000000 2033.044540) (-336.322011 440.471637 1793.282013) (-384.382979 384.000000 1888.300487) (-512.000000 384.000000 2048.000000) 
4 63 76 (-773.945946 16.000000 2048.000000) (-932.477363 16.000000 2048.000000) (-932.477709 16.000000 1906.314551) (-773.945946 16.000000 1955.093555) 
4 63 77 (-932.477709 16.000000 1906.314551) (-932.478459 16.000000 1600.000000) (-773.945946 16.000000 1600.000000) (-773.945946 16.000000 1955.093555) 
4 63 72 (-722.902465 648.000000 1600.000000) (-932.478459 16.000000 1600.000000) (-932.477827 16.000000 1858.167033) (-722.901594 648.000000 1955.858911) 
4 63 69 (-768.000000 512.000000 2048.000000) (-722.901368 648.000000 2048.000000) (-722.901594 648.000000 1955.858911) (-800.022000 415.435000 1919.910000) 
4 63 71 (-932.477827 16.000000 1858.167033) (-932.477363 16.000000 2048.000000) (-832.051000 318.847000 2048.000000) (-832.051374 318.846926 1904.979825) 
4 63 68 (-773.945946 16.000000 2048.000000) (-773.945946 16.000000 1600.000000) (-505.346939 241.867347 1600.000000) (-505.346939 241.867347 2048.000000) 
4 64 65 (4.000000 636.000000 1600.000000) (43.333333 648.000000 1600.000000) (43.333333 648.000000 2048.000000) (4.000000 636.000000 2048.000000) 
4 66 67 (-456.000000 258.000000 1600.000000) (-486.106267 200.901907 1600.000000) (-486.106267 200.901907 2048.000000) (-456.000000 258.000000 2048.000000) 
4 66 68 (-486.106267 200.901907 1600.000000) (-492.000000 140.000000 1600.000000) (-492.000000 140.000000 2048.000000) (-486.106267 200.901907 2048.000000) 
4 67 68 (-480.086193 263.109338 1600.000000) (-486.106267 200.901907 1600.000000) (-486.106267 200.901907 2048.000000) (-480.086193 263.109338 2048.000000) 
4 68 76 (-738.669017 16.000000 2048.000000) (-773.945946 16.000000 2048.000000) (-773.945946 16.000000 1955.093555) (-680.000000 16.000000 1984.000000) 
5 68 77 (-773.945946 16.000000 1955.093555) (-773.945946 16.000000 1600.000000) (-504.000000 16.000000 1600.000000) (-504.000000 16.000000 1792.007692) (-680.000000 16.000000 1984.000000) 
3 68 75 (-504.000000 16.000000 2048.000000) (-738.669017 16.000000 2048.000000) (-504.000000 16.000000 1792.007692) 
3 69 72 (-800.022000 648.000000 1919.910000) (-722.901594 648.000000 1955.858911) (-800.022000 415.435000 1919.910000) 
3 69 70 (-768.000000 640.387000 2048.000000) (-768.000000 648.000000 2048.000000) (-779.819232 648.000000 2000.722332) 
4 71 76 (-932.477363 16.000000 2048.000000) (-1040.000000 16.000000 2048.000000) (-1040.000000 16.000000 1873.230769) (-932.477709 16.000000 1906.314551) 
4 71 77 (-1040.000000 16.000000 1873.230769) (-1040.000000 16.000000 1808.046641) (-932.477827 16.000000 1858.167033) (-932.477709 16.000000 1906.314551) 
5 71 72 (-1018.000000 244.000000 1818.301722) (-1005.664537 284.744409 1824.051775) (-832.051374 318.846926 1904.979825) (-932.477827 16.000000 1858.167033) (-1040.000000 16.000000 1808.046641) 
4 72 77 (-1040.000000 16.000000 1808.046641) (-1040.000000 16.000000 1600.000000) (-932.478459 16.000000 1600.000000) (-932.477827 16.000000 1858.167033) 
4 75 76 (-738.669017 -105.434993 2048.000000) (-738.669017 16.000000 2048.000000) (-680.000000 16.000000 1984.000000) (-680.000000 -128.000000 1984.000000) 
3 75 77 (-680.000000 16.000000 1984.000000) (-504.000000 16.000000 1792.007692) (-680.000000 -128.000000 1984.000000) 
4 76 77 (-1040.000000 16.000000 1873.230769) (-680.000000 16.000000 1984.000000) (-680.000000 -128.000000 1984.000000) (-888.000000 -48.000000 1920.000000) 
5 77 78 (-504.000000 -209.684211 1600.000000) (-504.000000 -209.684211 1792.007692) (-680.000000 -135.578947 1984.000000) (-888.000000 -48.000000 1920.000000) (-1040.000000 16.000000 1600.000000) 
3 78 83 (-1040.000000 -960.000000 1600.000000) (-888.000000 -960.000000 1600.000000) (-888.000000 -960.000000 1920.000000) 
5 78 80 (-711.200000 -960.000000 1600.000000) (-504.000000 -960.000000 1600.000000) (-504.000000 -960.000000 1792.007692) (-680.000000 -960.000000 1984.000000) (-711.200000 -960.000000 1974.400000) 
4 78 81 (-888.000000 -960.000000 1600.000000) (-711.200000 -960.000000 1600.000000) (-711.200000 -960.000000 1974.400000) (-888.000000 -960.000000 1920.000000) 
5 79 105 (-695.722772 -1792.000000 1979.162224) (-695.722772 -1792.000000 2007.624883) (-907.872796 -1792.000000 2033.717409) (-954.819459 -1792.000000 1962.482469) (-885.431529 -1792.000000 1920.790299) 
3 79 106 (-954.819459 -1792.000000 1962.482469) (-1006.934892 -1792.000000 1883.404648) (-885.431529 -1792.000000 1920.790299) 
4 79 95 (-1040.000000 -1236.666667 2048.000000) (-1040.000000 -1152.000000 2048.000000) (-1040.000000 -1152.000000 1873.230769) (-1040.000000 -1236.666667 1873.230769) 
4 79 94 (-1040.000000 -1302.378378 2048.000000) (-1040.000000 -1236.666667 2048.000000) (-1040.000000 -1236.666667 1873.230769) (-1040.000000 -1302.378378 1873.230769) 
4 79 90 (-1040.000000 -1302.965517 2048.000000) (-1040.000000 -1302.378378 2048.000000) (-1040.000000 -1302.378378 1873.230769) (-1040.000000 -1302.965517 1873.230769) 
4 79 89 (-1040.000000 -1379.450000 2048.000000) (-1040.000000 -1302.965517 2048.000000) (-1040.000000 -1302.965517 1873.230769) (-1040.000000 -1379.450000 1873.230769) 
4 79 85 (-1040.000000 -1534.649351 2024.727273) (-1040.000000 -1503.372949 2048.000000) (-1040.000000 -1379.450000 2048.000000) (-1040.000000 -1379.450000 1916.426168) 
5 79 84 (-1040.000000 -1599.753839 1976.283113) (-1040.000000 -1534.649351 2024.727273) (-1040.000000 -1379.450000 1916.426168) (-1040.000000 -1379.450000 1873.230769) (-1040.000000 -1535.805585 1873.230769) 
3 79 88 (-1040.000000 -1738.246697 1873.230769) (-1040.000000 -1599.753839 1976.283113) (-1040.000000 -1535.805585 1873.230769) 
6 79 82 (-1006.934892 -1792.000000 1883.404648) (-907.872796 -1792.000000 2033.717409) (-907.945352 -1772.657559 2048.000000) (-1024.000000 -1536.000000 2048.000000) (-1040.000000 -1534.649351 2024.727273) (-1040.000000 -1738.246697 1873.230769) 
7 79 81 (-1040.000000 -1152.000000 1873.230769) (-888.000000 -960.000000 1920.000000) (-680.000000 -1152.000000 1984.000000) (-603.906267 -1620.269128 2007.413456) (-695.722772 -1792.000000 1979.162224) (-1006.934892 -1792.000000 1883.404648) (-1040.000000 -1738.246697 1873.230769) 
5 80 81 (-603.906267 -1620.269128 1600.000000) (-603.906267 -1620.269128 1900.991980) (-680.000000 -1152.000000 1984.000000) (-711.200000 -960.000000 1974.400000) (-711.200000 -960.000000 1600.000000) 
3 81 105 (-695.722772 -1792.000000 1806.802611) (-695.722772 -1792.000000 1979.162224) (-885.431529 -1792.000000 1920.790299) 
6 81 106 (-1040.000000 -1792.000000 1833.233011) (-1040.000000 -1792.000000 1600.000000) (-695.722772 -1792.000000 1600.000000) (-695.722772 -1792.000000 1806.802611) (-885.431529 -1792.000000 1920.790299) (-1006.934892 -1792.000000 1883.404648) 
4 81 95 (-1040.000000 -1236.666667 1873.230769) (-1040.000000 -1152.000000 1873.230769) (-1040.000000 -1152.000000 1600.000000) (-1040.000000 -1236.666667 1600.000000) 
4 81 94 (-1040.000000 -1302.378378 1873.230769) (-1040.000000 -1236.666667 1873.230769) (-1040.000000 -1236.666667 1600.000000) (-1040.000000 -1302.378378 1600.000000) 
4 81 90 (-1040.000000 -1302.965517 1873.230769) (-1040.000000 -1302.378378 1873.230769) (-1040.000000 -1302.378378 1600.000000) (-1040.000000 -1302.965517 1600.000000) 
4 81 89 (-1040.000000 -1379.450000 1873.230769) (-1040.000000 -1302.965517 1873.230769) (-1040.000000 -1302.965517 1600.000000) (-1040.000000 -1379.450000 1600.000000) 
4 81 84 (-1040.000000 -1535.805585 1873.230769) (-1040.000000 -1379.450000 1873.230769) (-1040.000000 -1379.450000 1824.000000) (-1040.000000 -1505.255850 1824.000000) 
3 81 87 (-1040.000000 -1379.450000 1824.000000) (-1040.000000 -1379.450000 1621.264399) (-1040.000000 -1505.255850 1824.000000) 
6 81 88 (-1040.000000 -1792.000000 1600.000000) (-1040.000000 -1792.000000 1833.233011) (-1040.000000 -1738.246697 1873.230769) (-1040.000000 -1535.805585 1873.230769) (-1040.000000 -1379.450000 1621.264399) (-1040.000000 -1379.450000 1600.000000) 
3 81 83 (-888.000000 -960.000000 1600.000000) (-1040.000000 -1152.000000 1600.000000) (-888.000000 -960.000000 1920.000000) 
3 81 82 (-1040.000000 -1792.000000 1833.233011) (-1006.934892 -1792.000000 1883.404648) (-1040.000000 -1738.246697 1873.230769) 
5 82 105 (-1024.000000 -1792.000000 2048.000000) (-1040.000000 -1792.000000 2048.000000) (-1040.000000 -1792.000000 2013.663728) (-954.819459 -1792.000000 1962.482469) (-907.872796 -1792.000000 2033.717409) 
3 82 106 (-1040.000000 -1792.000000 2013.663728) (-1040.000000 -1792.000000 1833.233011) (-954.819459 -1792.000000 1962.482469) 
4 82 84 (-1040.000000 -1644.257142 2048.000000) (-1040.000000 -1568.000000 2048.000000) (-1040.000000 -1534.649351 2024.727273) (-1040.000000 -1599.753839 1976.283113) 
4 82 88 (-1040.000000 -1792.000000 1833.233011) (-1040.000000 -1792.000000 2048.000000) (-1040.000000 -1644.257142 2048.000000) (-1040.000000 -1599.753839 1976.283113) 
4 84 89 (-1040.000000 -1379.450000 1916.426168) (-1040.000000 -1379.450000 1824.000000) (-1146.000000 -1504.000000 1824.000000) (-1146.000000 -1504.000000 1855.401869) 
3 84 85 (-1040.000000 -1379.450000 1916.426168) (-1163.231245 -1524.246713 1845.481825) (-1040.000000 -1534.649351 2024.727273) 
4 84 88 (-1040.000000 -1505.255850 1824.000000) (-1040.000000 -1644.257142 2048.000000) (-1088.130000 -1664.260000 2048.000000) (-1202.999212 -1572.998425 1824.000000) 
4 84 87 (-1200.545455 -1568.090909 1824.000000) (-1040.000000 -1379.450000 1824.000000) (-1040.000000 -1505.255850 1824.000000) (-1202.999212 -1572.998425 1824.000000) 
5 85 89 (-1078.554946 -1424.752062 2048.000000) (-1040.000000 -1379.450000 2048.000000) (-1040.000000 -1379.450000 1916.426168) (-1146.000000 -1504.000000 1855.401869) (-1146.000000 -1504.000000 1886.693361) 
3 86 93 (-1388.706031 -1789.179586 2048.000000) (-1335.661469 -1726.852226 2048.000000) (-1280.175422 -1661.656120 1915.183614) 
3 86 88 (-1280.430000 -1744.180000 2048.000000) (-1388.706031 -1789.179586 2048.000000) (-1280.175422 -1661.656120 1915.183614) 
4 87 89 (-1040.000000 -1379.450000 1824.000000) (-1040.000000 -1379.450000 1621.264399) (-1146.000000 -1504.000000 1750.983904) (-1146.000000 -1504.000000 1824.000000) 
3 87 88 (-1040.000000 -1379.450000 1621.264399) (-1040.000000 -1505.255850 1824.000000) (-1205.664938 -1574.106302 1824.000000) 
3 88 105 (-1040.000000 -1792.000000 2013.663728) (-1040.000000 -1792.000000 2048.000000) (-1097.145571 -1792.000000 2048.000000) 
5 88 106 (-1040.000000 -1792.000000 1600.000000) (-1040.000000 -1792.000000 2013.663728) (-1097.145571 -1792.000000 2048.000000) (-1391.106383 -1792.000000 2048.000000) (-1391.106383 -1792.000000 1600.000000) 
4 88 92 (-1226.000000 -1598.000000 1600.000000) (-1272.989474 -1653.212632 1600.000000) (-1272.989474 -1653.212632 1897.982684) (-1226.000000 -1598.000000 1785.504460) 
6 88 93 (-1272.989474 -1653.212632 1600.000000) (-1391.106383 -1792.000000 1600.000000) (-1391.106383 -1792.000000 2048.000000) (-1388.706031 -1789.179586 2048.000000) (-1280.175422 -1661.656120 1915.183614) (-1272.989474 -1653.212632 1897.982684) 
3 88 91 (-1226.000000 -1598.000000 1785.504460) (-1280.175422 -1661.656120 1915.183614) (-1226.000000 -1598.000000 1848.885417) 
4 88 89 (-1040.000000 -1379.450000 1600.000000) (-1146.000000 -1504.000000 1600.000000) (-1146.000000 -1504.000000 1750.983904) (-1040.000000 -1379.450000 1621.264399) 
4 89 90 (-1040.000000 -1302.965517 1600.000000) (-1088.000000 -1394.000000 1600.000000) (-1088.000000 -1394.000000 2048.000000) (-1040.000000 -1302.965517 2048.000000) 
4 90 94 (-1040.000000 -1302.378378 2048.000000) (-1040.000000 -1302.378378 1600.000000) (-1071.462257 -1339.792955 1600.000000) (-1071.462257 -1339.792955 2048.000000) 
4 91 92 (-1226.000000 -1598.000000 1785.504460) (-1272.989474 -1653.212632 1897.982684) (-1280.161040 -1656.994003 1907.680263) (-1280.121141 -1644.060546 1886.864773) 
3 91 93 (-1272.989474 -1653.212632 1897.982684) (-1280.175422 -1661.656120 1915.183614) (-1280.161040 -1656.994003 1907.680263) 
4 92 93 (-1320.000000 -1678.000000 1600.000000) (-1272.989474 -1653.212632 1600.000000) (-1272.989474 -1653.212632 1897.982684) (-1320.000000 -1678.000000 1961.551551) 
4 93 106 (-1391.106383 -1792.000000 2048.000000) (-1451.727273 -1792.000000 2048.000000) (-1451.727273 -1792.000000 1600.000000) (-1391.106383 -1792.000000 1600.000000) 
4 93 98 (-1397.909091 -1728.000000 1600.000000) (-1451.727273 -1792.000000 1600.000000) (-1451.727273 -1792.000000 2048.000000) (-1397.909091 -1728.000000 2048.000000) 
4 93 96 (-1384.432071 -1711.973274 1600.000000) (-1397.909091 -1728.000000 1600.000000) (-1397.909091 -1728.000000 2048.000000) (-1384.432071 -1711.973274 2048.000000) 
4 94 95 (-1040.000000 -1236.666667 1600.000000) (-1052.000000 -1276.000000 1600.000000) (-1052.000000 -1276.000000 2048.000000) (-1040.000000 -1236.666667 2048.000000) 
4 96 97 (-1414.827586 -1728.000000 1600.000000) (-1403.777778 -1728.000000 1600.000000) (-1403.777778 -1728.000000 2048.000000) (-1414.827586 -1728.000000 2048.000000) 
4 96 98 (-1403.777778 -1728.000000 1600.000000) (-1397.909091 -1728.000000 1600.000000) (-1397.909091 -1728.000000 2048.000000) (-1403.777778 -1728.000000 2048.000000) 
4 97 98 (-1430.000000 -1736.000000 1600.000000) (-1403.777778 -1728.000000 1600.000000) (-1403.777778 -1728.000000 2048.000000) (-1430.000000 -1736.000000 2048.000000) 
4 98 106 (-1451.727273 -1792.000000 2048.000000) (-1483.555556 -1792.000000 2048.000000) (-1483.555556 -1792.000000 1600.000000) (-1451.727273 -1792.000000 1600.000000) 
4 98 99 (-1441.196005 -1739.415730 1600.000000) (-1460.633625 -1763.545190 1600.000000) (-1460.633625 -1763.545190 1970.861030) (-1441.196005 -1739.415730 1963.488140) 
4 98 100 (-1460.633625 -1763.545190 1600.000000) (-1477.111111 -1784.000000 1600.000000) (-1477.111111 -1784.000000 1977.111111) (-1460.633625 -1763.545190 1970.861030) 
4 98 101 (-1477.111111 -1784.000000 1600.000000) (-1483.555556 -1792.000000 1600.000000) (-1483.555556 -1792.000000 1979.555556) (-1477.111111 -1784.000000 1977.111111) 
4 99 100 (-1548.000000 -1772.000000 1600.000000) (-1460.633625 -1763.545190 1600.000000) (-1460.633625 -1763.545190 1970.861030) (-1548.000000 -1772.000000 1973.444444) 
4 100 101 (-1672.000000 -1784.000000 1600.000000) (-1477.111111 -1784.000000 1600.000000) (-1477.111111 -1784.000000 1977.111111) (-1672.000000 -1784.000000 1977.111111) 
4 101 107 (-2072.000000 -1792.000000 1979.555556) (-2072.000000 -1792.000000 1600.000000) (-1483.555556 -1792.000000 1600.000000) (-1483.555556 -1792.000000 1979.555556) 
4 101 102 (-2072.000000 -1792.000000 1600.000000) (-2072.000000 -1792.000000 1979.555556) (-2072.000000 -1784.000000 1977.111111) (-2072.000000 -1784.000000 1600.000000) 
4 102 112 (-2072.000000 -1792.000000 1600.000000) (-2072.000000 -1792.000000 1979.555556) (-2133.333333 -1792.000000 1979.555556) (-2133.333333 -1792.000000 1600.000000) 
4 102 103 (-2133.333333 -1792.000000 1600.000000) (-2133.333333 -1792.000000 1979.555556) (-2134.637363 -1790.043956 1978.957875) (-2134.637363 -1790.043956 1600.000000) 
4 103 116 (-2133.333333 -1792.000000 2048.000000) (-2154.909091 -1792.000000 2048.000000) (-2154.909091 -1792.000000 1600.000000) (-2133.333333 -1792.000000 1600.000000) 
5 104 105 (-1098.205599 -1804.367600 2048.000000) (-1024.000000 -1792.000000 2048.000000) (-833.224719 -1962.424657 1898.772266) (-846.000000 -1978.000000 1888.849755) (-847.278721 -1979.048838 1888.233041) 
4 104 106 (-847.278721 -1979.048838 1888.233041) (-866.843952 -1995.096724 1899.162475) (-1104.002597 -1872.002597 2048.000000) (-1098.205599 -1804.367600 2048.000000) 
6 105 106 (-846.000000 -1978.000000 1887.518728) (-847.278721 -1979.048838 1888.233041) (-1098.205599 -1804.367600 2048.000000) (-1097.145571 -1792.000000 2048.000000) (-695.722772 -1792.000000 1806.802611) (-700.000000 -1800.000000 1808.960614) 
4 106 111 (-1664.012062 -2016.014973 1600.000000) (-1198.646206 -2217.375199 1600.000000) (-1198.628655 -2217.365816 1976.675432) (-1664.000530 -2016.000658 2028.307524) 
3 106 109 (-1664.000000 -2016.000000 2048.000000) (-1664.000530 -2016.000658 2028.307524) (-1553.070000 -2064.000000 2016.000000) 
4 106 107 (-1483.555556 -1792.000000 1600.000000) (-1664.012062 -2016.014973 1600.000000) (-1664.000000 -2016.000000 2048.000000) (-1483.555556 -1792.000000 1979.555556) 
4 107 112 (-2072.000000 -1792.000000 1979.555556) (-2072.000000 -1792.000000 1600.000000) (-2072.000000 -1839.481731 1600.000000) (-2072.000000 -1839.463970 1994.058435) 
5 107 111 (-2072.000000 -1839.463970 1994.058435) (-2072.000000 -1839.481731 1600.000000) (-1664.012062 -2016.014973 1600.000000) (-1664.000530 -2016.000658 2028.307524) (-1744.986667 -1980.958175 2037.292776) 
3 107 109 (-1664.000530 -2016.000658 2028.307524) (-1664.000000 -2016.000000 2048.000000) (-1744.986667 -1980.958175 2037.292776) 
4 108 116 (-2072.000000 -1957.696588 2048.000000) (-2072.000000 -1884.000000 2048.000000) (-2072.000000 -1884.000000 2007.666667) (-2072.000000 -1976.980226 2036.077291) 
3 108 115 (-2072.000000 -2016.000000 2048.000000) (-2072.000000 -1957.696588 2048.000000) (-2072.000000 -1976.980226 2036.077291) 
3 108 111 (-2072.000000 -1980.958175 2037.292776) (-2072.000000 -1884.000000 2007.666667) (-2007.361217 -1980.958175 2037.292776) 
4 108 110 (-1984.000000 -2016.000000 2048.000000) (-2072.000000 -2016.000000 2048.000000) (-2072.000000 -1980.958175 2037.292776) (-2007.361217 -1980.958175 2037.292776) 
4 109 111 (-2018.130000 -2064.000000 2016.000000) (-1959.077148 -1980.958175 2037.292776) (-1744.986667 -1980.958175 2037.292776) (-1553.070000 -2064.000000 2016.000000) 
3 109 110 (-1983.996154 -2016.000000 2048.000000) (-1959.077148 -1980.958175 2037.292776) (-2018.130000 -2064.000000 2016.000000) 
4 110 115 (-2072.000000 -2139.753549 2048.000000) (-2072.000000 -2016.000000 2048.000000) (-2072.000000 -1980.958175 2037.292776) (-2072.000000 -2139.753549 1996.576013) 
3 110 111 (-2072.000000 -2139.753549 1996.576013) (-2072.000000 -1980.958175 2037.292776) (-1959.077148 -1980.958175 2037.292776) 
5 111 116 (-2072.000000 -1884.000000 1600.000000) (-2072.000000 -2139.753549 1600.000000) (-2072.000000 -2139.753549 1935.437620) (-2072.000000 -1976.980226 2036.077291) (-2072.000000 -1884.000000 2007.666667) 
4 111 115 (-2072.000000 -2139.753549 1935.437620) (-2072.000000 -2139.753549 1996.576013) (-2072.000000 -1980.958175 2037.292776) (-2072.000000 -1976.980226 2036.077291) 
4 111 113 (-2072.000000 -2139.753549 1600.000000) (-2072.000000 -2320.000000 1600.000000) (-2072.000000 -2320.000000 1950.358974) (-2072.000000 -2139.753549 1996.576013) 
4 111 112 (-2072.000000 -1839.481731 1600.000000) (-2072.000000 -1884.000000 1600.000000) (-2072.000000 -1884.000000 2007.666667) (-2072.000000 -1839.463970 1994.058435) 
4 112 116 (-2133.333333 -1792.000000 1600.000000) (-2072.000000 -1884.000000 1600.000000) (-2072.000000 -1884.000000 2007.666667) (-2133.333333 -1792.000000 1979.555556) 
4 113 116 (-2072.000000 -2139.753549 1600.000000) (-2209.650011 -2333.320969 1600.000000) (-2209.650011 -2333.320969 1860.411480) (-2072.000000 -2139.753549 1935.437620) 
4 113 115 (-2209.650011 -2333.320969 1860.411480) (-2209.650011 -2333.320969 1946.943341) (-2072.000000 -2139.753549 1996.576013) (-2072.000000 -2139.753549 1935.437620) 
4 113 114 (-2209.650011 -2333.320969 1946.943341) (-2209.650011 -2333.320969 1600.000000) (-2196.000000 -2332.000000 1600.000000) (-2196.000000 -2332.000000 1947.282051) 
4 114 116 (-2209.650011 -2333.320969 1600.000000) (-2212.232271 -2336.952218 1600.000000) (-2212.232271 -2336.952218 1859.004019) (-2209.650011 -2333.320969 1860.411480) 
4 114 115 (-2212.232271 -2336.952218 1859.004019) (-2212.232271 -2336.952218 1946.012252) (-2209.650011 -2333.320969 1946.943341) (-2209.650011 -2333.320969 1860.411480) 
4 115 137 (-2575.954688 -2376.000000 2048.000000) (-2772.586799 -2376.000000 2048.000000) (-2840.027955 -2376.000000 2038.515127) (-2659.348433 -2376.000000 1979.903641) 
4 115 136 (-2479.890909 -2376.000000 2048.000000) (-2575.954688 -2376.000000 2048.000000) (-2659.348433 -2376.000000 1979.903641) (-2479.890909 -2376.000000 1921.688566) 
4 115 131 (-2421.920000 -2376.000000 2048.000000) (-2479.890909 -2376.000000 2048.000000) (-2479.890909 -2376.000000 1921.688566) (-2421.920000 -2376.000000 1902.883108) 
4 115 127 (-2340.222222 -2376.000000 1876.380779) (-2340.222222 -2376.000000 2048.000000) (-2365.250000 -2376.000000 2048.000000) (-2365.250000 -2376.000000 1884.499658) 
4 115 126 (-2365.250000 -2376.000000 2048.000000) (-2421.920000 -2376.000000 2048.000000) (-2421.920000 -2376.000000 1902.883108) (-2365.250000 -2376.000000 1884.499658) 
4 115 125 (-2340.222222 -2376.000000 2048.000000) (-2340.222222 -2376.000000 1876.380779) (-2314.000000 -2368.000000 1872.820677) (-2314.000000 -2368.000000 2048.000000) 
3 115 118 (-2427.085543 -2144.000000 2048.000000) (-2208.000000 -2029.051969 2048.000000) (-2242.658900 -2107.030507 2011.030507) 
5 115 119 (-2362.207006 -2376.000000 1883.512527) (-2457.739120 -2376.000000 1914.502642) (-2692.307227 -2283.154369 2048.000000) (-2427.085543 -2144.000000 2048.000000) (-2242.658900 -2107.030507 2011.030507) 
4 115 120 (-2457.739120 -2376.000000 1914.502642) (-2840.027955 -2376.000000 2038.515127) (-2853.253874 -2367.598555 2048.000000) (-2692.307227 -2283.154369 2048.000000) 
6 115 116 (-2340.222222 -2376.000000 1876.380779) (-2362.207006 -2376.000000 1883.512527) (-2208.000000 -2029.051969 2048.000000) (-2072.000000 -1957.696588 2048.000000) (-2072.000000 -2139.753549 1935.437620) (-2212.232271 -2336.952218 1859.004019) 
3 116 140 (-2479.890909 -2376.000000 1602.620556) (-2479.890909 -2376.000000 1757.983030) (-2584.745127 -2376.000000 1646.138531) 
4 116 141 (-2628.000000 -2376.000000 1600.000000) (-2479.890909 -2376.000000 1600.000000) (-2479.890909 -2376.000000 1602.620556) (-2584.745127 -2376.000000 1646.138531) 
3 116 131 (-2421.920000 -2376.000000 1770.209139) (-2421.920000 -2376.000000 1819.818667) (-2453.298218 -2376.000000 1786.348567) 
5 116 134 (-2479.890909 -2376.000000 1600.000000) (-2421.920000 -2376.000000 1600.000000) (-2421.920000 -2376.000000 1770.209139) (-2453.298218 -2376.000000 1786.348567) (-2479.890909 -2376.000000 1757.983030) 
5 116 127 (-2365.250000 -2376.000000 1600.000000) (-2340.222222 -2376.000000 1600.000000) (-2340.222222 -2376.000000 1876.380779) (-2362.207006 -2376.000000 1883.512527) (-2365.250000 -2376.000000 1880.266667) 
4 116 126 (-2421.920000 -2376.000000 1600.000000) (-2365.250000 -2376.000000 1600.000000) (-2365.250000 -2376.000000 1880.266667) (-2421.920000 -2376.000000 1819.818667) 
4 116 125 (-2340.222222 -2376.000000 1876.380779) (-2340.222222 -2376.000000 1600.000000) (-2314.000000 -2368.000000 1600.000000) (-2314.000000 -2368.000000 1872.820677) 
4 116 117 (-2309.184420 -1808.780604 1940.069952) (-2421.677960 -1842.838282 1820.076842) (-2208.000000 -2012.000000 2048.000000) (-2208.000000 -1856.000000 2048.000000) 
5 116 118 (-2421.677960 -1842.838282 1820.076842) (-2475.159446 -1859.029924 1763.029924) (-2242.658900 -2107.030507 2011.030507) (-2208.000000 -2029.051969 2048.000000) (-2208.000000 -2012.000000 2048.000000) 
6 116 119 (-2475.159446 -1859.029924 1763.029924) (-2518.000000 -1872.000000 1717.333333) (-2578.662232 -1904.433272 1652.626953) (-2389.404682 -2376.000000 1854.501672) (-2362.207006 -2376.000000 1883.512527) (-2242.658900 -2107.030507 2011.030507) 
4 116 120 (-2578.662232 -1904.433272 1652.626953) (-2628.000000 -1930.811881 1600.000000) (-2628.000000 -2376.000000 1600.000000) (-2389.404682 -2376.000000 1854.501672) 
4 117 118 (-2208.000000 -2012.000000 2048.000000) (-2304.000000 -2048.000000 2048.000000) (-2477.718698 -1859.804744 1816.375069) (-2421.677960 -1842.838282 1820.076842) 
6 118 119 (-2615.030568 -1923.877729 1827.877729) (-2518.000000 -1872.000000 1776.000000) (-2475.159446 -1859.029924 1763.029924) (-2242.658900 -2107.030507 2011.030507) (-2427.085543 -2144.000000 2048.000000) (-2560.000000 -2144.000000 2048.000000) 
3 119 131 (-2421.920000 -2376.000000 1902.883108) (-2457.739120 -2376.000000 1914.502642) (-2421.920000 -2376.000000 1883.051707) 
3 119 127 (-2365.250000 -2376.000000 1880.266667) (-2362.207006 -2376.000000 1883.512527) (-2365.250000 -2376.000000 1884.499658) 
5 119 126 (-2389.404682 -2376.000000 1854.501672) (-2365.250000 -2376.000000 1880.266667) (-2365.250000 -2376.000000 1884.499658) (-2421.920000 -2376.000000 1902.883108) (-2421.920000 -2376.000000 1883.051707) 
7 119 120 (-2389.404682 -2376.000000 1854.501672) (-2457.739120 -2376.000000 1914.502642) (-2692.307227 -2283.154369 2048.000000) (-2816.000000 -2144.000000 2048.000000) (-2789.187279 -2036.749117 1940.749117) (-2720.000000 -1980.000000 1835.707317) (-2578.662232 -1904.433272 1652.626953) 
4 120 138 (-2659.348433 -2376.000000 1979.903641) (-2859.810857 -2376.000000 2044.932596) (-2875.300867 -2376.000000 2003.406186) (-2725.147399 -2376.000000 1926.174552) 
4 120 136 (-2479.890909 -2376.000000 1800.026553) (-2479.890909 -2376.000000 1921.688566) (-2659.348433 -2376.000000 1979.903641) (-2725.147399 -2376.000000 1926.174552) 
4 120 139 (-2479.890909 -2376.000000 1764.143809) (-2479.890909 -2376.000000 1800.026553) (-2875.300867 -2376.000000 2003.406186) (-2887.495983 -2376.000000 1970.712896) 
5 120 140 (-2584.745127 -2376.000000 1646.138531) (-2479.890909 -2376.000000 1757.983030) (-2479.890909 -2376.000000 1764.143809) (-2887.495983 -2376.000000 1970.712896) (-2951.749914 -2376.000000 1798.457678) 
4 120 141 (-3025.777778 -2376.000000 1600.000000) (-2628.000000 -2376.000000 1600.000000) (-2584.745127 -2376.000000 1646.138531) (-2951.749914 -2376.000000 1798.457678) 
6 120 131 (-2453.298218 -2376.000000 1786.348567) (-2421.920000 -2376.000000 1819.818667) (-2421.920000 -2376.000000 1883.051707) (-2457.739120 -2376.000000 1914.502642) (-2479.890909 -2376.000000 1921.688566) (-2479.890909 -2376.000000 1800.026553) 
3 120 134 (-2479.890909 -2376.000000 1757.983030) (-2453.298218 -2376.000000 1786.348567) (-2479.890909 -2376.000000 1800.026553) 
3 120 126 (-2421.920000 -2376.000000 1819.818667) (-2389.404682 -2376.000000 1854.501672) (-2421.920000 -2376.000000 1883.051707) 
4 120 122 (-3012.000000 -2274.000000 1880.000000) (-2997.882353 -2289.882353 1880.000000) (-2947.764706 -2275.764706 2048.000000) (-2976.000000 -2244.000000 2048.000000) 
5 120 121 (-2997.882353 -2289.882353 1880.000000) (-2921.333333 -2376.000000 1880.000000) (-2859.810857 -2376.000000 2044.932596) (-2862.037946 -2372.207311 2048.000000) (-2947.764706 -2275.764706 2048.000000) 
5 120 124 (-3015.845142 -2269.674215 1880.000000) (-3044.000000 -2304.000000 1722.723404) (-3061.193199 -2336.157651 1600.000000) (-3025.777778 -2376.000000 1600.000000) (-2921.333333 -2376.000000 1880.000000) 
4 121 138 (-2875.300867 -2376.000000 2003.406186) (-2859.810857 -2376.000000 2044.932596) (-2869.266633 -2376.000000 2048.000000) (-2962.000000 -2376.000000 2048.000000) 
4 121 139 (-2887.495983 -2376.000000 1970.712896) (-2875.300867 -2376.000000 2003.406186) (-2962.000000 -2376.000000 2048.000000) (-3040.000000 -2376.000000 2048.000000) 
6 121 140 (-2921.333333 -2376.000000 1880.000000) (-2887.495983 -2376.000000 1970.712896) (-3040.000000 -2376.000000 2048.000000) (-3048.000000 -2376.000000 2048.000000) (-3082.495050 -2376.000000 1887.023102) (-3082.495050 -2376.000000 1880.000000) 
5 121 123 (-3080.765957 -2372.765957 1880.000000) (-3082.495050 -2376.000000 1887.023102) (-3048.000000 -2376.000000 2048.000000) (-3040.000000 -2368.000000 2048.000000) (-3044.000000 -2336.000000 1880.000000) 
4 121 122 (-2976.000000 -2304.000000 2048.000000) (-2947.764706 -2275.764706 2048.000000) (-2997.882353 -2289.882353 1880.000000) (-3012.000000 -2304.000000 1880.000000) 
4 121 124 (-3082.495050 -2376.000000 1880.000000) (-3080.765957 -2372.765957 1880.000000) (-2997.882353 -2289.882353 1880.000000) (-2921.333333 -2376.000000 1880.000000) 
3 122 124 (-3012.000000 -2274.000000 1880.000000) (-2997.882353 -2289.882353 1880.000000) (-3012.000000 -2304.000000 1880.000000) 
3 123 140 (-3048.000000 -2376.000000 2048.000000) (-3082.495050 -2376.000000 2048.000000) (-3082.495050 -2376.000000 1887.023102) 
3 123 124 (-3080.765957 -2372.765957 1880.000000) (-3061.108911 -2336.000000 1880.000000) (-3044.000000 -2336.000000 1880.000000) 
4 124 140 (-2951.749914 -2376.000000 1798.457678) (-2921.333333 -2376.000000 1880.000000) (-3082.495050 -2376.000000 1880.000000) (-3082.495050 -2376.000000 1852.721241) 
4 124 141 (-3082.495050 -2376.000000 1600.000000) (-3025.777778 -2376.000000 1600.000000) (-2951.749914 -2376.000000 1798.457678) (-3082.495050 -2376.000000 1852.721241) 
4 125 127 (-2340.222222 -2376.000000 1600.000000) (-2329.172414 -2376.000000 1600.000000) (-2329.172414 -2376.000000 2048.000000) (-2340.222222 -2376.000000 2048.000000) 
4 126 131 (-2447.192886 -2422.801642 1777.190160) (-2447.192886 -2422.801642 2048.000000) (-2421.920000 -2376.000000 2048.000000) (-2421.920000 -2376.000000 1770.209139) 
4 126 134 (-2421.920000 -2376.000000 1600.000000) (-2447.192886 -2422.801642 1600.000000) (-2447.192886 -2422.801642 1777.190160) (-2421.920000 -2376.000000 1770.209139) 
5 126 129 (-2447.192886 -2422.801642 1600.000000) (-2470.111811 -2465.244094 1600.000000) (-2470.111811 -2465.244094 1986.759147) (-2454.331113 -2436.020579 2048.000000) (-2447.192886 -2422.801642 2048.000000) 
4 126 127 (-2424.000000 -2426.000000 1600.000000) (-2365.250000 -2376.000000 1600.000000) (-2365.250000 -2376.000000 2048.000000) (-2424.000000 -2426.000000 2048.000000) 
3 128 149 (-2732.960000 -2952.000000 1744.800000) (-2732.960000 -2952.000000 1600.000000) (-2704.000000 -2952.000000 1600.000000) 
4 128 148 (-2732.960000 -2952.000000 1911.240000) (-2732.960000 -2952.000000 1744.800000) (-2704.000000 -2952.000000 1600.000000) (-2704.000000 -2952.000000 1904.000000) 
4 128 147 (-2704.000000 -2952.000000 2048.000000) (-2732.960000 -2952.000000 2048.000000) (-2732.960000 -2952.000000 1911.240000) (-2704.000000 -2952.000000 1904.000000) 
4 128 143 (-2697.676856 -2886.660844 1600.000000) (-2732.960000 -2952.000000 1600.000000) (-2732.960000 -2952.000000 2048.000000) (-2697.676856 -2886.660844 2048.000000) 
5 129 131 (-2518.000000 -2506.000000 1802.911596) (-2518.000000 -2506.000000 1880.218312) (-2457.226850 -2434.591548 2048.000000) (-2447.192886 -2422.801642 2048.000000) (-2447.192886 -2422.801642 1777.190160) 
4 129 134 (-2447.192886 -2422.801642 1600.000000) (-2518.000000 -2506.000000 1600.000000) (-2518.000000 -2506.000000 1802.911596) (-2447.192886 -2422.801642 1777.190160) 
3 129 130 (-2490.868215 -2474.120152 1955.123376) (-2518.000000 -2506.000000 1880.218312) (-2488.007516 -2480.474482 1946.945084) 
3 130 132 (-2518.000000 -2506.000000 1880.218312) (-2518.000000 -2506.000000 1908.258381) (-2490.868215 -2474.120152 1955.123376) 
4 131 136 (-2499.726071 -2413.618411 2048.000000) (-2479.890909 -2376.000000 2048.000000) (-2479.890909 -2376.000000 1800.026553) (-2557.145683 -2522.517674 1820.922258) 
4 131 132 (-2509.640635 -2432.421894 2008.790806) (-2545.802292 -2501.004347 1865.782045) (-2529.253611 -2519.222993 1849.149495) (-2490.868215 -2474.120152 1955.123376) 
4 131 133 (-2545.802292 -2501.004347 1865.782045) (-2557.145683 -2522.517674 1820.922258) (-2542.745695 -2535.076192 1811.900733) (-2529.253611 -2519.222993 1849.149495) 
5 131 134 (-2479.890909 -2376.000000 1800.026553) (-2421.920000 -2376.000000 1770.209139) (-2447.192886 -2422.801642 1777.190160) (-2542.745695 -2535.076192 1811.900733) (-2557.145683 -2522.517674 1820.922258) 
3 132 137 (-2509.640635 -2432.421894 2008.790806) (-2545.802292 -2501.004347 1865.782045) (-2570.249691 -2547.370104 1845.045581) 
4 132 133 (-2570.249691 -2547.370104 1845.045581) (-2545.802292 -2501.004347 1865.782045) (-2529.253611 -2519.222993 1849.149495) (-2559.188484 -2554.396468 1837.113115) 
3 133 138 (-2545.802292 -2501.004347 1865.782045) (-2557.145683 -2522.517674 1820.922258) (-2588.645375 -2582.258469 1829.442227) 
4 133 134 (-2542.745695 -2535.076192 1811.900733) (-2584.326605 -2583.933760 1827.005439) (-2588.645375 -2582.258469 1829.442227) (-2557.145683 -2522.517674 1820.922258) 
3 134 144 (-2598.000000 -2600.000000 1668.332732) (-2573.666428 -2553.850122 1600.000000) (-2559.357839 -2554.595460 1600.000000) 
4 134 139 (-2598.000000 -2600.000000 1824.000000) (-2598.000000 -2600.000000 1831.972445) (-2479.890909 -2376.000000 1800.026553) (-2479.890909 -2376.000000 1764.143809) 
4 134 140 (-2598.000000 -2600.000000 1777.811957) (-2598.000000 -2600.000000 1824.000000) (-2479.890909 -2376.000000 1764.143809) (-2479.890909 -2376.000000 1602.620556) 
5 134 141 (-2479.890909 -2376.000000 1600.000000) (-2573.666428 -2553.850122 1600.000000) (-2598.000000 -2600.000000 1668.332732) (-2598.000000 -2600.000000 1777.811957) (-2479.890909 -2376.000000 1602.620556) 
3 135 142 (-2680.634230 -2756.720092 1900.383441) (-2656.000000 -2710.000000 1831.206411) (-2668.862730 -2752.161171 1892.929980) 
3 135 141 (-2656.000000 -2710.000000 1831.206411) (-2680.634230 -2756.720092 1900.383441) (-2656.000000 -2710.000000 1863.843449) 
5 136 137 (-2545.802292 -2501.004347 1865.782045) (-2509.640635 -2432.421894 2008.790806) (-2523.355684 -2401.957325 2048.000000) (-2575.954688 -2376.000000 2048.000000) (-2659.348433 -2376.000000 1979.903641) 
4 136 138 (-2557.145683 -2522.517674 1820.922258) (-2545.802292 -2501.004347 1865.782045) (-2659.348433 -2376.000000 1979.903641) (-2725.147399 -2376.000000 1926.174552) 
3 136 139 (-2725.147399 -2376.000000 1926.174552) (-2479.890909 -2376.000000 1800.026553) (-2557.145683 -2522.517674 1820.922258) 
4 137 138 (-2840.027955 -2376.000000 2038.515127) (-2659.348433 -2376.000000 1979.903641) (-2545.802292 -2501.004347 1865.782045) (-2570.249691 -2547.370104 1845.045581) 
5 138 139 (-2976.000000 -2432.000000 2048.000000) (-2962.000000 -2376.000000 2048.000000) (-2725.147399 -2376.000000 1926.174552) (-2557.145683 -2522.517674 1820.922258) (-2588.645375 -2582.258469 1829.442227) 
4 139 140 (-3040.000000 -2688.000000 2048.000000) (-3040.000000 -2376.000000 2048.000000) (-2479.890909 -2376.000000 1764.143809) (-2631.737307 -2663.984547 1841.097640) 
7 140 141 (-2479.890909 -2376.000000 1602.620556) (-2645.298893 -2689.704797 1847.970480) (-3040.000000 -2754.000000 2048.000000) (-3096.753721 -2712.182179 2048.000000) (-3155.647959 -2518.049320 1963.094075) (-3152.000000 -2506.000000 1954.793045) (-3082.495050 -2376.000000 1852.721241) 
4 141 146 (-3155.647959 -2518.049320 1600.000000) (-3153.957191 -2523.622594 1600.000000) (-3083.048278 -2757.359381 1931.512642) (-3155.647959 -2518.049320 1866.979592) 
5 141 145 (-2913.770000 -2847.010000 2048.000000) (-3058.132209 -2839.490127 2048.000000) (-3153.957191 -2523.622594 1600.000000) (-2573.666428 -2553.850122 1600.000000) (-2680.634230 -2756.720092 1900.383441) 
4 142 143 (-2692.000000 -2828.000000 2003.957335) (-2686.106267 -2767.098093 1915.749833) (-2686.106267 -2767.098093 1600.000000) (-2692.000000 -2828.000000 1600.000000) 
4 142 145 (-2686.106267 -2767.098093 1915.749833) (-2656.000000 -2710.000000 1831.206411) (-2656.000000 -2710.000000 1600.000000) (-2686.106267 -2767.098093 1600.000000) 
5 143 149 (-2783.600000 -2952.000000 1923.900000) (-2783.600000 -2952.000000 1600.000000) (-2732.960000 -2952.000000 1600.000000) (-2732.960000 -2952.000000 1744.800000) (-2768.000000 -2952.000000 1920.000000) 
3 143 148 (-2732.960000 -2952.000000 1744.800000) (-2732.960000 -2952.000000 1911.240000) (-2768.000000 -2952.000000 1920.000000) 
4 143 147 (-2732.960000 -2952.000000 2048.000000) (-2783.600000 -2952.000000 2048.000000) (-2783.600000 -2952.000000 1923.900000) (-2732.960000 -2952.000000 1911.240000) 
5 143 145 (-2733.201106 -2856.415890 2048.000000) (-2686.106267 -2767.098093 1915.749833) (-2686.106267 -2767.098093 1600.000000) (-2783.600000 -2952.000000 1600.000000) (-2783.600000 -2952.000000 2048.000000) 
3 144 145 (-2598.000000 -2600.000000 1668.332732) (-2573.666428 -2553.850122 1600.000000) (-2598.000000 -2600.000000 1600.000000) 
4 145 149 (-3024.000000 -2952.000000 1984.000000) (-3024.000000 -2952.000000 1600.000000) (-2783.600000 -2952.000000 1600.000000) (-2783.600000 -2952.000000 1923.900000) 
4 145 147 (-2783.600000 -2952.000000 2048.000000) (-3024.000000 -2952.000000 2048.000000) (-3024.000000 -2952.000000 1984.000000) (-2783.600000 -2952.000000 1923.900000) 
4 145 146 (-3153.957191 -2523.622594 1600.000000) (-3024.000000 -2952.000000 1600.000000) (-3024.000000 -2952.000000 1984.000000) (-3083.048278 -2757.359381 1931.512642) 
4 146 150 (-3240.000000 -2952.000000 1600.000000) (-3124.000000 -2952.000000 1600.000000) (-3170.066986 -2952.000000 1854.162679) (-3240.000000 -2952.000000 1792.000000) 
4 146 149 (-3124.000000 -2952.000000 1600.000000) (-3024.000000 -2952.000000 1600.000000) (-3024.000000 -2952.000000 1984.000000) (-3170.066986 -2952.000000 1854.162679) 
3 147 149 (-3024.000000 -2952.000000 1984.000000) (-2768.000000 -2952.000000 1920.000000) (-2768.000000 -3072.000000 1920.000000) 
3 147 148 (-2768.000000 -2952.000000 1920.000000) (-2704.000000 -2952.000000 1904.000000) (-2768.000000 -3072.000000 1920.000000) 
3 148 149 (-2704.000000 -2952.000000 1600.000000) (-2768.000000 -3072.000000 1920.000000) (-2768.000000 -2952.000000 1920.000000) 
4 149 152 (-3124.000000 -3296.000000 1600.000000) (-3124.000000 -3388.307692 1600.000000) (-3170.066986 -3354.826647 1854.162679) (-3170.066986 -3299.177033 1854.162679) 
4 149 151 (-3124.000000 -3209.777778 1600.000000) (-3124.000000 -3232.000000 1600.000000) (-3170.066986 -3260.593301 1854.162679) (-3170.066986 -3247.196172 1854.162679) 
4 149 153 (-3124.000000 -3388.307692 1600.000000) (-3124.000000 -3968.000000 1600.000000) (-3170.066986 -3968.000000 1854.162679) (-3170.066986 -3354.826647 1854.162679) 
4 149 150 (-3124.000000 -2952.000000 1600.000000) (-3124.000000 -3209.777778 1600.000000) (-3170.066986 -3247.196172 1854.162679) (-3170.066986 -2952.000000 1854.162679) 
4 150 151 (-3168.000000 -3200.000000 1600.000000) (-3124.000000 -3209.777778 1600.000000) (-3170.066986 -3247.196172 1854.162679) (-3194.181818 -3237.818182 1832.727273) 
4 152 153 (-3124.000000 -3388.307692 1600.000000) (-3170.066986 -3354.826647 1854.162679) (-3176.388350 -3357.825243 1848.543689) (-3136.000000 -3392.000000 1600.000000) 
