hlcsg v3.4 VL30 (Nov 23 2012)
Zoner's Half-Life Compilation Tools -- Custom Build
Based on code modifications by Sean 'Zoner' Cavanaugh
Based on Valve's version, modified with permission.
Submit detailed bug reports to (vluzacn@163.com)
-----  BEGIN  hlcsg -----
Command line: C:/MyStuff/Work/HLDMCOMPTOOLS/hlcsg.exe C:\MyStuff\Games\Steam\steamapps\common\Half-Life\justfight\maps\waterworks 
Arguments: C:\MyStuff\Games\Steam\steamapps\common\Half-Life\justfight\maps\waterworks -low -wadautodetect 
Entering C:\MyStuff\Games\Steam\steamapps\common\Half-Life\justfight\maps\waterworks.map

Current hlcsg Settings
Name                 |  Setting  |  Default
---------------------|-----------|-------------------------
threads               [      12 ] [  Varies ]
verbose               [     off ] [     off ]
log                   [      on ] [      on ]
reset logfile         [      on ] [      on ]
developer             [       0 ] [       0 ]
chart                 [     off ] [     off ]
estimate              [     off ] [     off ]
max texture memory    [ 33554432 ] [ 33554432 ]
max lighting memory   [ 33554432 ] [ 33554432 ]
priority              [     Low ] [  Normal ]

noclip                [     off ] [     off ]
null texture stripping[      on ] [      on ]
clipnode economy mode [     off ] [     off ]
clip hull type        [  simple ] [  simple ]
onlyents              [     off ] [     off ]
wadtextures           [      on ] [      on ]
skyclip               [      on ] [      on ]
hullfile              [    None ] [    None ]
wadcfg by file        [    None ] [    None ]
wadcfg by name        [    None ] [    None ]
nullfile              [    None ] [    None ]
nullify trigger       [      on ] [      on ]
min surface area      [   0.000 ] [   0.000 ]
brush union threshold [   0.000 ] [   0.000 ]
map scaling           [    None ] [    None ]
light name optimize   [      on ] [      on ]
UTF8 game_text        [      on ] [      on ]

Using mapfile wad configuration
Wadfiles not in use by the map will be excluded
Wadinclude list :
[zhlt.wad]

CreateBrush:
 (0.17 seconds)
CSGBrush:
 (0.33 seconds)

Using Wadfile: /MyStuff/Games/Steam/steamapps/common/Half-Life/valve/halflife.wad
 - Contains 97 used textures, 96.04 percent of map (3116 textures in wad)
Using Wadfile: /MyStuff/Games/Steam/steamapps/common/Half-Life/valve/liquids.wad
 - Contains 1 used texture, 0.99 percent of map (32 textures in wad)
Using Wadfile: /MyStuff/Games/Steam/steamapps/common/Half-Life/valve/xeno.wad
 - Contains 2 used textures, 1.98 percent of map (264 textures in wad)
Including Wadfile: /MyStuff/Games/Steam/steamapps/common/Half-Life/justfight/zhlt.wad
 - Contains 1 used texture, 0.99 percent of map (8 textures in wad)

Wad files required to run the map: "halflife.wad;liquids.wad;xeno.wad;"

added 22 additional animating textures.
Texture usage is at 1.31 mb (of 32.00 mb MAX)
0.75 seconds elapsed

-----   END   hlcsg -----



hlbsp v3.4 VL30 (Nov 23 2012)
Zoner's Half-Life Compilation Tools -- Custom Build
Based on code modifications by Sean 'Zoner' Cavanaugh
Based on Valve's version, modified with permission.
Submit detailed bug reports to (vluzacn@163.com)
-----  BEGIN  hlbsp -----
Command line: C:/MyStuff/Work/HLDMCOMPTOOLS/hlbsp.exe C:\MyStuff\Games\Steam\steamapps\common\Half-Life\justfight\maps\waterworks 
Arguments: C:\MyStuff\Games\Steam\steamapps\common\Half-Life\justfight\maps\waterworks -low -chart 

Current hlbsp Settings
Name               |  Setting  |  Default
-------------------|-----------|-------------------------
threads             [      12 ] [  Varies ]
verbose             [     off ] [     off ]
log                 [      on ] [      on ]
developer           [       0 ] [       0 ]
chart               [      on ] [     off ]
estimate            [     off ] [     off ]
max texture memory  [ 33554432 ] [ 33554432 ]
priority            [     Low ] [  Normal ]

noclip              [     off ] [     off ]
nofill              [     off ] [     off ]
noinsidefill        [     off ] [     off ]
noopt               [     off ] [     off ]
no clipnode merging [     off ] [     off ]
null tex. stripping [      on ] [      on ]
notjunc             [     off ] [     off ]
nobrink             [     off ] [     off ]
subdivide size      [     240 ] [     240 ] (Min 64) (Max 512)
max node size       [    1024 ] [    1024 ] (Min 64) (Max 65536)
remove hull 2       [     off ] [     off ]


SolidBSP [hull 0] 500...1000...1500...2000...2500...3000...3500...3814 (0.27 seconds)
BSP generation successful, writing portal file 'C:\MyStuff\Games\Steam\steamapps\common\Half-Life\justfight\maps\waterworks.prt'
SolidBSP [hull 1] 500...1000...1500...2000...2500...3000...3141 (0.19 seconds)
SolidBSP [hull 2] 500...1000...1500...2000...2500...2666 (0.17 seconds)
SolidBSP [hull 3] 500...1000...1500...2000...2500...3000...3500...3642 (0.25 seconds)
Warning: Ambiguous leafnode content ( EMPTY and SOLID ) at (485,-3200,-61)-(549,-3182,140) in hull 1 of model 41 (entity: classname "func_wall", origin "", targetname "")
Warning: Ambiguous leafnode content ( EMPTY and SOLID ) at (-834,-3200,-80000)-(549,-2830,617) in hull 1 of model 41 (entity: classname "func_wall", origin "", targetname "")
Warning: Ambiguous leafnode content ( EMPTY and SOLID ) at (517,-3198,133)-(575,-3195,140) in hull 1 of model 41 (entity: classname "func_wall", origin "", targetname "")
Warning: Ambiguous leafnode content ( EMPTY and SOLID ) at (515,-3199,28)-(530,-3172,36) in hull 1 of model 41 (entity: classname "func_wall", origin "", targetname "")
Warning: Ambiguous leafnode content ( EMPTY and SOLID ) at (561,-2970,120)-(632,-2968,133) in hull 1 of model 41 (entity: classname "func_wall", origin "", targetname "")
Warning: Ambiguous leafnode content ( EMPTY and SOLID ) at (-77970,-2977,-80000)-(627,18110,80000) in hull 1 of model 41 (entity: classname "func_wall", origin "", targetname "")
Warning: Ambiguous leafnode content ( EMPTY and SOLID ) at (-77970,-2977,-80000)-(627,18110,80000) in hull 1 of model 41 (entity: classname "func_wall", origin "", targetname "")
Warning: Ambiguous leafnode content ( EMPTY and SOLID ) at (-77963,-23471,-79998)-(76552,18235,80002) in hull 1 of model 41 (entity: classname "func_wall", origin "", targetname "")
Warning: Ambiguous leafnode content ( EMPTY and SOLID ) at (593,-2978,28)-(632,-2968,140) in hull 1 of model 41 (entity: classname "func_wall", origin "", targetname "")
Warning: Ambiguous leafnode content ( EMPTY and SOLID ) at (511,-3192,91)-(519,-3189,134) in hull 1 of model 41 (entity: classname "func_wall", origin "", targetname "")
Warning: Ambiguous leafnode content ( EMPTY and SOLID ) at (511,-3192,34)-(519,-3189,70) in hull 1 of model 41 (entity: classname "func_wall", origin "", targetname "")
Warning: Ambiguous leafnode content ( EMPTY and SOLID ) at (511,-3200,120)-(517,-3157,133) in hull 1 of model 41 (entity: classname "func_wall", origin "", targetname "")
Warning: Ambiguous leafnode content ( EMPTY and SOLID ) at (511,-3200,35)-(517,-3157,48) in hull 1 of model 41 (entity: classname "func_wall", origin "", targetname "")
Warning: Ambiguous leafnode content ( EMPTY and SOLID ) at (517,-3194,28)-(530,-3159,35) in hull 1 of model 41 (entity: classname "func_wall", origin "", targetname "")
Warning: Ambiguous leafnode content ( EMPTY and SOLID ) at (511,-3159,120)-(568,-2968,133) in hull 1 of model 41 (entity: classname "func_wall", origin "", targetname "")
Warning: Ambiguous leafnode content ( EMPTY and SOLID ) at (545,-2954,116)-(648,-2952,129) in hull 2 of model 41 (entity: classname "func_wall", origin "", targetname "")
Warning: Ambiguous leafnode content ( EMPTY and SOLID ) at (609,-23246,-80000)-(76598,-2952,136) in hull 2 of model 41 (entity: classname "func_wall", origin "", targetname "")
Warning: Ambiguous leafnode content ( EMPTY and SOLID ) at (144000,144000,144000)-(-144000,-144000,-144000) in hull 2 of model 41 (entity: classname "func_wall", origin "", targetname "")
Warning: Ambiguous leafnode content ( EMPTY and SOLID ) at (-21765,-4435,93)-(5352,2766,80002) in hull 2 of model 41 (entity: classname "func_wall", origin "", targetname "")
Warning: Ambiguous leafnode content ( EMPTY and SOLID ) at (495,-3216,-80000)-(533,-3205,139) in hull 2 of model 41 (entity: classname "func_wall", origin "", targetname "")
Warning: Ambiguous leafnode content ( EMPTY and SOLID ) at (495,-3216,116)-(501,-3141,129) in hull 2 of model 41 (entity: classname "func_wall", origin "", targetname "")
Warning: Ambiguous leafnode content ( EMPTY and SOLID ) at (495,-3161,116)-(554,-2952,136) in hull 2 of model 41 (entity: classname "func_wall", origin "", targetname "")
Warning: Ambiguous leafnode content ( EMPTY and SOLID ) at (501,-3214,129)-(591,-3211,136) in hull 2 of model 41 (entity: classname "func_wall", origin "", targetname "")
Warning: Ambiguous leafnode content ( EMPTY and SOLID ) at (609,-2957,34)-(629,-2952,112) in hull 2 of model 41 (entity: classname "func_wall", origin "", targetname "")
Warning: Ambiguous leafnode content ( EMPTY and SOLID ) at (144000,144000,144000)-(-144000,-144000,-144000) in hull 2 of model 41 (entity: classname "func_wall", origin "", targetname "")
Warning: Ambiguous leafnode content ( EMPTY and SOLID ) at (501,-3191,12)-(552,-3143,39) in hull 2 of model 41 (entity: classname "func_wall", origin "", targetname "")
Warning: Ambiguous leafnode content ( EMPTY and SOLID ) at (495,-3180,32)-(504,-3141,52) in hull 2 of model 41 (entity: classname "func_wall", origin "", targetname "")
Warning: Ambiguous leafnode content ( EMPTY and SOLID ) at (495,-3216,32)-(533,-3205,112) in hull 2 of model 41 (entity: classname "func_wall", origin "", targetname "")
Warning: Ambiguous leafnode content ( EMPTY and SOLID ) at (-78097,-3216,-80000)-(533,17718,80002) in hull 2 of model 41 (entity: classname "func_wall", origin "", targetname "")
Warning: Ambiguous leafnode content ( EMPTY and SOLID ) at (-850,-3216,-80000)-(533,-2846,613) in hull 2 of model 41 (entity: classname "func_wall", origin "", targetname "")
Warning: Ambiguous leafnode content ( EMPTY and SOLID ) at (495,-3216,32)-(533,-3205,112) in hull 2 of model 41 (entity: classname "func_wall", origin "", targetname "")
Warning: Ambiguous leafnode content ( EMPTY and SOLID ) at (495,-3216,39)-(501,-3177,52) in hull 2 of model 41 (entity: classname "func_wall", origin "", targetname "")
Warning: Ambiguous leafnode content ( EMPTY and SOLID ) at (501,-3214,32)-(514,-3179,39) in hull 2 of model 41 (entity: classname "func_wall", origin "", targetname "")
Warning: Ambiguous leafnode content ( EMPTY and SOLID ) at (519,-3200,46)-(549,-3191,122) in hull 3 of model 41 (entity: classname "func_wall", origin "", targetname "")
Warning: Ambiguous leafnode content ( EMPTY and SOLID ) at (-78120,-23615,-31953)-(76532,17796,79992) in hull 3 of model 41 (entity: classname "func_wall", origin "", targetname "")
Warning: Ambiguous leafnode content ( EMPTY and SOLID ) at (-4387,-3413,-80000)-(1335,-1875,617) in hull 3 of model 41 (entity: classname "func_wall", origin "", targetname "")
Warning: Ambiguous leafnode content ( EMPTY and SOLID ) at (517,-3198,115)-(575,-3195,122) in hull 3 of model 41 (entity: classname "func_wall", origin "", targetname "")
Warning: Ambiguous leafnode content ( EMPTY and SOLID ) at (515,-3198,46)-(530,-3172,54) in hull 3 of model 41 (entity: classname "func_wall", origin "", targetname "")
Warning: Ambiguous leafnode content ( EMPTY and SOLID ) at (561,-2970,102)-(632,-2968,115) in hull 3 of model 41 (entity: classname "func_wall", origin "", targetname "")
Warning: Ambiguous leafnode content ( EMPTY and SOLID ) at (599,-2978,-2)-(632,-2970,122) in hull 3 of model 41 (entity: classname "func_wall", origin "", targetname "")
Warning: Ambiguous leafnode content ( EMPTY and SOLID ) at (593,-2978,22)-(632,-2968,122) in hull 3 of model 41 (entity: classname "func_wall", origin "", targetname "")
Warning: Ambiguous leafnode content ( EMPTY and SOLID ) at (593,-2971,50)-(605,-2968,118) in hull 3 of model 41 (entity: classname "func_wall", origin "", targetname "")
Warning: Ambiguous leafnode content ( EMPTY and SOLID ) at (-77963,-23381,-80000)-(76555,18142,80000) in hull 3 of model 41 (entity: classname "func_wall", origin "", targetname "")
Warning: Ambiguous leafnode content ( EMPTY and SOLID ) at (-78039,-2978,-80000)-(631,17813,80000) in hull 3 of model 41 (entity: classname "func_wall", origin "", targetname "")
Warning: Ambiguous leafnode content ( EMPTY and SOLID ) at (511,-3192,52)-(519,-3189,116) in hull 3 of model 41 (entity: classname "func_wall", origin "", targetname "")
Warning: Ambiguous leafnode content ( EMPTY and SOLID ) at (511,-3192,52)-(519,-3189,116) in hull 3 of model 41 (entity: classname "func_wall", origin "", targetname "")
Warning: Ambiguous leafnode content ( EMPTY and SOLID ) at (511,-3191,102)-(517,-3157,115) in hull 3 of model 41 (entity: classname "func_wall", origin "", targetname "")
Warning: Ambiguous leafnode content ( EMPTY and SOLID ) at (511,-3200,53)-(517,-3157,66) in hull 3 of model 41 (entity: classname "func_wall", origin "", targetname "")
Warning: Ambiguous leafnode content ( EMPTY and SOLID ) at (511,-3159,102)-(568,-2968,115) in hull 3 of model 41 (entity: classname "func_wall", origin "", targetname "")
Warning: Ambiguous leafnode content ( EMPTY and SOLID ) at (517,-3192,46)-(530,-3159,53) in hull 3 of model 41 (entity: classname "func_wall", origin "", targetname "")
Warning: Ambiguous leafnode content ( EMPTY and SOLID ) at (210,-2984,46)-(212,-2972,52) in hull 1 of model 45 (entity: classname "func_wall", origin "", targetname "")
Warning: Ambiguous leafnode content ( EMPTY and SOLID ) at (226,-2968,50)-(228,-2958,55) in hull 2 of model 45 (entity: classname "func_wall", origin "", targetname "")
Warning: Ambiguous leafnode content ( EMPTY and SOLID ) at (210,-2984,64)-(212,-2974,69) in hull 3 of model 45 (entity: classname "func_wall", origin "", targetname "")
Warning: Ambiguous leafnode content ( EMPTY and SOLID ) at (489,-2902,233)-(509,-2840,308) in hull 0 of model 53 (entity: classname "func_wall", origin "", targetname "")
Reduced 11798 clipnodes to 10799
Reduced 4486 texinfos to 2865
Reduced 122 texdatas to 111 (6484 bytes to 4888)
Reduced 17428 planes to 5690
FixBrinks:
Increased 10799 clipnodes to 11214.

Object names  Objects/Maxobjs  Memory / Maxmem  Fullness
------------  ---------------  ---------------  --------
models             94/512         6016/32768    (18.4%)
planes           5690/32768     113800/655360   (17.4%)
vertexes        12136/65535     145632/786420   (18.5%)
nodes            4841/32767     116184/786408   (14.8%)
texinfos         2865/32767     114600/1310680  ( 8.7%)
faces            8937/65535     178740/1310700  (13.6%)
* worldfaces     6029/32768          0/0        (18.4%)
clipnodes       11214/32767      89712/262136   (34.2%)
leaves           3338/32760      93464/917280   (10.2%)
* visleafs       1957/8192           0/0        (23.9%)
marksurfaces    11806/65535      23612/131070   (18.0%)
surfedges       42283/512000    169132/2048000  ( 8.3%)
edges           21210/256000     84840/1024000  ( 8.3%)
texdata          [variable]       4888/33554432  ( 0.0%)
lightdata        [variable]          0/33554432  ( 0.0%)
visdata          [variable]          0/8388608  ( 0.0%)
entdata          [variable]      48764/2097152  ( 2.3%)
* AllocBlock       17/64             0/0        (26.6%)
111 textures referenced
=== Total BSP file data space used: 1189384 bytes ===
Wad files required to run the map: "halflife.wad;liquids.wad;xeno.wad;"
2.07 seconds elapsed

-----   END   hlbsp -----



hlvis v3.4 VL30 (Nov 23 2012)
Zoner's Half-Life Compilation Tools -- Custom Build
Based on code modifications by Sean 'Zoner' Cavanaugh
Based on Valve's version, modified with permission.
Submit detailed bug reports to (vluzacn@163.com)
-----  BEGIN  hlvis -----
Command line: C:/MyStuff/Work/HLDMCOMPTOOLS/hlvis.exe C:\MyStuff\Games\Steam\steamapps\common\Half-Life\justfight\maps\waterworks 
Arguments: C:\MyStuff\Games\Steam\steamapps\common\Half-Life\justfight\maps\waterworks -low 
1875 portalleafs
6520 numportals

-= Current hlvis Settings =-
Name               |  Setting  |  Default
-------------------|-----------|-------------------------
threads             [      12 ] [  Varies ]
verbose             [     off ] [     off ]
log                 [      on ] [      on ]
developer           [       0 ] [       0 ]
chart               [     off ] [     off ]
estimate            [     off ] [     off ]
max texture memory  [ 33554432 ] [ 33554432 ]
max vis distance    [       0 ] [       0 ]
priority            [     Low ] [  Normal ]

fast vis            [     off ] [     off ]
full vis            [     off ] [     off ]


BasePortalVis:
 (0.52 seconds)
LeafThread:
 (63.08 seconds)
average leafs visible: 287
g_visdatasize:120687  compressed from 440625
63.65 seconds elapsed [1m 3s]

-----   END   hlvis -----



hlrad v3.4 VL30 (Nov 23 2012)
Zoner's Half-Life Compilation Tools -- Custom Build
Based on code modifications by Sean 'Zoner' Cavanaugh
Based on Valve's version, modified with permission.
Submit detailed bug reports to (vluzacn@163.com)
-----  BEGIN  hlrad -----
Command line: C:/MyStuff/Work/HLDMCOMPTOOLS/hlrad.exe C:\MyStuff\Games\Steam\steamapps\common\Half-Life\justfight\maps\waterworks 
Arguments: C:\MyStuff\Games\Steam\steamapps\common\Half-Life\justfight\maps\waterworks -low 

-= Current hlrad Settings =-
Name                | Setting             | Default
--------------------|---------------------|-------------------------
threads              [                12 ] [            Varies ]
verbose              [               off ] [               off ]
log                  [                on ] [                on ]
developer            [                 0 ] [                 0 ]
chart                [               off ] [               off ]
estimate             [               off ] [               off ]
max texture memory   [          33554432 ] [          33554432 ]
max lighting memory  [          33554432 ] [          33554432 ]
priority             [               Low ] [            Normal ]

fast rad             [               off ] [               off ]
vismatrix algorithm  [            Sparse ] [            Sparse ]
oversampling (-extra)[               off ] [               off ]
bounces              [                 8 ] [                 8 ]
ambient light        [ 0.000 0.000 0.000 ] [ 0.000 0.000 0.000 ]
circus mode          [               off ] [               off ]

smoothing threshold  [            50.000 ] [            50.000 ]
smoothing threshold 2[         no change ] [         no change ]
direct threshold     [            10.000 ] [            10.000 ]
direct light scale   [             1.000 ] [             1.000 ]
coring threshold     [             0.001 ] [             0.001 ]
patch interpolation  [                on ] [                on ]

texscale             [                on ] [                on ]
patch subdividing    [                on ] [                on ]
chop value           [            64.000 ] [            64.000 ]
texchop value        [            32.000 ] [            32.000 ]

global fade          [             1.000 ] [             1.000 ]
global light scale   [ 2.000 2.000 2.000 ] [ 2.000 2.000 2.000 ]
global gamma         [ 0.550 0.550 0.550 ] [ 0.550 0.550 0.550 ]
global light scale   [             2.000 ] [             2.000 ]
global sky diffusion [             1.000 ] [             1.000 ]

spread angles        [                on ] [                on ]
opaque entities      [                on ] [                on ]
sky lighting fix     [                on ] [                on ]
incremental          [               off ] [               off ]
dump                 [               off ] [               off ]

colour jitter        [       0.0 0.0 0.0 ] [       0.0 0.0 0.0 ]
monochromatic jitter [       0.0 0.0 0.0 ] [       0.0 0.0 0.0 ]

custom shadows with bounce light
                     [               off ] [               off ]
rgb transfers        [               off ] [               off ]
minimum final light  [                 0 ] [                 0 ]
size of transfer     [         1 (16bit) ] [         1 (16bit) ]
size of rgbtransfer  [         2 (32bit) ] [         2 (32bit) ]
soft sky             [                on ] [                on ]
translucent depth    [             2.000 ] [             2.000 ]
block opaque         [                on ] [                on ]
ignore textures      [               off ] [               off ]
reflectivity gamma   [             1.760 ] [             1.760 ]
reflectivity scale   [             0.700 ] [             0.700 ]
blur size            [             1.000 ] [             1.000 ]
no emitter range     [               off ] [               off ]


Load Textures:
Using Wadfile: C:\MyStuff\Games\Steam\steamapps\common\Half-Life\justfight\maps\waterworks.wa_
111 textures referenced
Reading texlights from 'C:\MyStuff\Work\HLDMCOMPTOOLS\lights.rad'
0 opaque models
0 opaque faces
8937 faces
Create Patches : 19963 base patches
194389 square feet [27992072.00 square inches]
116 direct lights and 0 fast direct lights
4 light styles

BuildFacelights:
 (0.42 seconds)
BuildVisLeafs:
 (1.48 seconds)
visibility matrix   :   4.4 megs
MakeScales:
 (1.90 seconds)
Transfer Lists :     8122620 :    8.12M transfers
       Indices :     8386436 :    8.00M bytes
          Data :    16301790 :   15.55M bytes
Bounce 1 GatherLight:
 (0.02 seconds)
Bounce 2 GatherLight:
 (0.03 seconds)
Bounce 3 GatherLight:
 (0.03 seconds)
Bounce 4 GatherLight:
 (0.03 seconds)
Bounce 5 GatherLight:
 (0.03 seconds)
Bounce 6 GatherLight:
 (0.03 seconds)
Bounce 7 GatherLight:
 (0.03 seconds)
Bounce 8 GatherLight:
 (0.03 seconds)
FinalLightFace:
 (0.13 seconds)
4.59 seconds elapsed

-----   END   hlrad -----



