201
539
1
1
1
1
1
1
1
7
3
1
1
1
5
1
1
1
1
1
1
1
1
1
1
1
1
1
1
1
1
1
1
1
1
1
1
31
1
1
1
1
3
1
1
1
1
1
15
1
12
1
1
1
1
1
1
1
3
1
1
1
1
1
1
1
1
1
14
1
1
1
26
1
1
1
1
1
1
1
1
1
1
1
1
1
1
1
1
1
1
1
1
1
1
1
1
1
1
1
1
5
1
1
1
1
1
1
1
1
1
1
1
1
1
1
1
1
1
1
1
1
1
1
4
1
1
1
1
1
1
1
1
1
1
1
6
1
1
7
1
1
1
1
1
1
1
1
1
1
1
1
9
14
1
9
1
1
1
1
1
1
1
12
1
1
1
14
1
1
1
9
1
1
1
1
1
1
1
1
1
1
1
1
1
1
1
1
1
1
1
1
1
1
1
1
1
1
1
1
1
1
1
4 1 20 (480.000000 -512.000000 -453.333333) (480.000000 -448.000000 -464.000000) (480.000000 -392.059259 -673.777778) (480.000000 -512.000000 -673.777778) 
4 1 2 (512.000000 -512.000000 -468.000000) (512.000000 -512.000000 -453.333333) (480.000000 -512.000000 -453.333333) (480.000000 -512.000000 -468.000000) 
4 2 73 (512.000000 -672.000000 -468.000000) (512.000000 -672.000000 -452.000000) (480.000000 -672.000000 -452.000000) (480.000000 -672.000000 -468.000000) 
5 2 25 (480.000000 -672.000000 -468.000000) (480.000000 -672.000000 -452.000000) (480.000000 -520.000000 -452.000000) (480.000000 -512.000000 -453.333333) (480.000000 -512.000000 -468.000000) 
5 3 7 (-328.000000 760.000000 -552.000000) (-328.000000 576.000000 -552.000000) (-304.000000 576.000000 -528.000000) (-304.000000 640.000000 -528.000000) (-316.000000 732.000000 -540.000000) 
3 4 35 (-328.000000 128.000000 -552.000000) (-304.000000 128.000000 -552.000000) (-304.000000 128.000000 -528.000000) 
3 4 8 (-328.000000 192.000000 -552.000000) (-328.000000 128.000000 -552.000000) (-304.000000 128.000000 -528.000000) 
5 5 7 (-328.000000 760.000000 -312.000000) (-316.000000 732.000000 -324.000000) (-304.000000 640.000000 -336.000000) (-304.000000 576.000000 -336.000000) (-328.000000 576.000000 -312.000000) 
3 6 35 (-304.000000 128.000000 -336.000000) (-304.000000 128.000000 -312.000000) (-328.000000 128.000000 -312.000000) 
3 6 8 (-304.000000 128.000000 -336.000000) (-328.000000 128.000000 -312.000000) (-328.000000 192.000000 -312.000000) 
4 7 15 (-528.000000 640.000000 -312.000000) (-528.000000 720.133333 -312.000000) (-528.000000 720.133333 -528.000000) (-528.000000 640.000000 -528.000000) 
4 7 14 (-528.000000 720.133333 -312.000000) (-528.000000 752.941176 -312.000000) (-528.000000 752.941176 -528.000000) (-528.000000 720.133333 -528.000000) 
4 7 12 (-528.000000 752.941176 -312.000000) (-528.000000 964.571429 -312.000000) (-528.000000 964.571429 -528.000000) (-528.000000 752.941176 -528.000000) 
4 7 10 (-528.000000 964.571429 -528.000000) (-504.000000 954.285714 -552.000000) (-504.000000 576.000000 -552.000000) (-528.000000 576.000000 -528.000000) 
8 7 8 (-528.000000 576.000000 -336.000000) (-528.000000 576.000000 -528.000000) (-504.000000 576.000000 -552.000000) (-328.000000 576.000000 -552.000000) (-304.000000 576.000000 -528.000000) (-304.000000 576.000000 -336.000000) (-328.000000 576.000000 -312.000000) (-504.000000 576.000000 -312.000000) 
8 8 35 (-504.000000 128.000000 -552.000000) (-328.000000 128.000000 -552.000000) (-304.000000 128.000000 -528.000000) (-304.000000 128.000000 -336.000000) (-328.000000 128.000000 -312.000000) (-504.000000 128.000000 -312.000000) (-528.000000 128.000000 -336.000000) (-528.000000 128.000000 -528.000000) 
3 8 11 (-504.000000 192.000000 -552.000000) (-504.000000 128.000000 -552.000000) (-528.000000 128.000000 -528.000000) 
3 8 9 (-528.000000 128.000000 -336.000000) (-504.000000 128.000000 -312.000000) (-504.000000 192.000000 -312.000000) 
3 9 35 (-504.000000 128.000000 -312.000000) (-528.000000 128.000000 -312.000000) (-528.000000 128.000000 -336.000000) 
4 10 15 (-528.000000 720.133333 -552.000000) (-528.000000 640.000000 -552.000000) (-528.000000 640.000000 -528.000000) (-528.000000 720.133333 -528.000000) 
4 10 14 (-528.000000 752.941176 -552.000000) (-528.000000 720.133333 -552.000000) (-528.000000 720.133333 -528.000000) (-528.000000 752.941176 -528.000000) 
4 10 12 (-528.000000 964.571429 -528.000000) (-528.000000 964.571429 -552.000000) (-528.000000 752.941176 -552.000000) (-528.000000 752.941176 -528.000000) 
3 11 35 (-528.000000 128.000000 -552.000000) (-504.000000 128.000000 -552.000000) (-528.000000 128.000000 -528.000000) 
4 12 40 (-768.000000 781.176471 -312.000000) (-768.000000 992.000000 -312.000000) (-768.000000 992.000000 -552.000000) (-768.000000 781.176471 -552.000000) 
4 12 14 (-622.000000 764.000000 -552.000000) (-528.000000 752.941176 -552.000000) (-528.000000 752.941176 -312.000000) (-622.000000 764.000000 -312.000000) 
4 12 13 (-768.000000 781.176471 -312.000000) (-768.000000 781.176471 -552.000000) (-656.000000 768.000000 -552.000000) (-656.000000 768.000000 -312.000000) 
4 13 40 (-768.000000 768.000000 -312.000000) (-768.000000 781.176471 -312.000000) (-768.000000 781.176471 -552.000000) (-768.000000 768.000000 -552.000000) 
4 14 18 (-592.000000 750.000000 -552.000000) (-575.440000 742.272000 -552.000000) (-575.440000 742.272000 -312.000000) (-592.000000 750.000000 -312.000000) 
4 14 17 (-575.440000 742.272000 -552.000000) (-560.636364 735.363636 -552.000000) (-560.636364 735.363636 -312.000000) (-575.440000 742.272000 -312.000000) 
4 14 16 (-560.636364 735.363636 -552.000000) (-537.975104 724.788382 -552.000000) (-537.975104 724.788382 -312.000000) (-560.636364 735.363636 -312.000000) 
4 14 15 (-537.975104 724.788382 -552.000000) (-528.000000 720.133333 -552.000000) (-528.000000 720.133333 -312.000000) (-537.975104 724.788382 -312.000000) 
4 15 16 (-537.975104 724.788382 -552.000000) (-532.000000 674.000000 -552.000000) (-532.000000 674.000000 -312.000000) (-537.975104 724.788382 -312.000000) 
4 16 17 (-560.636364 735.363636 -312.000000) (-560.636364 735.363636 -552.000000) (-546.000000 704.000000 -552.000000) (-546.000000 704.000000 -312.000000) 
4 17 18 (-575.440000 742.272000 -552.000000) (-566.000000 730.000000 -552.000000) (-566.000000 730.000000 -312.000000) (-575.440000 742.272000 -312.000000) 
4 19 33 (0.000000 -48.000000 -528.000000) (0.000000 -48.000000 -704.000000) (0.000000 -179.200000 -704.000000) (0.000000 -179.200000 -528.000000) 
4 19 31 (0.000000 -179.200000 -288.000000) (0.000000 -48.000000 -288.000000) (0.000000 -48.000000 -528.000000) (0.000000 -179.200000 -528.000000) 
4 19 30 (0.000000 -179.200000 -704.000000) (0.000000 -48.000000 -704.000000) (128.000000 -128.000000 -704.000000) (128.000000 -230.400000 -704.000000) 
5 19 29 (0.000000 -179.200000 -700.444444) (0.000000 -179.200000 -704.000000) (170.666667 -247.466667 -704.000000) (192.000000 -256.000000 -697.600000) (192.000000 -256.000000 -689.777778) 
4 19 23 (0.000000 -179.200000 -288.000000) (0.000000 -179.200000 -700.444444) (192.000000 -256.000000 -689.777778) (192.000000 -256.000000 -324.000000) 
4 20 25 (480.000000 -512.000000 -468.000000) (480.000000 -512.000000 -453.333333) (448.000000 -512.000000 -453.333333) (448.000000 -512.000000 -468.000000) 
4 20 21 (448.000000 -512.000000 -675.555556) (448.000000 -512.000000 -453.333333) (384.000000 -448.000000 -464.000000) (384.000000 -448.000000 -679.111111) 
3 20 22 (384.000000 -448.000000 -464.000000) (325.774436 -389.774436 -682.345865) (384.000000 -448.000000 -679.111111) 
4 21 25 (448.000000 -512.000000 -468.000000) (448.000000 -512.000000 -453.333333) (394.666667 -512.000000 -453.333333) (394.666667 -512.000000 -468.000000) 
4 21 22 (384.000000 -448.000000 -464.000000) (384.000000 -448.000000 -679.111111) (394.666667 -512.000000 -678.518519) (394.666667 -512.000000 -453.333333) 
4 22 24 (394.666667 -512.000000 -453.333333) (394.666667 -512.000000 -362.000000) (384.000000 -512.000000 -360.000000) (384.000000 -512.000000 -453.333333) 
4 22 25 (394.666667 -512.000000 -468.000000) (394.666667 -512.000000 -453.333333) (384.000000 -512.000000 -453.333333) (384.000000 -512.000000 -468.000000) 
4 22 23 (320.000000 -384.000000 -682.666667) (384.000000 -512.000000 -679.111111) (384.000000 -512.000000 -360.000000) (320.000000 -384.000000 -348.000000) 
4 23 33 (0.000000 -179.200000 -528.000000) (0.000000 -179.200000 -700.444444) (0.000000 -512.000000 -700.444444) (0.000000 -512.000000 -528.000000) 
4 23 31 (0.000000 -512.000000 -288.000000) (0.000000 -179.200000 -288.000000) (0.000000 -179.200000 -528.000000) (0.000000 -512.000000 -528.000000) 
4 23 29 (0.000000 -512.000000 -700.444444) (0.000000 -179.200000 -700.444444) (224.000000 -268.800000 -688.000000) (224.000000 -512.000000 -688.000000) 
4 23 24 (0.000000 -512.000000 -288.000000) (0.000000 -512.000000 -453.333333) (384.000000 -512.000000 -453.333333) (384.000000 -512.000000 -360.000000) 
4 23 25 (0.000000 -512.000000 -453.333333) (0.000000 -512.000000 -468.000000) (384.000000 -512.000000 -468.000000) (384.000000 -512.000000 -453.333333) 
5 24 99 (270.809917 -672.000000 -338.776860) (131.636364 -672.000000 -312.681818) (0.000000 -672.000000 -300.066667) (0.000000 -672.000000 -426.666667) (233.142857 -672.000000 -426.666667) 
3 24 97 (0.000000 -672.000000 -288.000000) (0.000000 -672.000000 -300.066667) (43.223881 -672.000000 -304.208955) 
3 24 96 (131.636364 -672.000000 -312.681818) (0.000000 -672.000000 -288.000000) (43.223881 -672.000000 -304.208955) 
4 24 80 (421.333333 -672.000000 -367.000000) (270.809917 -672.000000 -338.776860) (233.142857 -672.000000 -426.666667) (421.333333 -672.000000 -426.666667) 
4 24 31 (0.000000 -672.000000 -426.666667) (0.000000 -672.000000 -288.000000) (0.000000 -512.000000 -288.000000) (0.000000 -512.000000 -453.333333) 
4 24 25 (421.333333 -672.000000 -426.666667) (0.000000 -672.000000 -426.666667) (0.000000 -512.000000 -453.333333) (394.666667 -512.000000 -453.333333) 
4 25 99 (233.142857 -672.000000 -426.666667) (0.000000 -672.000000 -426.666667) (0.000000 -672.000000 -468.000000) (215.428571 -672.000000 -468.000000) 
5 25 81 (480.000000 -672.000000 -468.000000) (480.000000 -672.000000 -426.666667) (233.142857 -672.000000 -426.666667) (224.000000 -672.000000 -448.000000) (224.000000 -672.000000 -468.000000) 
3 25 92 (224.000000 -672.000000 -448.000000) (215.428571 -672.000000 -468.000000) (224.000000 -672.000000 -468.000000) 
4 25 31 (0.000000 -672.000000 -468.000000) (0.000000 -672.000000 -426.666667) (0.000000 -512.000000 -453.333333) (0.000000 -512.000000 -468.000000) 
4 25 26 (0.000000 -672.000000 -468.000000) (0.000000 -608.000000 -468.000000) (224.000000 -608.000000 -468.000000) (224.000000 -672.000000 -468.000000) 
4 26 99 (215.428571 -672.000000 -468.000000) (0.000000 -672.000000 -468.000000) (0.000000 -672.000000 -496.000000) (203.428571 -672.000000 -496.000000) 
4 26 92 (224.000000 -672.000000 -468.000000) (215.428571 -672.000000 -468.000000) (203.428571 -672.000000 -496.000000) (224.000000 -672.000000 -496.000000) 
4 26 31 (0.000000 -672.000000 -496.000000) (0.000000 -672.000000 -468.000000) (0.000000 -608.000000 -468.000000) (0.000000 -608.000000 -496.000000) 
4 26 28 (0.000000 -672.000000 -496.000000) (0.000000 -608.000000 -496.000000) (32.000000 -608.000000 -496.000000) (32.000000 -672.000000 -496.000000) 
4 26 27 (32.000000 -608.000000 -496.000000) (224.000000 -608.000000 -496.000000) (224.000000 -672.000000 -496.000000) (32.000000 -672.000000 -496.000000) 
4 27 99 (203.428571 -672.000000 -496.000000) (32.000000 -672.000000 -496.000000) (32.000000 -672.000000 -640.000000) (141.714286 -672.000000 -640.000000) 
4 27 84 (256.000000 -672.000000 -496.000000) (224.000000 -672.000000 -496.000000) (224.000000 -672.000000 -640.000000) (256.000000 -672.000000 -640.000000) 
4 27 92 (224.000000 -672.000000 -496.000000) (203.428571 -672.000000 -496.000000) (141.714286 -672.000000 -640.000000) (224.000000 -672.000000 -640.000000) 
4 27 28 (32.000000 -608.000000 -640.000000) (32.000000 -672.000000 -640.000000) (32.000000 -672.000000 -496.000000) (32.000000 -608.000000 -496.000000) 
4 28 99 (32.000000 -672.000000 -496.000000) (0.000000 -672.000000 -496.000000) (0.000000 -672.000000 -640.000000) (32.000000 -672.000000 -640.000000) 
4 28 33 (0.000000 -672.000000 -640.000000) (0.000000 -672.000000 -528.000000) (0.000000 -608.000000 -528.000000) (0.000000 -608.000000 -640.000000) 
4 28 31 (0.000000 -672.000000 -528.000000) (0.000000 -672.000000 -496.000000) (0.000000 -608.000000 -496.000000) (0.000000 -608.000000 -528.000000) 
4 29 33 (0.000000 -512.000000 -700.444444) (0.000000 -179.200000 -700.444444) (0.000000 -179.200000 -704.000000) (0.000000 -512.000000 -704.000000) 
4 29 30 (0.000000 -512.000000 -704.000000) (0.000000 -179.200000 -704.000000) (128.000000 -230.400000 -704.000000) (128.000000 -512.000000 -704.000000) 
4 30 33 (0.000000 -512.000000 -704.000000) (0.000000 -48.000000 -704.000000) (0.000000 -48.000000 -727.272727) (0.000000 -512.000000 -727.272727) 
3 31 99 (-216.221344 -672.000000 -279.345455) (0.000000 -672.000000 -528.000000) (0.000000 -672.000000 -300.066667) 
6 31 97 (-224.000000 -672.000000 -208.000000) (-224.000000 -672.000000 -270.400000) (-216.221344 -672.000000 -279.345455) (0.000000 -672.000000 -300.066667) (0.000000 -672.000000 -288.000000) (-213.333333 -672.000000 -208.000000) 
3 31 78 (-224.000000 -672.000000 -204.000000) (-224.000000 -672.000000 -208.000000) (-213.333333 -672.000000 -208.000000) 
4 31 34 (-224.000000 108.800000 -270.400000) (-224.000000 -672.000000 -270.400000) (-224.000000 -672.000000 -204.000000) (-224.000000 108.800000 -204.000000) 
3 31 32 (-43.921569 72.784314 -477.490196) (-4.000000 -37.000000 -523.400000) (-189.090909 101.818182 -310.545455) 
6 31 33 (-4.000000 -37.000000 -523.400000) (0.000000 -48.000000 -528.000000) (0.000000 -672.000000 -528.000000) (-224.000000 -672.000000 -270.400000) (-224.000000 108.800000 -270.400000) (-189.090909 101.818182 -310.545455) 
5 32 33 (-4.000000 -37.000000 -555.857143) (-4.000000 -37.000000 -523.400000) (-224.000000 128.000000 -270.400000) (-224.000000 128.000000 -720.000000) (-178.632911 93.974684 -724.253165) 
4 33 100 (-224.000000 -672.000000 -640.000000) (-224.000000 -672.000000 -768.000000) (0.000000 -672.000000 -727.272727) (0.000000 -672.000000 -640.000000) 
5 33 99 (-224.000000 -672.000000 -278.600000) (-224.000000 -672.000000 -640.000000) (0.000000 -672.000000 -640.000000) (0.000000 -672.000000 -528.000000) (-216.221344 -672.000000 -279.345455) 
3 33 97 (-224.000000 -672.000000 -270.400000) (-224.000000 -672.000000 -278.600000) (-216.221344 -672.000000 -279.345455) 
3 33 38 (-224.000000 128.000000 -689.230000) (-224.000000 128.000000 -720.000000) (-224.000000 100.174830 -723.478146) 
6 33 39 (-224.000000 128.000000 -533.333333) (-224.000000 128.000000 -689.230000) (-224.000000 100.174830 -723.478146) (-224.000000 -256.000000 -768.000000) (-224.000000 -672.000000 -768.000000) (-224.000000 -672.000000 -533.333333) 
4 33 35 (-224.000000 128.000000 -270.400000) (-224.000000 128.000000 -533.333333) (-224.000000 -672.000000 -533.333333) (-224.000000 -672.000000 -270.400000) 
3 34 122 (-224.000000 -672.000000 -270.400000) (-224.000000 -672.000000 -208.000000) (-278.260870 -672.000000 -208.000000) 
5 34 78 (-224.000000 -672.000000 -208.000000) (-224.000000 -672.000000 -204.000000) (-256.000000 -672.000000 -192.000000) (-285.714286 -672.000000 -199.428571) (-278.260870 -672.000000 -208.000000) 
4 34 35 (-224.000000 -672.000000 -270.400000) (-285.714286 -672.000000 -199.428571) (-285.714286 121.142857 -199.428571) (-224.000000 108.800000 -270.400000) 
5 35 123 (-631.606557 -672.000000 -285.901639) (-640.000000 -672.000000 -288.000000) (-768.000000 -672.000000 -366.222222) (-768.000000 -672.000000 -656.695652) (-708.846154 -672.000000 -697.846154) 
8 35 122 (-224.000000 -672.000000 -533.333333) (-224.000000 -672.000000 -270.400000) (-278.260870 -672.000000 -208.000000) (-320.000000 -672.000000 -208.000000) (-631.606557 -672.000000 -285.901639) (-708.846154 -672.000000 -697.846154) (-608.000000 -672.000000 -768.000000) (-576.000000 -672.000000 -768.000000) 
3 35 78 (-278.260870 -672.000000 -208.000000) (-285.714286 -672.000000 -199.428571) (-320.000000 -672.000000 -208.000000) 
4 35 54 (-768.000000 -608.000000 -366.222222) (-768.000000 -384.000000 -366.222222) (-768.000000 -384.000000 -656.695652) (-768.000000 -608.000000 -656.695652) 
4 35 55 (-768.000000 -672.000000 -656.695652) (-768.000000 -672.000000 -366.222222) (-768.000000 -608.000000 -366.222222) (-768.000000 -608.000000 -656.695652) 
4 35 51 (-768.000000 11.478261 -366.222222) (-768.000000 76.800000 -366.222222) (-768.000000 76.800000 -656.695652) (-768.000000 11.478261 -656.695652) 
4 35 52 (-768.000000 5.647059 -366.222222) (-768.000000 11.478261 -366.222222) (-768.000000 11.478261 -656.695652) (-768.000000 5.647059 -656.695652) 
4 35 53 (-768.000000 -256.000000 -366.222222) (-768.000000 5.647059 -366.222222) (-768.000000 5.647059 -656.695652) (-768.000000 -256.000000 -656.695652) 
3 35 37 (-480.000000 128.000000 -704.000000) (-457.845000 128.000000 -689.230000) (-480.000000 116.000000 -704.000000) 
6 35 39 (-576.000000 -256.000000 -768.000000) (-509.217219 100.174830 -723.478146) (-457.845000 128.000000 -689.230000) (-224.000000 128.000000 -533.333333) (-224.000000 -672.000000 -533.333333) (-576.000000 -672.000000 -768.000000) 
5 35 36 (-664.920863 60.776978 -728.402878) (-608.000000 -256.000000 -768.000000) (-608.000000 -672.000000 -768.000000) (-768.000000 -672.000000 -656.695652) (-768.000000 11.478261 -656.695652) 
4 36 123 (-768.000000 -672.000000 -656.695652) (-768.000000 -672.000000 -704.000000) (-714.046512 -672.000000 -725.581395) (-708.846154 -672.000000 -697.846154) 
3 36 122 (-714.046512 -672.000000 -725.581395) (-608.000000 -672.000000 -768.000000) (-708.846154 -672.000000 -697.846154) 
4 36 54 (-768.000000 -608.000000 -656.695652) (-768.000000 -384.000000 -656.695652) (-768.000000 -384.000000 -704.000000) (-768.000000 -608.000000 -704.000000) 
4 36 55 (-768.000000 -672.000000 -704.000000) (-768.000000 -672.000000 -656.695652) (-768.000000 -608.000000 -656.695652) (-768.000000 -608.000000 -704.000000) 
4 36 52 (-768.000000 5.647059 -656.695652) (-768.000000 11.478261 -656.695652) (-768.000000 11.478261 -704.000000) (-768.000000 5.647059 -704.000000) 
4 36 53 (-768.000000 -256.000000 -656.695652) (-768.000000 5.647059 -656.695652) (-768.000000 5.647059 -704.000000) (-768.000000 -256.000000 -704.000000) 
3 37 39 (-457.845000 128.000000 -689.230000) (-480.000000 116.000000 -704.000000) (-426.827400 128.000000 -689.230000) 
4 38 39 (-364.521854 100.174830 -723.478146) (-224.000000 100.174830 -723.478146) (-224.000000 128.000000 -689.230000) (-398.770000 128.000000 -689.230000) 
3 39 122 (-224.000000 -672.000000 -768.000000) (-224.000000 -672.000000 -533.333333) (-576.000000 -672.000000 -768.000000) 
5 41 164 (-1792.000000 -672.000000 112.000000) (-1808.000000 -672.000000 112.000000) (-1840.000000 -672.000000 88.000000) (-1840.000000 -672.000000 -8.000000) (-1792.000000 -672.000000 28.000000) 
4 41 165 (-1712.000000 -672.000000 112.000000) (-1792.000000 -672.000000 112.000000) (-1792.000000 -672.000000 28.000000) (-1712.000000 -672.000000 88.000000) 
4 41 163 (-1696.000000 -672.000000 112.000000) (-1712.000000 -672.000000 112.000000) (-1712.000000 -672.000000 88.000000) (-1688.000000 -672.000000 106.000000) 
3 41 47 (-1840.000000 -668.000000 88.000000) (-1840.000000 -544.000000 88.000000) (-1840.000000 -668.000000 -5.000000) 
5 41 45 (-1808.000000 -544.000000 112.000000) (-1696.000000 -656.000000 112.000000) (-1688.000000 -672.000000 106.000000) (-1690.666667 -672.000000 104.000000) (-1818.666667 -544.000000 104.000000) 
4 41 46 (-1690.666667 -672.000000 104.000000) (-1840.000000 -672.000000 -8.000000) (-1840.000000 -544.000000 88.000000) (-1818.666667 -544.000000 104.000000) 
4 42 43 (-1685.333333 -390.333333 104.000000) (-1736.000000 -441.000000 104.000000) (-1736.000000 -441.000000 112.000000) (-1696.000000 -401.000000 112.000000) 
4 42 45 (-1685.333333 -537.666667 104.000000) (-1696.000000 -527.000000 112.000000) (-1759.000000 -464.000000 112.000000) (-1759.000000 -464.000000 104.000000) 
3 42 46 (-1685.333333 -390.333333 104.000000) (-1685.333333 -537.666667 104.000000) (-1759.000000 -464.000000 104.000000) 
4 43 48 (-1840.000000 -337.000000 112.000000) (-1840.000000 -336.000000 112.000000) (-1840.000000 -325.333333 104.000000) (-1840.000000 -337.000000 104.000000) 
4 43 44 (-1793.000000 -384.000000 112.000000) (-1840.000000 -337.000000 112.000000) (-1840.000000 -337.000000 104.000000) (-1793.000000 -384.000000 104.000000) 
5 43 46 (-1840.000000 -337.000000 104.000000) (-1840.000000 -325.333333 104.000000) (-1685.333333 -325.333333 104.000000) (-1685.333333 -390.333333 104.000000) (-1736.000000 -441.000000 104.000000) 
4 44 48 (-1840.000000 -383.000000 112.000000) (-1840.000000 -337.000000 112.000000) (-1840.000000 -337.000000 104.000000) (-1840.000000 -383.000000 104.000000) 
4 44 45 (-1816.000000 -407.000000 112.000000) (-1840.000000 -383.000000 112.000000) (-1840.000000 -383.000000 104.000000) (-1816.000000 -407.000000 104.000000) 
4 44 46 (-1840.000000 -383.000000 104.000000) (-1840.000000 -337.000000 104.000000) (-1793.000000 -384.000000 104.000000) (-1816.000000 -407.000000 104.000000) 
3 45 163 (-1685.333333 -672.000000 104.000000) (-1688.000000 -672.000000 106.000000) (-1690.666667 -672.000000 104.000000) 
4 45 48 (-1840.000000 -522.666667 104.000000) (-1840.000000 -512.000000 112.000000) (-1840.000000 -383.000000 112.000000) (-1840.000000 -383.000000 104.000000) 
5 45 46 (-1690.666667 -672.000000 104.000000) (-1840.000000 -522.666667 104.000000) (-1840.000000 -383.000000 104.000000) (-1685.333333 -537.666667 104.000000) (-1685.333333 -672.000000 104.000000) 
4 46 164 (-1840.000000 -672.000000 -8.000000) (-1840.000000 -672.000000 -96.000000) (-1792.000000 -672.000000 -96.000000) (-1792.000000 -672.000000 28.000000) 
4 46 165 (-1792.000000 -672.000000 -96.000000) (-1712.000000 -672.000000 -96.000000) (-1712.000000 -672.000000 88.000000) (-1792.000000 -672.000000 28.000000) 
6 46 163 (-1712.000000 -672.000000 -96.000000) (-1669.333333 -672.000000 -96.000000) (-1669.333333 -672.000000 92.000000) (-1685.333333 -672.000000 104.000000) (-1690.666667 -672.000000 104.000000) (-1712.000000 -672.000000 88.000000) 
4 46 50 (-1669.333333 -672.000000 -96.000000) (-1664.000000 -668.000000 -96.000000) (-1664.000000 -668.000000 88.000000) (-1669.333333 -672.000000 92.000000) 
4 46 49 (-1840.000000 -668.000000 -5.000000) (-1840.000000 -576.000000 64.000000) (-1840.000000 -576.000000 -96.000000) (-1840.000000 -668.000000 -96.000000) 
6 46 48 (-1840.000000 -576.000000 64.000000) (-1840.000000 -522.666667 104.000000) (-1840.000000 -325.333333 104.000000) (-1840.000000 -272.000000 64.000000) (-1840.000000 -272.000000 -96.000000) (-1840.000000 -576.000000 -96.000000) 
4 47 49 (-1872.000000 -544.000000 64.000000) (-1840.000000 -576.000000 64.000000) (-1840.000000 -668.000000 -5.000000) (-1872.000000 -644.000000 -11.000000) 
3 47 48 (-1872.000000 -544.000000 64.000000) (-1840.000000 -544.000000 88.000000) (-1840.000000 -576.000000 64.000000) 
6 48 56 (-1904.000000 -448.000000 112.000000) (-1904.000000 -336.000000 112.000000) (-1904.000000 -272.000000 64.000000) (-1904.000000 -272.000000 -96.000000) (-1904.000000 -512.000000 -96.000000) (-1904.000000 -512.000000 64.000000) 
4 48 49 (-1872.000000 -544.000000 -96.000000) (-1840.000000 -576.000000 -96.000000) (-1840.000000 -576.000000 64.000000) (-1872.000000 -544.000000 64.000000) 
4 50 163 (-1669.333333 -672.000000 -96.000000) (-1664.000000 -672.000000 -96.000000) (-1664.000000 -672.000000 88.000000) (-1669.333333 -672.000000 92.000000) 
4 51 52 (-768.000000 11.478261 -656.695652) (-768.000000 11.478261 -366.222222) (-792.000000 -0.000000 -380.888889) (-792.000000 -0.000000 -640.000000) 
4 52 53 (-792.000000 -0.000000 -694.400000) (-768.000000 5.647059 -704.000000) (-768.000000 5.647059 -366.222222) (-792.000000 -0.000000 -380.888889) 
4 54 55 (-832.000000 -640.000000 -678.400000) (-768.000000 -608.000000 -704.000000) (-768.000000 -608.000000 -366.222222) (-832.000000 -640.000000 -405.333333) 
5 55 173 (-768.000000 -672.000000 -704.000000) (-768.000000 -672.000000 -384.000000) (-797.090909 -672.000000 -384.000000) (-896.000000 -672.000000 -444.444444) (-896.000000 -672.000000 -652.800000) 
3 55 156 (-768.000000 -672.000000 -384.000000) (-768.000000 -672.000000 -366.222222) (-797.090909 -672.000000 -384.000000) 
4 56 61 (-2016.000000 -272.000000 -40.000000) (-2016.000000 -272.000000 -96.000000) (-2016.000000 -512.000000 -96.000000) (-2016.000000 -512.000000 -40.000000) 
6 56 57 (-2016.000000 -272.000000 64.000000) (-2016.000000 -272.000000 -40.000000) (-2016.000000 -512.000000 -40.000000) (-2016.000000 -512.000000 64.000000) (-2016.000000 -448.000000 112.000000) (-2016.000000 -336.000000 112.000000) 
4 57 61 (-2336.000000 -272.000000 -40.000000) (-2016.000000 -272.000000 -40.000000) (-2016.000000 -512.000000 -40.000000) (-2336.000000 -512.000000 -40.000000) 
4 57 59 (-2336.000000 -458.666667 160.000000) (-2336.000000 -448.000000 168.000000) (-2336.000000 -408.000000 168.000000) (-2336.000000 -408.000000 160.000000) 
4 57 58 (-2336.000000 -376.000000 168.000000) (-2336.000000 -336.000000 168.000000) (-2336.000000 -325.333333 160.000000) (-2336.000000 -376.000000 160.000000) 
6 57 60 (-2336.000000 -272.000000 -40.000000) (-2336.000000 -512.000000 -40.000000) (-2336.000000 -512.000000 120.000000) (-2336.000000 -458.666667 160.000000) (-2336.000000 -325.333333 160.000000) (-2336.000000 -272.000000 120.000000) 
3 58 65 (-2416.000000 -330.666667 164.000000) (-2416.000000 -325.333333 160.000000) (-2416.000000 -330.666667 160.000000) 
5 58 62 (-2416.000000 -376.000000 168.000000) (-2416.000000 -336.000000 168.000000) (-2416.000000 -330.666667 164.000000) (-2416.000000 -330.666667 160.000000) (-2416.000000 -376.000000 160.000000) 
4 58 60 (-2416.000000 -325.333333 160.000000) (-2336.000000 -325.333333 160.000000) (-2336.000000 -376.000000 160.000000) (-2416.000000 -376.000000 160.000000) 
4 59 62 (-2416.000000 -458.666667 160.000000) (-2416.000000 -448.000000 168.000000) (-2416.000000 -408.000000 168.000000) (-2416.000000 -408.000000 160.000000) 
4 59 60 (-2336.000000 -408.000000 160.000000) (-2336.000000 -458.666667 160.000000) (-2416.000000 -458.666667 160.000000) (-2416.000000 -408.000000 160.000000) 
4 60 64 (-2416.000000 -272.000000 120.000000) (-2416.000000 -272.000000 -40.000000) (-2416.000000 -304.000000 -40.000000) (-2416.000000 -304.000000 144.000000) 
5 60 65 (-2416.000000 -304.000000 -40.000000) (-2416.000000 -330.666667 -40.000000) (-2416.000000 -330.666667 160.000000) (-2416.000000 -325.333333 160.000000) (-2416.000000 -304.000000 144.000000) 
5 60 62 (-2416.000000 -330.666667 -40.000000) (-2416.000000 -512.000000 -40.000000) (-2416.000000 -512.000000 120.000000) (-2416.000000 -458.666667 160.000000) (-2416.000000 -330.666667 160.000000) 
5 62 65 (-2462.000000 -392.000000 168.000000) (-2420.000000 -336.000000 168.000000) (-2416.000000 -330.666667 164.000000) (-2416.000000 -330.666667 -40.000000) (-2462.000000 -392.000000 -40.000000) 
5 62 66 (-2508.000000 -453.333333 164.000000) (-2504.000000 -448.000000 168.000000) (-2462.000000 -392.000000 168.000000) (-2462.000000 -392.000000 -40.000000) (-2508.000000 -453.333333 -40.000000) 
4 62 63 (-2488.000000 -480.000000 144.000000) (-2508.000000 -453.333333 164.000000) (-2508.000000 -453.333333 -40.000000) (-2488.000000 -480.000000 -40.000000) 
4 63 66 (-2528.000000 -480.000000 144.000000) (-2508.000000 -453.333333 164.000000) (-2508.000000 -453.333333 -40.000000) (-2528.000000 -480.000000 -40.000000) 
4 64 65 (-2488.000000 -304.000000 -40.000000) (-2416.000000 -304.000000 -40.000000) (-2416.000000 -304.000000 144.000000) (-2488.000000 -304.000000 144.000000) 
5 65 66 (-2462.000000 -392.000000 -40.000000) (-2462.000000 -392.000000 168.000000) (-2504.000000 -336.000000 168.000000) (-2528.000000 -304.000000 144.000000) (-2528.000000 -304.000000 -40.000000) 
5 66 71 (-2768.000000 -512.000000 -40.000000) (-2704.000000 -512.000000 -40.000000) (-2704.000000 -512.000000 72.000000) (-2728.000000 -512.000000 96.000000) (-2768.000000 -512.000000 96.000000) 
4 66 67 (-2768.000000 -376.000000 168.000000) (-2768.000000 -336.000000 168.000000) (-2768.000000 -325.333333 160.000000) (-2768.000000 -376.000000 160.000000) 
4 66 68 (-2768.000000 -458.666667 160.000000) (-2768.000000 -448.000000 168.000000) (-2768.000000 -408.000000 168.000000) (-2768.000000 -408.000000 160.000000) 
6 66 70 (-2768.000000 -512.000000 -40.000000) (-2768.000000 -512.000000 120.000000) (-2768.000000 -458.666667 160.000000) (-2768.000000 -325.333333 160.000000) (-2768.000000 -272.000000 120.000000) (-2768.000000 -272.000000 -40.000000) 
4 67 70 (-2848.000000 -376.000000 160.000000) (-2848.000000 -325.333333 160.000000) (-2768.000000 -325.333333 160.000000) (-2768.000000 -376.000000 160.000000) 
4 67 69 (-2848.000000 -376.000000 168.000000) (-2848.000000 -336.000000 168.000000) (-2848.000000 -325.333333 160.000000) (-2848.000000 -376.000000 160.000000) 
4 68 69 (-2848.000000 -458.666667 160.000000) (-2848.000000 -448.000000 168.000000) (-2848.000000 -408.000000 168.000000) (-2848.000000 -408.000000 160.000000) 
4 68 70 (-2768.000000 -458.666667 160.000000) (-2848.000000 -458.666667 160.000000) (-2848.000000 -408.000000 160.000000) (-2768.000000 -408.000000 160.000000) 
4 69 70 (-2848.000000 -458.666667 160.000000) (-3018.666667 -458.666667 160.000000) (-3018.666667 -325.333333 160.000000) (-2848.000000 -325.333333 160.000000) 
5 70 71 (-2912.000000 -512.000000 -40.000000) (-2768.000000 -512.000000 -40.000000) (-2768.000000 -512.000000 96.000000) (-2888.000000 -512.000000 96.000000) (-2912.000000 -512.000000 72.000000) 
4 72 75 (512.000000 -960.000000 -512.000000) (512.000000 -768.000000 -512.000000) (512.000000 -768.000000 -640.000000) (512.000000 -960.000000 -640.000000) 
4 73 87 (480.000000 -736.000000 -468.000000) (480.000000 -976.000000 -468.000000) (480.000000 -976.000000 -452.000000) (480.000000 -736.000000 -452.000000) 
5 73 86 (480.000000 -976.000000 -468.000000) (480.000000 -1536.000000 -468.000000) (480.000000 -1536.000000 -465.684211) (480.000000 -1498.857143 -452.000000) (480.000000 -976.000000 -452.000000) 
4 73 81 (480.000000 -672.000000 -452.000000) (480.000000 -672.000000 -468.000000) (480.000000 -736.000000 -468.000000) (480.000000 -736.000000 -452.000000) 
4 73 77 (480.000000 -1536.000000 -465.684211) (480.000000 -1536.000000 -468.000000) (512.000000 -1536.000000 -468.000000) (512.000000 -1536.000000 -465.684211) 
4 73 75 (512.000000 -1536.000000 -468.000000) (480.000000 -1536.000000 -468.000000) (480.000000 -768.000000 -468.000000) (512.000000 -768.000000 -468.000000) 
4 74 91 (480.000000 -736.000000 -640.000000) (480.000000 -768.000000 -640.000000) (480.000000 -768.000000 -496.000000) (480.000000 -736.000000 -496.000000) 
4 74 75 (480.000000 -768.000000 -496.000000) (480.000000 -768.000000 -640.000000) (512.000000 -768.000000 -640.000000) (512.000000 -768.000000 -496.000000) 
4 75 90 (480.000000 -976.000000 -496.000000) (480.000000 -976.000000 -468.000000) (480.000000 -768.000000 -468.000000) (480.000000 -768.000000 -496.000000) 
4 75 91 (480.000000 -768.000000 -640.000000) (480.000000 -976.000000 -640.000000) (480.000000 -976.000000 -496.000000) (480.000000 -768.000000 -496.000000) 
4 75 86 (480.000000 -976.000000 -640.000000) (480.000000 -1536.000000 -640.000000) (480.000000 -1536.000000 -468.000000) (480.000000 -976.000000 -468.000000) 
4 75 77 (480.000000 -1536.000000 -468.000000) (480.000000 -1536.000000 -640.000000) (512.000000 -1536.000000 -640.000000) (512.000000 -1536.000000 -468.000000) 
4 75 76 (512.000000 -1152.000000 -640.000000) (512.000000 -1536.000000 -640.000000) (480.000000 -1536.000000 -640.000000) (480.000000 -1152.000000 -640.000000) 
4 76 93 (480.000000 -1536.000000 -704.000000) (480.000000 -1536.000000 -640.000000) (480.000000 -1152.000000 -640.000000) (480.000000 -1408.000000 -704.000000) 
4 76 77 (480.000000 -1536.000000 -640.000000) (480.000000 -1536.000000 -704.000000) (512.000000 -1536.000000 -704.000000) (512.000000 -1536.000000 -640.000000) 
4 77 93 (480.000000 -1536.000000 -640.000000) (480.000000 -1536.000000 -704.000000) (480.000000 -1578.666667 -704.000000) (480.000000 -1578.666667 -640.000000) 
4 77 86 (480.000000 -1536.000000 -465.684211) (480.000000 -1536.000000 -640.000000) (480.000000 -1578.666667 -640.000000) (480.000000 -1578.666667 -481.403509) 
4 78 134 (-320.000000 -2368.000000 -208.000000) (-224.000000 -2368.000000 -208.000000) (-224.000000 -2368.000000 -204.000000) (-256.000000 -2368.000000 -192.000000) 
3 78 132 (-224.000000 -2368.000000 -208.000000) (-213.333333 -2368.000000 -208.000000) (-224.000000 -2368.000000 -204.000000) 
4 78 122 (-320.000000 -672.000000 -208.000000) (-224.000000 -672.000000 -208.000000) (-224.000000 -2368.000000 -208.000000) (-320.000000 -2368.000000 -208.000000) 
4 78 103 (-213.333333 -1451.733333 -208.000000) (-213.333333 -2368.000000 -208.000000) (-224.000000 -2368.000000 -208.000000) (-224.000000 -1449.600000 -208.000000) 
4 78 102 (-213.333333 -1246.222222 -208.000000) (-213.333333 -1451.733333 -208.000000) (-224.000000 -1449.600000 -208.000000) (-224.000000 -1232.000000 -208.000000) 
4 78 97 (-224.000000 -672.000000 -208.000000) (-213.333333 -672.000000 -208.000000) (-213.333333 -1246.222222 -208.000000) (-224.000000 -1232.000000 -208.000000) 
4 79 115 (222.464000 -1922.048000 -451.584000) (168.452830 -1994.062893 -577.610063) (169.142857 -1994.971429 -576.000000) (205.806020 -1987.638796 -490.452620) 
4 79 106 (224.000000 -1920.000000 -448.000000) (222.464000 -1922.048000 -451.584000) (205.806020 -1987.638796 -490.452620) (224.000000 -1984.000000 -448.000000) 
4 79 104 (270.809917 -1890.380165 -338.776860) (270.809917 -1857.586777 -338.776860) (224.000000 -1920.000000 -448.000000) (224.000000 -1984.000000 -448.000000) 
3 79 94 (208.000000 -1941.333333 -646.564103) (204.235294 -1946.352941 -640.000000) (208.000000 -1941.333333 -640.000000) 
5 79 93 (320.000000 -1792.000000 -704.000000) (240.941176 -1897.411765 -704.000000) (208.000000 -1941.333333 -646.564103) (208.000000 -1941.333333 -640.000000) (320.000000 -1792.000000 -640.000000) 
4 79 90 (254.000000 -1880.000000 -468.000000) (254.000000 -1880.000000 -496.000000) (224.000000 -1920.000000 -496.000000) (224.000000 -1920.000000 -468.000000) 
4 79 91 (254.000000 -1880.000000 -496.000000) (254.000000 -1880.000000 -640.000000) (224.000000 -1920.000000 -640.000000) (224.000000 -1920.000000 -496.000000) 
4 79 89 (224.000000 -1920.000000 -448.000000) (254.000000 -1880.000000 -378.000000) (254.000000 -1880.000000 -468.000000) (224.000000 -1920.000000 -468.000000) 
4 79 86 (320.000000 -1792.000000 -560.000000) (320.000000 -1792.000000 -640.000000) (254.000000 -1880.000000 -640.000000) (254.000000 -1880.000000 -592.421053) 
5 79 85 (254.000000 -1880.000000 -378.000000) (270.809917 -1857.586777 -338.776860) (320.000000 -1792.000000 -348.000000) (320.000000 -1792.000000 -560.000000) (254.000000 -1880.000000 -592.421053) 
4 79 92 (204.235294 -1946.352941 -640.000000) (168.452830 -1994.062893 -577.610063) (224.000000 -1920.000000 -448.000000) (224.000000 -1920.000000 -640.000000) 
4 80 99 (270.809917 -736.000000 -338.776860) (270.809917 -672.000000 -338.776860) (233.142857 -672.000000 -426.666667) (237.714286 -736.000000 -416.000000) 
5 80 88 (432.000000 -736.000000 -369.000000) (270.809917 -736.000000 -338.776860) (250.666667 -736.000000 -385.777778) (250.666667 -736.000000 -416.000000) (432.000000 -736.000000 -416.000000) 
3 80 89 (250.666667 -736.000000 -385.777778) (237.714286 -736.000000 -416.000000) (250.666667 -736.000000 -416.000000) 
4 80 81 (237.714286 -736.000000 -416.000000) (233.142857 -672.000000 -426.666667) (421.333333 -672.000000 -426.666667) (432.000000 -736.000000 -416.000000) 
4 81 99 (233.142857 -672.000000 -426.666667) (224.000000 -672.000000 -448.000000) (224.000000 -736.000000 -448.000000) (237.714286 -736.000000 -416.000000) 
4 81 87 (480.000000 -736.000000 -468.000000) (480.000000 -736.000000 -416.000000) (432.000000 -736.000000 -416.000000) (432.000000 -736.000000 -468.000000) 
4 81 88 (432.000000 -736.000000 -416.000000) (250.666667 -736.000000 -416.000000) (250.666667 -736.000000 -468.000000) (432.000000 -736.000000 -468.000000) 
5 81 89 (250.666667 -736.000000 -416.000000) (237.714286 -736.000000 -416.000000) (224.000000 -736.000000 -448.000000) (224.000000 -736.000000 -468.000000) (250.666667 -736.000000 -468.000000) 
4 81 92 (224.000000 -736.000000 -448.000000) (224.000000 -672.000000 -448.000000) (224.000000 -672.000000 -468.000000) (224.000000 -736.000000 -468.000000) 
4 82 83 (304.000000 -720.000000 -640.000000) (368.000000 -720.000000 -640.000000) (368.000000 -720.000000 -536.000000) (304.000000 -720.000000 -536.000000) 
4 83 91 (280.000000 -736.000000 -640.000000) (392.000000 -736.000000 -640.000000) (392.000000 -736.000000 -520.000000) (280.000000 -736.000000 -520.000000) 
4 84 91 (224.000000 -736.000000 -640.000000) (256.000000 -736.000000 -640.000000) (256.000000 -736.000000 -496.000000) (224.000000 -736.000000 -496.000000) 
4 84 92 (224.000000 -672.000000 -496.000000) (224.000000 -672.000000 -640.000000) (224.000000 -736.000000 -640.000000) (224.000000 -736.000000 -496.000000) 
3 85 104 (270.809917 -1857.586777 -338.776860) (270.809917 -1812.760331 -338.776860) (254.000000 -1880.000000 -378.000000) 
4 85 90 (254.000000 -1880.000000 -496.000000) (254.000000 -1880.000000 -468.000000) (338.428571 -1542.285714 -468.000000) (319.428571 -1618.285714 -496.000000) 
3 85 91 (254.000000 -1880.000000 -592.421053) (254.000000 -1880.000000 -496.000000) (319.428571 -1618.285714 -496.000000) 
6 85 89 (254.000000 -1880.000000 -468.000000) (254.000000 -1880.000000 -378.000000) (270.809917 -1812.760331 -338.776860) (352.000000 -1488.000000 -354.000000) (352.000000 -1488.000000 -448.000000) (338.428571 -1542.285714 -468.000000) 
3 85 86 (376.123077 -1717.169231 -532.430769) (254.000000 -1880.000000 -592.421053) (352.000000 -1488.000000 -448.000000) 
4 86 93 (480.000000 -1152.000000 -640.000000) (480.000000 -1578.666667 -640.000000) (254.000000 -1880.000000 -640.000000) (436.000000 -1152.000000 -640.000000) 
4 86 90 (319.428571 -1618.285714 -496.000000) (338.428571 -1542.285714 -468.000000) (480.000000 -976.000000 -468.000000) (480.000000 -976.000000 -496.000000) 
5 86 91 (254.000000 -1880.000000 -640.000000) (254.000000 -1880.000000 -592.421053) (319.428571 -1618.285714 -496.000000) (480.000000 -976.000000 -496.000000) (480.000000 -976.000000 -640.000000) 
4 86 87 (416.000000 -1232.000000 -416.000000) (480.000000 -976.000000 -401.777778) (480.000000 -976.000000 -468.000000) (416.000000 -1232.000000 -468.000000) 
4 86 89 (338.428571 -1542.285714 -468.000000) (352.000000 -1488.000000 -448.000000) (416.000000 -1232.000000 -416.000000) (416.000000 -1232.000000 -468.000000) 
5 87 90 (480.000000 -768.000000 -468.000000) (480.000000 -976.000000 -468.000000) (416.000000 -1232.000000 -468.000000) (320.000000 -944.000000 -468.000000) (414.769231 -768.000000 -468.000000) 
4 87 89 (320.000000 -944.000000 -468.000000) (416.000000 -1232.000000 -468.000000) (416.000000 -1232.000000 -416.000000) (320.000000 -944.000000 -400.000000) 
4 87 88 (432.000000 -736.000000 -468.000000) (320.000000 -944.000000 -468.000000) (320.000000 -944.000000 -400.000000) (432.000000 -736.000000 -416.000000) 
3 88 99 (270.809917 -796.429752 -338.776860) (270.809917 -736.000000 -338.776860) (250.666667 -736.000000 -385.777778) 
3 88 90 (320.000000 -944.000000 -468.000000) (261.333333 -768.000000 -468.000000) (414.769231 -768.000000 -468.000000) 
5 88 89 (250.666667 -736.000000 -385.777778) (250.666667 -736.000000 -468.000000) (320.000000 -944.000000 -468.000000) (320.000000 -944.000000 -348.000000) (270.809917 -796.429752 -338.776860) 
5 89 104 (270.809917 -1812.760331 -338.776860) (270.809917 -1548.561983 -338.776860) (224.000000 -1539.200000 -448.000000) (224.000000 -1920.000000 -448.000000) (254.000000 -1880.000000 -378.000000) 
5 89 99 (270.809917 -1548.561983 -338.776860) (270.809917 -796.429752 -338.776860) (250.666667 -736.000000 -385.777778) (224.000000 -736.000000 -448.000000) (224.000000 -1539.200000 -448.000000) 
5 89 90 (416.000000 -1232.000000 -468.000000) (254.000000 -1880.000000 -468.000000) (224.000000 -1920.000000 -468.000000) (224.000000 -768.000000 -468.000000) (261.333333 -768.000000 -468.000000) 
4 89 92 (224.000000 -1920.000000 -448.000000) (224.000000 -736.000000 -448.000000) (224.000000 -736.000000 -468.000000) (224.000000 -1920.000000 -468.000000) 
5 90 91 (224.000000 -1920.000000 -496.000000) (224.000000 -768.000000 -496.000000) (480.000000 -768.000000 -496.000000) (480.000000 -976.000000 -496.000000) (254.000000 -1880.000000 -496.000000) 
4 90 92 (224.000000 -768.000000 -496.000000) (224.000000 -1920.000000 -496.000000) (224.000000 -1920.000000 -468.000000) (224.000000 -768.000000 -468.000000) 
4 91 93 (436.000000 -1152.000000 -640.000000) (254.000000 -1880.000000 -640.000000) (224.000000 -1920.000000 -640.000000) (224.000000 -1152.000000 -640.000000) 
4 91 92 (224.000000 -736.000000 -496.000000) (224.000000 -736.000000 -640.000000) (224.000000 -1920.000000 -640.000000) (224.000000 -1920.000000 -496.000000) 
6 92 115 (141.714286 -1522.742857 -640.000000) (141.714286 -1958.857143 -640.000000) (168.452830 -1994.062893 -577.610063) (222.464000 -1922.048000 -451.584000) (224.000000 -1916.000000 -448.000000) (224.000000 -1539.200000 -448.000000) 
3 92 106 (222.464000 -1922.048000 -451.584000) (224.000000 -1920.000000 -448.000000) (224.000000 -1916.000000 -448.000000) 
4 92 99 (224.000000 -672.000000 -448.000000) (141.714286 -672.000000 -640.000000) (141.714286 -1522.742857 -640.000000) (224.000000 -1539.200000 -448.000000) 
5 92 94 (208.000000 -960.000000 -640.000000) (208.000000 -1941.333333 -640.000000) (204.235294 -1946.352941 -640.000000) (141.714286 -1958.857143 -640.000000) (141.714286 -960.000000 -640.000000) 
4 92 93 (224.000000 -1152.000000 -640.000000) (224.000000 -1920.000000 -640.000000) (208.000000 -1941.333333 -640.000000) (208.000000 -1152.000000 -640.000000) 
5 93 94 (208.000000 -1408.000000 -704.000000) (208.000000 -1904.000000 -704.000000) (208.000000 -1941.333333 -646.564103) (208.000000 -1941.333333 -640.000000) (208.000000 -1152.000000 -640.000000) 
4 94 115 (114.285714 -1517.257143 -704.000000) (114.285714 -1922.742857 -704.000000) (141.714286 -1958.857143 -640.000000) (141.714286 -1522.742857 -640.000000) 
4 94 101 (114.285714 -960.000000 -704.000000) (114.285714 -1517.257143 -704.000000) (141.714286 -1522.742857 -640.000000) (141.714286 -960.000000 -640.000000) 
4 94 95 (114.285714 -1922.742857 -704.000000) (114.285714 -960.000000 -704.000000) (128.000000 -960.000000 -704.000000) (128.000000 -1920.000000 -704.000000) 
4 95 115 (113.126761 -1517.025352 -706.704225) (113.126761 -1921.216901 -706.704225) (114.285714 -1922.742857 -704.000000) (114.285714 -1517.257143 -704.000000) 
4 95 101 (113.126761 -960.000000 -706.704225) (113.126761 -1517.025352 -706.704225) (114.285714 -1517.257143 -704.000000) (114.285714 -960.000000 -704.000000) 
4 96 99 (43.223881 -672.000000 -304.208955) (131.636364 -672.000000 -312.681818) (131.636364 -1172.363636 -312.681818) (43.223881 -1195.940299 -304.208955) 
4 96 97 (43.223881 -672.000000 -304.208955) (43.223881 -1195.940299 -304.208955) (-0.000000 -1207.466667 -288.000000) (-0.000000 -672.000000 -288.000000) 
4 97 122 (-224.000000 -1232.000000 -208.000000) (-224.000000 -672.000000 -208.000000) (-224.000000 -672.000000 -278.600000) (-224.000000 -1232.000000 -278.600000) 
5 97 102 (-202.000000 -1261.333333 -212.250000) (-213.333333 -1246.222222 -208.000000) (-224.000000 -1232.000000 -208.000000) (-224.000000 -1232.000000 -278.600000) (-202.000000 -1261.333333 -280.708333) 
5 97 99 (-202.000000 -1261.333333 -280.708333) (-224.000000 -1232.000000 -278.600000) (-224.000000 -672.000000 -278.600000) (43.223881 -672.000000 -304.208955) (43.223881 -1195.940299 -304.208955) 
4 97 98 (-32.000000 -1216.000000 -276.000000) (-202.000000 -1261.333333 -212.250000) (-202.000000 -1261.333333 -280.708333) (-32.000000 -1216.000000 -297.000000) 
4 98 102 (-128.000000 -1360.000000 -240.000000) (-202.000000 -1261.333333 -212.250000) (-202.000000 -1261.333333 -280.708333) (-128.000000 -1360.000000 -287.800000) 
3 98 99 (-128.000000 -1360.000000 -287.800000) (-202.000000 -1261.333333 -280.708333) (-32.000000 -1216.000000 -297.000000) 
4 99 122 (-224.000000 -672.000000 -278.600000) (-224.000000 -672.000000 -640.000000) (-224.000000 -1232.000000 -640.000000) (-224.000000 -1232.000000 -278.600000) 
6 99 115 (141.714286 -1522.742857 -640.000000) (224.000000 -1539.200000 -448.000000) (224.000000 -1539.200000 -372.000000) (43.223881 -1503.044776 -304.208955) (-32.000000 -1488.000000 -297.000000) (-32.000000 -1488.000000 -640.000000) 
4 99 114 (224.000000 -1539.200000 -372.000000) (224.000000 -1539.200000 -330.000000) (131.636364 -1520.727273 -312.681818) (43.223881 -1503.044776 -304.208955) 
3 99 104 (224.000000 -1539.200000 -448.000000) (270.809917 -1548.561983 -338.776860) (224.000000 -1539.200000 -330.000000) 
4 99 102 (-32.000000 -1488.000000 -640.000000) (-32.000000 -1488.000000 -297.000000) (-224.000000 -1232.000000 -278.600000) (-224.000000 -1232.000000 -640.000000) 
4 99 100 (-224.000000 -960.000000 -640.000000) (-224.000000 -672.000000 -640.000000) (0.000000 -672.000000 -640.000000) (0.000000 -960.000000 -640.000000) 
5 99 101 (141.714286 -1522.742857 -640.000000) (-32.000000 -1488.000000 -640.000000) (-224.000000 -1232.000000 -640.000000) (-224.000000 -960.000000 -640.000000) (141.714286 -960.000000 -640.000000) 
4 100 122 (-224.000000 -672.000000 -640.000000) (-224.000000 -672.000000 -768.000000) (-224.000000 -960.000000 -768.000000) (-224.000000 -960.000000 -640.000000) 
4 100 101 (0.000000 -960.000000 -640.000000) (-224.000000 -960.000000 -640.000000) (-224.000000 -960.000000 -768.000000) (0.000000 -960.000000 -727.272727) 
4 101 122 (-224.000000 -960.000000 -768.000000) (-224.000000 -1232.000000 -768.000000) (-224.000000 -1232.000000 -640.000000) (-224.000000 -960.000000 -640.000000) 
4 101 115 (-32.000000 -1488.000000 -733.090909) (113.126761 -1517.025352 -706.704225) (141.714286 -1522.742857 -640.000000) (-32.000000 -1488.000000 -640.000000) 
4 101 102 (-224.000000 -1232.000000 -768.000000) (-32.000000 -1488.000000 -733.090909) (-32.000000 -1488.000000 -640.000000) (-224.000000 -1232.000000 -640.000000) 
4 102 122 (-224.000000 -1449.600000 -208.000000) (-224.000000 -1232.000000 -208.000000) (-224.000000 -1232.000000 -768.000000) (-224.000000 -1449.600000 -768.000000) 
5 102 115 (-224.000000 -1449.600000 -256.000000) (-224.000000 -1449.600000 -768.000000) (-32.000000 -1488.000000 -733.090909) (-32.000000 -1488.000000 -276.000000) (-85.333333 -1477.333333 -256.000000) 
4 102 103 (-224.000000 -1449.600000 -208.000000) (-224.000000 -1449.600000 -256.000000) (-85.333333 -1477.333333 -256.000000) (-213.333333 -1451.733333 -208.000000) 
4 103 132 (-213.333333 -2368.000000 -208.000000) (-224.000000 -2368.000000 -208.000000) (-224.000000 -2368.000000 -256.000000) (-85.333333 -2368.000000 -256.000000) 
4 103 122 (-224.000000 -2368.000000 -208.000000) (-224.000000 -1449.600000 -208.000000) (-224.000000 -1449.600000 -256.000000) (-224.000000 -2368.000000 -256.000000) 
4 103 115 (-224.000000 -1449.600000 -256.000000) (-85.333333 -1477.333333 -256.000000) (-85.333333 -1592.000000 -256.000000) (-224.000000 -1592.000000 -256.000000) 
4 103 113 (-85.333333 -2028.190476 -256.000000) (-85.333333 -2368.000000 -256.000000) (-224.000000 -2368.000000 -256.000000) (-224.000000 -1750.857143 -256.000000) 
4 103 107 (-170.666667 -1857.523810 -256.000000) (-224.000000 -1750.857143 -256.000000) (-224.000000 -1592.000000 -256.000000) (-170.666667 -1592.000000 -256.000000) 
4 103 105 (-85.333333 -1592.000000 -256.000000) (-85.333333 -2028.190476 -256.000000) (-170.666667 -1857.523810 -256.000000) (-170.666667 -1592.000000 -256.000000) 
4 104 115 (224.000000 -1539.200000 -448.000000) (224.000000 -1916.000000 -448.000000) (224.000000 -1787.750000 -372.000000) (224.000000 -1539.200000 -372.000000) 
4 104 114 (224.000000 -1787.750000 -372.000000) (224.000000 -1716.875000 -330.000000) (224.000000 -1539.200000 -330.000000) (224.000000 -1539.200000 -372.000000) 
4 104 106 (224.000000 -1916.000000 -448.000000) (224.000000 -1984.000000 -448.000000) (224.000000 -1918.257143 -330.000000) (224.000000 -1716.875000 -330.000000) 
3 105 115 (0.000000 -1646.000000 -288.000000) (-170.666667 -1592.000000 -256.000000) (-85.333333 -1592.000000 -256.000000) 
4 105 113 (-85.333333 -2028.190476 -256.000000) (-170.666667 -1857.523810 -256.000000) (-39.766990 -2100.038835 -280.543689) (-43.574468 -2099.404255 -271.659574) 
3 105 108 (-39.766990 -2100.038835 -280.543689) (-70.597651 -2042.919530 -274.762940) (-14.905647 -2031.781129 -285.205191) 
6 105 107 (-70.597651 -2042.919530 -274.762940) (-170.666667 -1857.523810 -256.000000) (-170.666667 -1592.000000 -256.000000) (0.000000 -1646.000000 -288.000000) (0.000000 -1990.857143 -288.000000) (-14.905647 -2031.781129 -285.205191) 
5 106 115 (224.000000 -1787.750000 -372.000000) (224.000000 -1916.000000 -448.000000) (205.806020 -1987.638796 -490.452620) (91.162259 -2010.567548 -504.040029) (110.393712 -1715.858521 -329.397642) 
4 106 114 (224.000000 -1716.875000 -330.000000) (224.000000 -1787.750000 -372.000000) (110.393712 -1715.858521 -329.397642) (112.626936 -1681.635867 -309.117551) 
4 106 107 (19.320755 -1937.811321 -291.622642) (112.626936 -1681.635867 -309.117551) (91.162259 -2010.567548 -504.040029) (64.000000 -2016.000000 -448.000000) 
3 107 122 (-224.000000 -1750.857143 -256.000000) (-224.000000 -1592.000000 -256.000000) (-224.000000 -1700.389892 -320.231047) 
7 107 115 (14.530688 -2025.893862 -513.122289) (-224.000000 -1700.389892 -320.231047) (-224.000000 -1592.000000 -256.000000) (-170.666667 -1592.000000 -256.000000) (-0.000000 -1646.000000 -288.000000) (110.393712 -1715.858521 -329.397642) (91.162259 -2010.567548 -504.040029) 
3 107 114 (-0.000000 -1646.000000 -288.000000) (112.626936 -1681.635867 -309.117551) (110.393712 -1715.858521 -329.397642) 
5 107 113 (-224.000000 -1700.389892 -320.231047) (14.530688 -2025.893862 -513.122289) (-70.597651 -2042.919530 -274.762940) (-170.666667 -1857.523810 -256.000000) (-224.000000 -1750.857143 -256.000000) 
5 107 108 (64.000000 -2016.000000 -448.000000) (-14.905647 -2031.781129 -285.205191) (-70.597651 -2042.919530 -274.762940) (14.530688 -2025.893862 -513.122289) (64.000000 -2016.000000 -507.259259) 
3 108 118 (46.266336 -2069.200993 -538.785773) (34.083592 -2052.576166 -528.934024) (52.704120 -2049.887640 -527.340824) 
4 108 116 (34.083592 -2052.576166 -528.934024) (14.530688 -2025.893862 -513.122289) (64.000000 -2016.000000 -507.259259) (52.704120 -2049.887640 -527.340824) 
5 108 113 (14.530688 -2025.893862 -513.122289) (46.266336 -2069.200993 -538.785773) (32.000000 -2112.000000 -448.000000) (-39.766990 -2100.038835 -280.543689) (-70.597651 -2042.919530 -274.762940) 
3 109 111 (126.945055 -2247.736264 -516.923077) (128.000000 -2248.000000 -519.272727) (128.000000 -2249.846154 -516.923077) 
5 109 112 (81.920000 -2289.280000 -349.440000) (96.000000 -2240.000000 -448.000000) (126.945055 -2247.736264 -516.923077) (128.000000 -2249.846154 -516.923077) (128.000000 -2354.285714 -384.000000) 
3 110 119 (25.333333 -2132.000000 -576.000000) (32.000000 -2112.000000 -564.148148) (34.728905 -2117.457810 -567.382406) 
5 110 117 (-2.461538 -2215.384615 -625.413105) (25.333333 -2132.000000 -576.000000) (34.728905 -2117.457810 -567.382406) (42.000000 -2132.000000 -576.000000) (64.890344 -2232.222586 -635.391162) 
7 110 112 (-2.461538 -2215.384615 -625.413105) (64.890344 -2232.222586 -635.391162) (96.000000 -2240.000000 -576.000000) (96.000000 -2240.000000 -448.000000) (36.430769 -2225.107692 -315.323077) (0.000000 -2216.000000 -288.000000) (-2.461538 -2215.384615 -287.076923) 
6 110 113 (0.000000 -2208.000000 -288.000000) (7.773279 -2184.680162 -293.829960) (32.000000 -2112.000000 -448.000000) (32.000000 -2112.000000 -564.148148) (-2.461538 -2215.384615 -625.413105) (-2.461538 -2215.384615 -287.076923) 
3 111 133 (114.285714 -2368.000000 -675.740260) (128.000000 -2368.000000 -672.000000) (128.000000 -2368.000000 -645.818182) 
7 111 112 (126.945055 -2247.736264 -516.923077) (96.000000 -2240.000000 -576.000000) (79.698113 -2297.056604 -673.811321) (83.660668 -2314.406170 -684.092545) (114.285714 -2368.000000 -675.740260) (128.000000 -2368.000000 -645.818182) (128.000000 -2249.846154 -516.923077) 
6 112 133 (-53.333333 -2368.000000 -715.851852) (-32.790123 -2368.000000 -715.851852) (114.285714 -2368.000000 -675.740260) (128.000000 -2368.000000 -645.818182) (128.000000 -2368.000000 -640.000000) (-53.333333 -2368.000000 -705.939394) 
4 112 128 (128.000000 -2368.000000 -384.000000) (0.000000 -2368.000000 -288.000000) (-53.333333 -2368.000000 -268.000000) (-53.333333 -2368.000000 -323.933543) 
5 112 131 (128.000000 -2368.000000 -640.000000) (128.000000 -2368.000000 -384.000000) (-53.333333 -2368.000000 -323.933543) (-53.333333 -2368.000000 -352.001194) (51.890661 -2368.000000 -667.676123) 
3 112 132 (-53.333333 -2368.000000 -352.001194) (-53.333333 -2368.000000 -705.939394) (51.890661 -2368.000000 -667.676123) 
4 112 120 (-46.323810 -2346.971429 -703.390476) (-10.666667 -2240.000000 -640.000000) (66.666667 -2240.000000 -640.000000) (74.205980 -2273.009967 -659.561462) 
4 112 117 (-10.666667 -2240.000000 -640.000000) (-2.461538 -2215.384615 -625.413105) (64.890344 -2232.222586 -635.391162) (66.666667 -2240.000000 -640.000000) 
4 112 113 (-2.461538 -2215.384615 -625.413105) (-53.333333 -2368.000000 -715.851852) (-53.333333 -2368.000000 -268.000000) (-2.461538 -2215.384615 -287.076923) 
3 113 133 (-80.592593 -2368.000000 -715.851852) (-53.333333 -2368.000000 -715.851852) (-53.333333 -2368.000000 -705.939394) 
4 113 128 (-53.333333 -2368.000000 -323.933543) (-53.333333 -2368.000000 -268.000000) (-85.333333 -2368.000000 -256.000000) (-63.850300 -2368.000000 -320.449900) 
3 113 131 (-53.333333 -2368.000000 -352.001194) (-53.333333 -2368.000000 -323.933543) (-63.850300 -2368.000000 -320.449900) 
6 113 132 (-224.000000 -2368.000000 -256.000000) (-224.000000 -2368.000000 -715.851852) (-80.592593 -2368.000000 -715.851852) (-53.333333 -2368.000000 -705.939394) (-53.333333 -2368.000000 -352.001194) (-85.333333 -2368.000000 -256.000000) 
4 113 122 (-224.000000 -2368.000000 -715.851852) (-224.000000 -2368.000000 -256.000000) (-224.000000 -1750.857143 -256.000000) (-224.000000 -1700.389892 -320.231047) 
5 113 120 (-80.592593 -2368.000000 -715.851852) (-127.144033 -2368.000000 -715.851852) (-44.444444 -2240.000000 -640.000000) (-10.666667 -2240.000000 -640.000000) (-46.323810 -2346.971429 -703.390476) 
4 113 121 (-127.144033 -2368.000000 -715.851852) (-224.000000 -2368.000000 -715.851852) (-224.000000 -2240.000000 -640.000000) (-44.444444 -2240.000000 -640.000000) 
4 113 118 (4.428928 -2056.857855 -531.471322) (34.083592 -2052.576166 -528.934024) (46.266336 -2069.200993 -538.785773) (32.000000 -2112.000000 -564.148148) 
6 113 119 (-224.000000 -2240.000000 -640.000000) (-224.000000 -2089.839572 -551.016043) (4.428928 -2056.857855 -531.471322) (32.000000 -2112.000000 -564.148148) (25.333333 -2132.000000 -576.000000) (-44.444444 -2240.000000 -640.000000) 
3 113 117 (25.333333 -2132.000000 -576.000000) (-10.666667 -2240.000000 -640.000000) (-44.444444 -2240.000000 -640.000000) 
4 113 116 (-224.000000 -2089.839572 -551.016043) (-224.000000 -2073.600000 -541.392593) (14.530688 -2025.893862 -513.122289) (34.083592 -2052.576166 -528.934024) 
3 113 115 (-224.000000 -2073.600000 -541.392593) (-224.000000 -1700.389892 -320.231047) (14.530688 -2025.893862 -513.122289) 
4 114 115 (224.000000 -1787.750000 -372.000000) (-0.000000 -1646.000000 -288.000000) (-0.000000 -1494.400000 -288.000000) (224.000000 -1539.200000 -372.000000) 
7 115 122 (-224.000000 -1449.600000 -256.000000) (-224.000000 -1449.600000 -768.000000) (-224.000000 -1888.000000 -768.000000) (-224.000000 -1967.619048 -739.047619) (-224.000000 -2073.600000 -576.000000) (-224.000000 -2073.600000 -541.392593) (-224.000000 -1592.000000 -256.000000) 
3 115 121 (-224.000000 -1888.000000 -768.000000) (-160.905660 -1951.094340 -745.056604) (-224.000000 -1967.619048 -739.047619) 
4 115 118 (-56.454148 -1935.091703 -737.537118) (14.451613 -1929.290323 -724.645161) (64.000000 -2016.000000 -576.000000) (-8.727273 -2030.545455 -576.000000) 
5 115 119 (-224.000000 -2073.600000 -576.000000) (-224.000000 -1967.619048 -739.047619) (-119.500000 -1940.250000 -749.000000) (-56.454148 -1935.091703 -737.537118) (-8.727273 -2030.545455 -576.000000) 
4 115 116 (64.000000 -2016.000000 -507.259259) (-224.000000 -2073.600000 -541.392593) (-224.000000 -2073.600000 -576.000000) (64.000000 -2016.000000 -576.000000) 
3 116 122 (-224.000000 -2073.600000 -576.000000) (-224.000000 -2089.839572 -551.016043) (-224.000000 -2073.600000 -541.392593) 
4 116 118 (52.704120 -2049.887640 -527.340824) (4.428928 -2056.857855 -531.471322) (-8.727273 -2030.545455 -576.000000) (64.000000 -2016.000000 -576.000000) 
4 116 119 (4.428928 -2056.857855 -531.471322) (-224.000000 -2089.839572 -551.016043) (-224.000000 -2073.600000 -576.000000) (-8.727273 -2030.545455 -576.000000) 
3 117 120 (66.666667 -2240.000000 -640.000000) (-44.444444 -2240.000000 -640.000000) (-25.000000 -2102.500000 -690.000000) 
4 117 119 (-25.000000 -2102.500000 -690.000000) (-44.444444 -2240.000000 -640.000000) (34.728905 -2117.457810 -567.382406) (32.000000 -2112.000000 -576.000000) 
6 118 119 (-13.480315 -2021.039370 -719.622047) (32.000000 -2112.000000 -576.000000) (32.000000 -2112.000000 -564.148148) (4.428928 -2056.857855 -531.471322) (-56.454148 -1935.091703 -737.537118) (-32.000000 -1984.000000 -733.090909) 
3 119 122 (-224.000000 -1967.619048 -739.047619) (-224.000000 -2240.000000 -640.000000) (-224.000000 -2089.839572 -551.016043) 
5 119 121 (-23.079646 -2088.920354 -694.938053) (-44.444444 -2240.000000 -640.000000) (-224.000000 -2240.000000 -640.000000) (-224.000000 -1967.619048 -739.047619) (-160.905660 -1951.094340 -745.056604) 
3 120 132 (-138.200000 -2368.000000 -736.800000) (-80.592593 -2368.000000 -715.851852) (-127.144033 -2368.000000 -715.851852) 
5 120 121 (-138.200000 -2368.000000 -736.800000) (-127.144033 -2368.000000 -715.851852) (-44.444444 -2240.000000 -640.000000) (-25.000000 -2102.500000 -690.000000) (-28.444444 -2101.925926 -696.888889) 
4 121 132 (-224.000000 -2368.000000 -715.851852) (-224.000000 -2368.000000 -768.000000) (-138.200000 -2368.000000 -736.800000) (-127.144033 -2368.000000 -715.851852) 
4 121 122 (-224.000000 -1888.000000 -768.000000) (-224.000000 -2368.000000 -768.000000) (-224.000000 -2368.000000 -715.851852) (-224.000000 -2240.000000 -640.000000) 
3 122 178 (-768.000000 -1188.377358 -510.792453) (-768.000000 -1208.000000 -496.941176) (-768.000000 -1208.000000 -448.000000) 
4 122 179 (-768.000000 -1208.000000 -496.941176) (-768.000000 -1368.000000 -384.000000) (-768.000000 -1228.000000 -384.000000) (-768.000000 -1208.000000 -448.000000) 
5 122 177 (-768.000000 -1096.000000 -576.000000) (-768.000000 -1188.377358 -510.792453) (-768.000000 -1228.000000 -384.000000) (-768.000000 -1148.000000 -384.000000) (-768.000000 -1096.000000 -455.314286) 
3 122 176 (-768.000000 -914.666667 -704.000000) (-768.000000 -1096.000000 -576.000000) (-768.000000 -1096.000000 -455.314286) 
4 122 174 (-768.000000 -1008.000000 -576.000000) (-768.000000 -1096.000000 -455.314286) (-768.000000 -1096.000000 -448.000000) (-768.000000 -1008.000000 -565.333333) 
4 122 173 (-768.000000 -904.000000 -704.000000) (-768.000000 -914.666667 -704.000000) (-768.000000 -1008.000000 -576.000000) (-768.000000 -1008.000000 -565.333333) 
4 122 172 (-768.000000 -1096.000000 -455.314286) (-768.000000 -1148.000000 -384.000000) (-768.000000 -1144.000000 -384.000000) (-768.000000 -1096.000000 -448.000000) 
4 122 158 (-768.000000 -1233.555556 -366.222222) (-768.000000 -1157.333333 -366.222222) (-768.000000 -1144.000000 -384.000000) (-768.000000 -1228.000000 -384.000000) 
4 122 159 (-768.000000 -1368.000000 -384.000000) (-768.000000 -1393.185185 -366.222222) (-768.000000 -1233.555556 -366.222222) (-768.000000 -1228.000000 -384.000000) 
4 122 135 (-224.000000 -2368.000000 -768.000000) (-224.000000 -2368.000000 -764.000000) (-255.222222 -2368.000000 -764.000000) (-253.333333 -2368.000000 -768.000000) 
5 122 134 (-224.000000 -2368.000000 -764.000000) (-224.000000 -2368.000000 -208.000000) (-320.000000 -2368.000000 -208.000000) (-496.894410 -2368.000000 -252.223602) (-255.222222 -2368.000000 -764.000000) 
7 122 124 (-608.000000 -1304.000000 -768.000000) (-253.333333 -2368.000000 -768.000000) (-496.894410 -2368.000000 -252.223602) (-640.000000 -1888.000000 -288.000000) (-768.000000 -1393.185185 -366.222222) (-768.000000 -1096.000000 -576.000000) (-704.000000 -1070.400000 -729.600000) 
6 122 123 (-714.046512 -672.000000 -725.581395) (-768.000000 -904.000000 -704.000000) (-768.000000 -1096.000000 -448.000000) (-748.477454 -1088.190981 -354.291777) (-640.000000 -704.000000 -288.000000) (-631.606557 -672.000000 -285.901639) 
4 123 174 (-768.000000 -1008.000000 -565.333333) (-768.000000 -1096.000000 -448.000000) (-768.000000 -1050.666667 -384.000000) (-768.000000 -1008.000000 -384.000000) 
5 123 173 (-768.000000 -672.000000 -384.000000) (-768.000000 -672.000000 -704.000000) (-768.000000 -904.000000 -704.000000) (-768.000000 -1008.000000 -565.333333) (-768.000000 -1008.000000 -384.000000) 
4 123 157 (-768.000000 -984.666667 -384.000000) (-768.000000 -1050.666667 -384.000000) (-768.000000 -1038.074074 -366.222222) (-768.000000 -978.185185 -366.222222) 
4 123 156 (-768.000000 -672.000000 -366.222222) (-768.000000 -672.000000 -384.000000) (-768.000000 -984.666667 -384.000000) (-768.000000 -978.185185 -366.222222) 
4 124 198 (-768.000000 -1621.333333 -704.000000) (-768.000000 -1632.000000 -704.000000) (-768.000000 -1632.000000 -366.222222) (-768.000000 -1621.333333 -366.222222) 
4 124 197 (-768.000000 -1632.000000 -704.000000) (-768.000000 -1714.285714 -704.000000) (-768.000000 -1714.285714 -366.222222) (-768.000000 -1632.000000 -366.222222) 
4 124 196 (-768.000000 -1568.000000 -704.000000) (-768.000000 -1621.333333 -704.000000) (-768.000000 -1621.333333 -366.222222) (-768.000000 -1568.000000 -366.222222) 
4 124 195 (-768.000000 -1714.285714 -704.000000) (-768.000000 -2368.000000 -704.000000) (-768.000000 -2368.000000 -366.222222) (-768.000000 -1714.285714 -366.222222) 
4 124 178 (-768.000000 -1208.000000 -496.941176) (-768.000000 -1188.377358 -510.792453) (-768.000000 -1155.586207 -615.724138) (-768.000000 -1208.000000 -650.666667) 
6 124 179 (-768.000000 -1288.000000 -704.000000) (-768.000000 -1568.000000 -704.000000) (-768.000000 -1568.000000 -384.000000) (-768.000000 -1368.000000 -384.000000) (-768.000000 -1208.000000 -496.941176) (-768.000000 -1208.000000 -650.666667) 
3 124 177 (-768.000000 -1188.377358 -510.792453) (-768.000000 -1096.000000 -576.000000) (-768.000000 -1155.586207 -615.724138) 
4 124 159 (-768.000000 -1568.000000 -384.000000) (-768.000000 -1568.000000 -366.222222) (-768.000000 -1393.185185 -366.222222) (-768.000000 -1368.000000 -384.000000) 
4 124 136 (-618.000000 -2368.000000 -764.000000) (-608.000000 -2368.000000 -768.000000) (-512.000000 -2368.000000 -768.000000) (-512.000000 -2368.000000 -764.000000) 
4 124 135 (-512.000000 -2368.000000 -768.000000) (-253.333333 -2368.000000 -768.000000) (-255.222222 -2368.000000 -764.000000) (-512.000000 -2368.000000 -764.000000) 
6 124 134 (-496.894410 -2368.000000 -252.223602) (-640.000000 -2368.000000 -288.000000) (-768.000000 -2368.000000 -366.222222) (-768.000000 -2368.000000 -704.000000) (-618.000000 -2368.000000 -764.000000) (-255.222222 -2368.000000 -764.000000) 
5 125 127 (384.000000 -2443.636364 -464.000000) (499.000000 -2475.000000 -535.875000) (576.000000 -2552.000000 -584.000000) (552.918033 -2606.819672 -569.573770) (384.000000 -2656.727273 -464.000000) 
4 126 133 (128.000000 -2456.000000 -672.000000) (128.000000 -2504.000000 -672.000000) (128.000000 -2488.000000 -640.000000) (128.000000 -2445.333333 -640.000000) 
4 126 131 (128.000000 -2488.000000 -640.000000) (128.000000 -2432.000000 -528.000000) (128.000000 -2424.000000 -576.000000) (128.000000 -2445.333333 -640.000000) 
6 126 127 (128.000000 -2504.000000 -672.000000) (424.000000 -2488.000000 -640.000000) (503.619048 -2479.619048 -623.238095) (499.000000 -2475.000000 -614.000000) (341.333333 -2432.000000 -528.000000) (128.000000 -2432.000000 -528.000000) 
4 127 133 (128.000000 -2488.000000 -640.000000) (128.000000 -2504.000000 -672.000000) (128.000000 -2648.000000 -672.000000) (128.000000 -2664.000000 -640.000000) 
8 127 131 (128.000000 -2704.000000 -528.000000) (128.000000 -2688.000000 -464.000000) (128.000000 -2640.000000 -416.000000) (128.000000 -2480.000000 -408.000000) (128.000000 -2400.000000 -464.000000) (128.000000 -2488.000000 -640.000000) (128.000000 -2664.000000 -640.000000) (128.000000 -2696.000000 -576.000000) 
4 128 129 (-63.850337 -2508.740135 -320.449888) (-31.998336 -2495.999334 -331.000551) (-31.999191 -2495.999677 -276.000303) (-85.333447 -2517.333379 -255.999957) 
4 128 132 (-85.333447 -2517.333379 -255.999957) (-85.333447 -2368.000000 -255.999957) (-63.850337 -2368.000000 -320.449888) (-63.850337 -2508.740135 -320.449888) 
4 128 131 (-63.850337 -2368.000000 -320.449888) (128.000000 -2368.000000 -383.998430) (128.000000 -2432.000000 -383.998430) (-63.850337 -2508.740135 -320.449888) 
3 129 131 (-63.850337 -2607.480830 -320.449888) (-63.850337 -2508.740135 -320.449888) (-31.998336 -2495.999334 -331.000551) 
4 129 132 (-85.333447 -2682.668608 -255.999957) (-85.333447 -2517.333379 -255.999957) (-63.850337 -2508.740135 -320.449888) (-63.850337 -2607.480830 -320.449888) 
5 130 141 (16.000000 -2944.000000 -300.000000) (-0.000000 -2944.000000 -288.000000) (-85.333447 -2944.000000 -255.999957) (-63.850337 -2944.000000 -320.449888) (16.000000 -2944.000000 -346.899529) 
4 130 139 (64.000000 -2944.000000 -336.000000) (16.000000 -2944.000000 -300.000000) (16.000000 -2944.000000 -346.899529) (64.000000 -2944.000000 -362.799058) 
4 130 131 (78.222361 -2915.555279 -367.510075) (64.000000 -2944.000000 -362.799058) (-63.850337 -2944.000000 -320.449888) (-63.850337 -2834.369864 -320.449888) 
4 130 132 (-63.850337 -2944.000000 -320.449888) (-85.333447 -2944.000000 -255.999957) (-85.333447 -2822.093648 -255.999957) (-63.850337 -2834.369864 -320.449888) 
3 131 141 (-63.850337 -2944.000000 -320.449888) (16.000000 -2944.000000 -560.003135) (16.000000 -2944.000000 -346.899529) 
5 131 139 (16.000000 -2944.000000 -560.003135) (51.890661 -2944.000000 -667.676123) (64.000000 -2944.000000 -663.272727) (64.000000 -2944.000000 -362.799058) (16.000000 -2944.000000 -346.899529) 
5 131 133 (51.890661 -2368.000000 -667.676123) (128.000000 -2368.000000 -640.000000) (128.000000 -2816.000000 -640.000000) (64.000000 -2944.000000 -663.272727) (51.890661 -2944.000000 -667.676123) 
4 131 132 (51.890661 -2944.000000 -667.676123) (-63.850337 -2944.000000 -320.449888) (-63.850337 -2368.000000 -320.449888) (51.890661 -2368.000000 -667.676123) 
5 132 141 (-85.333447 -2944.000000 -255.999957) (-224.000000 -2944.000000 -204.000000) (-224.000000 -2944.000000 -768.000000) (16.000000 -2944.000000 -680.727273) (16.000000 -2944.000000 -560.003135) 
3 132 140 (16.000000 -2944.000000 -680.727273) (21.735849 -2944.000000 -678.641509) (16.000000 -2944.000000 -678.641509) 
4 132 139 (21.735849 -2944.000000 -678.641509) (51.890661 -2944.000000 -667.676123) (16.000000 -2944.000000 -560.003135) (16.000000 -2944.000000 -678.641509) 
4 132 137 (-224.000000 -2944.000000 -768.000000) (-224.000000 -2944.000000 -204.000000) (-224.000000 -2688.000000 -204.000000) (-224.000000 -2688.000000 -768.000000) 
4 132 135 (-224.000000 -2368.000000 -764.000000) (-224.000000 -2368.000000 -768.000000) (-224.000000 -2688.000000 -768.000000) (-224.000000 -2688.000000 -764.000000) 
4 132 134 (-224.000000 -2688.000000 -204.000000) (-224.000000 -2368.000000 -204.000000) (-224.000000 -2368.000000 -764.000000) (-224.000000 -2688.000000 -764.000000) 
6 132 133 (-224.000000 -2648.000000 -768.000000) (-224.000000 -2456.000000 -768.000000) (-80.592593 -2368.000000 -715.851852) (51.890661 -2368.000000 -667.676123) (51.890661 -2944.000000 -667.676123) (21.735849 -2944.000000 -678.641509) 
3 133 139 (64.000000 -2944.000000 -678.641509) (64.000000 -2944.000000 -663.272727) (21.735849 -2944.000000 -678.641509) 
4 134 195 (-768.000000 -2368.000000 -366.222222) (-768.000000 -2368.000000 -704.000000) (-768.000000 -2560.000000 -704.000000) (-768.000000 -2560.000000 -366.222222) 
4 134 138 (-768.000000 -2688.000000 -650.240000) (-768.000000 -2688.000000 -704.000000) (-618.000000 -2688.000000 -764.000000) (-483.600000 -2688.000000 -764.000000) 
7 134 137 (-224.000000 -2688.000000 -764.000000) (-224.000000 -2688.000000 -204.000000) (-256.000000 -2688.000000 -192.000000) (-640.000000 -2688.000000 -288.000000) (-768.000000 -2688.000000 -366.222222) (-768.000000 -2688.000000 -650.240000) (-483.600000 -2688.000000 -764.000000) 
5 134 136 (-516.000000 -2688.000000 -764.000000) (-618.000000 -2688.000000 -764.000000) (-618.000000 -2368.000000 -764.000000) (-512.000000 -2368.000000 -764.000000) (-512.000000 -2684.000000 -764.000000) 
4 134 135 (-224.000000 -2688.000000 -764.000000) (-512.000000 -2688.000000 -764.000000) (-512.000000 -2368.000000 -764.000000) (-224.000000 -2368.000000 -764.000000) 
4 135 138 (-483.600000 -2688.000000 -764.000000) (-512.000000 -2688.000000 -764.000000) (-512.000000 -2688.000000 -768.000000) (-473.600000 -2688.000000 -768.000000) 
4 135 137 (-224.000000 -2688.000000 -768.000000) (-224.000000 -2688.000000 -764.000000) (-483.600000 -2688.000000 -764.000000) (-473.600000 -2688.000000 -768.000000) 
4 135 136 (-512.000000 -2368.000000 -764.000000) (-512.000000 -2368.000000 -768.000000) (-512.000000 -2684.000000 -768.000000) (-512.000000 -2684.000000 -764.000000) 
4 136 138 (-516.000000 -2688.000000 -764.000000) (-618.000000 -2688.000000 -764.000000) (-608.000000 -2688.000000 -768.000000) (-516.000000 -2688.000000 -768.000000) 
4 137 194 (-768.000000 -2944.000000 -609.280000) (-768.000000 -2944.000000 -366.222222) (-768.000000 -2784.000000 -366.222222) (-768.000000 -2784.000000 -634.880000) 
7 137 145 (-768.000000 -2944.000000 -366.222222) (-768.000000 -2944.000000 -609.280000) (-371.200000 -2944.000000 -768.000000) (-224.000000 -2944.000000 -768.000000) (-224.000000 -2944.000000 -204.000000) (-256.000000 -2944.000000 -192.000000) (-640.000000 -2944.000000 -288.000000) 
5 137 138 (-467.200000 -2944.000000 -729.600000) (-768.000000 -2944.000000 -609.280000) (-768.000000 -2688.000000 -650.240000) (-473.600000 -2688.000000 -768.000000) (-448.000000 -2752.000000 -768.000000) 
4 138 194 (-768.000000 -2944.000000 -704.000000) (-768.000000 -2944.000000 -609.280000) (-768.000000 -2784.000000 -634.880000) (-768.000000 -2784.000000 -704.000000) 
4 138 149 (-768.000000 -2944.000000 -609.280000) (-768.000000 -2944.000000 -704.000000) (-704.000000 -2944.000000 -729.600000) (-467.200000 -2944.000000 -729.600000) 
4 139 141 (-0.000000 -3072.000000 -640.000000) (-0.000000 -3072.000000 -288.000000) (16.000000 -2944.000000 -300.000000) (16.000000 -2944.000000 -678.641509) 
4 139 140 (-0.000000 -3072.000000 -640.000000) (16.000000 -2944.000000 -678.641509) (21.735849 -2944.000000 -678.641509) (48.113475 -2975.773050 -669.049645) 
4 140 141 (-0.000000 -3072.000000 -686.545455) (-0.000000 -3072.000000 -640.000000) (16.000000 -2944.000000 -678.641509) (16.000000 -2944.000000 -680.727273) 
6 141 142 (-278.738983 -3031.577724 -197.684746) (-278.738983 -3031.577724 -362.526080) (-208.000000 -3072.000000 -376.000000) (-96.000000 -3136.000000 -376.000000) (-96.000000 -3136.000000 -252.000000) (-256.000000 -3044.571429 -192.000000) 
3 141 143 (-278.738983 -3031.577724 -362.526080) (-278.738983 -3031.577724 -376.000000) (-208.000000 -3072.000000 -376.000000) 
4 141 144 (-278.738983 -3031.577724 -376.000000) (-278.738983 -3031.577724 -714.380985) (-13.866667 -3182.933333 -621.714286) (-13.866667 -3182.933333 -376.000000) 
5 141 145 (-224.003505 -2944.000000 -768.000000) (-278.738983 -3031.577724 -714.380985) (-278.738983 -3031.577724 -197.684746) (-256.000000 -2995.194953 -192.000000) (-224.003505 -2944.000000 -203.998686) 
4 142 143 (-384.208000 -3200.330000 -342.437000) (-278.738983 -3031.577724 -362.526080) (-208.000000 -3072.000000 -376.000000) (-208.000000 -3160.999167 -376.000000) 
4 142 145 (-384.208000 -3200.330000 -224.052000) (-278.738983 -3031.577724 -197.684746) (-278.738983 -3031.577724 -362.526080) (-384.208000 -3200.330000 -342.437000) 
3 142 144 (-208.000000 -3160.999167 -376.000000) (-208.000000 -3072.000000 -376.000000) (-96.000000 -3136.000000 -376.000000) 
4 143 147 (-480.000000 -3424.000000 -362.875000) (-456.675674 -3456.654056 -364.533214) (-439.476278 -3480.733211 -331.909843) (-480.000000 -3424.000000 -324.191138) 
4 143 148 (-503.466903 -3391.146335 -361.206650) (-503.466903 -3391.146335 -376.000000) (-462.721088 -3448.190476 -376.000000) (-456.675674 -3456.654056 -364.533214) 
5 143 144 (-208.000000 -3448.190476 -376.000000) (-462.721088 -3448.190476 -376.000000) (-503.466903 -3391.146335 -376.000000) (-278.738983 -3031.577724 -376.000000) (-208.000000 -3072.000000 -376.000000) 
4 143 145 (-503.466903 -3391.146335 -376.000000) (-503.466903 -3391.146335 -319.721308) (-278.738983 -3031.577724 -362.526080) (-278.738983 -3031.577724 -376.000000) 
3 144 148 (-503.466903 -3391.146335 -376.000000) (-503.466903 -3391.146335 -453.285610) (-462.721088 -3448.190476 -376.000000) 
5 144 145 (-278.738983 -3031.577724 -714.380985) (-469.000821 -3336.000000 -528.000000) (-503.466903 -3391.146335 -453.285610) (-503.466903 -3391.146335 -376.000000) (-278.738983 -3031.577724 -376.000000) 
4 145 200 (-768.000000 -2944.000000 -366.222222) (-768.000000 -2944.000000 -609.280000) (-768.000000 -3020.800000 -596.992000) (-768.000000 -3020.800000 -366.222222) 
5 145 149 (-476.514851 -3037.148515 -710.970297) (-647.989886 -3188.814159 -618.113780) (-768.000000 -3020.800000 -596.992000) (-768.000000 -2944.000000 -609.280000) (-467.200000 -2944.000000 -729.600000) 
5 145 148 (-640.000000 -3200.000000 -351.500000) (-640.000000 -3200.000000 -611.265306) (-542.857143 -3336.000000 -528.000000) (-503.466903 -3391.146335 -453.285610) (-503.466903 -3391.146335 -361.206650) 
5 145 146 (-640.000000 -3200.000000 -288.000000) (-768.000000 -3020.800000 -366.222222) (-768.000000 -3020.800000 -596.992000) (-647.989886 -3188.814159 -618.113780) (-640.000000 -3200.000000 -611.265306) 
4 146 200 (-768.000000 -3020.800000 -596.992000) (-768.000000 -3242.666667 -561.493333) (-768.000000 -3242.666667 -366.222222) (-768.000000 -3020.800000 -366.222222) 
4 146 149 (-647.989886 -3188.814159 -618.113780) (-673.117904 -3211.039301 -604.506550) (-768.000000 -3242.666667 -561.493333) (-768.000000 -3020.800000 -596.992000) 
6 146 148 (-768.000000 -3242.666667 -366.222222) (-768.000000 -3242.666667 -561.493333) (-673.117904 -3211.039301 -604.506550) (-640.000000 -3200.000000 -611.265306) (-640.000000 -3200.000000 -351.500000) (-746.869248 -3235.623083 -353.308985) 
3 147 148 (-456.675674 -3456.654056 -364.533214) (-474.976299 -3456.654056 -364.533214) (-480.000000 -3424.000000 -362.875000) 
5 148 200 (-768.000000 -3242.666667 -561.493333) (-768.000000 -3294.960289 -553.126354) (-768.000000 -3336.000000 -528.000000) (-768.000000 -3455.407407 -366.222222) (-768.000000 -3242.666667 -366.222222) 
3 148 149 (-673.117904 -3211.039301 -604.506550) (-768.000000 -3294.960289 -553.126354) (-768.000000 -3242.666667 -561.493333) 
4 149 200 (-768.000000 -2944.000000 -609.280000) (-768.000000 -2944.000000 -704.000000) (-768.000000 -3048.533333 -704.000000) (-768.000000 -3294.960289 -553.126354) 
4 150 160 (-1376.000000 -896.000000 -96.000000) (-1376.000000 -1024.000000 -96.000000) (-1376.000000 -1024.000000 40.000000) (-1376.000000 -896.000000 40.000000) 
4 150 151 (-1184.000000 -1040.000000 -96.000000) (-1024.000000 -1040.000000 -96.000000) (-1024.000000 -1040.000000 64.000000) (-1184.000000 -1040.000000 64.000000) 
4 151 152 (-1168.000000 -1168.000000 -96.000000) (-1040.000000 -1168.000000 -96.000000) (-1040.000000 -1168.000000 40.000000) (-1168.000000 -1168.000000 40.000000) 
4 152 153 (-1168.000000 -1200.000000 -96.000000) (-1040.000000 -1200.000000 -96.000000) (-1040.000000 -1200.000000 40.000000) (-1168.000000 -1200.000000 40.000000) 
4 153 154 (-1136.000000 -1488.000000 -96.000000) (-1184.000000 -1488.000000 -96.000000) (-1184.000000 -1440.000000 -96.000000) (-1136.000000 -1440.000000 -96.000000) 
4 154 155 (-1136.000000 -1488.000000 -112.000000) (-1184.000000 -1488.000000 -112.000000) (-1184.000000 -1440.000000 -112.000000) (-1136.000000 -1440.000000 -112.000000) 
4 155 181 (-1184.000000 -1488.000000 -384.000000) (-1184.000000 -1440.000000 -384.000000) (-1136.000000 -1440.000000 -384.000000) (-1136.000000 -1488.000000 -384.000000) 
3 156 175 (-792.000000 -978.666667 -384.000000) (-797.090909 -977.393939 -384.000000) (-797.090909 -963.393939 -384.000000) 
5 156 173 (-797.090909 -672.000000 -384.000000) (-768.000000 -672.000000 -384.000000) (-768.000000 -984.666667 -384.000000) (-792.000000 -978.666667 -384.000000) (-797.090909 -963.393939 -384.000000) 
4 156 157 (-768.000000 -978.185185 -366.222222) (-791.578947 -977.543860 -380.631579) (-792.000000 -978.666667 -384.000000) (-768.000000 -984.666667 -384.000000) 
3 157 174 (-768.000000 -1008.000000 -384.000000) (-768.000000 -1050.666667 -384.000000) (-783.515152 -1004.121212 -384.000000) 
4 157 173 (-768.000000 -984.666667 -384.000000) (-768.000000 -1008.000000 -384.000000) (-783.515152 -1004.121212 -384.000000) (-792.000000 -978.666667 -384.000000) 
4 158 177 (-768.000000 -1148.000000 -384.000000) (-768.000000 -1228.000000 -384.000000) (-792.000000 -1240.000000 -384.000000) (-768.941176 -1147.764706 -384.000000) 
3 158 172 (-768.000000 -1144.000000 -384.000000) (-768.000000 -1148.000000 -384.000000) (-768.941176 -1147.764706 -384.000000) 
4 158 159 (-792.000000 -1240.000000 -384.000000) (-768.000000 -1228.000000 -384.000000) (-768.000000 -1233.555556 -366.222222) (-791.578947 -1240.842105 -380.631579) 
3 159 196 (-768.000000 -1568.000000 -384.000000) (-768.000000 -1568.000000 -366.222222) (-797.090909 -1568.000000 -384.000000) 
4 159 179 (-768.000000 -1228.000000 -384.000000) (-768.000000 -1568.000000 -384.000000) (-797.090909 -1568.000000 -384.000000) (-797.090909 -1242.545455 -384.000000) 
4 160 161 (-1408.000000 -896.000000 -96.000000) (-1408.000000 -1024.000000 -96.000000) (-1408.000000 -1024.000000 40.000000) (-1408.000000 -896.000000 40.000000) 
4 161 162 (-1600.000000 -880.000000 -96.000000) (-1600.000000 -1040.000000 -96.000000) (-1600.000000 -1040.000000 40.000000) (-1600.000000 -880.000000 40.000000) 
4 162 169 (-1632.000000 -920.000000 -96.000000) (-1632.000000 -1072.000000 -96.000000) (-1632.000000 -1072.000000 40.000000) (-1632.000000 -920.000000 40.000000) 
4 162 165 (-1632.000000 -848.000000 -96.000000) (-1632.000000 -920.000000 -96.000000) (-1632.000000 -920.000000 40.000000) (-1632.000000 -848.000000 40.000000) 
5 163 165 (-1664.000000 -708.000000 88.000000) (-1696.000000 -684.000000 112.000000) (-1712.000000 -672.000000 112.000000) (-1712.000000 -672.000000 -96.000000) (-1664.000000 -708.000000 -96.000000) 
5 164 165 (-1792.000000 -672.000000 -96.000000) (-1792.000000 -672.000000 112.000000) (-1808.000000 -684.000000 112.000000) (-1840.000000 -708.000000 88.000000) (-1840.000000 -708.000000 -96.000000) 
4 165 170 (-1872.000000 -920.000000 -56.000000) (-1872.000000 -920.000000 40.000000) (-1872.000000 -888.000000 40.000000) (-1872.000000 -888.000000 -56.000000) 
4 165 166 (-1685.333333 -920.000000 104.000000) (-1696.000000 -920.000000 112.000000) (-1736.000000 -920.000000 112.000000) (-1736.000000 -920.000000 104.000000) 
4 165 167 (-1768.000000 -920.000000 112.000000) (-1808.000000 -920.000000 112.000000) (-1818.666667 -920.000000 104.000000) (-1768.000000 -920.000000 104.000000) 
6 165 169 (-1632.000000 -920.000000 64.000000) (-1685.333333 -920.000000 104.000000) (-1818.666667 -920.000000 104.000000) (-1872.000000 -920.000000 64.000000) (-1872.000000 -920.000000 -96.000000) (-1632.000000 -920.000000 -96.000000) 
4 166 169 (-1736.000000 -920.000000 104.000000) (-1685.333333 -920.000000 104.000000) (-1685.333333 -1000.000000 104.000000) (-1736.000000 -1000.000000 104.000000) 
4 166 168 (-1685.333333 -1000.000000 104.000000) (-1696.000000 -1000.000000 112.000000) (-1736.000000 -1000.000000 112.000000) (-1736.000000 -1000.000000 104.000000) 
4 167 168 (-1768.000000 -1000.000000 112.000000) (-1808.000000 -1000.000000 112.000000) (-1818.666667 -1000.000000 104.000000) (-1768.000000 -1000.000000 104.000000) 
4 167 169 (-1818.666667 -1000.000000 104.000000) (-1818.666667 -920.000000 104.000000) (-1768.000000 -920.000000 104.000000) (-1768.000000 -1000.000000 104.000000) 
4 168 169 (-1685.333333 -1200.000000 104.000000) (-1818.666667 -1200.000000 104.000000) (-1818.666667 -1000.000000 104.000000) (-1685.333333 -1000.000000 104.000000) 
4 169 171 (-1816.000000 -1200.000000 -96.000000) (-1688.000000 -1200.000000 -96.000000) (-1688.000000 -1200.000000 48.000000) (-1816.000000 -1200.000000 48.000000) 
4 169 170 (-1872.000000 -1024.000000 40.000000) (-1872.000000 -920.000000 40.000000) (-1872.000000 -920.000000 -56.000000) (-1872.000000 -1024.000000 -56.000000) 
4 170 199 (-1888.000000 -888.000000 40.000000) (-1888.000000 -888.000000 -56.000000) (-1888.000000 -1024.000000 -56.000000) (-1888.000000 -1024.000000 40.000000) 
4 172 177 (-768.000000 -1096.000000 -455.314286) (-768.000000 -1148.000000 -384.000000) (-768.941176 -1147.764706 -384.000000) (-769.254902 -1101.019608 -448.000000) 
3 173 176 (-768.000000 -914.666667 -704.000000) (-768.000000 -1008.000000 -576.000000) (-800.000000 -1000.000000 -576.000000) 
8 173 175 (-928.000000 -688.000000 -549.647059) (-928.000000 -752.000000 -640.000000) (-877.072682 -919.211362 -660.370927) (-832.969697 -991.757576 -576.000000) (-800.000000 -1000.000000 -448.000000) (-792.000000 -978.666667 -384.000000) (-797.090909 -963.393939 -384.000000) (-908.220377 -678.110189 -451.912453) 
5 173 174 (-768.000000 -1008.000000 -576.000000) (-768.000000 -1008.000000 -384.000000) (-783.515152 -1004.121212 -384.000000) (-800.000000 -1000.000000 -448.000000) (-800.000000 -1000.000000 -576.000000) 
3 174 176 (-768.000000 -1008.000000 -576.000000) (-768.000000 -1096.000000 -455.314286) (-800.000000 -1000.000000 -576.000000) 
4 177 178 (-768.000000 -1155.586207 -615.724138) (-768.000000 -1208.000000 -448.000000) (-800.000000 -1224.000000 -448.000000) (-788.571429 -1178.285714 -576.000000) 
4 177 179 (-768.000000 -1208.000000 -448.000000) (-768.000000 -1228.000000 -384.000000) (-792.000000 -1240.000000 -384.000000) (-800.000000 -1224.000000 -448.000000) 
4 178 179 (-768.000000 -1208.000000 -650.666667) (-768.000000 -1208.000000 -448.000000) (-800.000000 -1224.000000 -448.000000) (-800.000000 -1224.000000 -576.000000) 
5 179 196 (-768.000000 -1568.000000 -704.000000) (-768.000000 -1568.000000 -384.000000) (-797.090909 -1568.000000 -384.000000) (-928.000000 -1568.000000 -464.000000) (-850.352941 -1568.000000 -671.058824) 
6 179 180 (-866.146194 -1263.885456 -426.200452) (-854.857143 -1251.428571 -448.000000) (-800.000000 -1224.000000 -576.000000) (-768.000000 -1288.000000 -704.000000) (-850.352941 -1568.000000 -671.058824) (-928.000000 -1568.000000 -464.000000) 
3 180 196 (-928.000000 -1568.000000 -464.000000) (-928.000000 -1568.000000 -640.000000) (-850.352941 -1568.000000 -671.058824) 
4 180 192 (-928.000000 -1568.000000 -640.000000) (-928.000000 -1568.000000 -464.000000) (-928.000000 -1360.000000 -464.000000) (-928.000000 -1360.000000 -640.000000) 
3 181 188 (-1136.000000 -1456.000000 -400.000000) (-1136.000000 -1460.000000 -400.000000) (-1140.000000 -1456.000000 -400.000000) 
5 181 189 (-1136.000000 -1460.000000 -400.000000) (-1136.000000 -1472.000000 -400.000000) (-1184.000000 -1472.000000 -400.000000) (-1184.000000 -1456.000000 -400.000000) (-1140.000000 -1456.000000 -400.000000) 
4 181 190 (-1136.000000 -1472.000000 -400.000000) (-1136.000000 -1488.000000 -400.000000) (-1184.000000 -1488.000000 -400.000000) (-1184.000000 -1472.000000 -400.000000) 
4 181 182 (-1136.000000 -1440.000000 -400.000000) (-1136.000000 -1456.000000 -400.000000) (-1184.000000 -1456.000000 -400.000000) (-1184.000000 -1440.000000 -400.000000) 
6 182 191 (-1184.000000 -1456.000000 -464.000000) (-1184.000000 -1416.000000 -464.000000) (-1088.000000 -1392.000000 -464.000000) (-1026.909091 -1396.363636 -464.000000) (-1004.800000 -1424.000000 -464.000000) (-1043.200000 -1456.000000 -464.000000) 
4 182 192 (-1004.800000 -1424.000000 -464.000000) (-992.000000 -1440.000000 -464.000000) (-996.000000 -1456.000000 -464.000000) (-1043.200000 -1456.000000 -464.000000) 
4 182 186 (-1124.000000 -1456.000000 -404.000000) (-1124.000000 -1456.000000 -464.000000) (-1116.000000 -1456.000000 -464.000000) (-1116.000000 -1456.000000 -404.000000) 
4 182 187 (-1124.000000 -1456.000000 -400.000000) (-1128.000000 -1456.000000 -400.000000) (-1128.000000 -1456.000000 -464.000000) (-1124.000000 -1456.000000 -464.000000) 
4 182 188 (-1128.000000 -1456.000000 -400.000000) (-1140.000000 -1456.000000 -400.000000) (-1140.000000 -1456.000000 -464.000000) (-1128.000000 -1456.000000 -464.000000) 
4 182 185 (-1112.000000 -1456.000000 -400.000000) (-1116.000000 -1456.000000 -400.000000) (-1116.000000 -1456.000000 -464.000000) (-1112.000000 -1456.000000 -464.000000) 
4 182 184 (-1100.000000 -1456.000000 -400.000000) (-1112.000000 -1456.000000 -400.000000) (-1112.000000 -1456.000000 -464.000000) (-1100.000000 -1456.000000 -464.000000) 
4 182 189 (-1140.000000 -1456.000000 -400.000000) (-1184.000000 -1456.000000 -400.000000) (-1184.000000 -1456.000000 -464.000000) (-1140.000000 -1456.000000 -464.000000) 
4 182 183 (-996.000000 -1456.000000 -464.000000) (-1076.000000 -1456.000000 -400.000000) (-1100.000000 -1456.000000 -400.000000) (-1100.000000 -1456.000000 -464.000000) 
4 183 193 (-1030.400000 -1533.866667 -464.000000) (-1031.191011 -1534.921348 -464.000000) (-1159.652174 -1515.652174 -464.000000) (-1141.000000 -1497.000000 -464.000000) 
4 183 191 (-1100.000000 -1456.000000 -464.000000) (-1043.200000 -1456.000000 -464.000000) (-1106.285714 -1508.571429 -464.000000) (-1141.000000 -1497.000000 -464.000000) 
5 183 192 (-1043.200000 -1456.000000 -464.000000) (-996.000000 -1456.000000 -464.000000) (-1008.000000 -1504.000000 -464.000000) (-1030.400000 -1533.866667 -464.000000) (-1106.285714 -1508.571429 -464.000000) 
4 183 186 (-1112.000000 -1468.000000 -464.000000) (-1116.000000 -1472.000000 -464.000000) (-1116.000000 -1472.000000 -404.000000) (-1112.000000 -1468.000000 -404.000000) 
4 183 184 (-1100.000000 -1456.000000 -400.000000) (-1100.000000 -1456.000000 -464.000000) (-1112.000000 -1468.000000 -464.000000) (-1112.000000 -1468.000000 -400.000000) 
5 183 190 (-1116.000000 -1472.000000 -464.000000) (-1159.652174 -1515.652174 -464.000000) (-1159.652174 -1515.652174 -422.786473) (-1148.000000 -1504.000000 -400.000000) (-1116.000000 -1472.000000 -400.000000) 
3 184 191 (-1112.000000 -1456.000000 -464.000000) (-1100.000000 -1456.000000 -464.000000) (-1112.000000 -1468.000000 -464.000000) 
4 184 186 (-1112.000000 -1460.000000 -464.000000) (-1112.000000 -1468.000000 -464.000000) (-1112.000000 -1468.000000 -404.000000) (-1112.000000 -1460.000000 -404.000000) 
4 184 185 (-1112.000000 -1456.000000 -464.000000) (-1112.000000 -1460.000000 -464.000000) (-1112.000000 -1460.000000 -400.000000) (-1112.000000 -1456.000000 -400.000000) 
3 185 191 (-1116.000000 -1456.000000 -464.000000) (-1112.000000 -1456.000000 -464.000000) (-1112.000000 -1460.000000 -464.000000) 
4 185 186 (-1116.000000 -1456.000000 -404.000000) (-1116.000000 -1456.000000 -464.000000) (-1112.000000 -1460.000000 -464.000000) (-1112.000000 -1460.000000 -404.000000) 
8 186 191 (-1124.000000 -1456.000000 -464.000000) (-1116.000000 -1456.000000 -464.000000) (-1112.000000 -1460.000000 -464.000000) (-1112.000000 -1468.000000 -464.000000) (-1116.000000 -1472.000000 -464.000000) (-1124.000000 -1472.000000 -464.000000) (-1128.000000 -1468.000000 -464.000000) (-1128.000000 -1460.000000 -464.000000) 
4 186 187 (-1124.000000 -1456.000000 -404.000000) (-1124.000000 -1456.000000 -464.000000) (-1128.000000 -1460.000000 -464.000000) (-1128.000000 -1460.000000 -404.000000) 
4 186 189 (-1128.000000 -1468.000000 -464.000000) (-1124.000000 -1472.000000 -464.000000) (-1124.000000 -1472.000000 -404.000000) (-1128.000000 -1468.000000 -404.000000) 
4 186 190 (-1116.000000 -1472.000000 -464.000000) (-1116.000000 -1472.000000 -404.000000) (-1124.000000 -1472.000000 -404.000000) (-1124.000000 -1472.000000 -464.000000) 
4 186 188 (-1128.000000 -1460.000000 -464.000000) (-1128.000000 -1468.000000 -464.000000) (-1128.000000 -1468.000000 -404.000000) (-1128.000000 -1460.000000 -404.000000) 
3 187 191 (-1128.000000 -1456.000000 -464.000000) (-1124.000000 -1456.000000 -464.000000) (-1128.000000 -1460.000000 -464.000000) 
4 187 188 (-1128.000000 -1456.000000 -464.000000) (-1128.000000 -1460.000000 -464.000000) (-1128.000000 -1460.000000 -400.000000) (-1128.000000 -1456.000000 -400.000000) 
3 188 191 (-1140.000000 -1456.000000 -464.000000) (-1128.000000 -1456.000000 -464.000000) (-1128.000000 -1468.000000 -464.000000) 
4 188 189 (-1140.000000 -1456.000000 -400.000000) (-1140.000000 -1456.000000 -464.000000) (-1128.000000 -1468.000000 -464.000000) (-1128.000000 -1468.000000 -400.000000) 
4 189 191 (-1184.000000 -1472.000000 -464.000000) (-1184.000000 -1456.000000 -464.000000) (-1140.000000 -1456.000000 -464.000000) (-1124.000000 -1472.000000 -464.000000) 
4 189 190 (-1124.000000 -1472.000000 -400.000000) (-1184.000000 -1472.000000 -400.000000) (-1184.000000 -1472.000000 -464.000000) (-1124.000000 -1472.000000 -464.000000) 
4 190 193 (-1184.000000 -1512.000000 -464.000000) (-1184.000000 -1482.666667 -464.000000) (-1141.000000 -1497.000000 -464.000000) (-1159.652174 -1515.652174 -464.000000) 
4 190 191 (-1184.000000 -1482.666667 -464.000000) (-1184.000000 -1472.000000 -464.000000) (-1116.000000 -1472.000000 -464.000000) (-1141.000000 -1497.000000 -464.000000) 
4 191 193 (-1106.285714 -1508.571429 -464.000000) (-1184.000000 -1482.666667 -464.000000) (-1184.000000 -1482.666667 -640.000000) (-1106.285714 -1508.571429 -640.000000) 
4 191 192 (-1106.285714 -1508.571429 -640.000000) (-976.000000 -1400.000000 -640.000000) (-976.000000 -1400.000000 -464.000000) (-1106.285714 -1508.571429 -464.000000) 
4 192 193 (-1024.000000 -1536.000000 -464.000000) (-1106.285714 -1508.571429 -464.000000) (-1106.285714 -1508.571429 -640.000000) (-1024.000000 -1536.000000 -640.000000) 
4 194 200 (-768.000000 -2944.000000 -704.000000) (-768.000000 -2944.000000 -366.222222) (-848.000000 -2944.000000 -415.111111) (-848.000000 -2944.000000 -672.000000) 
4 195 197 (-768.000000 -1714.285714 -366.222222) (-768.000000 -1714.285714 -704.000000) (-816.000000 -1776.000000 -684.800000) (-816.000000 -1776.000000 -395.555556) 
4 196 198 (-832.000000 -1600.000000 -678.400000) (-768.000000 -1621.333333 -704.000000) (-768.000000 -1621.333333 -366.222222) (-832.000000 -1600.000000 -405.333333) 
4 197 198 (-768.000000 -1632.000000 -366.222222) (-768.000000 -1632.000000 -704.000000) (-800.000000 -1728.000000 -691.200000) (-800.000000 -1728.000000 -385.777778) 
